>> [Info] Application.Initialization start: 11/14/2025, 3:10:06 PM
In Subject.Area.Import: 11/14/2025, 3:10:06 PM
   # Subject Area imports:  5 verified
In Activity.Import: 11/14/2025, 3:10:07 PM
   # Activity imports:  8 verified
In Authority.Import: 11/14/2025, 3:10:07 PM
   # Authority imports:  6 verified
In Broker.Import: 11/14/2025, 3:10:07 PM
   # Broker imports:  1 verified
In Contract.Type.Import: 11/14/2025, 3:10:07 PM
   # Contract Type imports:  2 verified
In Environment.Import: 11/14/2025, 3:10:07 PM
   # Environment imports:  4 verified
In Instrument.Type.Import: 11/14/2025, 3:10:08 PM
   # Instrument Type imports:  1 verified
In Period.Import: 11/14/2025, 3:10:08 PM
   # Period imports:  15 verified
In Reference.Import: 11/14/2025, 3:10:08 PM
   # Order State imports:  8 verified
   # Request Type imports:  6 verified
   # Cancel Source imports:  3 verified
   # Price Type imports:  3 verified
   # Margin Mode imports:  2 verified
   # Stop Type imports:  2 verified
   # Position imports:  3 verified
   # Order Category imports:  6 verified
In Role.Import: 11/14/2025, 3:10:08 PM
   # Role imports:  4 verified
In State.Import: 11/14/2025, 3:10:09 PM
   # State imports:  15 verified
In Instruments.Import [API]: 11/14/2025, 3:10:09 PM
-> Instrument:Publish [API]
>> [Info] Application.Initialization finished: 11/14/2025, 3:10:12 PM
Connected to websocket: [288684:wss://demo-trading-openapi.blofin.com/ws/private]
Subscriptions: { channel: 'account' }
Subscriptions: { channel: 'positions' }
Subscriptions: { channel: 'orders' }
-> Candle:Publish [API]: ENA-USDT / 24
-> WSS.Publish [API]
-> Candle:Publish [API]: BTC-USDT / 24
-> [Info] candle inserted {
  fields: [
    'instrument',
    'period',
    'bar_time',
    'open',
    'high',
    'low',
    'close',
    'volume',
    'vol_currency',
    'vol_currency_quote',
    'completed'
  ],
  args: [
    <Buffer 21 e2 ef>,
    <Buffer 03 e8 0e>,
    2025-11-14T23:00:00.000Z,
    0.2799,
    0.2734,
    0.2711,
    0.2734,
    394857,
    394857,
    108934.4172,
    false
  ]
}
-> Candle:Publish [API]: XRP-USDT / 24
-> Candle:Publish [API]: ARC-USDT / 24
-> [Info] candle inserted {
  fields: [
    'instrument',
    'period',
    'bar_time',
    'open',
    'high',
    'low',
    'close',
    'volume',
    'vol_currency',
    'vol_currency_quote',
    'completed'
  ],
  args: [
    <Buffer 21 e2 ef>,
    <Buffer 03 e8 0e>,
    2025-11-14T22:45:00.000Z,
    0.282,
    0.2799,
    0.2788,
    0.2799,
    4501,
    4501,
    1262.2123,
    true
  ]
}
-> [Info] account updated {
  filters: { account: <Buffer 24 59 7a> },
  columns: { total_equity: 55119.336, update_time: 2025-11-14T23:10:13.179Z }
}
-> [Info] candle inserted {
  fields: [
    'instrument',
    'period',
    'bar_time',
    'open',
    'high',
    'low',
    'close',
    'volume',
    'vol_currency',
    'vol_currency_quote',
    'completed'
  ],
  args: [
    <Buffer 5e 05 55>,
    <Buffer 03 e8 0e>,
    2025-11-14T23:00:00.000Z,
    95148,
    94329.1,
    93931.2,
    94329.1,
    129.1725,
    129.1725,
    12175670.51976,
    false
  ]
}
-> Candle:Publish [API]: PONKE-USDT / 24
-> Candle:Publish [API]: ORCA-USDT / 24
-> Candle:Publish [API]: VIRTUAL-USDT / 24
-> [Info] candle inserted {
  fields: [
    'instrument',
    'period',
    'bar_time',
    'open',
    'high',
    'low',
    'close',
    'volume',
    'vol_currency',
    'vol_currency_quote',
    'completed'
  ],
  args: [
    <Buffer 54 e7 5e>,
    <Buffer 03 e8 0e>,
    2025-11-14T23:00:00.000Z,
    2.2596,
    2.2368,
    2.224,
    2.2368,
    1224968,
    1224968,
    2741491.4316,
    false
  ]
}
-> [Info] candle inserted {
  fields: [
    'instrument',
    'period',
    'bar_time',
    'open',
    'high',
    'low',
    'close',
    'volume',
    'vol_currency',
    'vol_currency_quote',
    'completed'
  ],
  args: [
    <Buffer 24 2a 33>,
    <Buffer 03 e8 0e>,
    2025-11-14T23:00:00.000Z,
    0.03143,
    0.03104,
    0.03087,
    0.03104,
    5980,
    5980,
    186.9973,
    false
  ]
}
-> [Info] candle inserted {
  fields: [
    'instrument',
    'period',
    'bar_time',
    'open',
    'high',
    'low',
    'close',
    'volume',
    'vol_currency',
    'vol_currency_quote',
    'completed'
  ],
  args: [
    <Buffer 21 e2 ef>,
    <Buffer 03 e8 0e>,
    2025-11-14T22:30:00.000Z,
    0.2817,
    0.2821,
    0.2809,
    0.2821,
    79561,
    79561,
    22488.2611,
    true
  ]
}
-> [Info] candle inserted {
  fields: [
    'instrument',
    'period',
    'bar_time',
    'open',
    'high',
    'low',
    'close',
    'volume',
    'vol_currency',
    'vol_currency_quote',
    'completed'
  ],
  args: [
    <Buffer 54 e7 5e>,
    <Buffer 03 e8 0e>,
    2025-11-14T22:45:00.000Z,
    2.2754,
    2.2602,
    2.2523,
    2.2602,
    332764,
    332764,
    753267.4232,
    true
  ]
}
-> [Info] candle inserted {
  fields: [
    'instrument',
    'period',
    'bar_time',
    'open',
    'high',
    'low',
    'close',
    'volume',
    'vol_currency',
    'vol_currency_quote',
    'completed'
  ],
  args: [
    <Buffer 29 40 8c>,
    <Buffer 03 e8 0e>,
    2025-11-14T23:00:00.000Z,
    1.186,
    1.1596,
    1.154,
    1.1596,
    92195,
    92195,
    108133.4247,
    false
  ]
}
-> [Info] candle inserted {
  fields: [
    'instrument',
    'period',
    'bar_time',
    'open',
    'high',
    'low',
    'close',
    'volume',
    'vol_currency',
    'vol_currency_quote',
    'completed'
  ],
  args: [
    <Buffer 03 8d 38>,
    <Buffer 03 e8 0e>,
    2025-11-14T23:00:00.000Z,
    0.04575,
    0.04469,
    0.04456,
    0.04469,
    6710,
    6710,
    299.8351,
    false
  ]
}
-> [Info] candle inserted {
  fields: [
    'instrument',
    'period',
    'bar_time',
    'open',
    'high',
    'low',
    'close',
    'volume',
    'vol_currency',
    'vol_currency_quote',
    'completed'
  ],
  args: [
    <Buffer 6c c5 82>,
    <Buffer 03 e8 0e>,
    2025-11-14T23:00:00.000Z,
    1.288,
    1.263,
    1.259,
    1.263,
    212,
    212,
    268.719,
    false
  ]
}
-> [Info] candle inserted {
  fields: [
    'instrument',
    'period',
    'bar_time',
    'open',
    'high',
    'low',
    'close',
    'volume',
    'vol_currency',
    'vol_currency_quote',
    'completed'
  ],
  args: [
    <Buffer 5e 05 55>,
    <Buffer 03 e8 0e>,
    2025-11-14T22:45:00.000Z,
    95317.9,
    95149.4,
    94780,
    95149.4,
    50.0884,
    50.0884,
    4764675.36314,
    true
  ]
}
-> [Info] candle inserted {
  fields: [
    'instrument',
    'period',
    'bar_time',
    'open',
    'high',
    'low',
    'close',
    'volume',
    'vol_currency',
    'vol_currency_quote',
    'completed'
  ],
  args: [
    <Buffer 24 2a 33>,
    <Buffer 03 e8 0e>,
    2025-11-14T22:45:00.000Z,
    0.03164,
    0.03143,
    0.03138,
    0.03143,
    1460,
    1460,
    45.9975,
    true
  ]
}
-> [Info] account_detail updated {
  filters: { account: <Buffer 24 59 7a>, currency: <Buffer cb 69 43> },
  columns: { equity_usd: 55119.336, coin_usd_price: 0.999406 }
}
-> [Info] candle inserted {
  fields: [
    'instrument',
    'period',
    'bar_time',
    'open',
    'high',
    'low',
    'close',
    'volume',
    'vol_currency',
    'vol_currency_quote',
    'completed'
  ],
  args: [
    <Buffer 21 e2 ef>,
    <Buffer 03 e8 0e>,
    2025-11-14T22:15:00.000Z,
    0.2796,
    0.2816,
    0.2786,
    0.2816,
    23950,
    23950,
    6696.1943,
    true
  ]
}
-> [Info] candle inserted {
  fields: [
    'instrument',
    'period',
    'bar_time',
    'open',
    'high',
    'low',
    'close',
    'volume',
    'vol_currency',
    'vol_currency_quote',
    'completed'
  ],
  args: [
    <Buffer 29 40 8c>,
    <Buffer 03 e8 0e>,
    2025-11-14T22:45:00.000Z,
    1.1945,
    1.186,
    1.1821,
    1.186,
    10864,
    10864,
    12885.3065,
    true
  ]
}
-> [Info] candle inserted {
  fields: [
    'instrument',
    'period',
    'bar_time',
    'open',
    'high',
    'low',
    'close',
    'volume',
    'vol_currency',
    'vol_currency_quote',
    'completed'
  ],
  args: [
    <Buffer 03 8d 38>,
    <Buffer 03 e8 0e>,
    2025-11-14T22:45:00.000Z,
    0.04635,
    0.04575,
    0.04575,
    0.04575,
    860,
    860,
    39.698,
    true
  ]
}
-> [Info] candle inserted {
  fields: [
    'instrument',
    'period',
    'bar_time',
    'open',
    'high',
    'low',
    'close',
    'volume',
    'vol_currency',
    'vol_currency_quote',
    'completed'
  ],
  args: [
    <Buffer 54 e7 5e>,
    <Buffer 03 e8 0e>,
    2025-11-14T22:30:00.000Z,
    2.2751,
    2.2749,
    2.2714,
    2.2749,
    295463,
    295463,
    672556.2016,
    true
  ]
}
-> [Info] candle inserted {
  fields: [
    'instrument',
    'period',
    'bar_time',
    'open',
    'high',
    'low',
    'close',
    'volume',
    'vol_currency',
    'vol_currency_quote',
    'completed'
  ],
  args: [
    <Buffer 6c c5 82>,
    <Buffer 03 e8 0e>,
    2025-11-14T22:45:00.000Z,
    1.298,
    1.288,
    1.282,
    1.288,
    492,
    492,
    631.552,
    true
  ]
}
-> [Info] candle inserted {
  fields: [
    'instrument',
    'period',
    'bar_time',
    'open',
    'high',
    'low',
    'close',
    'volume',
    'vol_currency',
    'vol_currency_quote',
    'completed'
  ],
  args: [
    <Buffer 24 2a 33>,
    <Buffer 03 e8 0e>,
    2025-11-14T22:30:00.000Z,
    0.0315,
    0.03164,
    0.03148,
    0.03164,
    1040,
    1040,
    32.8467,
    true
  ]
}
-> [Info] candle inserted {
  fields: [
    'instrument',
    'period',
    'bar_time',
    'open',
    'high',
    'low',
    'close',
    'volume',
    'vol_currency',
    'vol_currency_quote',
    'completed'
  ],
  args: [
    <Buffer 5e 05 55>,
    <Buffer 03 e8 0e>,
    2025-11-14T22:30:00.000Z,
    95238.6,
    95318,
    95145.4,
    95318,
    42.817,
    42.817,
    4081035.78464,
    true
  ]
}
-> [Info] candle inserted {
  fields: [
    'instrument',
    'period',
    'bar_time',
    'open',
    'high',
    'low',
    'close',
    'volume',
    'vol_currency',
    'vol_currency_quote',
    'completed'
  ],
  args: [
    <Buffer 21 e2 ef>,
    <Buffer 03 e8 0e>,
    2025-11-14T22:00:00.000Z,
    0.2813,
    0.2795,
    0.2793,
    0.2795,
    16912,
    16912,
    4772.0965,
    true
  ]
}
-> [Info] candle inserted {
  fields: [
    'instrument',
    'period',
    'bar_time',
    'open',
    'high',
    'low',
    'close',
    'volume',
    'vol_currency',
    'vol_currency_quote',
    'completed'
  ],
  args: [
    <Buffer 24 2a 33>,
    <Buffer 03 e8 0e>,
    2025-11-14T22:15:00.000Z,
    0.03134,
    0.0315,
    0.03116,
    0.0315,
    3410,
    3410,
    106.677,
    true
  ]
}
-> [Info] candle inserted {
  fields: [
    'instrument',
    'period',
    'bar_time',
    'open',
    'high',
    'low',
    'close',
    'volume',
    'vol_currency',
    'vol_currency_quote',
    'completed'
  ],
  args: [
    <Buffer 54 e7 5e>,
    <Buffer 03 e8 0e>,
    2025-11-14T22:15:00.000Z,
    2.263,
    2.2757,
    2.2573,
    2.2757,
    478959,
    478959,
    1084324.1993,
    true
  ]
}
-> [Info] candle inserted {
  fields: [
    'instrument',
    'period',
    'bar_time',
    'open',
    'high',
    'low',
    'close',
    'volume',
    'vol_currency',
    'vol_currency_quote',
    'completed'
  ],
  args: [
    <Buffer 5e 05 55>,
    <Buffer 03 e8 0e>,
    2025-11-14T22:15:00.000Z,
    94680.5,
    95238.5,
    94631,
    95238.5,
    96.4657,
    96.4657,
    9156194.07147,
    true
  ]
}
-> [Info] candle inserted {
  fields: [
    'instrument',
    'period',
    'bar_time',
    'open',
    'high',
    'low',
    'close',
    'volume',
    'vol_currency',
    'vol_currency_quote',
    'completed'
  ],
  args: [
    <Buffer 6c c5 82>,
    <Buffer 03 e8 0e>,
    2025-11-14T22:30:00.000Z,
    1.297,
    1.298,
    1.294,
    1.298,
    118,
    118,
    153.226,
    true
  ]
}
-> [Info] candle inserted {
  fields: [
    'instrument',
    'period',
    'bar_time',
    'open',
    'high',
    'low',
    'close',
    'volume',
    'vol_currency',
    'vol_currency_quote',
    'completed'
  ],
  args: [
    <Buffer 29 40 8c>,
    <Buffer 03 e8 0e>,
    2025-11-14T22:30:00.000Z,
    1.1946,
    1.1944,
    1.1923,
    1.1944,
    5209,
    5209,
    6234.2739,
    true
  ]
}
-> [Info] candle inserted {
  fields: [
    'instrument',
    'period',
    'bar_time',
    'open',
    'high',
    'low',
    'close',
    'volume',
    'vol_currency',
    'vol_currency_quote',
    'completed'
  ],
  args: [
    <Buffer 03 8d 38>,
    <Buffer 03 e8 0e>,
    2025-11-14T22:30:00.000Z,
    0.04661,
    0.04635,
    0.0463,
    0.04635,
    1150,
    1150,
    53.5292,
    true
  ]
}
-> [Info] candle inserted {
  fields: [
    'instrument',
    'period',
    'bar_time',
    'open',
    'high',
    'low',
    'close',
    'volume',
    'vol_currency',
    'vol_currency_quote',
    'completed'
  ],
  args: [
    <Buffer 21 e2 ef>,
    <Buffer 03 e8 0e>,
    2025-11-14T21:45:00.000Z,
    0.2811,
    0.2813,
    0.2806,
    0.2813,
    8380,
    8380,
    2356.33,
    true
  ]
}
-> [Info] candle inserted {
  fields: [
    'instrument',
    'period',
    'bar_time',
    'open',
    'high',
    'low',
    'close',
    'volume',
    'vol_currency',
    'vol_currency_quote',
    'completed'
  ],
  args: [
    <Buffer 5e 05 55>,
    <Buffer 03 e8 0e>,
    2025-11-14T22:00:00.000Z,
    95000,
    94669.2,
    94659.7,
    94669.2,
    74.0538,
    74.0538,
    7042928.43335,
    true
  ]
}
-> [Info] candle inserted {
  fields: [
    'instrument',
    'period',
    'bar_time',
    'open',
    'high',
    'low',
    'close',
    'volume',
    'vol_currency',
    'vol_currency_quote',
    'completed'
  ],
  args: [
    <Buffer 24 2a 33>,
    <Buffer 03 e8 0e>,
    2025-11-14T22:00:00.000Z,
    0.0318,
    0.03132,
    0.03132,
    0.03132,
    2320,
    2320,
    73.1891,
    true
  ]
}
-> [Info] candle inserted {
  fields: [
    'instrument',
    'period',
    'bar_time',
    'open',
    'high',
    'low',
    'close',
    'volume',
    'vol_currency',
    'vol_currency_quote',
    'completed'
  ],
  args: [
    <Buffer 54 e7 5e>,
    <Buffer 03 e8 0e>,
    2025-11-14T22:00:00.000Z,
    2.2758,
    2.2622,
    2.2608,
    2.2622,
    424898,
    424898,
    966299.9268,
    true
  ]
}
-> [Info] candle inserted {
  fields: [
    'instrument',
    'period',
    'bar_time',
    'open',
    'high',
    'low',
    'close',
    'volume',
    'vol_currency',
    'vol_currency_quote',
    'completed'
  ],
  args: [
    <Buffer 29 40 8c>,
    <Buffer 03 e8 0e>,
    2025-11-14T22:15:00.000Z,
    1.186,
    1.1959,
    1.1836,
    1.1959,
    4886,
    4886,
    5812.4512,
    true
  ]
}
-> [Info] candle inserted {
  fields: [
    'instrument',
    'period',
    'bar_time',
    'open',
    'high',
    'low',
    'close',
    'volume',
    'vol_currency',
    'vol_currency_quote',
    'completed'
  ],
  args: [
    <Buffer 6c c5 82>,
    <Buffer 03 e8 0e>,
    2025-11-14T22:15:00.000Z,
    1.288,
    1.297,
    1.287,
    1.297,
    169,
    169,
    218.344,
    true
  ]
}
-> [Info] candle inserted {
  fields: [
    'instrument',
    'period',
    'bar_time',
    'open',
    'high',
    'low',
    'close',
    'volume',
    'vol_currency',
    'vol_currency_quote',
    'completed'
  ],
  args: [
    <Buffer 03 8d 38>,
    <Buffer 03 e8 0e>,
    2025-11-14T22:15:00.000Z,
    0.04606,
    0.04661,
    0.04595,
    0.04661,
    1750,
    1750,
    80.9472,
    true
  ]
}
-> [Info] candle inserted {
  fields: [
    'instrument',
    'period',
    'bar_time',
    'open',
    'high',
    'low',
    'close',
    'volume',
    'vol_currency',
    'vol_currency_quote',
    'completed'
  ],
  args: [
    <Buffer 21 e2 ef>,
    <Buffer 03 e8 0e>,
    2025-11-14T21:30:00.000Z,
    0.2815,
    0.2814,
    0.2797,
    0.2814,
    10516,
    10516,
    2954.6958,
    true
  ]
}
-> [Info] candle inserted {
  fields: [
    'instrument',
    'period',
    'bar_time',
    'open',
    'high',
    'low',
    'close',
    'volume',
    'vol_currency',
    'vol_currency_quote',
    'completed'
  ],
  args: [
    <Buffer 6c c5 82>,
    <Buffer 03 e8 0e>,
    2025-11-14T22:00:00.000Z,
    1.296,
    1.292,
    1.292,
    1.292,
    1501,
    1501,
    1944.656,
    true
  ]
}
-> [Info] candle inserted {
  fields: [
    'instrument',
    'period',
    'bar_time',
    'open',
    'high',
    'low',
    'close',
    'volume',
    'vol_currency',
    'vol_currency_quote',
    'completed'
  ],
  args: [
    <Buffer 03 8d 38>,
    <Buffer 03 e8 0e>,
    2025-11-14T22:00:00.000Z,
    0.04607,
    0.04606,
    0.04603,
    0.04606,
    1370,
    1370,
    63.3159,
    true
  ]
}
-> [Info] candle inserted {
  fields: [
    'instrument',
    'period',
    'bar_time',
    'open',
    'high',
    'low',
    'close',
    'volume',
    'vol_currency',
    'vol_currency_quote',
    'completed'
  ],
  args: [
    <Buffer 29 40 8c>,
    <Buffer 03 e8 0e>,
    2025-11-14T22:00:00.000Z,
    1.1927,
    1.1864,
    1.1864,
    1.1864,
    6053,
    6053,
    7228.9427,
    true
  ]
}
-> [Info] candle inserted {
  fields: [
    'instrument',
    'period',
    'bar_time',
    'open',
    'high',
    'low',
    'close',
    'volume',
    'vol_currency',
    'vol_currency_quote',
    'completed'
  ],
  args: [
    <Buffer 54 e7 5e>,
    <Buffer 03 e8 0e>,
    2025-11-14T21:45:00.000Z,
    2.2736,
    2.2754,
    2.2687,
    2.2754,
    253976,
    253976,
    577574.4481,
    true
  ]
}
-> [Info] candle inserted {
  fields: [
    'instrument',
    'period',
    'bar_time',
    'open',
    'high',
    'low',
    'close',
    'volume',
    'vol_currency',
    'vol_currency_quote',
    'completed'
  ],
  args: [
    <Buffer 5e 05 55>,
    <Buffer 03 e8 0e>,
    2025-11-14T21:45:00.000Z,
    95017.5,
    95000,
    94878.2,
    95000,
    43.122,
    43.122,
    4095789.64089,
    true
  ]
}
-> [Info] candle inserted {
  fields: [
    'instrument',
    'period',
    'bar_time',
    'open',
    'high',
    'low',
    'close',
    'volume',
    'vol_currency',
    'vol_currency_quote',
    'completed'
  ],
  args: [
    <Buffer 24 2a 33>,
    <Buffer 03 e8 0e>,
    2025-11-14T21:45:00.000Z,
    0.03147,
    0.0318,
    0.0314,
    0.0318,
    3440,
    3440,
    108.7015,
    true
  ]
}
-> [Info] candle inserted {
  fields: [
    'instrument',
    'period',
    'bar_time',
    'open',
    'high',
    'low',
    'close',
    'volume',
    'vol_currency',
    'vol_currency_quote',
    'completed'
  ],
  args: [
    <Buffer 21 e2 ef>,
    <Buffer 03 e8 0e>,
    2025-11-14T21:15:00.000Z,
    0.2842,
    0.2813,
    0.2812,
    0.2813,
    17457,
    17457,
    4941.3622,
    true
  ]
}
-> [Info] candle inserted {
  fields: [
    'instrument',
    'period',
    'bar_time',
    'open',
    'high',
    'low',
    'close',
    'volume',
    'vol_currency',
    'vol_currency_quote',
    'completed'
  ],
  args: [
    <Buffer 5e 05 55>,
    <Buffer 03 e8 0e>,
    2025-11-14T21:30:00.000Z,
    94639.2,
    95000.5,
    94609.7,
    95000.5,
    48.1927,
    48.1927,
    4567445.30349,
    true
  ]
}
-> [Info] candle inserted {
  fields: [
    'instrument',
    'period',
    'bar_time',
    'open',
    'high',
    'low',
    'close',
    'volume',
    'vol_currency',
    'vol_currency_quote',
    'completed'
  ],
  args: [
    <Buffer 03 8d 38>,
    <Buffer 03 e8 0e>,
    2025-11-14T21:45:00.000Z,
    0.04591,
    0.04607,
    0.04587,
    0.04607,
    970,
    970,
    44.5785,
    true
  ]
}
-> [Info] candle inserted {
  fields: [
    'instrument',
    'period',
    'bar_time',
    'open',
    'high',
    'low',
    'close',
    'volume',
    'vol_currency',
    'vol_currency_quote',
    'completed'
  ],
  args: [
    <Buffer 24 2a 33>,
    <Buffer 03 e8 0e>,
    2025-11-14T21:30:00.000Z,
    0.03153,
    0.03147,
    0.03136,
    0.03147,
    1670,
    1670,
    52.5636,
    true
  ]
}
-> [Info] candle inserted {
  fields: [
    'instrument',
    'period',
    'bar_time',
    'open',
    'high',
    'low',
    'close',
    'volume',
    'vol_currency',
    'vol_currency_quote',
    'completed'
  ],
  args: [
    <Buffer 54 e7 5e>,
    <Buffer 03 e8 0e>,
    2025-11-14T21:30:00.000Z,
    2.2697,
    2.274,
    2.2694,
    2.274,
    242919,
    242919,
    552173.9955,
    true
  ]
}
-> [Info] candle inserted {
  fields: [
    'instrument',
    'period',
    'bar_time',
    'open',
    'high',
    'low',
    'close',
    'volume',
    'vol_currency',
    'vol_currency_quote',
    'completed'
  ],
  args: [
    <Buffer 21 e2 ef>,
    <Buffer 03 e8 0e>,
    2025-11-14T21:00:00.000Z,
    0.2806,
    0.284,
    0.2795,
    0.284,
    254902,
    254902,
    72239.1472,
    true
  ]
}
-> [Info] candle inserted {
  fields: [
    'instrument',
    'period',
    'bar_time',
    'open',
    'high',
    'low',
    'close',
    'volume',
    'vol_currency',
    'vol_currency_quote',
    'completed'
  ],
  args: [
    <Buffer 6c c5 82>,
    <Buffer 03 e8 0e>,
    2025-11-14T21:45:00.000Z,
    1.294,
    1.296,
    1.294,
    1.296,
    118,
    118,
    152.936,
    true
  ]
}
-> [Info] candle inserted {
  fields: [
    'instrument',
    'period',
    'bar_time',
    'open',
    'high',
    'low',
    'close',
    'volume',
    'vol_currency',
    'vol_currency_quote',
    'completed'
  ],
  args: [
    <Buffer 29 40 8c>,
    <Buffer 03 e8 0e>,
    2025-11-14T21:45:00.000Z,
    1.1935,
    1.1929,
    1.1894,
    1.1929,
    6785,
    6785,
    8089.1801,
    true
  ]
}
-> [Info] candle inserted {
  fields: [
    'instrument',
    'period',
    'bar_time',
    'open',
    'high',
    'low',
    'close',
    'volume',
    'vol_currency',
    'vol_currency_quote',
    'completed'
  ],
  args: [
    <Buffer 5e 05 55>,
    <Buffer 03 e8 0e>,
    2025-11-14T21:15:00.000Z,
    94864.1,
    94638,
    94586.4,
    94638,
    84.0764,
    84.0764,
    7970187.98387,
    true
  ]
}
-> [Info] candle inserted {
  fields: [
    'instrument',
    'period',
    'bar_time',
    'open',
    'high',
    'low',
    'close',
    'volume',
    'vol_currency',
    'vol_currency_quote',
    'completed'
  ],
  args: [
    <Buffer 03 8d 38>,
    <Buffer 03 e8 0e>,
    2025-11-14T21:30:00.000Z,
    0.04577,
    0.04591,
    0.0457,
    0.04591,
    1410,
    1410,
    64.6365,
    true
  ]
}
-> [Info] candle inserted {
  fields: [
    'instrument',
    'period',
    'bar_time',
    'open',
    'high',
    'low',
    'close',
    'volume',
    'vol_currency',
    'vol_currency_quote',
    'completed'
  ],
  args: [
    <Buffer 54 e7 5e>,
    <Buffer 03 e8 0e>,
    2025-11-14T21:15:00.000Z,
    2.2796,
    2.2695,
    2.2665,
    2.2695,
    473633,
    473633,
    1077665.2217,
    true
  ]
}
-> [Info] candle inserted {
  fields: [
    'instrument',
    'period',
    'bar_time',
    'open',
    'high',
    'low',
    'close',
    'volume',
    'vol_currency',
    'vol_currency_quote',
    'completed'
  ],
  args: [
    <Buffer 21 e2 ef>,
    <Buffer 03 e8 0e>,
    2025-11-14T20:45:00.000Z,
    0.2797,
    0.2809,
    0.2785,
    0.2809,
    30542,
    30542,
    8563.9695,
    true
  ]
}
-> [Info] candle inserted {
  fields: [
    'instrument',
    'period',
    'bar_time',
    'open',
    'high',
    'low',
    'close',
    'volume',
    'vol_currency',
    'vol_currency_quote',
    'completed'
  ],
  args: [
    <Buffer 03 8d 38>,
    <Buffer 03 e8 0e>,
    2025-11-14T21:15:00.000Z,
    0.04586,
    0.04577,
    0.04577,
    0.04577,
    1410,
    1410,
    64.7754,
    true
  ]
}
-> [Info] candle inserted {
  fields: [
    'instrument',
    'period',
    'bar_time',
    'open',
    'high',
    'low',
    'close',
    'volume',
    'vol_currency',
    'vol_currency_quote',
    'completed'
  ],
  args: [
    <Buffer 5e 05 55>,
    <Buffer 03 e8 0e>,
    2025-11-14T21:00:00.000Z,
    94338.1,
    94864.2,
    94195.7,
    94864.2,
    111.2007,
    111.2007,
    10526623.18673,
    true
  ]
}
-> [Info] candle inserted {
  fields: [
    'instrument',
    'period',
    'bar_time',
    'open',
    'high',
    'low',
    'close',
    'volume',
    'vol_currency',
    'vol_currency_quote',
    'completed'
  ],
  args: [
    <Buffer 24 2a 33>,
    <Buffer 03 e8 0e>,
    2025-11-14T21:15:00.000Z,
    0.03165,
    0.03153,
    0.03144,
    0.03153,
    2400,
    2400,
    75.7234,
    true
  ]
}
-> [Info] candle inserted {
  fields: [
    'instrument',
    'period',
    'bar_time',
    'open',
    'high',
    'low',
    'close',
    'volume',
    'vol_currency',
    'vol_currency_quote',
    'completed'
  ],
  args: [
    <Buffer 6c c5 82>,
    <Buffer 03 e8 0e>,
    2025-11-14T21:30:00.000Z,
    1.291,
    1.294,
    1.291,
    1.294,
    102,
    102,
    131.974,
    true
  ]
}
-> [Info] candle inserted {
  fields: [
    'instrument',
    'period',
    'bar_time',
    'open',
    'high',
    'low',
    'close',
    'volume',
    'vol_currency',
    'vol_currency_quote',
    'completed'
  ],
  args: [
    <Buffer 29 40 8c>,
    <Buffer 03 e8 0e>,
    2025-11-14T21:30:00.000Z,
    1.1966,
    1.1938,
    1.1915,
    1.1938,
    7854,
    7854,
    9385.6729,
    true
  ]
}
-> [Info] candle inserted {
  fields: [
    'instrument',
    'period',
    'bar_time',
    'open',
    'high',
    'low',
    'close',
    'volume',
    'vol_currency',
    'vol_currency_quote',
    'completed'
  ],
  args: [
    <Buffer 54 e7 5e>,
    <Buffer 03 e8 0e>,
    2025-11-14T21:00:00.000Z,
    2.2612,
    2.2801,
    2.2554,
    2.2801,
    648561,
    648561,
    1476666.8008,
    true
  ]
}
-> [Info] candle inserted {
  fields: [
    'instrument',
    'period',
    'bar_time',
    'open',
    'high',
    'low',
    'close',
    'volume',
    'vol_currency',
    'vol_currency_quote',
    'completed'
  ],
  args: [
    <Buffer 21 e2 ef>,
    <Buffer 03 e8 0e>,
    2025-11-14T20:30:00.000Z,
    0.2847,
    0.2799,
    0.2793,
    0.2799,
    69458,
    69458,
    19607.9138,
    true
  ]
}
-> [Info] candle inserted {
  fields: [
    'instrument',
    'period',
    'bar_time',
    'open',
    'high',
    'low',
    'close',
    'volume',
    'vol_currency',
    'vol_currency_quote',
    'completed'
  ],
  args: [
    <Buffer 5e 05 55>,
    <Buffer 03 e8 0e>,
    2025-11-14T20:45:00.000Z,
    94322.9,
    94348.9,
    94142.5,
    94348.9,
    133.9577,
    133.9577,
    12629306.50293,
    true
  ]
}
-> [Info] candle inserted {
  fields: [
    'instrument',
    'period',
    'bar_time',
    'open',
    'high',
    'low',
    'close',
    'volume',
    'vol_currency',
    'vol_currency_quote',
    'completed'
  ],
  args: [
    <Buffer 29 40 8c>,
    <Buffer 03 e8 0e>,
    2025-11-14T21:15:00.000Z,
    1.2011,
    1.1969,
    1.1936,
    1.1969,
    10305,
    10305,
    12337.0908,
    true
  ]
}
-> [Info] candle inserted {
  fields: [
    'instrument',
    'period',
    'bar_time',
    'open',
    'high',
    'low',
    'close',
    'volume',
    'vol_currency',
    'vol_currency_quote',
    'completed'
  ],
  args: [
    <Buffer 24 2a 33>,
    <Buffer 03 e8 0e>,
    2025-11-14T21:00:00.000Z,
    0.03179,
    0.03165,
    0.03155,
    0.03165,
    4840,
    4840,
    153.4711,
    true
  ]
}
-> [Info] candle inserted {
  fields: [
    'instrument',
    'period',
    'bar_time',
    'open',
    'high',
    'low',
    'close',
    'volume',
    'vol_currency',
    'vol_currency_quote',
    'completed'
  ],
  args: [
    <Buffer 03 8d 38>,
    <Buffer 03 e8 0e>,
    2025-11-14T21:00:00.000Z,
    0.04535,
    0.04586,
    0.04518,
    0.04586,
    13200,
    13200,
    606.4651,
    true
  ]
}
-> [Info] candle inserted {
  fields: [
    'instrument',
    'period',
    'bar_time',
    'open',
    'high',
    'low',
    'close',
    'volume',
    'vol_currency',
    'vol_currency_quote',
    'completed'
  ],
  args: [
    <Buffer 6c c5 82>,
    <Buffer 03 e8 0e>,
    2025-11-14T21:15:00.000Z,
    1.297,
    1.291,
    1.291,
    1.291,
    169,
    169,
    219.076,
    true
  ]
}
-> [Info] candle inserted {
  fields: [
    'instrument',
    'period',
    'bar_time',
    'open',
    'high',
    'low',
    'close',
    'volume',
    'vol_currency',
    'vol_currency_quote',
    'completed'
  ],
  args: [
    <Buffer 54 e7 5e>,
    <Buffer 03 e8 0e>,
    2025-11-14T20:45:00.000Z,
    2.2557,
    2.261,
    2.2514,
    2.261,
    1193673,
    1193673,
    2702206.5105,
    true
  ]
}
-> [Info] candle inserted {
  fields: [
    'instrument',
    'period',
    'bar_time',
    'open',
    'high',
    'low',
    'close',
    'volume',
    'vol_currency',
    'vol_currency_quote',
    'completed'
  ],
  args: [
    <Buffer 21 e2 ef>,
    <Buffer 03 e8 0e>,
    2025-11-14T20:15:00.000Z,
    0.2875,
    0.2847,
    0.2846,
    0.2847,
    15192,
    15192,
    4346.3412,
    true
  ]
}
-> [Info] candle inserted {
  fields: [
    'instrument',
    'period',
    'bar_time',
    'open',
    'high',
    'low',
    'close',
    'volume',
    'vol_currency',
    'vol_currency_quote',
    'completed'
  ],
  args: [
    <Buffer 03 8d 38>,
    <Buffer 03 e8 0e>,
    2025-11-14T20:45:00.000Z,
    0.04542,
    0.04535,
    0.04522,
    0.04535,
    2260,
    2260,
    102.4189,
    true
  ]
}
-> [Info] candle inserted {
  fields: [
    'instrument',
    'period',
    'bar_time',
    'open',
    'high',
    'low',
    'close',
    'volume',
    'vol_currency',
    'vol_currency_quote',
    'completed'
  ],
  args: [
    <Buffer 5e 05 55>,
    <Buffer 03 e8 0e>,
    2025-11-14T20:30:00.000Z,
    94883.3,
    94322.9,
    94150,
    94322.9,
    252.8263,
    252.8263,
    23891397.59772,
    true
  ]
}
-> [Info] candle inserted {
  fields: [
    'instrument',
    'period',
    'bar_time',
    'open',
    'high',
    'low',
    'close',
    'volume',
    'vol_currency',
    'vol_currency_quote',
    'completed'
  ],
  args: [
    <Buffer 24 2a 33>,
    <Buffer 03 e8 0e>,
    2025-11-14T20:45:00.000Z,
    0.03178,
    0.03179,
    0.03175,
    0.03179,
    97550,
    97550,
    3102.6141,
    true
  ]
}
-> [Info] candle inserted {
  fields: [
    'instrument',
    'period',
    'bar_time',
    'open',
    'high',
    'low',
    'close',
    'volume',
    'vol_currency',
    'vol_currency_quote',
    'completed'
  ],
  args: [
    <Buffer 29 40 8c>,
    <Buffer 03 e8 0e>,
    2025-11-14T21:00:00.000Z,
    1.1887,
    1.201,
    1.1823,
    1.201,
    45777,
    45777,
    54815.163,
    true
  ]
}
-> [Info] candle inserted {
  fields: [
    'instrument',
    'period',
    'bar_time',
    'open',
    'high',
    'low',
    'close',
    'volume',
    'vol_currency',
    'vol_currency_quote',
    'completed'
  ],
  args: [
    <Buffer 6c c5 82>,
    <Buffer 03 e8 0e>,
    2025-11-14T21:00:00.000Z,
    1.287,
    1.297,
    1.282,
    1.297,
    255,
    255,
    329.679,
    true
  ]
}
-> [Info] candle inserted {
  fields: [
    'instrument',
    'period',
    'bar_time',
    'open',
    'high',
    'low',
    'close',
    'volume',
    'vol_currency',
    'vol_currency_quote',
    'completed'
  ],
  args: [
    <Buffer 54 e7 5e>,
    <Buffer 03 e8 0e>,
    2025-11-14T20:30:00.000Z,
    2.2756,
    2.2558,
    2.2518,
    2.2558,
    950918,
    950918,
    2154666.391,
    true
  ]
}
-> [Info] candle inserted {
  fields: [
    'instrument',
    'period',
    'bar_time',
    'open',
    'high',
    'low',
    'close',
    'volume',
    'vol_currency',
    'vol_currency_quote',
    'completed'
  ],
  args: [
    <Buffer 24 2a 33>,
    <Buffer 03 e8 0e>,
    2025-11-14T20:30:00.000Z,
    0.03199,
    0.03178,
    0.03175,
    0.03178,
    22350,
    22350,
    709.9983,
    true
  ]
}
-> [Info] candle inserted {
  fields: [
    'instrument',
    'period',
    'bar_time',
    'open',
    'high',
    'low',
    'close',
    'volume',
    'vol_currency',
    'vol_currency_quote',
    'completed'
  ],
  args: [
    <Buffer 21 e2 ef>,
    <Buffer 03 e8 0e>,
    2025-11-14T20:00:00.000Z,
    0.2894,
    0.2875,
    0.2874,
    0.2875,
    10163,
    10163,
    2935.0564,
    true
  ]
}
-> [Info] candle inserted {
  fields: [
    'instrument',
    'period',
    'bar_time',
    'open',
    'high',
    'low',
    'close',
    'volume',
    'vol_currency',
    'vol_currency_quote',
    'completed'
  ],
  args: [
    <Buffer 03 8d 38>,
    <Buffer 03 e8 0e>,
    2025-11-14T20:30:00.000Z,
    0.04657,
    0.04542,
    0.04536,
    0.04542,
    1360,
    1360,
    62.3718,
    true
  ]
}
-> [Info] candle inserted {
  fields: [
    'instrument',
    'period',
    'bar_time',
    'open',
    'high',
    'low',
    'close',
    'volume',
    'vol_currency',
    'vol_currency_quote',
    'completed'
  ],
  args: [
    <Buffer 29 40 8c>,
    <Buffer 03 e8 0e>,
    2025-11-14T20:45:00.000Z,
    1.184,
    1.1886,
    1.1809,
    1.1886,
    6861,
    6861,
    8147.4227,
    true
  ]
}
-> [Info] candle inserted {
  fields: [
    'instrument',
    'period',
    'bar_time',
    'open',
    'high',
    'low',
    'close',
    'volume',
    'vol_currency',
    'vol_currency_quote',
    'completed'
  ],
  args: [
    <Buffer 6c c5 82>,
    <Buffer 03 e8 0e>,
    2025-11-14T20:45:00.000Z,
    1.283,
    1.287,
    1.28,
    1.287,
    205,
    205,
    263.365,
    true
  ]
}
-> [Info] candle inserted {
  fields: [
    'instrument',
    'period',
    'bar_time',
    'open',
    'high',
    'low',
    'close',
    'volume',
    'vol_currency',
    'vol_currency_quote',
    'completed'
  ],
  args: [
    <Buffer 5e 05 55>,
    <Buffer 03 e8 0e>,
    2025-11-14T20:15:00.000Z,
    95428.2,
    94883.2,
    94822,
    94883.2,
    85.1427,
    85.1427,
    8095958.96461,
    true
  ]
}
-> [Info] candle inserted {
  fields: [
    'instrument',
    'period',
    'bar_time',
    'open',
    'high',
    'low',
    'close',
    'volume',
    'vol_currency',
    'vol_currency_quote',
    'completed'
  ],
  args: [
    <Buffer 54 e7 5e>,
    <Buffer 03 e8 0e>,
    2025-11-14T20:15:00.000Z,
    2.3024,
    2.276,
    2.2745,
    2.276,
    404328,
    404328,
    924582.2826,
    true
  ]
}
-> [Info] candle inserted {
  fields: [
    'instrument',
    'period',
    'bar_time',
    'open',
    'high',
    'low',
    'close',
    'volume',
    'vol_currency',
    'vol_currency_quote',
    'completed'
  ],
  args: [
    <Buffer 21 e2 ef>,
    <Buffer 03 e8 0e>,
    2025-11-14T19:45:00.000Z,
    0.2876,
    0.2894,
    0.2874,
    0.2894,
    46209,
    46209,
    13343.6831,
    true
  ]
}
-> [Info] candle inserted {
  fields: [
    'instrument',
    'period',
    'bar_time',
    'open',
    'high',
    'low',
    'close',
    'volume',
    'vol_currency',
    'vol_currency_quote',
    'completed'
  ],
  args: [
    <Buffer 03 8d 38>,
    <Buffer 03 e8 0e>,
    2025-11-14T20:15:00.000Z,
    0.04715,
    0.04657,
    0.04657,
    0.04657,
    1210,
    1210,
    56.6664,
    true
  ]
}
-> [Info] candle inserted {
  fields: [
    'instrument',
    'period',
    'bar_time',
    'open',
    'high',
    'low',
    'close',
    'volume',
    'vol_currency',
    'vol_currency_quote',
    'completed'
  ],
  args: [
    <Buffer 5e 05 55>,
    <Buffer 03 e8 0e>,
    2025-11-14T20:00:00.000Z,
    95765,
    95430.8,
    95314.1,
    95430.8,
    78.7989,
    78.7989,
    7536657.5852,
    true
  ]
}
-> [Info] candle inserted {
  fields: [
    'instrument',
    'period',
    'bar_time',
    'open',
    'high',
    'low',
    'close',
    'volume',
    'vol_currency',
    'vol_currency_quote',
    'completed'
  ],
  args: [
    <Buffer 6c c5 82>,
    <Buffer 03 e8 0e>,
    2025-11-14T20:30:00.000Z,
    1.301,
    1.283,
    1.28,
    1.283,
    203,
    203,
    262.309,
    true
  ]
}
-> [Info] candle inserted {
  fields: [
    'instrument',
    'period',
    'bar_time',
    'open',
    'high',
    'low',
    'close',
    'volume',
    'vol_currency',
    'vol_currency_quote',
    'completed'
  ],
  args: [
    <Buffer 29 40 8c>,
    <Buffer 03 e8 0e>,
    2025-11-14T20:30:00.000Z,
    1.2108,
    1.1849,
    1.1837,
    1.1849,
    61788,
    61788,
    73335.691,
    true
  ]
}
-> [Info] candle inserted {
  fields: [
    'instrument',
    'period',
    'bar_time',
    'open',
    'high',
    'low',
    'close',
    'volume',
    'vol_currency',
    'vol_currency_quote',
    'completed'
  ],
  args: [
    <Buffer 24 2a 33>,
    <Buffer 03 e8 0e>,
    2025-11-14T20:15:00.000Z,
    0.03198,
    0.03199,
    0.03198,
    0.03199,
    2920,
    2920,
    93.6022,
    true
  ]
}
-> [Info] candle inserted {
  fields: [
    'instrument',
    'period',
    'bar_time',
    'open',
    'high',
    'low',
    'close',
    'volume',
    'vol_currency',
    'vol_currency_quote',
    'completed'
  ],
  args: [
    <Buffer 54 e7 5e>,
    <Buffer 03 e8 0e>,
    2025-11-14T20:00:00.000Z,
    2.3117,
    2.3024,
    2.3016,
    2.3024,
    397298,
    397298,
    917753.6701,
    true
  ]
}
-> [Info] candle inserted {
  fields: [
    'instrument',
    'period',
    'bar_time',
    'open',
    'high',
    'low',
    'close',
    'volume',
    'vol_currency',
    'vol_currency_quote',
    'completed'
  ],
  args: [
    <Buffer 21 e2 ef>,
    <Buffer 03 e8 0e>,
    2025-11-14T19:30:00.000Z,
    0.2898,
    0.2877,
    0.2874,
    0.2877,
    22737,
    22737,
    6565.863,
    true
  ]
}
-> [Info] candle inserted {
  fields: [
    'instrument',
    'period',
    'bar_time',
    'open',
    'high',
    'low',
    'close',
    'volume',
    'vol_currency',
    'vol_currency_quote',
    'completed'
  ],
  args: [
    <Buffer 03 8d 38>,
    <Buffer 03 e8 0e>,
    2025-11-14T20:00:00.000Z,
    0.04733,
    0.04715,
    0.04715,
    0.04715,
    1480,
    1480,
    69.9767,
    true
  ]
}
-> [Info] candle inserted {
  fields: [
    'instrument',
    'period',
    'bar_time',
    'open',
    'high',
    'low',
    'close',
    'volume',
    'vol_currency',
    'vol_currency_quote',
    'completed'
  ],
  args: [
    <Buffer 24 2a 33>,
    <Buffer 03 e8 0e>,
    2025-11-14T20:00:00.000Z,
    0.0322,
    0.03198,
    0.03197,
    0.03198,
    3620,
    3620,
    116.339,
    true
  ]
}
-> [Info] candle inserted {
  fields: [
    'instrument',
    'period',
    'bar_time',
    'open',
    'high',
    'low',
    'close',
    'volume',
    'vol_currency',
    'vol_currency_quote',
    'completed'
  ],
  args: [
    <Buffer 6c c5 82>,
    <Buffer 03 e8 0e>,
    2025-11-14T20:15:00.000Z,
    1.312,
    1.301,
    1.301,
    1.301,
    561,
    561,
    731.324,
    true
  ]
}
-> [Info] candle inserted {
  fields: [
    'instrument',
    'period',
    'bar_time',
    'open',
    'high',
    'low',
    'close',
    'volume',
    'vol_currency',
    'vol_currency_quote',
    'completed'
  ],
  args: [
    <Buffer 5e 05 55>,
    <Buffer 03 e8 0e>,
    2025-11-14T19:45:00.000Z,
    95319.1,
    95758,
    95225,
    95758,
    93.6019,
    93.6019,
    8946303.41838,
    true
  ]
}
-> [Info] candle inserted {
  fields: [
    'instrument',
    'period',
    'bar_time',
    'open',
    'high',
    'low',
    'close',
    'volume',
    'vol_currency',
    'vol_currency_quote',
    'completed'
  ],
  args: [
    <Buffer 54 e7 5e>,
    <Buffer 03 e8 0e>,
    2025-11-14T19:45:00.000Z,
    2.2949,
    2.3115,
    2.2937,
    2.3115,
    268394,
    268394,
    617907.5139,
    true
  ]
}
-> [Info] candle inserted {
  fields: [
    'instrument',
    'period',
    'bar_time',
    'open',
    'high',
    'low',
    'close',
    'volume',
    'vol_currency',
    'vol_currency_quote',
    'completed'
  ],
  args: [
    <Buffer 29 40 8c>,
    <Buffer 03 e8 0e>,
    2025-11-14T20:15:00.000Z,
    1.2171,
    1.2107,
    1.2101,
    1.2107,
    6455,
    6455,
    7838.919,
    true
  ]
}
-> [Info] candle inserted {
  fields: [
    'instrument',
    'period',
    'bar_time',
    'open',
    'high',
    'low',
    'close',
    'volume',
    'vol_currency',
    'vol_currency_quote',
    'completed'
  ],
  args: [
    <Buffer 03 8d 38>,
    <Buffer 03 e8 0e>,
    2025-11-14T19:45:00.000Z,
    0.04728,
    0.04733,
    0.04723,
    0.04733,
    1690,
    1690,
    80.0172,
    true
  ]
}
-> [Info] candle inserted {
  fields: [
    'instrument',
    'period',
    'bar_time',
    'open',
    'high',
    'low',
    'close',
    'volume',
    'vol_currency',
    'vol_currency_quote',
    'completed'
  ],
  args: [
    <Buffer 5e 05 55>,
    <Buffer 03 e8 0e>,
    2025-11-14T19:30:00.000Z,
    95681.4,
    95325,
    95322.6,
    95325,
    65.1148,
    65.1148,
    6218222.09014,
    true
  ]
}
-> [Info] candle inserted {
  fields: [
    'instrument',
    'period',
    'bar_time',
    'open',
    'high',
    'low',
    'close',
    'volume',
    'vol_currency',
    'vol_currency_quote',
    'completed'
  ],
  args: [
    <Buffer 21 e2 ef>,
    <Buffer 03 e8 0e>,
    2025-11-14T19:15:00.000Z,
    0.287,
    0.2898,
    0.287,
    0.2898,
    58005,
    58005,
    16744.9775,
    true
  ]
}
-> [Info] candle inserted {
  fields: [
    'instrument',
    'period',
    'bar_time',
    'open',
    'high',
    'low',
    'close',
    'volume',
    'vol_currency',
    'vol_currency_quote',
    'completed'
  ],
  args: [
    <Buffer 54 e7 5e>,
    <Buffer 03 e8 0e>,
    2025-11-14T19:30:00.000Z,
    2.3099,
    2.2945,
    2.2928,
    2.2945,
    310655,
    310655,
    714339.8279,
    true
  ]
}
-> [Info] candle inserted {
  fields: [
    'instrument',
    'period',
    'bar_time',
    'open',
    'high',
    'low',
    'close',
    'volume',
    'vol_currency',
    'vol_currency_quote',
    'completed'
  ],
  args: [
    <Buffer 29 40 8c>,
    <Buffer 03 e8 0e>,
    2025-11-14T20:00:00.000Z,
    1.224,
    1.217,
    1.216,
    1.217,
    5460,
    5460,
    6675.463,
    true
  ]
}
-> [Info] candle inserted {
  fields: [
    'instrument',
    'period',
    'bar_time',
    'open',
    'high',
    'low',
    'close',
    'volume',
    'vol_currency',
    'vol_currency_quote',
    'completed'
  ],
  args: [
    <Buffer 6c c5 82>,
    <Buffer 03 e8 0e>,
    2025-11-14T20:00:00.000Z,
    1.315,
    1.311,
    1.311,
    1.311,
    143,
    143,
    187.91,
    true
  ]
}
-> [Info] candle inserted {
  fields: [
    'instrument',
    'period',
    'bar_time',
    'open',
    'high',
    'low',
    'close',
    'volume',
    'vol_currency',
    'vol_currency_quote',
    'completed'
  ],
  args: [
    <Buffer 24 2a 33>,
    <Buffer 03 e8 0e>,
    2025-11-14T19:45:00.000Z,
    0.03209,
    0.0322,
    0.03209,
    0.0322,
    4550,
    4550,
    146.7119,
    true
  ]
}
-> [Info] candle inserted {
  fields: [
    'instrument',
    'period',
    'bar_time',
    'open',
    'high',
    'low',
    'close',
    'volume',
    'vol_currency',
    'vol_currency_quote',
    'completed'
  ],
  args: [
    <Buffer 03 8d 38>,
    <Buffer 03 e8 0e>,
    2025-11-14T19:30:00.000Z,
    0.04738,
    0.04728,
    0.0471,
    0.04728,
    1510,
    1510,
    71.2856,
    true
  ]
}
-> [Info] candle inserted {
  fields: [
    'instrument',
    'period',
    'bar_time',
    'open',
    'high',
    'low',
    'close',
    'volume',
    'vol_currency',
    'vol_currency_quote',
    'completed'
  ],
  args: [
    <Buffer 54 e7 5e>,
    <Buffer 03 e8 0e>,
    2025-11-14T19:15:00.000Z,
    2.2985,
    2.3096,
    2.2985,
    2.3096,
    522027,
    522027,
    1204651.5155,
    true
  ]
}
-> [Info] candle inserted {
  fields: [
    'instrument',
    'period',
    'bar_time',
    'open',
    'high',
    'low',
    'close',
    'volume',
    'vol_currency',
    'vol_currency_quote',
    'completed'
  ],
  args: [
    <Buffer 21 e2 ef>,
    <Buffer 03 e8 0e>,
    2025-11-14T19:00:00.000Z,
    0.2838,
    0.2872,
    0.2834,
    0.2872,
    19917,
    19917,
    5683.4872,
    true
  ]
}
-> [Info] candle inserted {
  fields: [
    'instrument',
    'period',
    'bar_time',
    'open',
    'high',
    'low',
    'close',
    'volume',
    'vol_currency',
    'vol_currency_quote',
    'completed'
  ],
  args: [
    <Buffer 29 40 8c>,
    <Buffer 03 e8 0e>,
    2025-11-14T19:45:00.000Z,
    1.2163,
    1.224,
    1.2158,
    1.224,
    8333,
    8333,
    10185.6386,
    true
  ]
}
-> [Info] candle inserted {
  fields: [
    'instrument',
    'period',
    'bar_time',
    'open',
    'high',
    'low',
    'close',
    'volume',
    'vol_currency',
    'vol_currency_quote',
    'completed'
  ],
  args: [
    <Buffer 5e 05 55>,
    <Buffer 03 e8 0e>,
    2025-11-14T19:15:00.000Z,
    95386.4,
    95681.2,
    95365,
    95681.2,
    103.5715,
    103.5715,
    9906806.91453,
    true
  ]
}
-> [Info] candle inserted {
  fields: [
    'instrument',
    'period',
    'bar_time',
    'open',
    'high',
    'low',
    'close',
    'volume',
    'vol_currency',
    'vol_currency_quote',
    'completed'
  ],
  args: [
    <Buffer 24 2a 33>,
    <Buffer 03 e8 0e>,
    2025-11-14T19:30:00.000Z,
    0.0321,
    0.03209,
    0.03204,
    0.03209,
    2000,
    2000,
    64.192,
    true
  ]
}
-> [Info] candle inserted {
  fields: [
    'instrument',
    'period',
    'bar_time',
    'open',
    'high',
    'low',
    'close',
    'volume',
    'vol_currency',
    'vol_currency_quote',
    'completed'
  ],
  args: [
    <Buffer 6c c5 82>,
    <Buffer 03 e8 0e>,
    2025-11-14T19:45:00.000Z,
    1.31,
    1.315,
    1.31,
    1.315,
    959,
    959,
    1260.114,
    true
  ]
}
-> [Info] candle inserted {
  fields: [
    'instrument',
    'period',
    'bar_time',
    'open',
    'high',
    'low',
    'close',
    'volume',
    'vol_currency',
    'vol_currency_quote',
    'completed'
  ],
  args: [
    <Buffer 03 8d 38>,
    <Buffer 03 e8 0e>,
    2025-11-14T19:15:00.000Z,
    0.04688,
    0.04738,
    0.04688,
    0.04738,
    1120,
    1120,
    52.8216,
    true
  ]
}
-> [Info] candle inserted {
  fields: [
    'instrument',
    'period',
    'bar_time',
    'open',
    'high',
    'low',
    'close',
    'volume',
    'vol_currency',
    'vol_currency_quote',
    'completed'
  ],
  args: [
    <Buffer 24 2a 33>,
    <Buffer 03 e8 0e>,
    2025-11-14T19:15:00.000Z,
    0.0321,
    0.0321,
    0.03208,
    0.0321,
    18300,
    18300,
    589.86,
    true
  ]
}
-> [Info] candle inserted {
  fields: [
    'instrument',
    'period',
    'bar_time',
    'open',
    'high',
    'low',
    'close',
    'volume',
    'vol_currency',
    'vol_currency_quote',
    'completed'
  ],
  args: [
    <Buffer 5e 05 55>,
    <Buffer 03 e8 0e>,
    2025-11-14T19:00:00.000Z,
    95021,
    95390.5,
    94728.9,
    95390.5,
    131.1755,
    131.1755,
    12467175.34858,
    true
  ]
}
-> [Info] candle inserted {
  fields: [
    'instrument',
    'period',
    'bar_time',
    'open',
    'high',
    'low',
    'close',
    'volume',
    'vol_currency',
    'vol_currency_quote',
    'completed'
  ],
  args: [
    <Buffer 29 40 8c>,
    <Buffer 03 e8 0e>,
    2025-11-14T19:30:00.000Z,
    1.2259,
    1.2165,
    1.2151,
    1.2165,
    3876,
    3876,
    4725.7831,
    true
  ]
}
-> [Info] candle inserted {
  fields: [
    'instrument',
    'period',
    'bar_time',
    'open',
    'high',
    'low',
    'close',
    'volume',
    'vol_currency',
    'vol_currency_quote',
    'completed'
  ],
  args: [
    <Buffer 21 e2 ef>,
    <Buffer 03 e8 0e>,
    2025-11-14T18:45:00.000Z,
    0.2843,
    0.2837,
    0.2827,
    0.2837,
    17474,
    17474,
    4960.5624,
    true
  ]
}
-> [Info] candle inserted {
  fields: [
    'instrument',
    'period',
    'bar_time',
    'open',
    'high',
    'low',
    'close',
    'volume',
    'vol_currency',
    'vol_currency_quote',
    'completed'
  ],
  args: [
    <Buffer 6c c5 82>,
    <Buffer 03 e8 0e>,
    2025-11-14T19:30:00.000Z,
    1.32,
    1.31,
    1.31,
    1.31,
    523,
    523,
    689.165,
    true
  ]
}
-> [Info] candle inserted {
  fields: [
    'instrument',
    'period',
    'bar_time',
    'open',
    'high',
    'low',
    'close',
    'volume',
    'vol_currency',
    'vol_currency_quote',
    'completed'
  ],
  args: [
    <Buffer 54 e7 5e>,
    <Buffer 03 e8 0e>,
    2025-11-14T19:00:00.000Z,
    2.2912,
    2.3001,
    2.2749,
    2.3001,
    872580,
    872580,
    1993986.7453,
    true
  ]
}
-> [Info] candle inserted {
  fields: [
    'instrument',
    'period',
    'bar_time',
    'open',
    'high',
    'low',
    'close',
    'volume',
    'vol_currency',
    'vol_currency_quote',
    'completed'
  ],
  args: [
    <Buffer 03 8d 38>,
    <Buffer 03 e8 0e>,
    2025-11-14T19:00:00.000Z,
    0.04648,
    0.04684,
    0.04648,
    0.04684,
    800,
    800,
    37.3536,
    true
  ]
}
-> [Info] candle inserted {
  fields: [
    'instrument',
    'period',
    'bar_time',
    'open',
    'high',
    'low',
    'close',
    'volume',
    'vol_currency',
    'vol_currency_quote',
    'completed'
  ],
  args: [
    <Buffer 5e 05 55>,
    <Buffer 03 e8 0e>,
    2025-11-14T18:45:00.000Z,
    95369.6,
    95021,
    94913.3,
    95021,
    63.8834,
    63.8834,
    6082421.5221,
    true
  ]
}
-> [Info] candle inserted {
  fields: [
    'instrument',
    'period',
    'bar_time',
    'open',
    'high',
    'low',
    'close',
    'volume',
    'vol_currency',
    'vol_currency_quote',
    'completed'
  ],
  args: [
    <Buffer 21 e2 ef>,
    <Buffer 03 e8 0e>,
    2025-11-14T18:30:00.000Z,
    0.2859,
    0.2844,
    0.2841,
    0.2844,
    20572,
    20572,
    5882.8273,
    true
  ]
}
-> [Info] candle inserted {
  fields: [
    'instrument',
    'period',
    'bar_time',
    'open',
    'high',
    'low',
    'close',
    'volume',
    'vol_currency',
    'vol_currency_quote',
    'completed'
  ],
  args: [
    <Buffer 29 40 8c>,
    <Buffer 03 e8 0e>,
    2025-11-14T19:15:00.000Z,
    1.2174,
    1.2261,
    1.2174,
    1.2261,
    58300,
    58300,
    71403.0523,
    true
  ]
}
-> [Info] candle inserted {
  fields: [
    'instrument',
    'period',
    'bar_time',
    'open',
    'high',
    'low',
    'close',
    'volume',
    'vol_currency',
    'vol_currency_quote',
    'completed'
  ],
  args: [
    <Buffer 54 e7 5e>,
    <Buffer 03 e8 0e>,
    2025-11-14T18:45:00.000Z,
    2.2976,
    2.2912,
    2.2813,
    2.2912,
    462710,
    462710,
    1060707.9288,
    true
  ]
}
-> [Info] candle inserted {
  fields: [
    'instrument',
    'period',
    'bar_time',
    'open',
    'high',
    'low',
    'close',
    'volume',
    'vol_currency',
    'vol_currency_quote',
    'completed'
  ],
  args: [
    <Buffer 6c c5 82>,
    <Buffer 03 e8 0e>,
    2025-11-14T19:15:00.000Z,
    1.311,
    1.32,
    1.311,
    1.32,
    145,
    145,
    190.957,
    true
  ]
}
-> [Info] candle inserted {
  fields: [
    'instrument',
    'period',
    'bar_time',
    'open',
    'high',
    'low',
    'close',
    'volume',
    'vol_currency',
    'vol_currency_quote',
    'completed'
  ],
  args: [
    <Buffer 24 2a 33>,
    <Buffer 03 e8 0e>,
    2025-11-14T19:00:00.000Z,
    0.03194,
    0.0321,
    0.03183,
    0.0321,
    3650,
    3650,
    116.7096,
    true
  ]
}
-> [Info] candle inserted {
  fields: [
    'instrument',
    'period',
    'bar_time',
    'open',
    'high',
    'low',
    'close',
    'volume',
    'vol_currency',
    'vol_currency_quote',
    'completed'
  ],
  args: [
    <Buffer 03 8d 38>,
    <Buffer 03 e8 0e>,
    2025-11-14T18:45:00.000Z,
    0.04685,
    0.04648,
    0.04646,
    0.04648,
    1590,
    1590,
    74.2351,
    true
  ]
}
-> [Info] candle inserted {
  fields: [
    'instrument',
    'period',
    'bar_time',
    'open',
    'high',
    'low',
    'close',
    'volume',
    'vol_currency',
    'vol_currency_quote',
    'completed'
  ],
  args: [
    <Buffer 54 e7 5e>,
    <Buffer 03 e8 0e>,
    2025-11-14T18:30:00.000Z,
    2.3219,
    2.2964,
    2.2941,
    2.2964,
    399890,
    399890,
    923639.7664,
    true
  ]
}
-> [Info] candle inserted {
  fields: [
    'instrument',
    'period',
    'bar_time',
    'open',
    'high',
    'low',
    'close',
    'volume',
    'vol_currency',
    'vol_currency_quote',
    'completed'
  ],
  args: [
    <Buffer 5e 05 55>,
    <Buffer 03 e8 0e>,
    2025-11-14T18:30:00.000Z,
    95978.2,
    95369.6,
    95217,
    95369.6,
    60.6084,
    60.6084,
    5792475.4795,
    true
  ]
}
-> [Info] candle inserted {
  fields: [
    'instrument',
    'period',
    'bar_time',
    'open',
    'high',
    'low',
    'close',
    'volume',
    'vol_currency',
    'vol_currency_quote',
    'completed'
  ],
  args: [
    <Buffer 24 2a 33>,
    <Buffer 03 e8 0e>,
    2025-11-14T18:45:00.000Z,
    0.032,
    0.03194,
    0.03193,
    0.03194,
    2600,
    2600,
    83.2351,
    true
  ]
}
-> [Info] candle inserted {
  fields: [
    'instrument',
    'period',
    'bar_time',
    'open',
    'high',
    'low',
    'close',
    'volume',
    'vol_currency',
    'vol_currency_quote',
    'completed'
  ],
  args: [
    <Buffer 6c c5 82>,
    <Buffer 03 e8 0e>,
    2025-11-14T19:00:00.000Z,
    1.305,
    1.311,
    1.302,
    1.311,
    200,
    200,
    261.288,
    true
  ]
}
-> [Info] candle inserted {
  fields: [
    'instrument',
    'period',
    'bar_time',
    'open',
    'high',
    'low',
    'close',
    'volume',
    'vol_currency',
    'vol_currency_quote',
    'completed'
  ],
  args: [
    <Buffer 29 40 8c>,
    <Buffer 03 e8 0e>,
    2025-11-14T19:00:00.000Z,
    1.2066,
    1.218,
    1.2041,
    1.218,
    6269,
    6269,
    7600.8028,
    true
  ]
}
-> [Info] candle updated {
  filters: {
    instrument: <Buffer 21 e2 ef>,
    period: <Buffer 03 e8 0e>,
    bar_time: 2025-11-14T18:15:00.000Z
  },
  columns: {
    close: 0.286,
    volume: 4925,
    vol_currency: 49255,
    vol_currency_quote: 14096.7145,
    completed: true
  }
}
-> [Info] candle inserted {
  fields: [
    'instrument',
    'period',
    'bar_time',
    'open',
    'high',
    'low',
    'close',
    'volume',
    'vol_currency',
    'vol_currency_quote',
    'completed'
  ],
  args: [
    <Buffer 03 8d 38>,
    <Buffer 03 e8 0e>,
    2025-11-14T18:30:00.000Z,
    0.04723,
    0.04689,
    0.04689,
    0.04689,
    690,
    690,
    32.5405,
    true
  ]
}
[process]  Symbol: [ENA-USDT] exit; PID: 288775 exited with code 1
[main] Symbol: [ENA-USDT] exit; PID: [288684:288775] with code 1
-> [Info] candle inserted {
  fields: [
    'instrument',
    'period',
    'bar_time',
    'open',
    'high',
    'low',
    'close',
    'volume',
    'vol_currency',
    'vol_currency_quote',
    'completed'
  ],
  args: [
    <Buffer 29 40 8c>,
    <Buffer 03 e8 0e>,
    2025-11-14T18:45:00.000Z,
    1.2091,
    1.2061,
    1.2028,
    1.2061,
    4150,
    4150,
    5005.5709,
    true
  ]
}
-> [Info] candle updated {
  filters: {
    instrument: <Buffer 54 e7 5e>,
    period: <Buffer 03 e8 0e>,
    bar_time: 2025-11-14T18:15:00.000Z
  },
  columns: {
    close: 2.3224,
    volume: 2858,
    vol_currency: 285869,
    vol_currency_quote: 662717.8823,
    completed: true
  }
}
-> [Info] candle updated {
  filters: {
    instrument: <Buffer 5e 05 55>,
    period: <Buffer 03 e8 0e>,
    bar_time: 2025-11-14T18:15:00.000Z
  },
  columns: {
    close: 96032.5,
    volume: 74296,
    vol_currency: 74.2967,
    vol_currency_quote: 7128689.30028,
    completed: true
  }
}
-> [Info] candle inserted {
  fields: [
    'instrument',
    'period',
    'bar_time',
    'open',
    'high',
    'low',
    'close',
    'volume',
    'vol_currency',
    'vol_currency_quote',
    'completed'
  ],
  args: [
    <Buffer 24 2a 33>,
    <Buffer 03 e8 0e>,
    2025-11-14T18:30:00.000Z,
    0.03211,
    0.03198,
    0.03198,
    0.03198,
    3280,
    3280,
    105.1787,
    true
  ]
}
-> [Info] candle inserted {
  fields: [
    'instrument',
    'period',
    'bar_time',
    'open',
    'high',
    'low',
    'close',
    'volume',
    'vol_currency',
    'vol_currency_quote',
    'completed'
  ],
  args: [
    <Buffer 6c c5 82>,
    <Buffer 03 e8 0e>,
    2025-11-14T18:45:00.000Z,
    1.306,
    1.306,
    1.303,
    1.306,
    203,
    203,
    264.82,
    true
  ]
}
[process]  Symbol: [XRP-USDT] exit; PID: 288789 exited with code 1
[process]  Symbol: [BTC-USDT] exit; PID: 288795 exited with code 1
[main] Symbol: [XRP-USDT] exit; PID: [288684:288789] with code 1
[main] Symbol: [BTC-USDT] exit; PID: [288684:288795] with code 1
-> [Info] candle updated {
  filters: {
    instrument: <Buffer 03 8d 38>,
    period: <Buffer 03 e8 0e>,
    bar_time: 2025-11-14T18:15:00.000Z
  },
  columns: {
    close: 0.04723,
    volume: 129,
    vol_currency: 1290,
    vol_currency_quote: 60.8625,
    completed: true
  }
}
[process]  Symbol: [PONKE-USDT] exit; PID: 288774 exited with code 1
[main] Symbol: [PONKE-USDT] exit; PID: [288684:288774] with code 1
-> [Info] candle inserted {
  fields: [
    'instrument',
    'period',
    'bar_time',
    'open',
    'high',
    'low',
    'close',
    'volume',
    'vol_currency',
    'vol_currency_quote',
    'completed'
  ],
  args: [
    <Buffer 29 40 8c>,
    <Buffer 03 e8 0e>,
    2025-11-14T18:30:00.000Z,
    1.2146,
    1.2091,
    1.2058,
    1.2091,
    8632,
    8632,
    10460.961,
    true
  ]
}
-> [Info] candle inserted {
  fields: [
    'instrument',
    'period',
    'bar_time',
    'open',
    'high',
    'low',
    'close',
    'volume',
    'vol_currency',
    'vol_currency_quote',
    'completed'
  ],
  args: [
    <Buffer 6c c5 82>,
    <Buffer 03 e8 0e>,
    2025-11-14T18:30:00.000Z,
    1.315,
    1.306,
    1.304,
    1.306,
    148,
    148,
    193.911,
    true
  ]
}
-> [Info] candle updated {
  filters: {
    instrument: <Buffer 24 2a 33>,
    period: <Buffer 03 e8 0e>,
    bar_time: 2025-11-14T18:15:00.000Z
  },
  columns: {
    high: 0.03238,
    close: 0.03208,
    volume: 588,
    vol_currency: 5880,
    vol_currency_quote: 188.4636,
    completed: true
  }
}
[process]  Symbol: [ARC-USDT] exit; PID: 288782 exited with code 1
[main] Symbol: [ARC-USDT] exit; PID: [288684:288782] with code 1
-> [Info] candle updated {
  filters: {
    instrument: <Buffer 29 40 8c>,
    period: <Buffer 03 e8 0e>,
    bar_time: 2025-11-14T18:15:00.000Z
  },
  columns: {
    close: 1.2152,
    volume: 4278,
    vol_currency: 4278,
    vol_currency_quote: 5196.2257,
    completed: true
  }
}
-> [Info] candle updated {
  filters: {
    instrument: <Buffer 6c c5 82>,
    period: <Buffer 03 e8 0e>,
    bar_time: 2025-11-14T18:15:00.000Z
  },
  columns: {
    close: 1.315,
    volume: 196,
    vol_currency: 196,
    vol_currency_quote: 258.211,
    completed: true
  }
}
[process]  Symbol: [VIRTUAL-USDT] exit; PID: 288783 exited with code 1
[main] Symbol: [VIRTUAL-USDT] exit; PID: [288684:288783] with code 1
[process]  Symbol: [ORCA-USDT] exit; PID: 288801 exited with code 1
[main] Symbol: [ORCA-USDT] exit; PID: [288684:288801] with code 1
In Execute.Trades: 11/14/2025, 3:10:41 PM
In Position.Import [API]
In Orders.Import [API]
-> Fetch:History [API]
-> Fetch:Pending [API]
-> History.Publish [API]
   # History Orders Processed [20]:  20 published
In Stop.Orders.Import [API]
-> Fetch:History [API]
-> Fetch:Pending [API]
-> History.Publish.Stops [API]
   # History Stop Orders Processed [40]:  35 published
-> [Info] stop_request updated {
  filters: { stop_request: <Buffer df 8f c0 b0 13> },
  columns: {
    state: <Buffer 19 d3 88>,
    memo: '[Info] Trades.Queued: Stop order on closed position; state changed to Expired',
    update_time: 2025-11-14T23:10:42.966Z
  }
}
-> [Info] stop_request updated {
  filters: { stop_request: <Buffer e4 75 0a 30 0f> },
  columns: {
    state: <Buffer 19 d3 88>,
    memo: '[Info] Trades.Queued: Stop order on closed position; state changed to Expired',
    update_time: 2025-11-14T23:10:43.022Z
  }
}
-> Trades.Queued: Stop Requests processed as expired [ 2 ]
   # [Warning] Stop Requests expired: 2
In Execute.Trades: 11/14/2025, 3:11:10 PM
In Position.Import [API]
In Orders.Import [API]
-> Fetch:History [API]
-> Fetch:Pending [API]
-> History.Publish [API]
   # History Orders Processed [20]:  20 published
In Stop.Orders.Import [API]
-> Fetch:History [API]
-> Fetch:Pending [API]
-> History.Publish.Stops [API]
   # History Stop Orders Processed [40]:  31 published
In Execute.Trades: 11/14/2025, 3:11:39 PM
In Position.Import [API]
In Orders.Import [API]
-> Fetch:History [API]
-> Fetch:Pending [API]
-> History.Publish [API]
   # History Orders Processed [20]:  20 published
In Stop.Orders.Import [API]
-> Fetch:History [API]
-> Fetch:Pending [API]
-> History.Publish.Stops [API]
   # History Stop Orders Processed [40]:  20 published
In Execute.Trades: 11/14/2025, 3:12:08 PM
In Position.Import [API]
In Orders.Import [API]
-> Fetch:History [API]
-> Fetch:Pending [API]
-> History.Publish [API]
   # History Orders Processed [20]:  20 published
In Stop.Orders.Import [API]
-> Fetch:History [API]
-> Fetch:Pending [API]
-> History.Publish.Stops [API]
   # History Stop Orders Processed [38]:  19 published
-> WSS.Publish [API]
-> [Info] account updated {
  filters: { account: <Buffer 24 59 7a> },
  columns: { total_equity: 55118.508, update_time: 2025-11-14T23:12:30.543Z }
}
-> [Info] account_detail updated {
  filters: { account: <Buffer 24 59 7a>, currency: <Buffer cb 69 43> },
  columns: { equity_usd: 55118.508, coin_usd_price: 0.999391 }
}
-> [Info] account updated {
  filters: { account: <Buffer 24 59 7a> },
  columns: { update_time: 2025-11-14T23:12:30.771Z }
}
-> WSS.Publish [API]
In Execute.Trades: 11/14/2025, 3:12:37 PM
In Position.Import [API]
In Orders.Import [API]
-> Fetch:History [API]
-> Fetch:Pending [API]
-> History.Publish [API]
   # History Orders Processed [20]:  20 published
In Stop.Orders.Import [API]
-> Fetch:History [API]
-> Fetch:Pending [API]
In Execute.Trades: 11/14/2025, 3:13:06 PM
In Position.Import [API]
In Orders.Import [API]
-> Fetch:History [API]
-> Fetch:Pending [API]
-> History.Publish [API]
   # History Orders Processed [20]:  20 published
In Stop.Orders.Import [API]
-> Fetch:History [API]
-> Fetch:Pending [API]
In Execute.Trades: 11/14/2025, 3:13:35 PM
In Position.Import [API]
In Orders.Import [API]
-> Fetch:History [API]
-> Fetch:Pending [API]
-> History.Publish [API]
   # History Orders Processed [20]:  20 published
In Stop.Orders.Import [API]
-> Fetch:History [API]
-> Fetch:Pending [API]
In Execute.Trades: 11/14/2025, 3:14:04 PM
In Position.Import [API]
In Orders.Import [API]
-> Fetch:History [API]
-> Fetch:Pending [API]
-> History.Publish [API]
   # History Orders Processed [20]:  20 published
In Stop.Orders.Import [API]
-> Fetch:History [API]
-> Fetch:Pending [API]
In Execute.Trades: 11/14/2025, 3:14:33 PM
In Position.Import [API]
In Orders.Import [API]
-> Fetch:History [API]
-> Fetch:Pending [API]
-> History.Publish [API]
   # History Orders Processed [20]:  20 published
In Stop.Orders.Import [API]
-> Fetch:History [API]
-> Fetch:Pending [API]
