[Info] Session.Config: Blofin Demo configured successfully
>> [Info] Application.Initialization start: 12/18/2025, 11:33:29 PM
-> Active Session: {
  candle_max_fetch: 1440,
  leverage_max_fetch: 20,
  orders_max_fetch: 100,
  default_sma: 60,
  default_leverage: 10,
  alias: 'Blofin Demo',
  api: '6e03ab69bdd646c1afbc92bc3725edaa',
  secret: '66b55bde5057499bb8dd078f60d79cce',
  phrase: 'development_api_key',
  rest_api_url: 'https://demo-trading-openapi.blofin.com',
  private_wss_url: 'wss://demo-trading-openapi.blofin.com/ws/private',
  public_wss_url: 'wss://demo-trading-openapi.blofin.com/ws/public',
  account: <Buffer 24 59 7a>,
  margin_mode: 'cross',
  hedging: 1,
  state: 'disconnected',
  audit_order: '0',
  audit_stops: '0'
}
In Subject.Area.Import: 12/18/2025, 11:33:29 PM
   # Subject Area imports:  5 verified
In Activity.Import: 12/18/2025, 11:33:29 PM
   # Activity imports:  8 verified
In Authority.Import: 12/18/2025, 11:33:29 PM
   # Authority imports:  6 verified
In Broker.Import: 12/18/2025, 11:33:29 PM
   # Broker imports:  1 verified
In Contract.Type.Import: 12/18/2025, 11:33:29 PM
   # Contract Type imports:  2 verified
In Environment.Import: 12/18/2025, 11:33:29 PM
   # Environment imports:  4 verified
In Instrument.Type.Import: 12/18/2025, 11:33:30 PM
   # Instrument Type imports:  1 verified
In Period.Import: 12/18/2025, 11:33:30 PM
   # Period imports:  15 verified
In Reference.Import: 12/18/2025, 11:33:30 PM
   # Order State imports:  7 verified
   # Request Type imports:  6 verified
   # Cancel Source imports:  3 verified
   # Price Type imports:  3 verified
   # Margin Mode imports:  2 verified
   # Hedging imports:  2 verified
   # Stop Type imports:  2 verified
   # Position imports:  3 verified
   # Order Category imports:  6 verified
In Role.Import: 12/18/2025, 11:33:30 PM
   # Role imports:  4 verified
In State.Import: 12/18/2025, 11:33:30 PM
   # State imports:  15 verified
In Instruments.Import [API]: 12/18/2025, 11:33:31 PM
-> Instrument.Publish [API]
-> Instruments.Fetch [API]: 12/18/2025, 11:33:32 PM
-> Instrument.Position.Import [API]
   # [Info] Instrument.Position.Import: 88 instruments published
   # [Info] Instrument.Position.Import: 176 positions published
-> Imports Authorized: ONDO-USDT,XRP-USDT,DOGE-USDT,AR-USDT,ADA-USDT,BTC-USDT,AR-USDT,AVAX-USDT
In App.Loader for  { symbol: 'ONDO-USDT', timeframe: '15m', startTime: 0 } start:  12/18/2025, 11:33:33 PM
In App.Loader for  { symbol: 'XRP-USDT', timeframe: '15m', startTime: 0 } start:  12/18/2025, 11:33:33 PM
In App.Loader for  { symbol: 'DOGE-USDT', timeframe: '15m', startTime: 0 } start:  12/18/2025, 11:33:33 PM
In App.Loader for  { symbol: 'AR-USDT', timeframe: '1H', startTime: 0 } start:  12/18/2025, 11:33:33 PM
In App.Loader for  { symbol: 'ADA-USDT', timeframe: '15m', startTime: 0 } start:  12/18/2025, 11:33:33 PM
In App.Loader for  { symbol: 'BTC-USDT', timeframe: '15m', startTime: 0 } start:  12/18/2025, 11:33:33 PM
In App.Loader for  { symbol: 'AR-USDT', timeframe: '30m', startTime: 0 } start:  12/18/2025, 11:33:33 PM
In App.Loader for  { symbol: 'AVAX-USDT', timeframe: '1H', startTime: 0 } start:  12/18/2025, 11:33:33 PM
Loader start for ADA-USDT after 0 on 2025-12-19T07:33:33.167Z
Fetching candles for ADA-USDT after [0,1970-01-01T00:00:00.000Z]
Loader start for DOGE-USDT after 0 on 2025-12-19T07:33:33.167Z
Fetching candles for DOGE-USDT after [0,1970-01-01T00:00:00.000Z]
Loader start for XRP-USDT after 0 on 2025-12-19T07:33:33.169Z
Fetching candles for XRP-USDT after [0,1970-01-01T00:00:00.000Z]
Loader start for ONDO-USDT after 0 on 2025-12-19T07:33:33.170Z
Fetching candles for ONDO-USDT after [0,1970-01-01T00:00:00.000Z]
Loader start for AR-USDT after 0 on 2025-12-19T07:33:33.171Z
Fetching candles for AR-USDT after [0,1970-01-01T00:00:00.000Z]
Loader start for AR-USDT after 0 on 2025-12-19T07:33:33.172Z
Fetching candles for AR-USDT after [0,1970-01-01T00:00:00.000Z]
Loader start for BTC-USDT after 0 on 2025-12-19T07:33:33.173Z
Fetching candles for BTC-USDT after [0,1970-01-01T00:00:00.000Z]
Loader start for AVAX-USDT after 0 on 2025-12-19T07:33:33.174Z
Fetching candles for AVAX-USDT after [0,1970-01-01T00:00:00.000Z]
-> Candle.Publish [API]: ADA-USDT / 1440
-> Candle.Publish [API]: DOGE-USDT / 1440
-> Candle.Publish [API]: ONDO-USDT / 1440
-> [Info] candle updated {
  filters: {
    instrument: <Buffer 94 99 63>,
    period: <Buffer 03 e8 0e>,
    timestamp: 1766128500000
  },
  columns: {
    low: 0.365,
    close: 0.3657,
    volume: 1132,
    vol_currency: 113228,
    vol_currency_quote: 41443.6401,
    completed: true
  }
}
-> Candle.Publish [API]: XRP-USDT / 1440
-> Candle.Publish [API]: AVAX-USDT / 1440
-> Candle.Publish [API]: AR-USDT / 1440
-> [Info] candle updated {
  filters: {
    instrument: <Buffer d4 45 2e>,
    period: <Buffer 03 e8 0e>,
    timestamp: 1766128500000
  },
  columns: {
    low: 0.12748,
    close: 0.12759,
    volume: 1867,
    vol_currency: 1867460,
    vol_currency_quote: 238508.2483,
    completed: true
  }
}
-> Candle.Publish [API]: AR-USDT / 1440
-> Candle.Publish [API]: BTC-USDT / 1440
-> [Info] candle updated {
  filters: {
    instrument: <Buffer dd 63 0b>,
    period: <Buffer 03 e8 0e>,
    timestamp: 1766128500000
  },
  columns: {
    low: 0.3839,
    close: 0.3845,
    volume: 87783,
    vol_currency: 8778.3,
    vol_currency_quote: 3392.5383,
    completed: true
  }
}
-> [Info] candle updated {
  filters: {
    instrument: <Buffer a2 80 0a>,
    period: <Buffer 03 e8 0e>,
    timestamp: 1766128500000
  },
  columns: {
    low: 1.8601,
    close: 1.8625,
    volume: 3578,
    vol_currency: 357856,
    vol_currency_quote: 667393.1694,
    completed: true
  }
}
-> [Info] candle updated {
  filters: {
    instrument: <Buffer 4d 38 93>,
    period: <Buffer 28 17 01>,
    timestamp: 1766127600000
  },
  columns: {
    close: 11.893,
    volume: 34152,
    vol_currency: 34152.5,
    vol_currency_quote: 407557.5813
  }
}
-> [Info] candle updated {
  filters: {
    instrument: <Buffer 34 01 a2>,
    period: <Buffer 28 17 01>,
    timestamp: 1766127600000
  },
  columns: {
    close: 3.406,
    volume: 1946,
    vol_currency: 194.6,
    vol_currency_quote: 664.6075
  }
}
-> [Info] candle updated {
  filters: {
    instrument: <Buffer 34 01 a2>,
    period: <Buffer 76 3c 11>,
    timestamp: 1766127600000
  },
  columns: {
    close: 3.417,
    volume: 1840,
    vol_currency: 184,
    vol_currency_quote: 628.4502,
    completed: true
  }
}
-> [Info] candle updated {
  filters: {
    instrument: <Buffer 6b 57 71>,
    period: <Buffer 03 e8 0e>,
    timestamp: 1766128500000
  },
  columns: {
    low: 87758.6,
    close: 87911.9,
    volume: 30427,
    vol_currency: 30.4273,
    vol_currency_quote: 2675136.33992,
    completed: true
  }
}
Fetching candles for ADA-USDT after [1764834300000,2025-12-04T07:45:00.000Z]
Fetching candles for AVAX-USDT after [1760947200000,2025-10-20T08:00:00.000Z]
Fetching candles for AR-USDT after [1760947200000,2025-10-20T08:00:00.000Z]
Fetching candles for DOGE-USDT after [1764834300000,2025-12-04T07:45:00.000Z]
Fetching candles for ONDO-USDT after [1764834300000,2025-12-04T07:45:00.000Z]
Fetching candles for XRP-USDT after [1764834300000,2025-12-04T07:45:00.000Z]
-> Candle.Publish [API]: ADA-USDT / 1440
Fetching candles for AR-USDT after [1763539200000,2025-11-19T08:00:00.000Z]
-> Candle.Publish [API]: AR-USDT / 1440
-> Candle.Publish [API]: AVAX-USDT / 1440
Fetching candles for BTC-USDT after [1764834300000,2025-12-04T07:45:00.000Z]
-> Candle.Publish [API]: XRP-USDT / 1440
-> Candle.Publish [API]: ONDO-USDT / 1440
-> Candle.Publish [API]: AR-USDT / 1440
-> Candle.Publish [API]: BTC-USDT / 1440
-> Candle.Publish [API]: DOGE-USDT / 1440
Fetching candles for ADA-USDT after [1763538300000,2025-11-19T07:45:00.000Z]
Fetching candles for AR-USDT after [1755763200000,2025-08-21T08:00:00.000Z]
Fetching candles for AVAX-USDT after [1755763200000,2025-08-21T08:00:00.000Z]
Fetching candles for XRP-USDT after [1763538300000,2025-11-19T07:45:00.000Z]
Fetching candles for ONDO-USDT after [1763538300000,2025-11-19T07:45:00.000Z]
-> Candle.Publish [API]: ADA-USDT / 1440
Fetching candles for AR-USDT after [1760947200000,2025-10-20T08:00:00.000Z]
-> Candle.Publish [API]: AR-USDT / 1440
-> Candle.Publish [API]: AVAX-USDT / 1440
Fetching candles for BTC-USDT after [1763538300000,2025-11-19T07:45:00.000Z]
-> Candle.Publish [API]: XRP-USDT / 1440
-> Candle.Publish [API]: ONDO-USDT / 1440
Fetching candles for DOGE-USDT after [1763538300000,2025-11-19T07:45:00.000Z]
-> Candle.Publish [API]: AR-USDT / 1440
-> Candle.Publish [API]: BTC-USDT / 1440
-> Candle.Publish [API]: DOGE-USDT / 1440
Fetching candles for ADA-USDT after [1762242300000,2025-11-04T07:45:00.000Z]
Fetching candles for AR-USDT after [1750579200000,2025-06-22T08:00:00.000Z]
Fetching candles for AVAX-USDT after [1750579200000,2025-06-22T08:00:00.000Z]
Fetching candles for XRP-USDT after [1762242300000,2025-11-04T07:45:00.000Z]
Fetching candles for ONDO-USDT after [1762242300000,2025-11-04T07:45:00.000Z]
-> Candle.Publish [API]: ADA-USDT / 1440
Fetching candles for AR-USDT after [1758355200000,2025-09-20T08:00:00.000Z]
-> Candle.Publish [API]: AR-USDT / 1440
Fetching candles for BTC-USDT after [1762242300000,2025-11-04T07:45:00.000Z]
-> Candle.Publish [API]: XRP-USDT / 1440
-> Candle.Publish [API]: AVAX-USDT / 1440
Fetching candles for DOGE-USDT after [1762242300000,2025-11-04T07:45:00.000Z]
-> Candle.Publish [API]: ONDO-USDT / 1440
-> Candle.Publish [API]: AR-USDT / 1440
-> Candle.Publish [API]: BTC-USDT / 1440
-> Candle.Publish [API]: DOGE-USDT / 1440
Fetching candles for ADA-USDT after [1760946300000,2025-10-20T07:45:00.000Z]
Fetching candles for AR-USDT after [1745395200000,2025-04-23T08:00:00.000Z]
Fetching candles for XRP-USDT after [1760946300000,2025-10-20T07:45:00.000Z]
Fetching candles for AVAX-USDT after [1745395200000,2025-04-23T08:00:00.000Z]
Fetching candles for ONDO-USDT after [1760946300000,2025-10-20T07:45:00.000Z]
-> Candle.Publish [API]: ADA-USDT / 1440
Fetching candles for AR-USDT after [1755763200000,2025-08-21T08:00:00.000Z]
-> Candle.Publish [API]: AR-USDT / 1440
-> Candle.Publish [API]: AVAX-USDT / 1440
-> Candle.Publish [API]: XRP-USDT / 1440
Fetching candles for BTC-USDT after [1760946300000,2025-10-20T07:45:00.000Z]
-> Candle.Publish [API]: ONDO-USDT / 1440
Fetching candles for DOGE-USDT after [1760946300000,2025-10-20T07:45:00.000Z]
-> Candle.Publish [API]: AR-USDT / 1440
-> Candle.Publish [API]: BTC-USDT / 1440
-> Candle.Publish [API]: DOGE-USDT / 1440
Fetching candles for ADA-USDT after [1759650300000,2025-10-05T07:45:00.000Z]
Fetching candles for AR-USDT after [1740211200000,2025-02-22T08:00:00.000Z]
Fetching candles for AVAX-USDT after [1740211200000,2025-02-22T08:00:00.000Z]
Fetching candles for XRP-USDT after [1759650300000,2025-10-05T07:45:00.000Z]
Fetching candles for ONDO-USDT after [1759650300000,2025-10-05T07:45:00.000Z]
-> Candle.Publish [API]: ADA-USDT / 1440
Fetching candles for AR-USDT after [1753171200000,2025-07-22T08:00:00.000Z]
-> Candle.Publish [API]: AR-USDT / 1440
-> Candle.Publish [API]: AVAX-USDT / 1440
-> Candle.Publish [API]: XRP-USDT / 1440
Fetching candles for BTC-USDT after [1759650300000,2025-10-05T07:45:00.000Z]
-> Candle.Publish [API]: ONDO-USDT / 1440
-> Candle.Publish [API]: AR-USDT / 1440
Fetching candles for DOGE-USDT after [1759650300000,2025-10-05T07:45:00.000Z]
-> Candle.Publish [API]: BTC-USDT / 1440
-> Candle.Publish [API]: DOGE-USDT / 1440
Fetching candles for ADA-USDT after [1758354300000,2025-09-20T07:45:00.000Z]
Fetching candles for AR-USDT after [1735027200000,2024-12-24T08:00:00.000Z]
Fetching candles for AVAX-USDT after [1735027200000,2024-12-24T08:00:00.000Z]
Fetching candles for XRP-USDT after [1758354300000,2025-09-20T07:45:00.000Z]
Fetching candles for ONDO-USDT after [1758354300000,2025-09-20T07:45:00.000Z]
-> Candle.Publish [API]: ADA-USDT / 1440
Fetching candles for AR-USDT after [1750579200000,2025-06-22T08:00:00.000Z]
-> Candle.Publish [API]: AR-USDT / 1440
-> Candle.Publish [API]: AVAX-USDT / 1440
-> Candle.Publish [API]: XRP-USDT / 1440
-> Candle.Publish [API]: ONDO-USDT / 1440
Fetching candles for BTC-USDT after [1758354300000,2025-09-20T07:45:00.000Z]
-> Candle.Publish [API]: AR-USDT / 1440
Fetching candles for DOGE-USDT after [1758354300000,2025-09-20T07:45:00.000Z]
-> Candle.Publish [API]: BTC-USDT / 1440
-> Candle.Publish [API]: DOGE-USDT / 1440
Fetching candles for ADA-USDT after [1757058300000,2025-09-05T07:45:00.000Z]
Fetching candles for AR-USDT after [1729843200000,2024-10-25T08:00:00.000Z]
Fetching candles for AVAX-USDT after [1729843200000,2024-10-25T08:00:00.000Z]
Fetching candles for XRP-USDT after [1757058300000,2025-09-05T07:45:00.000Z]
-> Candle.Publish [API]: ADA-USDT / 1440
Fetching candles for ONDO-USDT after [1757058300000,2025-09-05T07:45:00.000Z]
Fetching candles for AR-USDT after [1747987200000,2025-05-23T08:00:00.000Z]
-> Candle.Publish [API]: AR-USDT / 1440
-> Candle.Publish [API]: XRP-USDT / 1440
-> Candle.Publish [API]: AVAX-USDT / 1440
-> Candle.Publish [API]: ONDO-USDT / 1440
-> Candle.Publish [API]: AR-USDT / 1440
Fetching candles for BTC-USDT after [1757058300000,2025-09-05T07:45:00.000Z]
Fetching candles for DOGE-USDT after [1757058300000,2025-09-05T07:45:00.000Z]
-> Candle.Publish [API]: BTC-USDT / 1440
-> Candle.Publish [API]: DOGE-USDT / 1440
Fetching candles for ADA-USDT after [1755762300000,2025-08-21T07:45:00.000Z]
Fetching candles for AR-USDT after [1724659200000,2024-08-26T08:00:00.000Z]
-> Candle.Publish [API]: ADA-USDT / 1440
Fetching candles for XRP-USDT after [1755762300000,2025-08-21T07:45:00.000Z]
Fetching candles for AVAX-USDT after [1724659200000,2024-08-26T08:00:00.000Z]
Fetching candles for ONDO-USDT after [1755762300000,2025-08-21T07:45:00.000Z]
Fetching candles for AR-USDT after [1745395200000,2025-04-23T08:00:00.000Z]
-> Candle.Publish [API]: AR-USDT / 1440
-> Candle.Publish [API]: XRP-USDT / 1440
-> Candle.Publish [API]: AVAX-USDT / 1440
-> Candle.Publish [API]: AR-USDT / 1440
-> Candle.Publish [API]: ONDO-USDT / 1440
Fetching candles for BTC-USDT after [1755762300000,2025-08-21T07:45:00.000Z]
Fetching candles for DOGE-USDT after [1755762300000,2025-08-21T07:45:00.000Z]
-> Candle.Publish [API]: BTC-USDT / 1440
-> Candle.Publish [API]: DOGE-USDT / 1440
Fetching candles for ADA-USDT after [1754466300000,2025-08-06T07:45:00.000Z]
Fetching candles for AR-USDT after [1719475200000,2024-06-27T08:00:00.000Z]
-> Candle.Publish [API]: ADA-USDT / 1440
Fetching candles for XRP-USDT after [1754466300000,2025-08-06T07:45:00.000Z]
Fetching candles for AVAX-USDT after [1719475200000,2024-06-27T08:00:00.000Z]
Fetching candles for AR-USDT after [1742803200000,2025-03-24T08:00:00.000Z]
Fetching candles for ONDO-USDT after [1754466300000,2025-08-06T07:45:00.000Z]
-> Candle.Publish [API]: XRP-USDT / 1440
-> Candle.Publish [API]: AVAX-USDT / 1440
Fetching candles for BTC-USDT after [1754466300000,2025-08-06T07:45:00.000Z]
-> Candle.Publish [API]: AR-USDT / 1440
-> Candle.Publish [API]: ONDO-USDT / 1440
-> Candle.Publish [API]: AR-USDT / 1440
Fetching candles for DOGE-USDT after [1754466300000,2025-08-06T07:45:00.000Z]
-> Candle.Publish [API]: BTC-USDT / 1440
-> Candle.Publish [API]: DOGE-USDT / 1440
Fetching candles for ADA-USDT after [1753170300000,2025-07-22T07:45:00.000Z]
-> Candle.Publish [API]: ADA-USDT / 1440
Fetching candles for XRP-USDT after [1753170300000,2025-07-22T07:45:00.000Z]
Fetching candles for AVAX-USDT after [1714291200000,2024-04-28T08:00:00.000Z]
Fetching candles for AR-USDT after [1714291200000,2024-04-28T08:00:00.000Z]
Fetching candles for ONDO-USDT after [1753170300000,2025-07-22T07:45:00.000Z]
Fetching candles for AR-USDT after [1740211200000,2025-02-22T08:00:00.000Z]
-> Candle.Publish [API]: XRP-USDT / 1440
-> Candle.Publish [API]: AVAX-USDT / 1440
-> Candle.Publish [API]: AR-USDT / 1440
Fetching candles for BTC-USDT after [1753170300000,2025-07-22T07:45:00.000Z]
-> Candle.Publish [API]: ONDO-USDT / 1440
-> Candle.Publish [API]: AR-USDT / 1440
Fetching candles for DOGE-USDT after [1753170300000,2025-07-22T07:45:00.000Z]
-> Candle.Publish [API]: BTC-USDT / 1440
-> Candle.Publish [API]: DOGE-USDT / 1440
Fetching candles for ADA-USDT after [1751874300000,2025-07-07T07:45:00.000Z]
-> Candle.Publish [API]: ADA-USDT / 1440
Fetching candles for XRP-USDT after [1751874300000,2025-07-07T07:45:00.000Z]
Fetching candles for AVAX-USDT after [1709107200000,2024-02-28T08:00:00.000Z]
Fetching candles for AR-USDT after [1709107200000,2024-02-28T08:00:00.000Z]
Fetching candles for ONDO-USDT after [1751874300000,2025-07-07T07:45:00.000Z]
Fetching candles for AR-USDT after [1737619200000,2025-01-23T08:00:00.000Z]
-> Candle.Publish [API]: XRP-USDT / 1440
-> Candle.Publish [API]: AVAX-USDT / 1440
-> Candle.Publish [API]: AR-USDT / 1440
-> Candle.Publish [API]: ONDO-USDT / 1440
-> Candle.Publish [API]: AR-USDT / 1440
Fetching candles for BTC-USDT after [1751874300000,2025-07-07T07:45:00.000Z]
Fetching candles for DOGE-USDT after [1751874300000,2025-07-07T07:45:00.000Z]
-> Candle.Publish [API]: BTC-USDT / 1440
-> Candle.Publish [API]: DOGE-USDT / 1440
Fetching candles for ADA-USDT after [1750578300000,2025-06-22T07:45:00.000Z]
-> Candle.Publish [API]: ADA-USDT / 1440
Fetching candles for XRP-USDT after [1750578300000,2025-06-22T07:45:00.000Z]
Fetching candles for AVAX-USDT after [1703923200000,2023-12-30T08:00:00.000Z]
Fetching candles for AR-USDT after [1703923200000,2023-12-30T08:00:00.000Z]
Fetching candles for ONDO-USDT after [1750578300000,2025-06-22T07:45:00.000Z]
Fetching candles for AR-USDT after [1735027200000,2024-12-24T08:00:00.000Z]
-> Candle.Publish [API]: XRP-USDT / 1440
-> Candle.Publish [API]: AR-USDT / 1440
-> Candle.Publish [API]: ONDO-USDT / 1440
-> Candle.Publish [API]: AVAX-USDT / 1440
-> Candle.Publish [API]: AR-USDT / 1440
Fetching candles for BTC-USDT after [1750578300000,2025-06-22T07:45:00.000Z]
Fetching candles for DOGE-USDT after [1750578300000,2025-06-22T07:45:00.000Z]
-> Candle.Publish [API]: BTC-USDT / 1440
-> Candle.Publish [API]: DOGE-USDT / 1440
Fetching candles for ADA-USDT after [1749282300000,2025-06-07T07:45:00.000Z]
-> Candle.Publish [API]: ADA-USDT / 1440
Fetching candles for XRP-USDT after [1749282300000,2025-06-07T07:45:00.000Z]
Fetching candles for AR-USDT after [1698739200000,2023-10-31T08:00:00.000Z]
Fetching candles for ONDO-USDT after [1749282300000,2025-06-07T07:45:00.000Z]
Fetching candles for AVAX-USDT after [1698739200000,2023-10-31T08:00:00.000Z]
Fetching candles for AR-USDT after [1732435200000,2024-11-24T08:00:00.000Z]
-> Candle.Publish [API]: XRP-USDT / 1440
-> Candle.Publish [API]: AR-USDT / 311
-> Candle.Publish [API]: ONDO-USDT / 1440
-> Candle.Publish [API]: AVAX-USDT / 1440
-> Candle.Publish [API]: AR-USDT / 1440
Fetching candles for BTC-USDT after [1749282300000,2025-06-07T07:45:00.000Z]
Fetching candles for DOGE-USDT after [1749282300000,2025-06-07T07:45:00.000Z]
-> Candle.Publish [API]: BTC-USDT / 1440
-> Candle.Publish [API]: DOGE-USDT / 1440
Fetching candles for ADA-USDT after [1747986300000,2025-05-23T07:45:00.000Z]
-> Candle.Publish [API]: ADA-USDT / 1440
Fetching candles for XRP-USDT after [1747986300000,2025-05-23T07:45:00.000Z]
Fetching candles for AR-USDT after [1697619600000,2023-10-18T09:00:00.000Z]
Fetching candles for ONDO-USDT after [1747986300000,2025-05-23T07:45:00.000Z]
Fetching candles for AVAX-USDT after [1693555200000,2023-09-01T08:00:00.000Z]
Fetching candles for AR-USDT after [1729843200000,2024-10-25T08:00:00.000Z]
-> Candle.Publish [API]: XRP-USDT / 1440
-> Candle.Publish [API]: ONDO-USDT / 1440
-> Candle.Publish [API]: AVAX-USDT / 1440
-> Candle.Publish [API]: AR-USDT / 1440
Fetching candles for BTC-USDT after [1747986300000,2025-05-23T07:45:00.000Z]
Fetching candles for DOGE-USDT after [1747986300000,2025-05-23T07:45:00.000Z]
-> Candle.Publish [API]: BTC-USDT / 1440
-> Candle.Publish [API]: DOGE-USDT / 1440
Fetching candles for ADA-USDT after [1746690300000,2025-05-08T07:45:00.000Z]
-> Candle.Publish [API]: ADA-USDT / 1440
Fetching candles for XRP-USDT after [1746690300000,2025-05-08T07:45:00.000Z]
Fetching candles for ONDO-USDT after [1746690300000,2025-05-08T07:45:00.000Z]
Fetching candles for AVAX-USDT after [1688371200000,2023-07-03T08:00:00.000Z]
Fetching candles for AR-USDT after [1727251200000,2024-09-25T08:00:00.000Z]
-> Candle.Publish [API]: XRP-USDT / 1440
-> Candle.Publish [API]: ONDO-USDT / 1440
-> Candle.Publish [API]: AVAX-USDT / 1440
-> Candle.Publish [API]: AR-USDT / 1440
Fetching candles for BTC-USDT after [1746690300000,2025-05-08T07:45:00.000Z]
Fetching candles for DOGE-USDT after [1746690300000,2025-05-08T07:45:00.000Z]
-> Candle.Publish [API]: BTC-USDT / 1440
-> Candle.Publish [API]: DOGE-USDT / 1440
Fetching candles for ADA-USDT after [1745394300000,2025-04-23T07:45:00.000Z]
-> Candle.Publish [API]: ADA-USDT / 1440
Fetching candles for XRP-USDT after [1745394300000,2025-04-23T07:45:00.000Z]
Fetching candles for ONDO-USDT after [1745394300000,2025-04-23T07:45:00.000Z]
Fetching candles for AVAX-USDT after [1683187200000,2023-05-04T08:00:00.000Z]
Fetching candles for AR-USDT after [1724659200000,2024-08-26T08:00:00.000Z]
-> Candle.Publish [API]: XRP-USDT / 1440
-> Candle.Publish [API]: ONDO-USDT / 1440
-> Candle.Publish [API]: AVAX-USDT / 1440
-> Candle.Publish [API]: AR-USDT / 1440
Fetching candles for BTC-USDT after [1745394300000,2025-04-23T07:45:00.000Z]
Fetching candles for DOGE-USDT after [1745394300000,2025-04-23T07:45:00.000Z]
-> Candle.Publish [API]: BTC-USDT / 1440
-> Candle.Publish [API]: DOGE-USDT / 1440
Fetching candles for ADA-USDT after [1744098300000,2025-04-08T07:45:00.000Z]
-> Candle.Publish [API]: ADA-USDT / 1440
Fetching candles for XRP-USDT after [1744098300000,2025-04-08T07:45:00.000Z]
Fetching candles for ONDO-USDT after [1744098300000,2025-04-08T07:45:00.000Z]
Fetching candles for AVAX-USDT after [1678003200000,2023-03-05T08:00:00.000Z]
Fetching candles for AR-USDT after [1722067200000,2024-07-27T08:00:00.000Z]
-> Candle.Publish [API]: XRP-USDT / 1440
-> Candle.Publish [API]: ONDO-USDT / 1440
-> Candle.Publish [API]: AVAX-USDT / 1246
-> Candle.Publish [API]: AR-USDT / 1440
Fetching candles for BTC-USDT after [1744098300000,2025-04-08T07:45:00.000Z]
Fetching candles for DOGE-USDT after [1744098300000,2025-04-08T07:45:00.000Z]
-> Candle.Publish [API]: BTC-USDT / 1440
-> Candle.Publish [API]: DOGE-USDT / 1440
Fetching candles for ADA-USDT after [1742802300000,2025-03-24T07:45:00.000Z]
-> Candle.Publish [API]: ADA-USDT / 1440
Fetching candles for XRP-USDT after [1742802300000,2025-03-24T07:45:00.000Z]
Fetching candles for ONDO-USDT after [1742802300000,2025-03-24T07:45:00.000Z]
Fetching candles for AVAX-USDT after [1673517600000,2023-01-12T10:00:00.000Z]
Fetching candles for AR-USDT after [1719475200000,2024-06-27T08:00:00.000Z]
-> Candle.Publish [API]: XRP-USDT / 1440
-> Candle.Publish [API]: ONDO-USDT / 1440
-> Candle.Publish [API]: AR-USDT / 1440
Fetching candles for BTC-USDT after [1742802300000,2025-03-24T07:45:00.000Z]
Fetching candles for DOGE-USDT after [1742802300000,2025-03-24T07:45:00.000Z]
-> Candle.Publish [API]: BTC-USDT / 1440
-> Candle.Publish [API]: DOGE-USDT / 1440
Fetching candles for ADA-USDT after [1741506300000,2025-03-09T07:45:00.000Z]
-> Candle.Publish [API]: ADA-USDT / 1440
Fetching candles for XRP-USDT after [1741506300000,2025-03-09T07:45:00.000Z]
Fetching candles for ONDO-USDT after [1741506300000,2025-03-09T07:45:00.000Z]
Fetching candles for AR-USDT after [1716883200000,2024-05-28T08:00:00.000Z]
-> Candle.Publish [API]: ONDO-USDT / 1440
-> Candle.Publish [API]: XRP-USDT / 1440
-> Candle.Publish [API]: AR-USDT / 1440
Fetching candles for BTC-USDT after [1741506300000,2025-03-09T07:45:00.000Z]
Fetching candles for DOGE-USDT after [1741506300000,2025-03-09T07:45:00.000Z]
-> Candle.Publish [API]: BTC-USDT / 1440
-> Candle.Publish [API]: DOGE-USDT / 1440
Fetching candles for ADA-USDT after [1740210300000,2025-02-22T07:45:00.000Z]
-> Candle.Publish [API]: ADA-USDT / 1440
Fetching candles for ONDO-USDT after [1740210300000,2025-02-22T07:45:00.000Z]
Fetching candles for XRP-USDT after [1740210300000,2025-02-22T07:45:00.000Z]
Fetching candles for AR-USDT after [1714291200000,2024-04-28T08:00:00.000Z]
-> Candle.Publish [API]: ONDO-USDT / 1440
-> Candle.Publish [API]: XRP-USDT / 1440
-> Candle.Publish [API]: AR-USDT / 1440
Fetching candles for BTC-USDT after [1740210300000,2025-02-22T07:45:00.000Z]
Fetching candles for DOGE-USDT after [1740210300000,2025-02-22T07:45:00.000Z]
-> Candle.Publish [API]: BTC-USDT / 1440
-> Candle.Publish [API]: DOGE-USDT / 1440
Fetching candles for ADA-USDT after [1738914300000,2025-02-07T07:45:00.000Z]
-> Candle.Publish [API]: ADA-USDT / 1440
Fetching candles for XRP-USDT after [1738914300000,2025-02-07T07:45:00.000Z]
Fetching candles for ONDO-USDT after [1738914300000,2025-02-07T07:45:00.000Z]
Fetching candles for AR-USDT after [1711699200000,2024-03-29T08:00:00.000Z]
-> Candle.Publish [API]: XRP-USDT / 1440
-> Candle.Publish [API]: ONDO-USDT / 1440
-> Candle.Publish [API]: AR-USDT / 1440
Fetching candles for BTC-USDT after [1738914300000,2025-02-07T07:45:00.000Z]
Fetching candles for DOGE-USDT after [1738914300000,2025-02-07T07:45:00.000Z]
-> Candle.Publish [API]: BTC-USDT / 1440
-> Candle.Publish [API]: DOGE-USDT / 1440
Fetching candles for ADA-USDT after [1737618300000,2025-01-23T07:45:00.000Z]
-> Candle.Publish [API]: ADA-USDT / 1440
Fetching candles for XRP-USDT after [1737618300000,2025-01-23T07:45:00.000Z]
Fetching candles for ONDO-USDT after [1737618300000,2025-01-23T07:45:00.000Z]
-> Candle.Publish [API]: XRP-USDT / 1440
Fetching candles for AR-USDT after [1709107200000,2024-02-28T08:00:00.000Z]
-> Candle.Publish [API]: ONDO-USDT / 1440
-> Candle.Publish [API]: AR-USDT / 1440
Fetching candles for BTC-USDT after [1737618300000,2025-01-23T07:45:00.000Z]
Fetching candles for DOGE-USDT after [1737618300000,2025-01-23T07:45:00.000Z]
-> Candle.Publish [API]: BTC-USDT / 1440
-> Candle.Publish [API]: DOGE-USDT / 1440
Fetching candles for ADA-USDT after [1736322300000,2025-01-08T07:45:00.000Z]
-> Candle.Publish [API]: ADA-USDT / 1440
Fetching candles for XRP-USDT after [1736322300000,2025-01-08T07:45:00.000Z]
Fetching candles for ONDO-USDT after [1736322300000,2025-01-08T07:45:00.000Z]
-> Candle.Publish [API]: XRP-USDT / 1440
-> Candle.Publish [API]: ONDO-USDT / 1440
Fetching candles for AR-USDT after [1706515200000,2024-01-29T08:00:00.000Z]
-> Candle.Publish [API]: AR-USDT / 1440
Fetching candles for BTC-USDT after [1736322300000,2025-01-08T07:45:00.000Z]
Fetching candles for DOGE-USDT after [1736322300000,2025-01-08T07:45:00.000Z]
-> Candle.Publish [API]: BTC-USDT / 1440
-> Candle.Publish [API]: DOGE-USDT / 1440
Fetching candles for ADA-USDT after [1735026300000,2024-12-24T07:45:00.000Z]
-> Candle.Publish [API]: ADA-USDT / 1440
Fetching candles for XRP-USDT after [1735026300000,2024-12-24T07:45:00.000Z]
Fetching candles for ONDO-USDT after [1735026300000,2024-12-24T07:45:00.000Z]
-> Candle.Publish [API]: XRP-USDT / 1440
-> Candle.Publish [API]: ONDO-USDT / 1440
Fetching candles for AR-USDT after [1703923200000,2023-12-30T08:00:00.000Z]
-> Candle.Publish [API]: AR-USDT / 1440
Fetching candles for BTC-USDT after [1735026300000,2024-12-24T07:45:00.000Z]
Fetching candles for DOGE-USDT after [1735026300000,2024-12-24T07:45:00.000Z]
-> Candle.Publish [API]: BTC-USDT / 1440
-> Candle.Publish [API]: DOGE-USDT / 1440
Fetching candles for ADA-USDT after [1733730300000,2024-12-09T07:45:00.000Z]
-> Candle.Publish [API]: ADA-USDT / 1440
Fetching candles for XRP-USDT after [1733730300000,2024-12-09T07:45:00.000Z]
Fetching candles for ONDO-USDT after [1733730300000,2024-12-09T07:45:00.000Z]
-> Candle.Publish [API]: XRP-USDT / 1440
-> Candle.Publish [API]: ONDO-USDT / 1440
Fetching candles for AR-USDT after [1701331200000,2023-11-30T08:00:00.000Z]
-> Candle.Publish [API]: AR-USDT / 1440
Fetching candles for BTC-USDT after [1733730300000,2024-12-09T07:45:00.000Z]
Fetching candles for DOGE-USDT after [1733730300000,2024-12-09T07:45:00.000Z]
-> Candle.Publish [API]: BTC-USDT / 1440
-> Candle.Publish [API]: DOGE-USDT / 1440
Fetching candles for ADA-USDT after [1732434300000,2024-11-24T07:45:00.000Z]
-> Candle.Publish [API]: ADA-USDT / 1440
Fetching candles for XRP-USDT after [1732434300000,2024-11-24T07:45:00.000Z]
Fetching candles for ONDO-USDT after [1732434300000,2024-11-24T07:45:00.000Z]
-> Candle.Publish [API]: XRP-USDT / 1440
-> Candle.Publish [API]: ONDO-USDT / 1440
Fetching candles for AR-USDT after [1698739200000,2023-10-31T08:00:00.000Z]
-> Candle.Publish [API]: AR-USDT / 622
Fetching candles for BTC-USDT after [1732434300000,2024-11-24T07:45:00.000Z]
Fetching candles for DOGE-USDT after [1732434300000,2024-11-24T07:45:00.000Z]
-> Candle.Publish [API]: BTC-USDT / 1440
-> Candle.Publish [API]: DOGE-USDT / 1440
Fetching candles for ADA-USDT after [1731138300000,2024-11-09T07:45:00.000Z]
-> Candle.Publish [API]: ADA-USDT / 1440
Fetching candles for XRP-USDT after [1731138300000,2024-11-09T07:45:00.000Z]
Fetching candles for ONDO-USDT after [1731138300000,2024-11-09T07:45:00.000Z]
-> Candle.Publish [API]: XRP-USDT / 1440
-> Candle.Publish [API]: ONDO-USDT / 1440
Fetching candles for AR-USDT after [1697619600000,2023-10-18T09:00:00.000Z]
Fetching candles for BTC-USDT after [1731138300000,2024-11-09T07:45:00.000Z]
Fetching candles for DOGE-USDT after [1731138300000,2024-11-09T07:45:00.000Z]
-> Candle.Publish [API]: BTC-USDT / 1440
-> Candle.Publish [API]: DOGE-USDT / 1440
Fetching candles for ADA-USDT after [1729842300000,2024-10-25T07:45:00.000Z]
-> Candle.Publish [API]: ADA-USDT / 1440
Fetching candles for XRP-USDT after [1729842300000,2024-10-25T07:45:00.000Z]
Fetching candles for ONDO-USDT after [1729842300000,2024-10-25T07:45:00.000Z]
-> Candle.Publish [API]: XRP-USDT / 1440
-> Candle.Publish [API]: ONDO-USDT / 1440
Fetching candles for BTC-USDT after [1729842300000,2024-10-25T07:45:00.000Z]
Fetching candles for DOGE-USDT after [1729842300000,2024-10-25T07:45:00.000Z]
-> Candle.Publish [API]: BTC-USDT / 1440
-> Candle.Publish [API]: DOGE-USDT / 1440
Fetching candles for ADA-USDT after [1728546300000,2024-10-10T07:45:00.000Z]
-> Candle.Publish [API]: ADA-USDT / 1440
Fetching candles for XRP-USDT after [1728546300000,2024-10-10T07:45:00.000Z]
Fetching candles for ONDO-USDT after [1728546300000,2024-10-10T07:45:00.000Z]
-> Candle.Publish [API]: XRP-USDT / 1440
-> Candle.Publish [API]: ONDO-USDT / 1440
Fetching candles for BTC-USDT after [1728546300000,2024-10-10T07:45:00.000Z]
Fetching candles for DOGE-USDT after [1728546300000,2024-10-10T07:45:00.000Z]
-> Candle.Publish [API]: BTC-USDT / 1440
-> Candle.Publish [API]: DOGE-USDT / 1440
Fetching candles for ADA-USDT after [1727250300000,2024-09-25T07:45:00.000Z]
-> Candle.Publish [API]: ADA-USDT / 1440
Fetching candles for XRP-USDT after [1727250300000,2024-09-25T07:45:00.000Z]
Fetching candles for ONDO-USDT after [1727250300000,2024-09-25T07:45:00.000Z]
-> Candle.Publish [API]: XRP-USDT / 1440
-> Candle.Publish [API]: ONDO-USDT / 1440
Fetching candles for BTC-USDT after [1727250300000,2024-09-25T07:45:00.000Z]
Fetching candles for DOGE-USDT after [1727250300000,2024-09-25T07:45:00.000Z]
-> Candle.Publish [API]: BTC-USDT / 1440
-> Candle.Publish [API]: DOGE-USDT / 1440
Fetching candles for ADA-USDT after [1725954300000,2024-09-10T07:45:00.000Z]
-> Candle.Publish [API]: ADA-USDT / 1440
Fetching candles for XRP-USDT after [1725954300000,2024-09-10T07:45:00.000Z]
Fetching candles for ONDO-USDT after [1725954300000,2024-09-10T07:45:00.000Z]
-> Candle.Publish [API]: XRP-USDT / 1440
-> Candle.Publish [API]: ONDO-USDT / 1440
Fetching candles for BTC-USDT after [1725954300000,2024-09-10T07:45:00.000Z]
Fetching candles for DOGE-USDT after [1725954300000,2024-09-10T07:45:00.000Z]
-> Candle.Publish [API]: BTC-USDT / 1440
-> Candle.Publish [API]: DOGE-USDT / 1440
Fetching candles for ADA-USDT after [1724658300000,2024-08-26T07:45:00.000Z]
-> Candle.Publish [API]: ADA-USDT / 1440
Fetching candles for XRP-USDT after [1724658300000,2024-08-26T07:45:00.000Z]
Fetching candles for ONDO-USDT after [1724658300000,2024-08-26T07:45:00.000Z]
-> Candle.Publish [API]: XRP-USDT / 1440
-> Candle.Publish [API]: ONDO-USDT / 1440
Fetching candles for BTC-USDT after [1724658300000,2024-08-26T07:45:00.000Z]
Fetching candles for DOGE-USDT after [1724658300000,2024-08-26T07:45:00.000Z]
-> Candle.Publish [API]: DOGE-USDT / 1440
-> Candle.Publish [API]: BTC-USDT / 1440
Fetching candles for ADA-USDT after [1723362300000,2024-08-11T07:45:00.000Z]
-> Candle.Publish [API]: ADA-USDT / 1440
Fetching candles for XRP-USDT after [1723362300000,2024-08-11T07:45:00.000Z]
Fetching candles for ONDO-USDT after [1723362300000,2024-08-11T07:45:00.000Z]
-> Candle.Publish [API]: XRP-USDT / 1440
-> Candle.Publish [API]: ONDO-USDT / 1440
Fetching candles for DOGE-USDT after [1723362300000,2024-08-11T07:45:00.000Z]
Fetching candles for BTC-USDT after [1723362300000,2024-08-11T07:45:00.000Z]
-> Candle.Publish [API]: DOGE-USDT / 1440
-> Candle.Publish [API]: BTC-USDT / 1440
Fetching candles for ADA-USDT after [1722066300000,2024-07-27T07:45:00.000Z]
-> Candle.Publish [API]: ADA-USDT / 1440
Fetching candles for XRP-USDT after [1722066300000,2024-07-27T07:45:00.000Z]
Fetching candles for ONDO-USDT after [1722066300000,2024-07-27T07:45:00.000Z]
-> Candle.Publish [API]: XRP-USDT / 1440
-> Candle.Publish [API]: ONDO-USDT / 1440
Fetching candles for DOGE-USDT after [1722066300000,2024-07-27T07:45:00.000Z]
Fetching candles for BTC-USDT after [1722066300000,2024-07-27T07:45:00.000Z]
-> Candle.Publish [API]: DOGE-USDT / 1440
-> Candle.Publish [API]: BTC-USDT / 1440
Fetching candles for ADA-USDT after [1720770300000,2024-07-12T07:45:00.000Z]
-> Candle.Publish [API]: ADA-USDT / 1440
Fetching candles for XRP-USDT after [1720770300000,2024-07-12T07:45:00.000Z]
Fetching candles for ONDO-USDT after [1720770300000,2024-07-12T07:45:00.000Z]
-> Candle.Publish [API]: XRP-USDT / 1440
-> Candle.Publish [API]: ONDO-USDT / 1440
Fetching candles for DOGE-USDT after [1720770300000,2024-07-12T07:45:00.000Z]
Fetching candles for BTC-USDT after [1720770300000,2024-07-12T07:45:00.000Z]
-> Candle.Publish [API]: DOGE-USDT / 1440
-> Candle.Publish [API]: BTC-USDT / 1440
Fetching candles for ADA-USDT after [1719474300000,2024-06-27T07:45:00.000Z]
-> Candle.Publish [API]: ADA-USDT / 1440
Fetching candles for XRP-USDT after [1719474300000,2024-06-27T07:45:00.000Z]
Fetching candles for ONDO-USDT after [1719474300000,2024-06-27T07:45:00.000Z]
-> Candle.Publish [API]: XRP-USDT / 1440
-> Candle.Publish [API]: ONDO-USDT / 1440
Fetching candles for DOGE-USDT after [1719474300000,2024-06-27T07:45:00.000Z]
Fetching candles for BTC-USDT after [1719474300000,2024-06-27T07:45:00.000Z]
-> Candle.Publish [API]: DOGE-USDT / 1440
-> Candle.Publish [API]: BTC-USDT / 1440
Fetching candles for ADA-USDT after [1718178300000,2024-06-12T07:45:00.000Z]
-> Candle.Publish [API]: ADA-USDT / 1440
Fetching candles for XRP-USDT after [1718178300000,2024-06-12T07:45:00.000Z]
Fetching candles for ONDO-USDT after [1718178300000,2024-06-12T07:45:00.000Z]
-> Candle.Publish [API]: XRP-USDT / 1440
-> Candle.Publish [API]: ONDO-USDT / 1440
Fetching candles for DOGE-USDT after [1718178300000,2024-06-12T07:45:00.000Z]
Fetching candles for BTC-USDT after [1718178300000,2024-06-12T07:45:00.000Z]
-> Candle.Publish [API]: DOGE-USDT / 1440
-> Candle.Publish [API]: BTC-USDT / 1440
Fetching candles for ADA-USDT after [1716882300000,2024-05-28T07:45:00.000Z]
-> Candle.Publish [API]: ADA-USDT / 1440
Fetching candles for XRP-USDT after [1716882300000,2024-05-28T07:45:00.000Z]
Fetching candles for ONDO-USDT after [1716882300000,2024-05-28T07:45:00.000Z]
-> Candle.Publish [API]: XRP-USDT / 1440
-> Candle.Publish [API]: ONDO-USDT / 1440
Fetching candles for DOGE-USDT after [1716882300000,2024-05-28T07:45:00.000Z]
Fetching candles for BTC-USDT after [1716882300000,2024-05-28T07:45:00.000Z]
-> Candle.Publish [API]: DOGE-USDT / 1440
-> Candle.Publish [API]: BTC-USDT / 1440
Fetching candles for ADA-USDT after [1715586300000,2024-05-13T07:45:00.000Z]
-> Candle.Publish [API]: ADA-USDT / 1440
Fetching candles for XRP-USDT after [1715586300000,2024-05-13T07:45:00.000Z]
Fetching candles for ONDO-USDT after [1715586300000,2024-05-13T07:45:00.000Z]
-> Candle.Publish [API]: XRP-USDT / 1440
-> Candle.Publish [API]: ONDO-USDT / 1440
Fetching candles for DOGE-USDT after [1715586300000,2024-05-13T07:45:00.000Z]
Fetching candles for BTC-USDT after [1715586300000,2024-05-13T07:45:00.000Z]
-> Candle.Publish [API]: DOGE-USDT / 1440
-> Candle.Publish [API]: BTC-USDT / 1440
Fetching candles for ADA-USDT after [1714290300000,2024-04-28T07:45:00.000Z]
-> Candle.Publish [API]: ADA-USDT / 1440
Fetching candles for XRP-USDT after [1714290300000,2024-04-28T07:45:00.000Z]
Fetching candles for ONDO-USDT after [1714290300000,2024-04-28T07:45:00.000Z]
-> Candle.Publish [API]: XRP-USDT / 1440
-> Candle.Publish [API]: ONDO-USDT / 1440
Fetching candles for DOGE-USDT after [1714290300000,2024-04-28T07:45:00.000Z]
Fetching candles for BTC-USDT after [1714290300000,2024-04-28T07:45:00.000Z]
-> Candle.Publish [API]: DOGE-USDT / 1440
-> Candle.Publish [API]: BTC-USDT / 1440
Fetching candles for ADA-USDT after [1712994300000,2024-04-13T07:45:00.000Z]
-> Candle.Publish [API]: ADA-USDT / 1440
Fetching candles for XRP-USDT after [1712994300000,2024-04-13T07:45:00.000Z]
Fetching candles for ONDO-USDT after [1712994300000,2024-04-13T07:45:00.000Z]
-> Candle.Publish [API]: XRP-USDT / 1440
-> Candle.Publish [API]: ONDO-USDT / 1440
Fetching candles for DOGE-USDT after [1712994300000,2024-04-13T07:45:00.000Z]
Fetching candles for BTC-USDT after [1712994300000,2024-04-13T07:45:00.000Z]
-> Candle.Publish [API]: DOGE-USDT / 1440
-> Candle.Publish [API]: BTC-USDT / 1440
Fetching candles for ADA-USDT after [1711698300000,2024-03-29T07:45:00.000Z]
-> Candle.Publish [API]: ADA-USDT / 1440
Fetching candles for XRP-USDT after [1711698300000,2024-03-29T07:45:00.000Z]
Fetching candles for ONDO-USDT after [1711698300000,2024-03-29T07:45:00.000Z]
-> Candle.Publish [API]: XRP-USDT / 1440
-> Candle.Publish [API]: ONDO-USDT / 1440
Fetching candles for DOGE-USDT after [1711698300000,2024-03-29T07:45:00.000Z]
Fetching candles for BTC-USDT after [1711698300000,2024-03-29T07:45:00.000Z]
-> Candle.Publish [API]: DOGE-USDT / 1440
-> Candle.Publish [API]: BTC-USDT / 1440
Fetching candles for ADA-USDT after [1710402300000,2024-03-14T07:45:00.000Z]
-> Candle.Publish [API]: ADA-USDT / 1440
Fetching candles for XRP-USDT after [1710402300000,2024-03-14T07:45:00.000Z]
Fetching candles for ONDO-USDT after [1710402300000,2024-03-14T07:45:00.000Z]
-> Candle.Publish [API]: XRP-USDT / 1440
-> Candle.Publish [API]: ONDO-USDT / 1440
Fetching candles for DOGE-USDT after [1710402300000,2024-03-14T07:45:00.000Z]
Fetching candles for BTC-USDT after [1710402300000,2024-03-14T07:45:00.000Z]
-> Candle.Publish [API]: DOGE-USDT / 1440
-> Candle.Publish [API]: BTC-USDT / 1440
Fetching candles for ADA-USDT after [1709106300000,2024-02-28T07:45:00.000Z]
-> Candle.Publish [API]: ADA-USDT / 1440
Fetching candles for XRP-USDT after [1709106300000,2024-02-28T07:45:00.000Z]
Fetching candles for ONDO-USDT after [1709106300000,2024-02-28T07:45:00.000Z]
-> Candle.Publish [API]: XRP-USDT / 1440
-> Candle.Publish [API]: ONDO-USDT / 1440
Fetching candles for DOGE-USDT after [1709106300000,2024-02-28T07:45:00.000Z]
Fetching candles for BTC-USDT after [1709106300000,2024-02-28T07:45:00.000Z]
-> Candle.Publish [API]: DOGE-USDT / 1440
-> Candle.Publish [API]: BTC-USDT / 1440
Fetching candles for ADA-USDT after [1707810300000,2024-02-13T07:45:00.000Z]
-> Candle.Publish [API]: ADA-USDT / 1440
Fetching candles for XRP-USDT after [1707810300000,2024-02-13T07:45:00.000Z]
Fetching candles for ONDO-USDT after [1707810300000,2024-02-13T07:45:00.000Z]
-> Candle.Publish [API]: XRP-USDT / 1440
-> Candle.Publish [API]: ONDO-USDT / 1440
Fetching candles for DOGE-USDT after [1707810300000,2024-02-13T07:45:00.000Z]
Fetching candles for BTC-USDT after [1707810300000,2024-02-13T07:45:00.000Z]
-> Candle.Publish [API]: DOGE-USDT / 1440
-> Candle.Publish [API]: BTC-USDT / 1440
Fetching candles for ADA-USDT after [1706514300000,2024-01-29T07:45:00.000Z]
-> Candle.Publish [API]: ADA-USDT / 1440
Fetching candles for XRP-USDT after [1706514300000,2024-01-29T07:45:00.000Z]
Fetching candles for ONDO-USDT after [1706514300000,2024-01-29T07:45:00.000Z]
-> Candle.Publish [API]: XRP-USDT / 1440
-> Candle.Publish [API]: ONDO-USDT / 661
Fetching candles for DOGE-USDT after [1706514300000,2024-01-29T07:45:00.000Z]
Fetching candles for BTC-USDT after [1706514300000,2024-01-29T07:45:00.000Z]
-> Candle.Publish [API]: DOGE-USDT / 1440
-> Candle.Publish [API]: BTC-USDT / 1440
Fetching candles for ADA-USDT after [1705218300000,2024-01-14T07:45:00.000Z]
-> Candle.Publish [API]: ADA-USDT / 1440
Fetching candles for XRP-USDT after [1705218300000,2024-01-14T07:45:00.000Z]
Fetching candles for ONDO-USDT after [1705919400000,2024-01-22T10:30:00.000Z]
-> Candle.Publish [API]: XRP-USDT / 1440
Fetching candles for DOGE-USDT after [1705218300000,2024-01-14T07:45:00.000Z]
Fetching candles for BTC-USDT after [1705218300000,2024-01-14T07:45:00.000Z]
-> Candle.Publish [API]: DOGE-USDT / 1440
-> Candle.Publish [API]: BTC-USDT / 1440
Fetching candles for ADA-USDT after [1703922300000,2023-12-30T07:45:00.000Z]
-> Candle.Publish [API]: ADA-USDT / 1440
Fetching candles for XRP-USDT after [1703922300000,2023-12-30T07:45:00.000Z]
-> Candle.Publish [API]: XRP-USDT / 1440
Fetching candles for DOGE-USDT after [1703922300000,2023-12-30T07:45:00.000Z]
Fetching candles for BTC-USDT after [1703922300000,2023-12-30T07:45:00.000Z]
-> Candle.Publish [API]: DOGE-USDT / 1440
-> Candle.Publish [API]: BTC-USDT / 1440
Fetching candles for ADA-USDT after [1702626300000,2023-12-15T07:45:00.000Z]
-> Candle.Publish [API]: ADA-USDT / 1440
Fetching candles for XRP-USDT after [1702626300000,2023-12-15T07:45:00.000Z]
-> Candle.Publish [API]: XRP-USDT / 1440
Fetching candles for DOGE-USDT after [1702626300000,2023-12-15T07:45:00.000Z]
Fetching candles for BTC-USDT after [1702626300000,2023-12-15T07:45:00.000Z]
-> Candle.Publish [API]: DOGE-USDT / 1440
-> Candle.Publish [API]: BTC-USDT / 1440
Fetching candles for ADA-USDT after [1701330300000,2023-11-30T07:45:00.000Z]
-> Candle.Publish [API]: ADA-USDT / 1440
Fetching candles for XRP-USDT after [1701330300000,2023-11-30T07:45:00.000Z]
-> Candle.Publish [API]: XRP-USDT / 1440
Fetching candles for DOGE-USDT after [1701330300000,2023-11-30T07:45:00.000Z]
Fetching candles for BTC-USDT after [1701330300000,2023-11-30T07:45:00.000Z]
-> Candle.Publish [API]: DOGE-USDT / 1440
Fetching candles for ADA-USDT after [1700034300000,2023-11-15T07:45:00.000Z]
-> Candle.Publish [API]: BTC-USDT / 1440
-> Candle.Publish [API]: ADA-USDT / 1440
Fetching candles for XRP-USDT after [1700034300000,2023-11-15T07:45:00.000Z]
-> Candle.Publish [API]: XRP-USDT / 1440
Fetching candles for DOGE-USDT after [1700034300000,2023-11-15T07:45:00.000Z]
Fetching candles for BTC-USDT after [1700034300000,2023-11-15T07:45:00.000Z]
-> Candle.Publish [API]: DOGE-USDT / 1440
Fetching candles for ADA-USDT after [1698738300000,2023-10-31T07:45:00.000Z]
-> Candle.Publish [API]: BTC-USDT / 1440
-> Candle.Publish [API]: ADA-USDT / 1440
Fetching candles for XRP-USDT after [1698738300000,2023-10-31T07:45:00.000Z]
-> Candle.Publish [API]: XRP-USDT / 1440
Fetching candles for DOGE-USDT after [1698738300000,2023-10-31T07:45:00.000Z]
Fetching candles for BTC-USDT after [1698738300000,2023-10-31T07:45:00.000Z]
-> Candle.Publish [API]: DOGE-USDT / 1440
Fetching candles for ADA-USDT after [1697442300000,2023-10-16T07:45:00.000Z]
-> Candle.Publish [API]: BTC-USDT / 1440
-> Candle.Publish [API]: ADA-USDT / 1440
Fetching candles for XRP-USDT after [1697442300000,2023-10-16T07:45:00.000Z]
-> Candle.Publish [API]: XRP-USDT / 1440
Fetching candles for DOGE-USDT after [1697442300000,2023-10-16T07:45:00.000Z]
Fetching candles for BTC-USDT after [1697442300000,2023-10-16T07:45:00.000Z]
-> Candle.Publish [API]: DOGE-USDT / 1440
Fetching candles for ADA-USDT after [1696146300000,2023-10-01T07:45:00.000Z]
-> Candle.Publish [API]: BTC-USDT / 1440
-> Candle.Publish [API]: ADA-USDT / 1440
Fetching candles for XRP-USDT after [1696146300000,2023-10-01T07:45:00.000Z]
-> Candle.Publish [API]: XRP-USDT / 1440
Fetching candles for DOGE-USDT after [1696146300000,2023-10-01T07:45:00.000Z]
-> Candle.Publish [API]: DOGE-USDT / 1440
Fetching candles for BTC-USDT after [1696146300000,2023-10-01T07:45:00.000Z]
Fetching candles for ADA-USDT after [1694850300000,2023-09-16T07:45:00.000Z]
-> Candle.Publish [API]: BTC-USDT / 1440
-> Candle.Publish [API]: ADA-USDT / 1440
Fetching candles for XRP-USDT after [1694850300000,2023-09-16T07:45:00.000Z]
-> Candle.Publish [API]: XRP-USDT / 1440
Fetching candles for DOGE-USDT after [1694850300000,2023-09-16T07:45:00.000Z]
-> Candle.Publish [API]: DOGE-USDT / 1440
Fetching candles for BTC-USDT after [1694850300000,2023-09-16T07:45:00.000Z]
Fetching candles for ADA-USDT after [1693554300000,2023-09-01T07:45:00.000Z]
-> Candle.Publish [API]: BTC-USDT / 1440
-> Candle.Publish [API]: ADA-USDT / 1440
Fetching candles for XRP-USDT after [1693554300000,2023-09-01T07:45:00.000Z]
-> Candle.Publish [API]: XRP-USDT / 1440
Fetching candles for DOGE-USDT after [1693554300000,2023-09-01T07:45:00.000Z]
-> Candle.Publish [API]: DOGE-USDT / 1440
Fetching candles for BTC-USDT after [1693554300000,2023-09-01T07:45:00.000Z]
Fetching candles for ADA-USDT after [1692258300000,2023-08-17T07:45:00.000Z]
-> Candle.Publish [API]: BTC-USDT / 1440
-> Candle.Publish [API]: ADA-USDT / 1440
Fetching candles for XRP-USDT after [1692258300000,2023-08-17T07:45:00.000Z]
-> Candle.Publish [API]: XRP-USDT / 1440
Fetching candles for DOGE-USDT after [1692258300000,2023-08-17T07:45:00.000Z]
-> Candle.Publish [API]: DOGE-USDT / 1440
Fetching candles for BTC-USDT after [1692258300000,2023-08-17T07:45:00.000Z]
Fetching candles for ADA-USDT after [1690962300000,2023-08-02T07:45:00.000Z]
-> Candle.Publish [API]: BTC-USDT / 1440
-> Candle.Publish [API]: ADA-USDT / 1440
Fetching candles for XRP-USDT after [1690962300000,2023-08-02T07:45:00.000Z]
-> Candle.Publish [API]: XRP-USDT / 1440
Fetching candles for DOGE-USDT after [1690962300000,2023-08-02T07:45:00.000Z]
-> Candle.Publish [API]: DOGE-USDT / 1440
Fetching candles for BTC-USDT after [1690962300000,2023-08-02T07:45:00.000Z]
Fetching candles for ADA-USDT after [1689666300000,2023-07-18T07:45:00.000Z]
-> Candle.Publish [API]: BTC-USDT / 1440
-> Candle.Publish [API]: ADA-USDT / 1440
Fetching candles for XRP-USDT after [1689666300000,2023-07-18T07:45:00.000Z]
-> Candle.Publish [API]: XRP-USDT / 1440
Fetching candles for DOGE-USDT after [1689666300000,2023-07-18T07:45:00.000Z]
-> Candle.Publish [API]: DOGE-USDT / 1440
Fetching candles for BTC-USDT after [1689666300000,2023-07-18T07:45:00.000Z]
Fetching candles for ADA-USDT after [1688370300000,2023-07-03T07:45:00.000Z]
-> Candle.Publish [API]: BTC-USDT / 1440
-> Candle.Publish [API]: ADA-USDT / 1440
Fetching candles for XRP-USDT after [1688370300000,2023-07-03T07:45:00.000Z]
-> Candle.Publish [API]: XRP-USDT / 1440
Fetching candles for DOGE-USDT after [1688370300000,2023-07-03T07:45:00.000Z]
-> Candle.Publish [API]: DOGE-USDT / 1440
Fetching candles for BTC-USDT after [1688370300000,2023-07-03T07:45:00.000Z]
Fetching candles for ADA-USDT after [1687074300000,2023-06-18T07:45:00.000Z]
-> Candle.Publish [API]: BTC-USDT / 1440
-> Candle.Publish [API]: ADA-USDT / 1440
Fetching candles for XRP-USDT after [1687074300000,2023-06-18T07:45:00.000Z]
-> Candle.Publish [API]: XRP-USDT / 1440
Fetching candles for DOGE-USDT after [1687074300000,2023-06-18T07:45:00.000Z]
-> Candle.Publish [API]: DOGE-USDT / 1440
Fetching candles for BTC-USDT after [1687074300000,2023-06-18T07:45:00.000Z]
Fetching candles for ADA-USDT after [1685778300000,2023-06-03T07:45:00.000Z]
-> Candle.Publish [API]: BTC-USDT / 1440
-> Candle.Publish [API]: ADA-USDT / 1440
Fetching candles for XRP-USDT after [1685778300000,2023-06-03T07:45:00.000Z]
-> Candle.Publish [API]: XRP-USDT / 1440
Fetching candles for DOGE-USDT after [1685778300000,2023-06-03T07:45:00.000Z]
-> Candle.Publish [API]: DOGE-USDT / 1440
Fetching candles for BTC-USDT after [1685778300000,2023-06-03T07:45:00.000Z]
Fetching candles for ADA-USDT after [1684482300000,2023-05-19T07:45:00.000Z]
-> Candle.Publish [API]: BTC-USDT / 1440
-> Candle.Publish [API]: ADA-USDT / 1440
Fetching candles for XRP-USDT after [1684482300000,2023-05-19T07:45:00.000Z]
-> Candle.Publish [API]: XRP-USDT / 1440
Fetching candles for DOGE-USDT after [1684482300000,2023-05-19T07:45:00.000Z]
-> Candle.Publish [API]: DOGE-USDT / 1440
Fetching candles for BTC-USDT after [1684482300000,2023-05-19T07:45:00.000Z]
Fetching candles for ADA-USDT after [1683186300000,2023-05-04T07:45:00.000Z]
-> Candle.Publish [API]: BTC-USDT / 1440
-> Candle.Publish [API]: ADA-USDT / 1440
Fetching candles for XRP-USDT after [1683186300000,2023-05-04T07:45:00.000Z]
-> Candle.Publish [API]: XRP-USDT / 1440
Fetching candles for DOGE-USDT after [1683186300000,2023-05-04T07:45:00.000Z]
-> Candle.Publish [API]: DOGE-USDT / 1440
Fetching candles for BTC-USDT after [1683186300000,2023-05-04T07:45:00.000Z]
Fetching candles for ADA-USDT after [1681890300000,2023-04-19T07:45:00.000Z]
-> Candle.Publish [API]: BTC-USDT / 1440
-> Candle.Publish [API]: ADA-USDT / 1440
Fetching candles for XRP-USDT after [1681890300000,2023-04-19T07:45:00.000Z]
-> Candle.Publish [API]: XRP-USDT / 1440
Fetching candles for DOGE-USDT after [1681890300000,2023-04-19T07:45:00.000Z]
-> Candle.Publish [API]: DOGE-USDT / 1440
Fetching candles for BTC-USDT after [1681890300000,2023-04-19T07:45:00.000Z]
Fetching candles for ADA-USDT after [1680594300000,2023-04-04T07:45:00.000Z]
-> Candle.Publish [API]: BTC-USDT / 1440
-> Candle.Publish [API]: ADA-USDT / 1440
Fetching candles for XRP-USDT after [1680594300000,2023-04-04T07:45:00.000Z]
-> Candle.Publish [API]: XRP-USDT / 1440
Fetching candles for DOGE-USDT after [1680594300000,2023-04-04T07:45:00.000Z]
-> Candle.Publish [API]: DOGE-USDT / 1440
Fetching candles for BTC-USDT after [1680594300000,2023-04-04T07:45:00.000Z]
Fetching candles for ADA-USDT after [1679298300000,2023-03-20T07:45:00.000Z]
-> Candle.Publish [API]: BTC-USDT / 1440
-> Candle.Publish [API]: ADA-USDT / 1440
Fetching candles for XRP-USDT after [1679298300000,2023-03-20T07:45:00.000Z]
-> Candle.Publish [API]: XRP-USDT / 1440
Fetching candles for DOGE-USDT after [1679298300000,2023-03-20T07:45:00.000Z]
-> Candle.Publish [API]: DOGE-USDT / 1440
Fetching candles for ADA-USDT after [1678002300000,2023-03-05T07:45:00.000Z]
Fetching candles for BTC-USDT after [1679298300000,2023-03-20T07:45:00.000Z]
-> Candle.Publish [API]: ADA-USDT / 1440
-> Candle.Publish [API]: BTC-USDT / 1440
Fetching candles for XRP-USDT after [1678002300000,2023-03-05T07:45:00.000Z]
-> Candle.Publish [API]: XRP-USDT / 1440
Fetching candles for DOGE-USDT after [1678002300000,2023-03-05T07:45:00.000Z]
-> Candle.Publish [API]: DOGE-USDT / 1440
Fetching candles for ADA-USDT after [1676706300000,2023-02-18T07:45:00.000Z]
Fetching candles for BTC-USDT after [1678002300000,2023-03-05T07:45:00.000Z]
-> Candle.Publish [API]: ADA-USDT / 1440
-> Candle.Publish [API]: BTC-USDT / 1440
Fetching candles for XRP-USDT after [1676706300000,2023-02-18T07:45:00.000Z]
-> Candle.Publish [API]: XRP-USDT / 1440
Fetching candles for DOGE-USDT after [1676706300000,2023-02-18T07:45:00.000Z]
-> Candle.Publish [API]: DOGE-USDT / 1440
Fetching candles for ADA-USDT after [1675410300000,2023-02-03T07:45:00.000Z]
Fetching candles for BTC-USDT after [1676706300000,2023-02-18T07:45:00.000Z]
-> Candle.Publish [API]: ADA-USDT / 1440
-> Candle.Publish [API]: BTC-USDT / 1440
Fetching candles for XRP-USDT after [1675410300000,2023-02-03T07:45:00.000Z]
-> Candle.Publish [API]: XRP-USDT / 1440
Fetching candles for DOGE-USDT after [1675410300000,2023-02-03T07:45:00.000Z]
-> Candle.Publish [API]: DOGE-USDT / 1440
Fetching candles for ADA-USDT after [1674114300000,2023-01-19T07:45:00.000Z]
Fetching candles for BTC-USDT after [1675410300000,2023-02-03T07:45:00.000Z]
-> Candle.Publish [API]: ADA-USDT / 663
-> Candle.Publish [API]: BTC-USDT / 1440
Fetching candles for XRP-USDT after [1674114300000,2023-01-19T07:45:00.000Z]
-> Candle.Publish [API]: XRP-USDT / 663
Fetching candles for DOGE-USDT after [1674114300000,2023-01-19T07:45:00.000Z]
-> Candle.Publish [API]: DOGE-USDT / 663
Fetching candles for ADA-USDT after [1673517600000,2023-01-12T10:00:00.000Z]
Fetching candles for BTC-USDT after [1674114300000,2023-01-19T07:45:00.000Z]
-> Candle.Publish [API]: BTC-USDT / 663
Fetching candles for XRP-USDT after [1673517600000,2023-01-12T10:00:00.000Z]
Fetching candles for DOGE-USDT after [1673517600000,2023-01-12T10:00:00.000Z]
Fetching candles for BTC-USDT after [1673517600000,2023-01-12T10:00:00.000Z]
-> Import for ONDO-USDT complete: 12/18/2025, 11:35:42 PM
   # [Info] ONDO-USDT: 1 candles imported
   # [Info] ONDO-USDT: 1 candles updated
-> Import for XRP-USDT complete: 12/18/2025, 11:35:42 PM
   # [Info] XRP-USDT: 1 candles imported
   # [Info] XRP-USDT: 1 candles updated
-> Import for DOGE-USDT complete: 12/18/2025, 11:35:42 PM
   # [Info] DOGE-USDT: 1 candles imported
   # [Info] DOGE-USDT: 1 candles updated
-> Import for AR-USDT complete: 12/18/2025, 11:35:42 PM
   # [Info] AR-USDT: 1 candles updated
-> Import for ADA-USDT complete: 12/18/2025, 11:35:42 PM
   # [Info] ADA-USDT: 1 candles imported
   # [Info] ADA-USDT: 1 candles updated
-> Import for BTC-USDT complete: 12/18/2025, 11:35:42 PM
   # [Info] BTC-USDT: 1 candles imported
   # [Info] BTC-USDT: 1 candles updated
-> Import for AR-USDT complete: 12/18/2025, 11:35:42 PM
   # [Info] AR-USDT: 1 candles imported
   # [Info] AR-USDT: 1 candles updated
-> Import for AVAX-USDT complete: 12/18/2025, 11:35:42 PM
   # [Info] AVAX-USDT: 1 candles updated
-> [Info] candle updated {
  filters: {
    instrument: <Buffer dd 63 0b>,
    period: <Buffer 03 e8 0e>,
    timestamp: 1766129400000
  },
  columns: {
    close: 0.3838,
    volume: 3080,
    vol_currency: 308,
    vol_currency_quote: 118.12922
  }
}
-> [Info] candle updated {
  filters: {
    instrument: <Buffer d4 45 2e>,
    period: <Buffer 03 e8 0e>,
    timestamp: 1766129400000
  },
  columns: {
    close: 0.12766,
    volume: 622,
    vol_currency: 622960,
    vol_currency_quote: 79489.8865
  }
}
-> [Info] candle updated {
  filters: {
    instrument: <Buffer 94 99 63>,
    period: <Buffer 03 e8 0e>,
    timestamp: 1766129400000
  },
  columns: {
    close: 0.3657,
    volume: 293,
    vol_currency: 29366,
    vol_currency_quote: 10724.4703
  }
}
-> [Info] candle updated {
  filters: {
    instrument: <Buffer 34 01 a2>,
    period: <Buffer 28 17 01>,
    timestamp: 1766127600000
  },
  columns: {
    close: 3.396,
    volume: 1996,
    vol_currency: 199.6,
    vol_currency_quote: 681.6362
  }
}
-> [Info] candle updated {
  filters: {
    instrument: <Buffer 4d 38 93>,
    period: <Buffer 28 17 01>,
    timestamp: 1766127600000
  },
  columns: {
    close: 11.908,
    volume: 34317,
    vol_currency: 34317.4,
    vol_currency_quote: 409519.6274
  }
}
-> [Info] candle updated {
  filters: {
    instrument: <Buffer a2 80 0a>,
    period: <Buffer 03 e8 0e>,
    timestamp: 1766129400000
  },
  columns: {
    close: 1.8603,
    volume: 804,
    vol_currency: 80493,
    vol_currency_quote: 149715.8313
  }
}
-> [Info] candle updated {
  filters: {
    instrument: <Buffer 6b 57 71>,
    period: <Buffer 03 e8 0e>,
    timestamp: 1766129400000
  },
  columns: {
    close: 87795.4,
    volume: 4275,
    vol_currency: 4.2756,
    vol_currency_quote: 375231.77281
  }
}
-> [Info] candle updated {
  filters: {
    instrument: <Buffer 34 01 a2>,
    period: <Buffer 76 3c 11>,
    timestamp: 1766129400000
  },
  columns: {
    low: 3.396,
    close: 3.396,
    volume: 156,
    vol_currency: 15.6,
    vol_currency_quote: 53.186
  }
}
In Candles.Publish [API]: 12/18/2025, 11:35:43 PM
-> Authorized Symbols: ONDO-USDT,XRP-USDT,DOGE-USDT,AR-USDT,ADA-USDT,BTC-USDT,AR-USDT,AVAX-USDT
   # [Info] ONDO-USDT: 1 candles updated
   # [Info] XRP-USDT: 1 candles updated
   # [Info] DOGE-USDT: 1 candles updated
   # [Info] AR-USDT: 1 candles updated
   # [Info] ADA-USDT: 1 candles updated
   # [Info] BTC-USDT: 1 candles updated
   # [Info] AR-USDT: 1 candles updated
   # [Info] AVAX-USDT: 1 candles updated
>> [Info] Application.Initialization finished: 12/18/2025, 11:35:44 PM
[Info] App.Main: ONDO-USDT process spawned; PID [851996]
[Info] App.Main: XRP-USDT process spawned; PID [851997]
[Info] App.Main: DOGE-USDT process spawned; PID [852003]
[Info] App.Main: AR-USDT process spawned; PID [852006]
[Info] App.Main: ADA-USDT process spawned; PID [852015]
[Info] App.Main: BTC-USDT process spawned; PID [852021]
[Info] App.Main: AR-USDT process spawned; PID [852022]
[Info] App.Main: AVAX-USDT process spawned; PID [852029]
[Info] Session.Config: Blofin Demo configured successfully
[Info] Session.Config: Blofin Demo configured successfully
[Info] Session.Config: Blofin Demo configured successfully
[Info] Session.Config: Blofin Demo configured successfully
[Info] Session.Config: Blofin Demo configured successfully
[Info] Session.Config: Blofin Demo configured successfully
[Info] Session.Config: Blofin Demo configured successfully
[Info] Session.Config: Blofin Demo configured successfully
Connected to websocket: [851259:wss://demo-trading-openapi.blofin.com/ws/private]
Subscriptions: { channel: 'account' }
Subscriptions: { channel: 'positions' }
Subscriptions: { channel: 'orders' }
-> WSS.Publish [API]
-> [Info] account updated {
  filters: { account: <Buffer 24 59 7a> },
  columns: { total_equity: 55127.857, update_time: 2025-12-19T07:35:45.314Z }
}
-> [Info] account_detail updated {
  filters: { account: <Buffer 24 59 7a>, currency: <Buffer b5 2b c7> },
  columns: { equity_usd: 55127.857, coin_usd_price: 0.99956 }
}
-> [Info] candle updated {
  filters: {
    instrument: <Buffer 6b 57 71>,
    period: <Buffer 03 e8 0e>,
    timestamp: 1766129400000
  },
  columns: { close: 87795.5 }
}
In Execute.Trades: 12/18/2025, 11:36:13 PM
In Position.Import [API]
In Orders.Import [API]
-> Fetch:History [API]
-> Fetch:Pending [API]
-> History.Publish [API]
   # History Orders Rejected:  20 [
  {
    order_id: <Buffer 00 e8 da cc c9 66>,
    symbol: 'PONKE-USDT',
    position: 'net',
    memo: '>> [Error] Orders.Publish: Invalid instrument position; order rejected'
  },
  {
    order_id: <Buffer 00 e8 da ca 62 50>,
    symbol: 'POPCAT-USDT',
    position: 'net',
    memo: '>> [Error] Orders.Publish: Invalid instrument position; order rejected'
  },
  {
    order_id: <Buffer 00 e8 da ca 52 e2>,
    symbol: 'PONKE-USDT',
    position: 'net',
    memo: '>> [Error] Orders.Publish: Invalid instrument position; order rejected'
  },
  {
    order_id: <Buffer 00 e8 da ca 46 e9>,
    symbol: 'PONKE-USDT',
    position: 'net',
    memo: '>> [Error] Orders.Publish: Invalid instrument position; order rejected'
  },
  {
    order_id: <Buffer 00 e8 da ca 46 d3>,
    symbol: 'PONKE-USDT',
    position: 'net',
    memo: '>> [Error] Orders.Publish: Invalid instrument position; order rejected'
  },
  {
    order_id: <Buffer 00 e8 da ca 46 77>,
    symbol: 'POPCAT-USDT',
    position: 'net',
    memo: '>> [Error] Orders.Publish: Invalid instrument position; order rejected'
  },
  {
    order_id: <Buffer 00 e8 da ca 46 57>,
    symbol: 'POPCAT-USDT',
    position: 'net',
    memo: '>> [Error] Orders.Publish: Invalid instrument position; order rejected'
  },
  {
    order_id: <Buffer 00 e8 da c9 3e a9>,
    symbol: 'DOGE-USDT',
    position: 'net',
    memo: '>> [Error] Orders.Publish: Invalid instrument position; order rejected'
  },
  {
    order_id: <Buffer 00 e8 da c9 3d d2>,
    symbol: 'DOGE-USDT',
    position: 'net',
    memo: '>> [Error] Orders.Publish: Invalid instrument position; order rejected'
  },
  {
    order_id: <Buffer 00 e8 da c9 3d c0>,
    symbol: 'DOGE-USDT',
    position: 'net',
    memo: '>> [Error] Orders.Publish: Invalid instrument position; order rejected'
  },
  {
    order_id: <Buffer 00 e8 da c8 d1 ef>,
    symbol: 'DOGE-USDT',
    position: 'net',
    memo: '>> [Error] Orders.Publish: Invalid instrument position; order rejected'
  },
  {
    order_id: <Buffer 00 e8 da c8 7d 99>,
    symbol: 'DOGE-USDT',
    position: 'net',
    memo: '>> [Error] Orders.Publish: Invalid instrument position; order rejected'
  },
  {
    order_id: <Buffer 00 e8 da c8 55 a7>,
    symbol: 'DOGE-USDT',
    position: 'net',
    memo: '>> [Error] Orders.Publish: Invalid instrument position; order rejected'
  },
  {
    order_id: <Buffer 00 e8 da c8 55 43>,
    symbol: 'DOGE-USDT',
    position: 'net',
    memo: '>> [Error] Orders.Publish: Invalid instrument position; order rejected'
  },
  {
    order_id: <Buffer 00 e8 da c8 4d f2>,
    symbol: 'BTC-USDT',
    position: 'net',
    memo: '>> [Error] Orders.Publish: Invalid instrument position; order rejected'
  },
  {
    order_id: <Buffer 00 e8 da c8 25 97>,
    symbol: 'DOGE-USDT',
    position: 'net',
    memo: '>> [Error] Orders.Publish: Invalid instrument position; order rejected'
  },
  {
    order_id: <Buffer 00 e8 da c7 f4 09>,
    symbol: 'DOGE-USDT',
    position: 'net',
    memo: '>> [Error] Orders.Publish: Invalid instrument position; order rejected'
  },
  {
    order_id: <Buffer 00 e8 da c7 f3 8e>,
    symbol: 'DOGE-USDT',
    position: 'net',
    memo: '>> [Error] Orders.Publish: Invalid instrument position; order rejected'
  },
  {
    order_id: <Buffer 00 e8 da c5 34 4d>,
    symbol: 'BTC-USDT',
    position: 'net',
    memo: '>> [Error] Orders.Publish: Invalid instrument position; order rejected'
  },
  {
    order_id: <Buffer 00 e8 da c5 34 39>,
    symbol: 'BTC-USDT',
    position: 'net',
    memo: '>> [Error] Orders.Publish: Invalid instrument position; order rejected'
  }
]
In Stop.Orders.Import [API]
-> Fetch:History [API]
-> Fetch:Pending [API]
-> History.Publish.Stops [API]
   # History Stop Orders Processed [40]:  6 published
   # History Stop Orders Rejected:  29
In Execute.Trades: 12/18/2025, 11:36:42 PM
In Position.Import [API]
In Orders.Import [API]
-> Fetch:History [API]
-> Fetch:Pending [API]
-> History.Publish [API]
   # History Orders Rejected:  20 [
  {
    order_id: <Buffer 00 e8 da cc d5 1b>,
    symbol: 'ETH-USDT',
    position: 'net',
    memo: '>> [Error] Orders.Publish: Invalid instrument position; order rejected'
  },
  {
    order_id: <Buffer 00 e8 da cc d4 9e>,
    symbol: 'BTC-USDT',
    position: 'net',
    memo: '>> [Error] Orders.Publish: Invalid instrument position; order rejected'
  },
  {
    order_id: <Buffer 00 e8 da cc d4 9a>,
    symbol: 'XRP-USDT',
    position: 'net',
    memo: '>> [Error] Orders.Publish: Invalid instrument position; order rejected'
  },
  {
    order_id: <Buffer 00 e8 da cc d4 8c>,
    symbol: 'ETH-USDT',
    position: 'net',
    memo: '>> [Error] Orders.Publish: Invalid instrument position; order rejected'
  },
  {
    order_id: <Buffer 00 e8 da cc d4 8a>,
    symbol: 'ETH-USDT',
    position: 'net',
    memo: '>> [Error] Orders.Publish: Invalid instrument position; order rejected'
  },
  {
    order_id: <Buffer 00 e8 da cc d4 78>,
    symbol: 'LINK-USDT',
    position: 'net',
    memo: '>> [Error] Orders.Publish: Invalid instrument position; order rejected'
  },
  {
    order_id: <Buffer 00 e8 da cc d3 d3>,
    symbol: 'ETH-USDT',
    position: 'net',
    memo: '>> [Error] Orders.Publish: Invalid instrument position; order rejected'
  },
  {
    order_id: <Buffer 00 e8 da cc d3 a1>,
    symbol: 'ETH-USDT',
    position: 'net',
    memo: '>> [Error] Orders.Publish: Invalid instrument position; order rejected'
  },
  {
    order_id: <Buffer 00 e8 da cc d3 40>,
    symbol: 'POPCAT-USDT',
    position: 'net',
    memo: '>> [Error] Orders.Publish: Invalid instrument position; order rejected'
  },
  {
    order_id: <Buffer 00 e8 da cc d3 36>,
    symbol: 'TURBO-USDT',
    position: 'net',
    memo: '>> [Error] Orders.Publish: Invalid instrument position; order rejected'
  },
  {
    order_id: <Buffer 00 e8 da cc d3 32>,
    symbol: 'PONKE-USDT',
    position: 'net',
    memo: '>> [Error] Orders.Publish: Invalid instrument position; order rejected'
  },
  {
    order_id: <Buffer 00 e8 da cc d3 1a>,
    symbol: 'NOT-USDT',
    position: 'net',
    memo: '>> [Error] Orders.Publish: Invalid instrument position; order rejected'
  },
  {
    order_id: <Buffer 00 e8 da cc d2 a9>,
    symbol: 'XRP-USDT',
    position: 'net',
    memo: '>> [Error] Orders.Publish: Invalid instrument position; order rejected'
  },
  {
    order_id: <Buffer 00 e8 da cc d2 87>,
    symbol: 'TURBO-USDT',
    position: 'net',
    memo: '>> [Error] Orders.Publish: Invalid instrument position; order rejected'
  },
  {
    order_id: <Buffer 00 e8 da cc d2 71>,
    symbol: 'NOT-USDT',
    position: 'net',
    memo: '>> [Error] Orders.Publish: Invalid instrument position; order rejected'
  },
  {
    order_id: <Buffer 00 e8 da cc d2 65>,
    symbol: 'ETH-USDT',
    position: 'net',
    memo: '>> [Error] Orders.Publish: Invalid instrument position; order rejected'
  },
  {
    order_id: <Buffer 00 e8 da cc d2 5c>,
    symbol: 'BTC-USDT',
    position: 'net',
    memo: '>> [Error] Orders.Publish: Invalid instrument position; order rejected'
  },
  {
    order_id: <Buffer 00 e8 da cc ca a6>,
    symbol: 'LINK-USDT',
    position: 'net',
    memo: '>> [Error] Orders.Publish: Invalid instrument position; order rejected'
  },
  {
    order_id: <Buffer 00 e8 da cc c9 c2>,
    symbol: 'PONKE-USDT',
    position: 'net',
    memo: '>> [Error] Orders.Publish: Invalid instrument position; order rejected'
  },
  {
    order_id: <Buffer 00 e8 da cc c9 ae>,
    symbol: 'POPCAT-USDT',
    position: 'net',
    memo: '>> [Error] Orders.Publish: Invalid instrument position; order rejected'
  }
]
In Stop.Orders.Import [API]
-> Fetch:History [API]
-> Fetch:Pending [API]
-> History.Publish.Stops [API]
   # History Stop Orders Processed [40]:  31 published
In Execute.Trades: 12/18/2025, 11:37:11 PM
In Position.Import [API]
In Orders.Import [API]
-> Fetch:History [API]
-> Fetch:Pending [API]
-> History.Publish [API]
   # History Orders Rejected:  20 [
  {
    order_id: <Buffer 00 e8 da cd 0c 47>,
    symbol: 'XRP-USDT',
    position: 'net',
    memo: '>> [Error] Orders.Publish: Invalid instrument position; order rejected'
  },
  {
    order_id: <Buffer 00 e8 da cc d9 76>,
    symbol: 'DOGE-USDT',
    position: 'net',
    memo: '>> [Error] Orders.Publish: Invalid instrument position; order rejected'
  },
  {
    order_id: <Buffer 00 e8 da cc d9 04>,
    symbol: 'DOGE-USDT',
    position: 'net',
    memo: '>> [Error] Orders.Publish: Invalid instrument position; order rejected'
  },
  {
    order_id: <Buffer 00 e8 da cc d8 8f>,
    symbol: 'XRP-USDT',
    position: 'net',
    memo: '>> [Error] Orders.Publish: Invalid instrument position; order rejected'
  },
  {
    order_id: <Buffer 00 e8 da cc d8 83>,
    symbol: 'XRP-USDT',
    position: 'net',
    memo: '>> [Error] Orders.Publish: Invalid instrument position; order rejected'
  },
  {
    order_id: <Buffer 00 e8 da cc d8 4e>,
    symbol: 'XRP-USDT',
    position: 'net',
    memo: '>> [Error] Orders.Publish: Invalid instrument position; order rejected'
  },
  {
    order_id: <Buffer 00 e8 da cc d8 3f>,
    symbol: 'XRP-USDT',
    position: 'net',
    memo: '>> [Error] Orders.Publish: Invalid instrument position; order rejected'
  },
  {
    order_id: <Buffer 00 e8 da cc d8 08>,
    symbol: 'XRP-USDT',
    position: 'net',
    memo: '>> [Error] Orders.Publish: Invalid instrument position; order rejected'
  },
  {
    order_id: <Buffer 00 e8 da cc d7 fc>,
    symbol: 'ETH-USDT',
    position: 'net',
    memo: '>> [Error] Orders.Publish: Invalid instrument position; order rejected'
  },
  {
    order_id: <Buffer 00 e8 da cc d7 5e>,
    symbol: 'ETH-USDT',
    position: 'net',
    memo: '>> [Error] Orders.Publish: Invalid instrument position; order rejected'
  },
  {
    order_id: <Buffer 00 e8 da cc d7 4e>,
    symbol: 'XRP-USDT',
    position: 'net',
    memo: '>> [Error] Orders.Publish: Invalid instrument position; order rejected'
  },
  {
    order_id: <Buffer 00 e8 da cc d6 f2>,
    symbol: 'ETH-USDT',
    position: 'net',
    memo: '>> [Error] Orders.Publish: Invalid instrument position; order rejected'
  },
  {
    order_id: <Buffer 00 e8 da cc d6 d8>,
    symbol: 'XRP-USDT',
    position: 'net',
    memo: '>> [Error] Orders.Publish: Invalid instrument position; order rejected'
  },
  {
    order_id: <Buffer 00 e8 da cc d6 cb>,
    symbol: 'BTC-USDT',
    position: 'net',
    memo: '>> [Error] Orders.Publish: Invalid instrument position; order rejected'
  },
  {
    order_id: <Buffer 00 e8 da cc d5 ed>,
    symbol: 'XRP-USDT',
    position: 'net',
    memo: '>> [Error] Orders.Publish: Invalid instrument position; order rejected'
  },
  {
    order_id: <Buffer 00 e8 da cc d5 eb>,
    symbol: 'XRP-USDT',
    position: 'net',
    memo: '>> [Error] Orders.Publish: Invalid instrument position; order rejected'
  },
  {
    order_id: <Buffer 00 e8 da cc d5 e9>,
    symbol: 'ETH-USDT',
    position: 'net',
    memo: '>> [Error] Orders.Publish: Invalid instrument position; order rejected'
  },
  {
    order_id: <Buffer 00 e8 da cc d5 e7>,
    symbol: 'ETH-USDT',
    position: 'net',
    memo: '>> [Error] Orders.Publish: Invalid instrument position; order rejected'
  },
  {
    order_id: <Buffer 00 e8 da cc d5 39>,
    symbol: 'BTC-USDT',
    position: 'net',
    memo: '>> [Error] Orders.Publish: Invalid instrument position; order rejected'
  },
  {
    order_id: <Buffer 00 e8 da cc d5 23>,
    symbol: 'XRP-USDT',
    position: 'net',
    memo: '>> [Error] Orders.Publish: Invalid instrument position; order rejected'
  }
]
In Stop.Orders.Import [API]
-> Fetch:History [API]
-> Fetch:Pending [API]
-> History.Publish.Stops [API]
   # History Stop Orders Processed [40]:  20 published
In Execute.Trades: 12/18/2025, 11:37:40 PM
In Position.Import [API]
In Orders.Import [API]
-> Fetch:History [API]
-> Fetch:Pending [API]
-> History.Publish [API]
   # History Orders Rejected:  20 [
  {
    order_id: <Buffer 00 e8 da ce 19 1c>,
    symbol: 'DOGE-USDT',
    position: 'net',
    memo: '>> [Error] Orders.Publish: Invalid instrument position; order rejected'
  },
  {
    order_id: <Buffer 00 e8 da ce 19 00>,
    symbol: 'AVAX-USDT',
    position: 'net',
    memo: '>> [Error] Orders.Publish: Invalid instrument position; order rejected'
  },
  {
    order_id: <Buffer 00 e8 da ce 18 b8>,
    symbol: 'ONDO-USDT',
    position: 'net',
    memo: '>> [Error] Orders.Publish: Invalid instrument position; order rejected'
  },
  {
    order_id: <Buffer 00 e8 da cd e8 3e>,
    symbol: 'XRP-USDT',
    position: 'net',
    memo: '>> [Error] Orders.Publish: Invalid instrument position; order rejected'
  },
  {
    order_id: <Buffer 00 e8 da cd d2 42>,
    symbol: 'XRP-USDT',
    position: 'net',
    memo: '>> [Error] Orders.Publish: Invalid instrument position; order rejected'
  },
  {
    order_id: <Buffer 00 e8 da cd cd ad>,
    symbol: 'XRP-USDT',
    position: 'net',
    memo: '>> [Error] Orders.Publish: Invalid instrument position; order rejected'
  },
  {
    order_id: <Buffer 00 e8 da cd cb 96>,
    symbol: 'XRP-USDT',
    position: 'net',
    memo: '>> [Error] Orders.Publish: Invalid instrument position; order rejected'
  },
  {
    order_id: <Buffer 00 e8 da cd a6 a9>,
    symbol: 'WIF-USDT',
    position: 'net',
    memo: '>> [Error] Orders.Publish: Invalid instrument position; order rejected'
  },
  {
    order_id: <Buffer 00 e8 da cd a5 39>,
    symbol: 'WIF-USDT',
    position: 'net',
    memo: '>> [Error] Orders.Publish: Invalid instrument position; order rejected'
  },
  {
    order_id: <Buffer 00 e8 da cd a2 7a>,
    symbol: 'BTC-USDT',
    position: 'net',
    memo: '>> [Error] Orders.Publish: Invalid instrument position; order rejected'
  },
  {
    order_id: <Buffer 00 e8 da cd 9f ae>,
    symbol: 'XRP-USDT',
    position: 'net',
    memo: '>> [Error] Orders.Publish: Invalid instrument position; order rejected'
  },
  {
    order_id: <Buffer 00 e8 da cd 94 a9>,
    symbol: 'XRP-USDT',
    position: 'net',
    memo: '>> [Error] Orders.Publish: Invalid instrument position; order rejected'
  },
  {
    order_id: <Buffer 00 e8 da cd 8d 2b>,
    symbol: 'BTC-USDT',
    position: 'net',
    memo: '>> [Error] Orders.Publish: Invalid instrument position; order rejected'
  },
  {
    order_id: <Buffer 00 e8 da cd 8c f0>,
    symbol: 'BTC-USDT',
    position: 'net',
    memo: '>> [Error] Orders.Publish: Invalid instrument position; order rejected'
  },
  {
    order_id: <Buffer 00 e8 da cd 8c db>,
    symbol: 'XRP-USDT',
    position: 'net',
    memo: '>> [Error] Orders.Publish: Invalid instrument position; order rejected'
  },
  {
    order_id: <Buffer 00 e8 da cd 7f b5>,
    symbol: 'BTC-USDT',
    position: 'net',
    memo: '>> [Error] Orders.Publish: Invalid instrument position; order rejected'
  },
  {
    order_id: <Buffer 00 e8 da cd 7c fb>,
    symbol: 'XRP-USDT',
    position: 'net',
    memo: '>> [Error] Orders.Publish: Invalid instrument position; order rejected'
  },
  {
    order_id: <Buffer 00 e8 da cd 3c 0f>,
    symbol: 'XRP-USDT',
    position: 'net',
    memo: '>> [Error] Orders.Publish: Invalid instrument position; order rejected'
  },
  {
    order_id: <Buffer 00 e8 da cd 35 09>,
    symbol: 'XRP-USDT',
    position: 'net',
    memo: '>> [Error] Orders.Publish: Invalid instrument position; order rejected'
  },
  {
    order_id: <Buffer 00 e8 da cd 33 3c>,
    symbol: 'XRP-USDT',
    position: 'net',
    memo: '>> [Error] Orders.Publish: Invalid instrument position; order rejected'
  }
]
In Stop.Orders.Import [API]
-> Fetch:History [API]
-> Fetch:Pending [API]
-> History.Publish.Stops [API]
   # History Stop Orders Processed [38]:  19 published
-> WSS.Publish [API]
-> [Info] account updated {
  filters: { account: <Buffer 24 59 7a> },
  columns: { update_time: 2025-12-19T07:37:52.343Z }
}
-> [Info] account updated {
  filters: { account: <Buffer 24 59 7a> },
  columns: { update_time: 2025-12-19T07:37:52.357Z }
}
In Execute.Trades: 12/18/2025, 11:38:09 PM
In Position.Import [API]
In Orders.Import [API]
-> Fetch:History [API]
-> Fetch:Pending [API]
-> History.Publish [API]
   # History Orders Rejected:  20 [
  {
    order_id: <Buffer 00 e8 db 0b 7c 86>,
    symbol: 'DOGE-USDT',
    position: 'net',
    memo: '>> [Error] Orders.Publish: Invalid instrument position; order rejected'
  },
  {
    order_id: <Buffer 00 e8 da ce d2 48>,
    symbol: 'WIF-USDT',
    position: 'net',
    memo: '>> [Error] Orders.Publish: Invalid instrument position; order rejected'
  },
  {
    order_id: <Buffer 00 e8 da ce aa 7d>,
    symbol: 'XRP-USDT',
    position: 'net',
    memo: '>> [Error] Orders.Publish: Invalid instrument position; order rejected'
  },
  {
    order_id: <Buffer 00 e8 da ce 3d 05>,
    symbol: 'AVAX-USDT',
    position: 'net',
    memo: '>> [Error] Orders.Publish: Invalid instrument position; order rejected'
  },
  {
    order_id: <Buffer 00 e8 da ce 3b 7e>,
    symbol: 'WIF-USDT',
    position: 'net',
    memo: '>> [Error] Orders.Publish: Invalid instrument position; order rejected'
  },
  {
    order_id: <Buffer 00 e8 da ce 3b 55>,
    symbol: 'AR-USDT',
    position: 'net',
    memo: '>> [Error] Orders.Publish: Invalid instrument position; order rejected'
  },
  {
    order_id: <Buffer 00 e8 da ce 3a 3e>,
    symbol: 'AVAX-USDT',
    position: 'net',
    memo: '>> [Error] Orders.Publish: Invalid instrument position; order rejected'
  },
  {
    order_id: <Buffer 00 e8 da ce 3a 29>,
    symbol: 'AR-USDT',
    position: 'net',
    memo: '>> [Error] Orders.Publish: Invalid instrument position; order rejected'
  },
  {
    order_id: <Buffer 00 e8 da ce 3a 1d>,
    symbol: 'INJ-USDT',
    position: 'net',
    memo: '>> [Error] Orders.Publish: Invalid instrument position; order rejected'
  },
  {
    order_id: <Buffer 00 e8 da ce 39 fe>,
    symbol: 'XRP-USDT',
    position: 'net',
    memo: '>> [Error] Orders.Publish: Invalid instrument position; order rejected'
  },
  {
    order_id: <Buffer 00 e8 da ce 30 53>,
    symbol: 'AVAX-USDT',
    position: 'net',
    memo: '>> [Error] Orders.Publish: Invalid instrument position; order rejected'
  },
  {
    order_id: <Buffer 00 e8 da ce 2b 92>,
    symbol: 'ONDO-USDT',
    position: 'net',
    memo: '>> [Error] Orders.Publish: Invalid instrument position; order rejected'
  },
  {
    order_id: <Buffer 00 e8 da ce 25 db>,
    symbol: 'AR-USDT',
    position: 'net',
    memo: '>> [Error] Orders.Publish: Invalid instrument position; order rejected'
  },
  {
    order_id: <Buffer 00 e8 da ce 24 21>,
    symbol: 'AVAX-USDT',
    position: 'net',
    memo: '>> [Error] Orders.Publish: Invalid instrument position; order rejected'
  },
  {
    order_id: <Buffer 00 e8 da ce 24 03>,
    symbol: 'XRP-USDT',
    position: 'net',
    memo: '>> [Error] Orders.Publish: Invalid instrument position; order rejected'
  },
  {
    order_id: <Buffer 00 e8 da ce 22 5b>,
    symbol: 'XRP-USDT',
    position: 'net',
    memo: '>> [Error] Orders.Publish: Invalid instrument position; order rejected'
  },
  {
    order_id: <Buffer 00 e8 da ce 1f ad>,
    symbol: 'AR-USDT',
    position: 'net',
    memo: '>> [Error] Orders.Publish: Invalid instrument position; order rejected'
  },
  {
    order_id: <Buffer 00 e8 da ce 1f 6a>,
    symbol: 'INJ-USDT',
    position: 'net',
    memo: '>> [Error] Orders.Publish: Invalid instrument position; order rejected'
  },
  {
    order_id: <Buffer 00 e8 da ce 1d 07>,
    symbol: 'ONDO-USDT',
    position: 'net',
    memo: '>> [Error] Orders.Publish: Invalid instrument position; order rejected'
  },
  {
    order_id: <Buffer 00 e8 da ce 1c 2e>,
    symbol: 'ONDO-USDT',
    position: 'net',
    memo: '>> [Error] Orders.Publish: Invalid instrument position; order rejected'
  }
]
In Stop.Orders.Import [API]
-> Fetch:History [API]
-> Fetch:Pending [API]
In Execute.Trades: 12/18/2025, 11:38:38 PM
In Position.Import [API]
In Orders.Import [API]
-> Fetch:History [API]
-> Fetch:Pending [API]
-> History.Publish [API]
   # History Orders Processed [20]:  10 published
   # History Orders Rejected:  10 [
  {
    order_id: <Buffer 00 e8 db 0b 98 6c>,
    symbol: 'BTC-USDT',
    position: 'net',
    memo: '>> [Error] Orders.Publish: Invalid instrument position; order rejected'
  },
  {
    order_id: <Buffer 00 e8 db 0b 98 50>,
    symbol: 'BTC-USDT',
    position: 'net',
    memo: '>> [Error] Orders.Publish: Invalid instrument position; order rejected'
  },
  {
    order_id: <Buffer 00 e8 db 0b 95 06>,
    symbol: 'BTC-USDT',
    position: 'net',
    memo: '>> [Error] Orders.Publish: Invalid instrument position; order rejected'
  },
  {
    order_id: <Buffer 00 e8 db 0b 8f ca>,
    symbol: 'BTC-USDT',
    position: 'net',
    memo: '>> [Error] Orders.Publish: Invalid instrument position; order rejected'
  },
  {
    order_id: <Buffer 00 e8 db 0b 8c be>,
    symbol: 'BTC-USDT',
    position: 'net',
    memo: '>> [Error] Orders.Publish: Invalid instrument position; order rejected'
  },
  {
    order_id: <Buffer 00 e8 db 0b 8c 40>,
    symbol: 'BTC-USDT',
    position: 'net',
    memo: '>> [Error] Orders.Publish: Invalid instrument position; order rejected'
  },
  {
    order_id: <Buffer 00 e8 db 0b 8b 94>,
    symbol: 'BTC-USDT',
    position: 'net',
    memo: '>> [Error] Orders.Publish: Invalid instrument position; order rejected'
  },
  {
    order_id: <Buffer 00 e8 db 0b 7d 45>,
    symbol: 'BTC-USDT',
    position: 'net',
    memo: '>> [Error] Orders.Publish: Invalid instrument position; order rejected'
  },
  {
    order_id: <Buffer 00 e8 db 0b 7c 93>,
    symbol: 'AR-USDT',
    position: 'net',
    memo: '>> [Error] Orders.Publish: Invalid instrument position; order rejected'
  },
  {
    order_id: <Buffer 00 e8 db 0b 7c 8c>,
    symbol: 'INJ-USDT',
    position: 'net',
    memo: '>> [Error] Orders.Publish: Invalid instrument position; order rejected'
  }
]
In Stop.Orders.Import [API]
-> Fetch:History [API]
-> Fetch:Pending [API]
In Execute.Trades: 12/18/2025, 11:39:07 PM
In Position.Import [API]
In Orders.Import [API]
-> Fetch:History [API]
-> Fetch:Pending [API]
-> History.Publish [API]
   # History Orders Processed [20]:  20 published
In Stop.Orders.Import [API]
-> Fetch:History [API]
-> Fetch:Pending [API]
In Execute.Trades: 12/18/2025, 11:39:36 PM
In Position.Import [API]
In Orders.Import [API]
-> Fetch:History [API]
-> Fetch:Pending [API]
-> History.Publish [API]
   # History Orders Processed [20]:  20 published
In Stop.Orders.Import [API]
-> Fetch:History [API]
-> Fetch:Pending [API]
In Execute.Trades: 12/18/2025, 11:40:05 PM
In Position.Import [API]
In Orders.Import [API]
-> Fetch:History [API]
-> Fetch:Pending [API]
-> History.Publish [API]
   # History Orders Processed [20]:  20 published
In Stop.Orders.Import [API]
-> Fetch:History [API]
-> Fetch:Pending [API]
In Execute.Trades: 12/18/2025, 11:40:35 PM
In Position.Import [API]
In Orders.Import [API]
-> Fetch:History [API]
-> Fetch:Pending [API]
-> History.Publish [API]
   # History Orders Processed [20]:  20 published
In Stop.Orders.Import [API]
-> Fetch:History [API]
-> Fetch:Pending [API]
In Execute.Trades: 12/18/2025, 11:41:04 PM
In Position.Import [API]
In Orders.Import [API]
-> Fetch:History [API]
-> Fetch:Pending [API]
-> History.Publish [API]
   # History Orders Processed [20]:  20 published
In Stop.Orders.Import [API]
-> Fetch:History [API]
-> Fetch:Pending [API]
In Execute.Trades: 12/18/2025, 11:41:33 PM
In Position.Import [API]
In Orders.Import [API]
-> Fetch:History [API]
-> Fetch:Pending [API]
-> History.Publish [API]
   # History Orders Processed [20]:  20 published
In Stop.Orders.Import [API]
-> Fetch:History [API]
-> Fetch:Pending [API]
In Execute.Trades: 12/18/2025, 11:42:02 PM
In Position.Import [API]
In Orders.Import [API]
-> Fetch:History [API]
-> Fetch:Pending [API]
-> History.Publish [API]
   # History Orders Processed [20]:  20 published
In Stop.Orders.Import [API]
-> Fetch:History [API]
-> Fetch:Pending [API]
In Execute.Trades: 12/18/2025, 11:42:31 PM
In Position.Import [API]
In Orders.Import [API]
-> Fetch:History [API]
-> Fetch:Pending [API]
-> History.Publish [API]
   # History Orders Processed [20]:  20 published
In Stop.Orders.Import [API]
-> Fetch:History [API]
-> Fetch:Pending [API]
-> WSS.Publish [API]
-> [Info] account updated {
  filters: { account: <Buffer 24 59 7a> },
  columns: { total_equity: 55118.894, update_time: 2025-12-19T07:42:52.373Z }
}
-> [Info] account updated {
  filters: { account: <Buffer 24 59 7a> },
  columns: { total_equity: 55118.894, update_time: 2025-12-19T07:42:52.378Z }
}
-> [Info] account_detail updated {
  filters: { account: <Buffer 24 59 7a>, currency: <Buffer b5 2b c7> },
  columns: { equity_usd: 55118.894, coin_usd_price: 0.999398 }
}
-> [Info] account_detail updated {
  filters: { account: <Buffer 24 59 7a>, currency: <Buffer b5 2b c7> },
  columns: { equity_usd: 55118.894, coin_usd_price: 0.999398 }
}
In Execute.Trades: 12/18/2025, 11:43:00 PM
In Position.Import [API]
In Orders.Import [API]
-> Fetch:History [API]
-> Fetch:Pending [API]
-> History.Publish [API]
   # History Orders Processed [20]:  20 published
In Stop.Orders.Import [API]
-> Fetch:History [API]
-> Fetch:Pending [API]
In Execute.Trades: 12/18/2025, 11:43:29 PM
In Position.Import [API]
In Orders.Import [API]
-> Fetch:History [API]
-> Fetch:Pending [API]
-> History.Publish [API]
   # History Orders Processed [20]:  20 published
In Stop.Orders.Import [API]
-> Fetch:History [API]
-> Fetch:Pending [API]
In Execute.Trades: 12/18/2025, 11:43:58 PM
In Position.Import [API]
In Orders.Import [API]
-> Fetch:History [API]
-> Fetch:Pending [API]
-> History.Publish [API]
   # History Orders Processed [20]:  20 published
In Stop.Orders.Import [API]
-> Fetch:History [API]
-> Fetch:Pending [API]
In Execute.Trades: 12/18/2025, 11:44:27 PM
In Position.Import [API]
In Orders.Import [API]
-> Fetch:History [API]
-> Fetch:Pending [API]
-> History.Publish [API]
   # History Orders Processed [20]:  20 published
In Stop.Orders.Import [API]
-> Fetch:History [API]
-> Fetch:Pending [API]
In Execute.Trades: 12/18/2025, 11:44:56 PM
In Position.Import [API]
In Orders.Import [API]
-> Fetch:History [API]
-> Fetch:Pending [API]
-> History.Publish [API]
   # History Orders Processed [20]:  20 published
In Stop.Orders.Import [API]
-> Fetch:History [API]
-> Fetch:Pending [API]
In Execute.Trades: 12/18/2025, 11:45:25 PM
In Position.Import [API]
In Orders.Import [API]
-> Fetch:History [API]
-> Fetch:Pending [API]
-> History.Publish [API]
   # History Orders Processed [20]:  20 published
In Stop.Orders.Import [API]
-> Fetch:History [API]
-> Fetch:Pending [API]
In Execute.Trades: 12/18/2025, 11:45:54 PM
In Position.Import [API]
In Orders.Import [API]
-> Fetch:History [API]
-> Fetch:Pending [API]
-> History.Publish [API]
   # History Orders Processed [20]:  20 published
In Stop.Orders.Import [API]
-> Fetch:History [API]
-> Fetch:Pending [API]
In Execute.Trades: 12/18/2025, 11:46:23 PM
In Position.Import [API]
In Orders.Import [API]
-> Fetch:History [API]
-> Fetch:Pending [API]
-> History.Publish [API]
   # History Orders Processed [4]:  4 published
In Stop.Orders.Import [API]
-> Fetch:History [API]
-> Fetch:Pending [API]
In Execute.Trades: 12/18/2025, 11:46:52 PM
In Position.Import [API]
In Orders.Import [API]
-> Fetch:History [API]
-> Fetch:Pending [API]
In Stop.Orders.Import [API]
-> Fetch:History [API]
-> Fetch:Pending [API]
In Execute.Trades: 12/18/2025, 11:47:21 PM
In Position.Import [API]
In Orders.Import [API]
-> Fetch:History [API]
-> Fetch:Pending [API]
In Stop.Orders.Import [API]
-> Fetch:History [API]
-> Fetch:Pending [API]
In Execute.Trades: 12/18/2025, 11:47:50 PM
In Position.Import [API]
In Orders.Import [API]
-> Fetch:History [API]
-> Fetch:Pending [API]
In Stop.Orders.Import [API]
-> Fetch:History [API]
-> Fetch:Pending [API]
-> WSS.Publish [API]
-> [Info] account updated {
  filters: { account: <Buffer 24 59 7a> },
  columns: { update_time: 2025-12-19T07:47:52.366Z }
}
-> [Info] account updated {
  filters: { account: <Buffer 24 59 7a> },
  columns: { update_time: 2025-12-19T07:47:52.366Z }
}
In Execute.Trades: 12/18/2025, 11:48:19 PM
In Position.Import [API]
In Orders.Import [API]
-> Fetch:History [API]
-> Fetch:Pending [API]
In Stop.Orders.Import [API]
-> Fetch:History [API]
-> Fetch:Pending [API]
In Execute.Trades: 12/18/2025, 11:48:48 PM
In Position.Import [API]
In Orders.Import [API]
-> Fetch:History [API]
-> Fetch:Pending [API]
In Stop.Orders.Import [API]
-> Fetch:History [API]
-> Fetch:Pending [API]
In Execute.Trades: 12/18/2025, 11:49:17 PM
In Position.Import [API]
In Orders.Import [API]
-> Fetch:History [API]
-> Fetch:Pending [API]
In Stop.Orders.Import [API]
-> Fetch:History [API]
-> Fetch:Pending [API]
In Execute.Trades: 12/18/2025, 11:49:46 PM
In Position.Import [API]
In Orders.Import [API]
-> Fetch:History [API]
-> Fetch:Pending [API]
In Stop.Orders.Import [API]
-> Fetch:History [API]
-> Fetch:Pending [API]
In Execute.Trades: 12/18/2025, 11:50:15 PM
In Position.Import [API]
In Orders.Import [API]
-> Fetch:History [API]
-> Fetch:Pending [API]
In Stop.Orders.Import [API]
-> Fetch:History [API]
-> Fetch:Pending [API]
In Execute.Trades: 12/18/2025, 11:50:44 PM
In Position.Import [API]
In Orders.Import [API]
-> Fetch:History [API]
-> Fetch:Pending [API]
In Stop.Orders.Import [API]
-> Fetch:History [API]
-> Fetch:Pending [API]
In Execute.Trades: 12/18/2025, 11:51:13 PM
In Position.Import [API]
In Orders.Import [API]
-> Fetch:History [API]
-> Fetch:Pending [API]
In Stop.Orders.Import [API]
-> Fetch:History [API]
-> Fetch:Pending [API]
