[Info] Session.Config: Blofin Demo configured successfully
>> [Info] Application.Initialization start: 12/19/2025, 12:48:51 AM
-> Active Session: {
  candle_max_fetch: 1440,
  leverage_max_fetch: 20,
  orders_max_fetch: 100,
  default_sma: 60,
  default_leverage: 10,
  alias: 'Blofin Demo',
  api: '6e03ab69bdd646c1afbc92bc3725edaa',
  secret: '66b55bde5057499bb8dd078f60d79cce',
  phrase: 'development_api_key',
  rest_api_url: 'https://demo-trading-openapi.blofin.com',
  private_wss_url: 'wss://demo-trading-openapi.blofin.com/ws/private',
  public_wss_url: 'wss://demo-trading-openapi.blofin.com/ws/public',
  account: <Buffer 24 59 7a>,
  margin_mode: 'cross',
  hedging: 1,
  state: 'disconnected',
  audit_order: '0',
  audit_stops: '0'
}
In Subject.Area.Import: 12/19/2025, 12:48:51 AM
   # Subject Area imports:  5 verified
In Activity.Import: 12/19/2025, 12:48:51 AM
   # Activity imports:  8 verified
In Authority.Import: 12/19/2025, 12:48:52 AM
   # Authority imports:  6 verified
In Broker.Import: 12/19/2025, 12:48:52 AM
   # Broker imports:  1 verified
In Contract.Type.Import: 12/19/2025, 12:48:52 AM
   # Contract Type imports:  2 verified
In Environment.Import: 12/19/2025, 12:48:52 AM
   # Environment imports:  4 verified
In Instrument.Type.Import: 12/19/2025, 12:48:52 AM
   # Instrument Type imports:  1 verified
In Period.Import: 12/19/2025, 12:48:52 AM
   # Period imports:  15 verified
In Reference.Import: 12/19/2025, 12:48:53 AM
   # Order State imports:  7 verified
   # Request Type imports:  6 verified
   # Cancel Source imports:  3 verified
   # Price Type imports:  3 verified
   # Margin Mode imports:  2 verified
   # Hedging imports:  2 verified
   # Stop Type imports:  2 verified
   # Position imports:  3 verified
   # Order Category imports:  6 verified
In Role.Import: 12/19/2025, 12:48:53 AM
   # Role imports:  4 verified
In State.Import: 12/19/2025, 12:48:53 AM
   # State imports:  15 verified
In Instruments.Import [API]: 12/19/2025, 12:48:53 AM
-> Instrument.Publish [API]
-> [Info] instrument_detail updated {
  filters: { instrument: <Buffer 4e 48 f0> },
  columns: { max_leverage: 50 }
}
-> [Info] instrument_detail updated {
  filters: { instrument: <Buffer 4e 48 f0> },
  columns: { update_time: 2025-12-19T08:48:55.096Z }
}
-> [Info] instrument_detail updated {
  filters: { instrument: <Buffer e3 5e 45> },
  columns: { max_leverage: 25 }
}
-> [Info] instrument_detail updated {
  filters: { instrument: <Buffer e3 5e 45> },
  columns: { update_time: 2025-12-19T08:48:55.429Z }
}
-> [Info] instrument_detail updated {
  filters: { instrument: <Buffer dd 63 0b> },
  columns: { max_leverage: 75 }
}
-> [Info] instrument_detail updated {
  filters: { instrument: <Buffer dd 63 0b> },
  columns: { update_time: 2025-12-19T08:48:55.796Z }
}
-> [Info] instrument_detail updated {
  filters: { instrument: <Buffer e8 6a e9> },
  columns: { max_leverage: 50 }
}
-> [Info] instrument_detail updated {
  filters: { instrument: <Buffer e8 6a e9> },
  columns: { update_time: 2025-12-19T08:48:56.122Z }
}
-> [Info] instrument_detail updated {
  filters: { instrument: <Buffer 3d d2 cd> },
  columns: { max_leverage: 75 }
}
-> [Info] instrument_detail updated {
  filters: { instrument: <Buffer 3d d2 cd> },
  columns: { update_time: 2025-12-19T08:48:56.380Z }
}
   # Instruments Updated:  5 modified
-> Instruments.Fetch [API]: 12/19/2025, 12:48:56 AM
-> Instrument.Position.Import [API]
   # [Info] Instrument.Position.Import: 88 instruments published
   # [Info] Instrument.Position.Import: 176 positions published
-> Imports Authorized: ONDO-USDT,XRP-USDT,DOGE-USDT,AR-USDT,ADA-USDT,BTC-USDT,AR-USDT,AVAX-USDT
In App.Loader for  { symbol: 'ONDO-USDT', timeframe: '15m', startTime: 0 } start:  12/19/2025, 12:48:57 AM
In App.Loader for  { symbol: 'XRP-USDT', timeframe: '15m', startTime: 0 } start:  12/19/2025, 12:48:57 AM
In App.Loader for  { symbol: 'DOGE-USDT', timeframe: '15m', startTime: 0 } start:  12/19/2025, 12:48:57 AM
In App.Loader for  { symbol: 'AR-USDT', timeframe: '1H', startTime: 0 } start:  12/19/2025, 12:48:57 AM
In App.Loader for  { symbol: 'ADA-USDT', timeframe: '15m', startTime: 0 } start:  12/19/2025, 12:48:57 AM
In App.Loader for  { symbol: 'BTC-USDT', timeframe: '15m', startTime: 0 } start:  12/19/2025, 12:48:57 AM
In App.Loader for  { symbol: 'AR-USDT', timeframe: '30m', startTime: 0 } start:  12/19/2025, 12:48:57 AM
In App.Loader for  { symbol: 'AVAX-USDT', timeframe: '1H', startTime: 0 } start:  12/19/2025, 12:48:57 AM
Loader start for AR-USDT after 0 on 2025-12-19T08:48:57.444Z
Fetching candles for AR-USDT after [0,1970-01-01T00:00:00.000Z]
Loader start for ADA-USDT after 0 on 2025-12-19T08:48:57.445Z
Fetching candles for ADA-USDT after [0,1970-01-01T00:00:00.000Z]
Loader start for ONDO-USDT after 0 on 2025-12-19T08:48:57.446Z
Fetching candles for ONDO-USDT after [0,1970-01-01T00:00:00.000Z]
Loader start for XRP-USDT after 0 on 2025-12-19T08:48:57.447Z
Fetching candles for XRP-USDT after [0,1970-01-01T00:00:00.000Z]
Loader start for DOGE-USDT after 0 on 2025-12-19T08:48:57.449Z
Fetching candles for DOGE-USDT after [0,1970-01-01T00:00:00.000Z]
Loader start for BTC-USDT after 0 on 2025-12-19T08:48:57.450Z
Fetching candles for BTC-USDT after [0,1970-01-01T00:00:00.000Z]
Loader start for AR-USDT after 0 on 2025-12-19T08:48:57.451Z
Fetching candles for AR-USDT after [0,1970-01-01T00:00:00.000Z]
Loader start for AVAX-USDT after 0 on 2025-12-19T08:48:57.452Z
Fetching candles for AVAX-USDT after [0,1970-01-01T00:00:00.000Z]
-> Candle.Publish [API]: AR-USDT / 1440
-> Candle.Publish [API]: AR-USDT / 1440
-> Candle.Publish [API]: DOGE-USDT / 1440
-> Candle.Publish [API]: AVAX-USDT / 1440
-> Candle.Publish [API]: ADA-USDT / 1440
-> [Info] candle updated {
  filters: {
    instrument: <Buffer 34 01 a2>,
    period: <Buffer 76 3c 11>,
    timestamp: 1766129400000
  },
  columns: {
    high: 3.42,
    low: 3.391,
    close: 3.416,
    volume: 766,
    vol_currency: 76.6,
    vol_currency_quote: 260.6583,
    completed: true
  }
}
-> [Info] candle updated {
  filters: {
    instrument: <Buffer 34 01 a2>,
    period: <Buffer 28 17 01>,
    timestamp: 1766127600000
  },
  columns: {
    close: 3.416,
    volume: 2606,
    vol_currency: 260.6,
    vol_currency_quote: 889.1085,
    completed: true
  }
}
-> Candle.Publish [API]: BTC-USDT / 1440
-> [Info] candle updated {
  filters: {
    instrument: <Buffer d4 45 2e>,
    period: <Buffer 03 e8 0e>,
    timestamp: 1766129400000
  },
  columns: {
    high: 0.12788,
    close: 0.12775,
    volume: 1251,
    vol_currency: 1251540,
    vol_currency_quote: 159787.8472,
    completed: true
  }
}
-> [Info] candle updated {
  filters: {
    instrument: <Buffer 4d 38 93>,
    period: <Buffer 28 17 01>,
    timestamp: 1766127600000
  },
  columns: {
    close: 11.928,
    volume: 35779,
    vol_currency: 35779.8,
    vol_currency_quote: 426942.056,
    completed: true
  }
}
-> [Info] candle updated {
  filters: {
    instrument: <Buffer 6b 57 71>,
    period: <Buffer 03 e8 0e>,
    timestamp: 1766129400000
  },
  columns: {
    close: 87733.5,
    volume: 20307,
    vol_currency: 20.3077,
    vol_currency_quote: 1783007.23212,
    completed: true
  }
}
-> [Info] candle updated {
  filters: {
    instrument: <Buffer 94 99 63>,
    period: <Buffer 03 e8 0e>,
    timestamp: 1766129400000
  },
  columns: {
    high: 0.366,
    close: 0.3659,
    volume: 996,
    vol_currency: 99686,
    vol_currency_quote: 36437.0181,
    completed: true
  }
}
-> Candle.Publish [API]: ONDO-USDT / 1440
-> [Info] candle updated {
  filters: {
    instrument: <Buffer dd 63 0b>,
    period: <Buffer 03 e8 0e>,
    timestamp: 1766129400000
  },
  columns: {
    high: 0.385,
    close: 0.3843,
    volume: 3422,
    vol_currency: 342.2,
    vol_currency_quote: 131.27195,
    completed: true
  }
}
-> Candle.Publish [API]: XRP-USDT / 1440
-> [Info] candle updated {
  filters: {
    instrument: <Buffer a2 80 0a>,
    period: <Buffer 03 e8 0e>,
    timestamp: 1766129400000
  },
  columns: {
    high: 1.8655,
    close: 1.8648,
    volume: 2688,
    vol_currency: 268843,
    vol_currency_quote: 500368.3247,
    completed: true
  }
}
Fetching candles for AR-USDT after [1763542800000,2025-11-19T09:00:00.000Z]
Fetching candles for AR-USDT after [1760950800000,2025-10-20T09:00:00.000Z]
Fetching candles for DOGE-USDT after [1764838800000,2025-12-04T09:00:00.000Z]
Fetching candles for AVAX-USDT after [1760950800000,2025-10-20T09:00:00.000Z]
Fetching candles for BTC-USDT after [1764838800000,2025-12-04T09:00:00.000Z]
Fetching candles for ADA-USDT after [1764838800000,2025-12-04T09:00:00.000Z]
-> Candle.Publish [API]: AR-USDT / 1440
-> Candle.Publish [API]: AR-USDT / 1440
-> Candle.Publish [API]: DOGE-USDT / 1440
Fetching candles for ONDO-USDT after [1764838800000,2025-12-04T09:00:00.000Z]
-> Candle.Publish [API]: ADA-USDT / 1440
-> Candle.Publish [API]: AVAX-USDT / 1440
Fetching candles for XRP-USDT after [1764838800000,2025-12-04T09:00:00.000Z]
-> Candle.Publish [API]: BTC-USDT / 1440
-> Candle.Publish [API]: ONDO-USDT / 1440
-> Candle.Publish [API]: XRP-USDT / 1440
Fetching candles for AR-USDT after [1760950800000,2025-10-20T09:00:00.000Z]
Fetching candles for AR-USDT after [1755766800000,2025-08-21T09:00:00.000Z]
Fetching candles for DOGE-USDT after [1763542800000,2025-11-19T09:00:00.000Z]
Fetching candles for ADA-USDT after [1763542800000,2025-11-19T09:00:00.000Z]
Fetching candles for AVAX-USDT after [1755766800000,2025-08-21T09:00:00.000Z]
Fetching candles for BTC-USDT after [1763542800000,2025-11-19T09:00:00.000Z]
-> Candle.Publish [API]: AR-USDT / 1440
-> Candle.Publish [API]: AR-USDT / 1440
Fetching candles for ONDO-USDT after [1763542800000,2025-11-19T09:00:00.000Z]
-> Candle.Publish [API]: AVAX-USDT / 1440
Fetching candles for XRP-USDT after [1763542800000,2025-11-19T09:00:00.000Z]
-> Candle.Publish [API]: DOGE-USDT / 1440
-> Candle.Publish [API]: ADA-USDT / 1440
-> Candle.Publish [API]: BTC-USDT / 1440
-> Candle.Publish [API]: ONDO-USDT / 1440
-> Candle.Publish [API]: XRP-USDT / 1440
Fetching candles for AR-USDT after [1758358800000,2025-09-20T09:00:00.000Z]
Fetching candles for AR-USDT after [1750582800000,2025-06-22T09:00:00.000Z]
Fetching candles for AVAX-USDT after [1750582800000,2025-06-22T09:00:00.000Z]
Fetching candles for DOGE-USDT after [1762246800000,2025-11-04T09:00:00.000Z]
Fetching candles for ADA-USDT after [1762246800000,2025-11-04T09:00:00.000Z]
Fetching candles for BTC-USDT after [1762246800000,2025-11-04T09:00:00.000Z]
-> Candle.Publish [API]: AR-USDT / 1440
Fetching candles for ONDO-USDT after [1762246800000,2025-11-04T09:00:00.000Z]
-> Candle.Publish [API]: AVAX-USDT / 1440
-> Candle.Publish [API]: DOGE-USDT / 1440
-> Candle.Publish [API]: ADA-USDT / 1440
Fetching candles for XRP-USDT after [1762246800000,2025-11-04T09:00:00.000Z]
-> Candle.Publish [API]: BTC-USDT / 1440
-> Candle.Publish [API]: AR-USDT / 1440
-> Candle.Publish [API]: ONDO-USDT / 1440
-> Candle.Publish [API]: XRP-USDT / 1440
Fetching candles for AR-USDT after [1745398800000,2025-04-23T09:00:00.000Z]
Fetching candles for AVAX-USDT after [1745398800000,2025-04-23T09:00:00.000Z]
Fetching candles for DOGE-USDT after [1760950800000,2025-10-20T09:00:00.000Z]
Fetching candles for ADA-USDT after [1760950800000,2025-10-20T09:00:00.000Z]
Fetching candles for BTC-USDT after [1760950800000,2025-10-20T09:00:00.000Z]
-> Candle.Publish [API]: AR-USDT / 1440
Fetching candles for AR-USDT after [1755766800000,2025-08-21T09:00:00.000Z]
Fetching candles for ONDO-USDT after [1760950800000,2025-10-20T09:00:00.000Z]
-> Candle.Publish [API]: AVAX-USDT / 1440
-> Candle.Publish [API]: DOGE-USDT / 1440
-> Candle.Publish [API]: ADA-USDT / 1440
Fetching candles for XRP-USDT after [1760950800000,2025-10-20T09:00:00.000Z]
-> Candle.Publish [API]: AR-USDT / 1440
-> Candle.Publish [API]: ONDO-USDT / 1440
-> Candle.Publish [API]: BTC-USDT / 1440
-> Candle.Publish [API]: XRP-USDT / 1440
Fetching candles for AR-USDT after [1740214800000,2025-02-22T09:00:00.000Z]
Fetching candles for AVAX-USDT after [1740214800000,2025-02-22T09:00:00.000Z]
Fetching candles for DOGE-USDT after [1759654800000,2025-10-05T09:00:00.000Z]
Fetching candles for ADA-USDT after [1759654800000,2025-10-05T09:00:00.000Z]
-> Candle.Publish [API]: AR-USDT / 1440
Fetching candles for AR-USDT after [1753174800000,2025-07-22T09:00:00.000Z]
Fetching candles for ONDO-USDT after [1759654800000,2025-10-05T09:00:00.000Z]
Fetching candles for BTC-USDT after [1759654800000,2025-10-05T09:00:00.000Z]
-> Candle.Publish [API]: AVAX-USDT / 1440
-> Candle.Publish [API]: ADA-USDT / 1440
Fetching candles for XRP-USDT after [1759654800000,2025-10-05T09:00:00.000Z]
-> Candle.Publish [API]: AR-USDT / 1440
-> Candle.Publish [API]: DOGE-USDT / 1440
-> Candle.Publish [API]: BTC-USDT / 1440
-> Candle.Publish [API]: XRP-USDT / 1440
-> Candle.Publish [API]: ONDO-USDT / 1440
Fetching candles for AR-USDT after [1735030800000,2024-12-24T09:00:00.000Z]
Fetching candles for AVAX-USDT after [1735030800000,2024-12-24T09:00:00.000Z]
Fetching candles for ADA-USDT after [1758358800000,2025-09-20T09:00:00.000Z]
-> Candle.Publish [API]: AR-USDT / 1440
Fetching candles for DOGE-USDT after [1758358800000,2025-09-20T09:00:00.000Z]
Fetching candles for AR-USDT after [1750582800000,2025-06-22T09:00:00.000Z]
Fetching candles for BTC-USDT after [1758358800000,2025-09-20T09:00:00.000Z]
-> Candle.Publish [API]: AVAX-USDT / 1440
-> Candle.Publish [API]: ADA-USDT / 1440
Fetching candles for XRP-USDT after [1758358800000,2025-09-20T09:00:00.000Z]
-> Candle.Publish [API]: DOGE-USDT / 1440
-> Candle.Publish [API]: AR-USDT / 1440
-> Candle.Publish [API]: BTC-USDT / 1440
Fetching candles for ONDO-USDT after [1758358800000,2025-09-20T09:00:00.000Z]
-> Candle.Publish [API]: XRP-USDT / 1440
-> Candle.Publish [API]: ONDO-USDT / 1440
Fetching candles for AR-USDT after [1729846800000,2024-10-25T09:00:00.000Z]
Fetching candles for AVAX-USDT after [1729846800000,2024-10-25T09:00:00.000Z]
Fetching candles for ADA-USDT after [1757062800000,2025-09-05T09:00:00.000Z]
-> Candle.Publish [API]: AR-USDT / 1440
Fetching candles for DOGE-USDT after [1757062800000,2025-09-05T09:00:00.000Z]
Fetching candles for AR-USDT after [1747990800000,2025-05-23T09:00:00.000Z]
Fetching candles for BTC-USDT after [1757062800000,2025-09-05T09:00:00.000Z]
-> Candle.Publish [API]: AVAX-USDT / 1440
-> Candle.Publish [API]: ADA-USDT / 1440
Fetching candles for XRP-USDT after [1757062800000,2025-09-05T09:00:00.000Z]
-> Candle.Publish [API]: AR-USDT / 1440
-> Candle.Publish [API]: BTC-USDT / 1440
-> Candle.Publish [API]: DOGE-USDT / 1440
Fetching candles for ONDO-USDT after [1757062800000,2025-09-05T09:00:00.000Z]
-> Candle.Publish [API]: XRP-USDT / 1440
-> Candle.Publish [API]: ONDO-USDT / 1440
Fetching candles for AR-USDT after [1724662800000,2024-08-26T09:00:00.000Z]
Fetching candles for AVAX-USDT after [1724662800000,2024-08-26T09:00:00.000Z]
Fetching candles for ADA-USDT after [1755766800000,2025-08-21T09:00:00.000Z]
-> Candle.Publish [API]: AR-USDT / 1440
Fetching candles for AR-USDT after [1745398800000,2025-04-23T09:00:00.000Z]
Fetching candles for BTC-USDT after [1755766800000,2025-08-21T09:00:00.000Z]
Fetching candles for DOGE-USDT after [1755766800000,2025-08-21T09:00:00.000Z]
-> Candle.Publish [API]: AVAX-USDT / 1440
Fetching candles for XRP-USDT after [1755766800000,2025-08-21T09:00:00.000Z]
-> Candle.Publish [API]: ADA-USDT / 1440
-> Candle.Publish [API]: AR-USDT / 1440
-> Candle.Publish [API]: BTC-USDT / 1440
-> Candle.Publish [API]: DOGE-USDT / 1440
Fetching candles for ONDO-USDT after [1755766800000,2025-08-21T09:00:00.000Z]
-> Candle.Publish [API]: XRP-USDT / 1440
-> Candle.Publish [API]: ONDO-USDT / 1440
Fetching candles for AR-USDT after [1719478800000,2024-06-27T09:00:00.000Z]
Fetching candles for AVAX-USDT after [1719478800000,2024-06-27T09:00:00.000Z]
Fetching candles for ADA-USDT after [1754470800000,2025-08-06T09:00:00.000Z]
-> Candle.Publish [API]: AR-USDT / 1440
Fetching candles for AR-USDT after [1742806800000,2025-03-24T09:00:00.000Z]
Fetching candles for BTC-USDT after [1754470800000,2025-08-06T09:00:00.000Z]
Fetching candles for DOGE-USDT after [1754470800000,2025-08-06T09:00:00.000Z]
-> Candle.Publish [API]: AVAX-USDT / 1440
-> Candle.Publish [API]: AR-USDT / 1440
-> Candle.Publish [API]: ADA-USDT / 1440
Fetching candles for XRP-USDT after [1754470800000,2025-08-06T09:00:00.000Z]
-> Candle.Publish [API]: DOGE-USDT / 1440
-> Candle.Publish [API]: BTC-USDT / 1440
Fetching candles for ONDO-USDT after [1754470800000,2025-08-06T09:00:00.000Z]
-> Candle.Publish [API]: XRP-USDT / 1440
-> Candle.Publish [API]: ONDO-USDT / 1440
Fetching candles for AR-USDT after [1714294800000,2024-04-28T09:00:00.000Z]
Fetching candles for AVAX-USDT after [1714294800000,2024-04-28T09:00:00.000Z]
Fetching candles for AR-USDT after [1740214800000,2025-02-22T09:00:00.000Z]
Fetching candles for ADA-USDT after [1753174800000,2025-07-22T09:00:00.000Z]
Fetching candles for DOGE-USDT after [1753174800000,2025-07-22T09:00:00.000Z]
Fetching candles for BTC-USDT after [1753174800000,2025-07-22T09:00:00.000Z]
-> Candle.Publish [API]: AR-USDT / 1440
-> Candle.Publish [API]: ADA-USDT / 1440
Fetching candles for XRP-USDT after [1753174800000,2025-07-22T09:00:00.000Z]
-> Candle.Publish [API]: AVAX-USDT / 1440
-> Candle.Publish [API]: DOGE-USDT / 1440
Fetching candles for ONDO-USDT after [1753174800000,2025-07-22T09:00:00.000Z]
-> Candle.Publish [API]: BTC-USDT / 1440
-> Candle.Publish [API]: ONDO-USDT / 1440
-> Candle.Publish [API]: XRP-USDT / 1440
-> Candle.Publish [API]: AR-USDT / 1440
Fetching candles for AR-USDT after [1737622800000,2025-01-23T09:00:00.000Z]
Fetching candles for ADA-USDT after [1751878800000,2025-07-07T09:00:00.000Z]
Fetching candles for AVAX-USDT after [1709110800000,2024-02-28T09:00:00.000Z]
Fetching candles for DOGE-USDT after [1751878800000,2025-07-07T09:00:00.000Z]
Fetching candles for BTC-USDT after [1751878800000,2025-07-07T09:00:00.000Z]
-> Candle.Publish [API]: AR-USDT / 1440
-> Candle.Publish [API]: ADA-USDT / 1440
-> Candle.Publish [API]: AVAX-USDT / 1440
-> Candle.Publish [API]: DOGE-USDT / 1440
Fetching candles for ONDO-USDT after [1751878800000,2025-07-07T09:00:00.000Z]
Fetching candles for XRP-USDT after [1751878800000,2025-07-07T09:00:00.000Z]
-> Candle.Publish [API]: BTC-USDT / 1440
-> Candle.Publish [API]: ONDO-USDT / 1440
Fetching candles for AR-USDT after [1709110800000,2024-02-28T09:00:00.000Z]
-> Candle.Publish [API]: XRP-USDT / 1440
-> Candle.Publish [API]: AR-USDT / 1440
Fetching candles for AR-USDT after [1735030800000,2024-12-24T09:00:00.000Z]
Fetching candles for ADA-USDT after [1750582800000,2025-06-22T09:00:00.000Z]
Fetching candles for AVAX-USDT after [1703926800000,2023-12-30T09:00:00.000Z]
Fetching candles for DOGE-USDT after [1750582800000,2025-06-22T09:00:00.000Z]
-> Candle.Publish [API]: AR-USDT / 1440
-> Candle.Publish [API]: ADA-USDT / 1440
-> Candle.Publish [API]: AVAX-USDT / 1440
Fetching candles for BTC-USDT after [1750582800000,2025-06-22T09:00:00.000Z]
-> Candle.Publish [API]: DOGE-USDT / 1440
Fetching candles for ONDO-USDT after [1750582800000,2025-06-22T09:00:00.000Z]
Fetching candles for XRP-USDT after [1750582800000,2025-06-22T09:00:00.000Z]
-> Candle.Publish [API]: BTC-USDT / 1440
-> Candle.Publish [API]: ONDO-USDT / 1440
Fetching candles for AR-USDT after [1703926800000,2023-12-30T09:00:00.000Z]
-> Candle.Publish [API]: XRP-USDT / 1440
-> Candle.Publish [API]: AR-USDT / 1440
Fetching candles for AR-USDT after [1732438800000,2024-11-24T09:00:00.000Z]
Fetching candles for ADA-USDT after [1749286800000,2025-06-07T09:00:00.000Z]
Fetching candles for AVAX-USDT after [1698742800000,2023-10-31T09:00:00.000Z]
Fetching candles for DOGE-USDT after [1749286800000,2025-06-07T09:00:00.000Z]
-> Candle.Publish [API]: ADA-USDT / 1440
-> Candle.Publish [API]: AVAX-USDT / 1440
-> Candle.Publish [API]: DOGE-USDT / 1440
Fetching candles for BTC-USDT after [1749286800000,2025-06-07T09:00:00.000Z]
Fetching candles for ONDO-USDT after [1749286800000,2025-06-07T09:00:00.000Z]
Fetching candles for XRP-USDT after [1749286800000,2025-06-07T09:00:00.000Z]
-> Candle.Publish [API]: BTC-USDT / 1440
-> Candle.Publish [API]: ONDO-USDT / 1440
-> Candle.Publish [API]: XRP-USDT / 1440
-> Candle.Publish [API]: AR-USDT / 1440
Fetching candles for AR-USDT after [1698742800000,2023-10-31T09:00:00.000Z]
-> Candle.Publish [API]: AR-USDT / 312
Fetching candles for ADA-USDT after [1747990800000,2025-05-23T09:00:00.000Z]
Fetching candles for AVAX-USDT after [1693558800000,2023-09-01T09:00:00.000Z]
Fetching candles for DOGE-USDT after [1747990800000,2025-05-23T09:00:00.000Z]
-> Candle.Publish [API]: ADA-USDT / 1440
-> Candle.Publish [API]: AVAX-USDT / 1440
-> Candle.Publish [API]: DOGE-USDT / 1440
Fetching candles for BTC-USDT after [1747990800000,2025-05-23T09:00:00.000Z]
Fetching candles for ONDO-USDT after [1747990800000,2025-05-23T09:00:00.000Z]
Fetching candles for XRP-USDT after [1747990800000,2025-05-23T09:00:00.000Z]
Fetching candles for AR-USDT after [1729846800000,2024-10-25T09:00:00.000Z]
-> Candle.Publish [API]: ONDO-USDT / 1440
-> Candle.Publish [API]: AR-USDT / 1440
-> Candle.Publish [API]: XRP-USDT / 1440
Fetching candles for AR-USDT after [1697619600000,2023-10-18T09:00:00.000Z]
-> Candle.Publish [API]: BTC-USDT / 1440
Fetching candles for ADA-USDT after [1746694800000,2025-05-08T09:00:00.000Z]
Fetching candles for AVAX-USDT after [1688374800000,2023-07-03T09:00:00.000Z]
Fetching candles for DOGE-USDT after [1746694800000,2025-05-08T09:00:00.000Z]
-> Candle.Publish [API]: ADA-USDT / 1440
-> Candle.Publish [API]: DOGE-USDT / 1440
-> Candle.Publish [API]: AVAX-USDT / 1440
Fetching candles for ONDO-USDT after [1746694800000,2025-05-08T09:00:00.000Z]
Fetching candles for AR-USDT after [1727254800000,2024-09-25T09:00:00.000Z]
Fetching candles for XRP-USDT after [1746694800000,2025-05-08T09:00:00.000Z]
-> Candle.Publish [API]: ONDO-USDT / 1440
-> Candle.Publish [API]: AR-USDT / 1440
-> Candle.Publish [API]: XRP-USDT / 1440
Fetching candles for BTC-USDT after [1746694800000,2025-05-08T09:00:00.000Z]
-> Candle.Publish [API]: BTC-USDT / 1440
Fetching candles for ADA-USDT after [1745398800000,2025-04-23T09:00:00.000Z]
Fetching candles for DOGE-USDT after [1745398800000,2025-04-23T09:00:00.000Z]
Fetching candles for AVAX-USDT after [1683190800000,2023-05-04T09:00:00.000Z]
-> Candle.Publish [API]: ADA-USDT / 1440
-> Candle.Publish [API]: DOGE-USDT / 1440
-> Candle.Publish [API]: AVAX-USDT / 1440
Fetching candles for ONDO-USDT after [1745398800000,2025-04-23T09:00:00.000Z]
Fetching candles for AR-USDT after [1724662800000,2024-08-26T09:00:00.000Z]
Fetching candles for XRP-USDT after [1745398800000,2025-04-23T09:00:00.000Z]
-> Candle.Publish [API]: AR-USDT / 1440
-> Candle.Publish [API]: XRP-USDT / 1440
-> Candle.Publish [API]: ONDO-USDT / 1440
Fetching candles for BTC-USDT after [1745398800000,2025-04-23T09:00:00.000Z]
-> Candle.Publish [API]: BTC-USDT / 1440
Fetching candles for ADA-USDT after [1744102800000,2025-04-08T09:00:00.000Z]
Fetching candles for DOGE-USDT after [1744102800000,2025-04-08T09:00:00.000Z]
Fetching candles for AVAX-USDT after [1678006800000,2023-03-05T09:00:00.000Z]
-> Candle.Publish [API]: ADA-USDT / 1440
-> Candle.Publish [API]: AVAX-USDT / 1247
-> Candle.Publish [API]: DOGE-USDT / 1440
Fetching candles for AR-USDT after [1722070800000,2024-07-27T09:00:00.000Z]
Fetching candles for XRP-USDT after [1744102800000,2025-04-08T09:00:00.000Z]
-> Candle.Publish [API]: AR-USDT / 1440
-> Candle.Publish [API]: XRP-USDT / 1440
Fetching candles for ONDO-USDT after [1744102800000,2025-04-08T09:00:00.000Z]
-> Candle.Publish [API]: ONDO-USDT / 1440
Fetching candles for BTC-USDT after [1744102800000,2025-04-08T09:00:00.000Z]
-> Candle.Publish [API]: BTC-USDT / 1440
Fetching candles for ADA-USDT after [1742806800000,2025-03-24T09:00:00.000Z]
Fetching candles for AVAX-USDT after [1673517600000,2023-01-12T10:00:00.000Z]
Fetching candles for DOGE-USDT after [1742806800000,2025-03-24T09:00:00.000Z]
-> Candle.Publish [API]: DOGE-USDT / 1440
-> Candle.Publish [API]: ADA-USDT / 1440
Fetching candles for AR-USDT after [1719478800000,2024-06-27T09:00:00.000Z]
Fetching candles for XRP-USDT after [1742806800000,2025-03-24T09:00:00.000Z]
-> Candle.Publish [API]: AR-USDT / 1440
-> Candle.Publish [API]: XRP-USDT / 1440
Fetching candles for ONDO-USDT after [1742806800000,2025-03-24T09:00:00.000Z]
-> Candle.Publish [API]: ONDO-USDT / 1440
Fetching candles for BTC-USDT after [1742806800000,2025-03-24T09:00:00.000Z]
-> Candle.Publish [API]: BTC-USDT / 1440
Fetching candles for DOGE-USDT after [1741510800000,2025-03-09T09:00:00.000Z]
Fetching candles for ADA-USDT after [1741510800000,2025-03-09T09:00:00.000Z]
-> Candle.Publish [API]: DOGE-USDT / 1440
Fetching candles for AR-USDT after [1716886800000,2024-05-28T09:00:00.000Z]
-> Candle.Publish [API]: ADA-USDT / 1440
Fetching candles for XRP-USDT after [1741510800000,2025-03-09T09:00:00.000Z]
-> Candle.Publish [API]: AR-USDT / 1440
Fetching candles for ONDO-USDT after [1741510800000,2025-03-09T09:00:00.000Z]
-> Candle.Publish [API]: XRP-USDT / 1440
-> Candle.Publish [API]: ONDO-USDT / 1440
Fetching candles for BTC-USDT after [1741510800000,2025-03-09T09:00:00.000Z]
-> Candle.Publish [API]: BTC-USDT / 1440
Fetching candles for DOGE-USDT after [1740214800000,2025-02-22T09:00:00.000Z]
Fetching candles for ADA-USDT after [1740214800000,2025-02-22T09:00:00.000Z]
-> Candle.Publish [API]: DOGE-USDT / 1440
Fetching candles for AR-USDT after [1714294800000,2024-04-28T09:00:00.000Z]
-> Candle.Publish [API]: ADA-USDT / 1440
Fetching candles for XRP-USDT after [1740214800000,2025-02-22T09:00:00.000Z]
-> Candle.Publish [API]: AR-USDT / 1440
Fetching candles for ONDO-USDT after [1740214800000,2025-02-22T09:00:00.000Z]
-> Candle.Publish [API]: XRP-USDT / 1440
-> Candle.Publish [API]: ONDO-USDT / 1440
Fetching candles for BTC-USDT after [1740214800000,2025-02-22T09:00:00.000Z]
-> Candle.Publish [API]: BTC-USDT / 1440
Fetching candles for DOGE-USDT after [1738918800000,2025-02-07T09:00:00.000Z]
Fetching candles for ADA-USDT after [1738918800000,2025-02-07T09:00:00.000Z]
-> Candle.Publish [API]: DOGE-USDT / 1440
-> Candle.Publish [API]: ADA-USDT / 1440
Fetching candles for AR-USDT after [1711702800000,2024-03-29T09:00:00.000Z]
Fetching candles for XRP-USDT after [1738918800000,2025-02-07T09:00:00.000Z]
Fetching candles for ONDO-USDT after [1738918800000,2025-02-07T09:00:00.000Z]
-> Candle.Publish [API]: AR-USDT / 1440
-> Candle.Publish [API]: XRP-USDT / 1440
-> Candle.Publish [API]: ONDO-USDT / 1440
Fetching candles for BTC-USDT after [1738918800000,2025-02-07T09:00:00.000Z]
-> Candle.Publish [API]: BTC-USDT / 1440
Fetching candles for DOGE-USDT after [1737622800000,2025-01-23T09:00:00.000Z]
Fetching candles for ADA-USDT after [1737622800000,2025-01-23T09:00:00.000Z]
-> Candle.Publish [API]: DOGE-USDT / 1440
-> Candle.Publish [API]: ADA-USDT / 1440
Fetching candles for AR-USDT after [1709110800000,2024-02-28T09:00:00.000Z]
Fetching candles for XRP-USDT after [1737622800000,2025-01-23T09:00:00.000Z]
-> Candle.Publish [API]: AR-USDT / 1440
Fetching candles for ONDO-USDT after [1737622800000,2025-01-23T09:00:00.000Z]
-> Candle.Publish [API]: XRP-USDT / 1440
-> Candle.Publish [API]: ONDO-USDT / 1440
Fetching candles for BTC-USDT after [1737622800000,2025-01-23T09:00:00.000Z]
-> Candle.Publish [API]: BTC-USDT / 1440
Fetching candles for DOGE-USDT after [1736326800000,2025-01-08T09:00:00.000Z]
Fetching candles for ADA-USDT after [1736326800000,2025-01-08T09:00:00.000Z]
-> Candle.Publish [API]: DOGE-USDT / 1440
-> Candle.Publish [API]: ADA-USDT / 1440
Fetching candles for AR-USDT after [1706518800000,2024-01-29T09:00:00.000Z]
Fetching candles for XRP-USDT after [1736326800000,2025-01-08T09:00:00.000Z]
-> Candle.Publish [API]: AR-USDT / 1440
-> Candle.Publish [API]: XRP-USDT / 1440
Fetching candles for ONDO-USDT after [1736326800000,2025-01-08T09:00:00.000Z]
-> Candle.Publish [API]: ONDO-USDT / 1440
Fetching candles for BTC-USDT after [1736326800000,2025-01-08T09:00:00.000Z]
-> Candle.Publish [API]: BTC-USDT / 1440
Fetching candles for DOGE-USDT after [1735030800000,2024-12-24T09:00:00.000Z]
Fetching candles for ADA-USDT after [1735030800000,2024-12-24T09:00:00.000Z]
-> Candle.Publish [API]: DOGE-USDT / 1440
-> Candle.Publish [API]: ADA-USDT / 1440
Fetching candles for AR-USDT after [1703926800000,2023-12-30T09:00:00.000Z]
Fetching candles for XRP-USDT after [1735030800000,2024-12-24T09:00:00.000Z]
-> Candle.Publish [API]: AR-USDT / 1440
Fetching candles for ONDO-USDT after [1735030800000,2024-12-24T09:00:00.000Z]
-> Candle.Publish [API]: XRP-USDT / 1440
-> Candle.Publish [API]: ONDO-USDT / 1440
Fetching candles for BTC-USDT after [1735030800000,2024-12-24T09:00:00.000Z]
Fetching candles for DOGE-USDT after [1733734800000,2024-12-09T09:00:00.000Z]
Fetching candles for ADA-USDT after [1733734800000,2024-12-09T09:00:00.000Z]
-> Candle.Publish [API]: BTC-USDT / 1440
-> Candle.Publish [API]: DOGE-USDT / 1440
Fetching candles for AR-USDT after [1701334800000,2023-11-30T09:00:00.000Z]
Fetching candles for XRP-USDT after [1733734800000,2024-12-09T09:00:00.000Z]
-> Candle.Publish [API]: ADA-USDT / 1440
-> Candle.Publish [API]: AR-USDT / 1440
Fetching candles for ONDO-USDT after [1733734800000,2024-12-09T09:00:00.000Z]
-> Candle.Publish [API]: XRP-USDT / 1440
-> Candle.Publish [API]: ONDO-USDT / 1440
Fetching candles for BTC-USDT after [1733734800000,2024-12-09T09:00:00.000Z]
Fetching candles for DOGE-USDT after [1732438800000,2024-11-24T09:00:00.000Z]
-> Candle.Publish [API]: BTC-USDT / 1440
Fetching candles for ADA-USDT after [1732438800000,2024-11-24T09:00:00.000Z]
-> Candle.Publish [API]: DOGE-USDT / 1440
Fetching candles for AR-USDT after [1698742800000,2023-10-31T09:00:00.000Z]
Fetching candles for XRP-USDT after [1732438800000,2024-11-24T09:00:00.000Z]
-> Candle.Publish [API]: ADA-USDT / 1440
-> Candle.Publish [API]: AR-USDT / 624
Fetching candles for ONDO-USDT after [1732438800000,2024-11-24T09:00:00.000Z]
-> Candle.Publish [API]: XRP-USDT / 1440
-> Candle.Publish [API]: ONDO-USDT / 1440
Fetching candles for BTC-USDT after [1732438800000,2024-11-24T09:00:00.000Z]
Fetching candles for DOGE-USDT after [1731142800000,2024-11-09T09:00:00.000Z]
-> Candle.Publish [API]: BTC-USDT / 1440
Fetching candles for ADA-USDT after [1731142800000,2024-11-09T09:00:00.000Z]
-> Candle.Publish [API]: DOGE-USDT / 1440
Fetching candles for AR-USDT after [1697619600000,2023-10-18T09:00:00.000Z]
Fetching candles for XRP-USDT after [1731142800000,2024-11-09T09:00:00.000Z]
-> Candle.Publish [API]: ADA-USDT / 1440
-> Candle.Publish [API]: XRP-USDT / 1440
Fetching candles for ONDO-USDT after [1731142800000,2024-11-09T09:00:00.000Z]
-> Candle.Publish [API]: ONDO-USDT / 1440
Fetching candles for BTC-USDT after [1731142800000,2024-11-09T09:00:00.000Z]
Fetching candles for DOGE-USDT after [1729846800000,2024-10-25T09:00:00.000Z]
-> Candle.Publish [API]: BTC-USDT / 1440
Fetching candles for ADA-USDT after [1729846800000,2024-10-25T09:00:00.000Z]
-> Candle.Publish [API]: DOGE-USDT / 1440
Fetching candles for XRP-USDT after [1729846800000,2024-10-25T09:00:00.000Z]
-> Candle.Publish [API]: XRP-USDT / 1440
Fetching candles for ONDO-USDT after [1729846800000,2024-10-25T09:00:00.000Z]
-> Candle.Publish [API]: ADA-USDT / 1440
-> Candle.Publish [API]: ONDO-USDT / 1440
Fetching candles for BTC-USDT after [1729846800000,2024-10-25T09:00:00.000Z]
Fetching candles for DOGE-USDT after [1728550800000,2024-10-10T09:00:00.000Z]
-> Candle.Publish [API]: BTC-USDT / 1440
-> Candle.Publish [API]: DOGE-USDT / 1440
Fetching candles for XRP-USDT after [1728550800000,2024-10-10T09:00:00.000Z]
Fetching candles for ADA-USDT after [1728550800000,2024-10-10T09:00:00.000Z]
-> Candle.Publish [API]: XRP-USDT / 1440
Fetching candles for ONDO-USDT after [1728550800000,2024-10-10T09:00:00.000Z]
-> Candle.Publish [API]: ADA-USDT / 1440
-> Candle.Publish [API]: ONDO-USDT / 1440
Fetching candles for BTC-USDT after [1728550800000,2024-10-10T09:00:00.000Z]
Fetching candles for DOGE-USDT after [1727254800000,2024-09-25T09:00:00.000Z]
-> Candle.Publish [API]: BTC-USDT / 1440
-> Candle.Publish [API]: DOGE-USDT / 1440
Fetching candles for XRP-USDT after [1727254800000,2024-09-25T09:00:00.000Z]
Fetching candles for ADA-USDT after [1727254800000,2024-09-25T09:00:00.000Z]
-> Candle.Publish [API]: XRP-USDT / 1440
-> Candle.Publish [API]: ADA-USDT / 1440
Fetching candles for ONDO-USDT after [1727254800000,2024-09-25T09:00:00.000Z]
-> Candle.Publish [API]: ONDO-USDT / 1440
Fetching candles for BTC-USDT after [1727254800000,2024-09-25T09:00:00.000Z]
Fetching candles for DOGE-USDT after [1725958800000,2024-09-10T09:00:00.000Z]
-> Candle.Publish [API]: BTC-USDT / 1440
-> Candle.Publish [API]: DOGE-USDT / 1440
Fetching candles for XRP-USDT after [1725958800000,2024-09-10T09:00:00.000Z]
Fetching candles for ADA-USDT after [1725958800000,2024-09-10T09:00:00.000Z]
-> Candle.Publish [API]: XRP-USDT / 1440
-> Candle.Publish [API]: ADA-USDT / 1440
Fetching candles for ONDO-USDT after [1725958800000,2024-09-10T09:00:00.000Z]
-> Candle.Publish [API]: ONDO-USDT / 1440
Fetching candles for BTC-USDT after [1725958800000,2024-09-10T09:00:00.000Z]
Fetching candles for DOGE-USDT after [1724662800000,2024-08-26T09:00:00.000Z]
-> Candle.Publish [API]: BTC-USDT / 1440
-> Candle.Publish [API]: DOGE-USDT / 1440
Fetching candles for XRP-USDT after [1724662800000,2024-08-26T09:00:00.000Z]
Fetching candles for ADA-USDT after [1724662800000,2024-08-26T09:00:00.000Z]
-> Candle.Publish [API]: XRP-USDT / 1440
-> Candle.Publish [API]: ADA-USDT / 1440
Fetching candles for ONDO-USDT after [1724662800000,2024-08-26T09:00:00.000Z]
-> Candle.Publish [API]: ONDO-USDT / 1440
Fetching candles for BTC-USDT after [1724662800000,2024-08-26T09:00:00.000Z]
Fetching candles for DOGE-USDT after [1723366800000,2024-08-11T09:00:00.000Z]
-> Candle.Publish [API]: BTC-USDT / 1440
Fetching candles for XRP-USDT after [1723366800000,2024-08-11T09:00:00.000Z]
-> Candle.Publish [API]: DOGE-USDT / 1440
Fetching candles for ADA-USDT after [1723366800000,2024-08-11T09:00:00.000Z]
-> Candle.Publish [API]: XRP-USDT / 1440
Fetching candles for ONDO-USDT after [1723366800000,2024-08-11T09:00:00.000Z]
-> Candle.Publish [API]: ADA-USDT / 1440
-> Candle.Publish [API]: ONDO-USDT / 1440
Fetching candles for BTC-USDT after [1723366800000,2024-08-11T09:00:00.000Z]
Fetching candles for DOGE-USDT after [1722070800000,2024-07-27T09:00:00.000Z]
-> Candle.Publish [API]: BTC-USDT / 1440
Fetching candles for XRP-USDT after [1722070800000,2024-07-27T09:00:00.000Z]
-> Candle.Publish [API]: DOGE-USDT / 1440
Fetching candles for ADA-USDT after [1722070800000,2024-07-27T09:00:00.000Z]
-> Candle.Publish [API]: XRP-USDT / 1440
Fetching candles for ONDO-USDT after [1722070800000,2024-07-27T09:00:00.000Z]
-> Candle.Publish [API]: ADA-USDT / 1440
-> Candle.Publish [API]: ONDO-USDT / 1440
Fetching candles for BTC-USDT after [1722070800000,2024-07-27T09:00:00.000Z]
Fetching candles for DOGE-USDT after [1720774800000,2024-07-12T09:00:00.000Z]
-> Candle.Publish [API]: DOGE-USDT / 1440
-> Candle.Publish [API]: BTC-USDT / 1440
Fetching candles for XRP-USDT after [1720774800000,2024-07-12T09:00:00.000Z]
Fetching candles for ADA-USDT after [1720774800000,2024-07-12T09:00:00.000Z]
Fetching candles for ONDO-USDT after [1720774800000,2024-07-12T09:00:00.000Z]
-> Candle.Publish [API]: ADA-USDT / 1440
-> Candle.Publish [API]: XRP-USDT / 1440
-> Candle.Publish [API]: ONDO-USDT / 1440
Fetching candles for DOGE-USDT after [1719478800000,2024-06-27T09:00:00.000Z]
Fetching candles for BTC-USDT after [1720774800000,2024-07-12T09:00:00.000Z]
-> Candle.Publish [API]: DOGE-USDT / 1440
-> Candle.Publish [API]: BTC-USDT / 1440
Fetching candles for ADA-USDT after [1719478800000,2024-06-27T09:00:00.000Z]
Fetching candles for XRP-USDT after [1719478800000,2024-06-27T09:00:00.000Z]
-> Candle.Publish [API]: XRP-USDT / 1440
-> Candle.Publish [API]: ADA-USDT / 1440
Fetching candles for ONDO-USDT after [1719478800000,2024-06-27T09:00:00.000Z]
-> Candle.Publish [API]: ONDO-USDT / 1440
Fetching candles for DOGE-USDT after [1718182800000,2024-06-12T09:00:00.000Z]
Fetching candles for BTC-USDT after [1719478800000,2024-06-27T09:00:00.000Z]
-> Candle.Publish [API]: BTC-USDT / 1440
-> Candle.Publish [API]: DOGE-USDT / 1440
Fetching candles for XRP-USDT after [1718182800000,2024-06-12T09:00:00.000Z]
Fetching candles for ADA-USDT after [1718182800000,2024-06-12T09:00:00.000Z]
-> Candle.Publish [API]: XRP-USDT / 1440
-> Candle.Publish [API]: ADA-USDT / 1440
Fetching candles for ONDO-USDT after [1718182800000,2024-06-12T09:00:00.000Z]
-> Candle.Publish [API]: ONDO-USDT / 1440
Fetching candles for BTC-USDT after [1718182800000,2024-06-12T09:00:00.000Z]
Fetching candles for DOGE-USDT after [1716886800000,2024-05-28T09:00:00.000Z]
-> Candle.Publish [API]: BTC-USDT / 1440
-> Candle.Publish [API]: DOGE-USDT / 1440
Fetching candles for XRP-USDT after [1716886800000,2024-05-28T09:00:00.000Z]
Fetching candles for ADA-USDT after [1716886800000,2024-05-28T09:00:00.000Z]
-> Candle.Publish [API]: XRP-USDT / 1440
-> Candle.Publish [API]: ADA-USDT / 1440
Fetching candles for ONDO-USDT after [1716886800000,2024-05-28T09:00:00.000Z]
-> Candle.Publish [API]: ONDO-USDT / 1440
Fetching candles for BTC-USDT after [1716886800000,2024-05-28T09:00:00.000Z]
Fetching candles for DOGE-USDT after [1715590800000,2024-05-13T09:00:00.000Z]
-> Candle.Publish [API]: BTC-USDT / 1440
-> Candle.Publish [API]: DOGE-USDT / 1440
Fetching candles for XRP-USDT after [1715590800000,2024-05-13T09:00:00.000Z]
Fetching candles for ADA-USDT after [1715590800000,2024-05-13T09:00:00.000Z]
-> Candle.Publish [API]: XRP-USDT / 1440
-> Candle.Publish [API]: ADA-USDT / 1440
Fetching candles for ONDO-USDT after [1715590800000,2024-05-13T09:00:00.000Z]
-> Candle.Publish [API]: ONDO-USDT / 1440
Fetching candles for BTC-USDT after [1715590800000,2024-05-13T09:00:00.000Z]
Fetching candles for DOGE-USDT after [1714294800000,2024-04-28T09:00:00.000Z]
-> Candle.Publish [API]: BTC-USDT / 1440
-> Candle.Publish [API]: DOGE-USDT / 1440
Fetching candles for XRP-USDT after [1714294800000,2024-04-28T09:00:00.000Z]
Fetching candles for ADA-USDT after [1714294800000,2024-04-28T09:00:00.000Z]
-> Candle.Publish [API]: ADA-USDT / 1440
Fetching candles for ONDO-USDT after [1714294800000,2024-04-28T09:00:00.000Z]
-> Candle.Publish [API]: XRP-USDT / 1440
-> Candle.Publish [API]: ONDO-USDT / 1440
Fetching candles for BTC-USDT after [1714294800000,2024-04-28T09:00:00.000Z]
Fetching candles for DOGE-USDT after [1712998800000,2024-04-13T09:00:00.000Z]
-> Candle.Publish [API]: BTC-USDT / 1440
-> Candle.Publish [API]: DOGE-USDT / 1440
Fetching candles for ADA-USDT after [1712998800000,2024-04-13T09:00:00.000Z]
-> Candle.Publish [API]: ADA-USDT / 1440
Fetching candles for XRP-USDT after [1712998800000,2024-04-13T09:00:00.000Z]
Fetching candles for ONDO-USDT after [1712998800000,2024-04-13T09:00:00.000Z]
-> Candle.Publish [API]: XRP-USDT / 1440
-> Candle.Publish [API]: ONDO-USDT / 1440
Fetching candles for BTC-USDT after [1712998800000,2024-04-13T09:00:00.000Z]
Fetching candles for DOGE-USDT after [1711702800000,2024-03-29T09:00:00.000Z]
-> Candle.Publish [API]: BTC-USDT / 1440
-> Candle.Publish [API]: DOGE-USDT / 1440
Fetching candles for ADA-USDT after [1711702800000,2024-03-29T09:00:00.000Z]
-> Candle.Publish [API]: ADA-USDT / 1440
Fetching candles for XRP-USDT after [1711702800000,2024-03-29T09:00:00.000Z]
Fetching candles for ONDO-USDT after [1711702800000,2024-03-29T09:00:00.000Z]
-> Candle.Publish [API]: XRP-USDT / 1440
-> Candle.Publish [API]: ONDO-USDT / 1440
Fetching candles for BTC-USDT after [1711702800000,2024-03-29T09:00:00.000Z]
Fetching candles for DOGE-USDT after [1710406800000,2024-03-14T09:00:00.000Z]
-> Candle.Publish [API]: BTC-USDT / 1440
-> Candle.Publish [API]: DOGE-USDT / 1440
Fetching candles for ADA-USDT after [1710406800000,2024-03-14T09:00:00.000Z]
-> Candle.Publish [API]: ADA-USDT / 1440
Fetching candles for XRP-USDT after [1710406800000,2024-03-14T09:00:00.000Z]
Fetching candles for ONDO-USDT after [1710406800000,2024-03-14T09:00:00.000Z]
-> Candle.Publish [API]: XRP-USDT / 1440
-> Candle.Publish [API]: ONDO-USDT / 1440
Fetching candles for BTC-USDT after [1710406800000,2024-03-14T09:00:00.000Z]
Fetching candles for DOGE-USDT after [1709110800000,2024-02-28T09:00:00.000Z]
-> Candle.Publish [API]: BTC-USDT / 1440
-> Candle.Publish [API]: DOGE-USDT / 1440
Fetching candles for ADA-USDT after [1709110800000,2024-02-28T09:00:00.000Z]
-> Candle.Publish [API]: ADA-USDT / 1440
Fetching candles for XRP-USDT after [1709110800000,2024-02-28T09:00:00.000Z]
Fetching candles for ONDO-USDT after [1709110800000,2024-02-28T09:00:00.000Z]
-> Candle.Publish [API]: XRP-USDT / 1440
-> Candle.Publish [API]: ONDO-USDT / 1440
Fetching candles for BTC-USDT after [1709110800000,2024-02-28T09:00:00.000Z]
Fetching candles for DOGE-USDT after [1707814800000,2024-02-13T09:00:00.000Z]
-> Candle.Publish [API]: BTC-USDT / 1440
-> Candle.Publish [API]: DOGE-USDT / 1440
Fetching candles for ADA-USDT after [1707814800000,2024-02-13T09:00:00.000Z]
-> Candle.Publish [API]: ADA-USDT / 1440
Fetching candles for XRP-USDT after [1707814800000,2024-02-13T09:00:00.000Z]
Fetching candles for ONDO-USDT after [1707814800000,2024-02-13T09:00:00.000Z]
-> Candle.Publish [API]: XRP-USDT / 1440
-> Candle.Publish [API]: ONDO-USDT / 1440
Fetching candles for BTC-USDT after [1707814800000,2024-02-13T09:00:00.000Z]
Fetching candles for DOGE-USDT after [1706518800000,2024-01-29T09:00:00.000Z]
-> Candle.Publish [API]: BTC-USDT / 1440
-> Candle.Publish [API]: DOGE-USDT / 1440
Fetching candles for ADA-USDT after [1706518800000,2024-01-29T09:00:00.000Z]
-> Candle.Publish [API]: ADA-USDT / 1440
Fetching candles for XRP-USDT after [1706518800000,2024-01-29T09:00:00.000Z]
Fetching candles for ONDO-USDT after [1706518800000,2024-01-29T09:00:00.000Z]
-> Candle.Publish [API]: XRP-USDT / 1440
-> Candle.Publish [API]: ONDO-USDT / 666
Fetching candles for BTC-USDT after [1706518800000,2024-01-29T09:00:00.000Z]
Fetching candles for DOGE-USDT after [1705222800000,2024-01-14T09:00:00.000Z]
-> Candle.Publish [API]: BTC-USDT / 1440
-> Candle.Publish [API]: DOGE-USDT / 1440
Fetching candles for ADA-USDT after [1705222800000,2024-01-14T09:00:00.000Z]
-> Candle.Publish [API]: ADA-USDT / 1440
Fetching candles for XRP-USDT after [1705222800000,2024-01-14T09:00:00.000Z]
Fetching candles for ONDO-USDT after [1705919400000,2024-01-22T10:30:00.000Z]
-> Candle.Publish [API]: XRP-USDT / 1440
Fetching candles for BTC-USDT after [1705222800000,2024-01-14T09:00:00.000Z]
Fetching candles for DOGE-USDT after [1703926800000,2023-12-30T09:00:00.000Z]
-> Candle.Publish [API]: BTC-USDT / 1440
-> Candle.Publish [API]: DOGE-USDT / 1440
Fetching candles for ADA-USDT after [1703926800000,2023-12-30T09:00:00.000Z]
-> Candle.Publish [API]: ADA-USDT / 1440
Fetching candles for XRP-USDT after [1703926800000,2023-12-30T09:00:00.000Z]
-> Candle.Publish [API]: XRP-USDT / 1440
Fetching candles for BTC-USDT after [1703926800000,2023-12-30T09:00:00.000Z]
Fetching candles for DOGE-USDT after [1702630800000,2023-12-15T09:00:00.000Z]
-> Candle.Publish [API]: DOGE-USDT / 1440
Fetching candles for ADA-USDT after [1702630800000,2023-12-15T09:00:00.000Z]
-> Candle.Publish [API]: BTC-USDT / 1440
-> Candle.Publish [API]: ADA-USDT / 1440
Fetching candles for XRP-USDT after [1702630800000,2023-12-15T09:00:00.000Z]
-> Candle.Publish [API]: XRP-USDT / 1440
Fetching candles for DOGE-USDT after [1701334800000,2023-11-30T09:00:00.000Z]
-> Candle.Publish [API]: DOGE-USDT / 1440
Fetching candles for BTC-USDT after [1702630800000,2023-12-15T09:00:00.000Z]
Fetching candles for ADA-USDT after [1701334800000,2023-11-30T09:00:00.000Z]
-> Candle.Publish [API]: BTC-USDT / 1440
-> Candle.Publish [API]: ADA-USDT / 1440
Fetching candles for XRP-USDT after [1701334800000,2023-11-30T09:00:00.000Z]
-> Candle.Publish [API]: XRP-USDT / 1440
Fetching candles for DOGE-USDT after [1700038800000,2023-11-15T09:00:00.000Z]
-> Candle.Publish [API]: DOGE-USDT / 1440
Fetching candles for BTC-USDT after [1701334800000,2023-11-30T09:00:00.000Z]
Fetching candles for ADA-USDT after [1700038800000,2023-11-15T09:00:00.000Z]
-> Candle.Publish [API]: BTC-USDT / 1440
-> Candle.Publish [API]: ADA-USDT / 1440
Fetching candles for XRP-USDT after [1700038800000,2023-11-15T09:00:00.000Z]
-> Candle.Publish [API]: XRP-USDT / 1440
Fetching candles for DOGE-USDT after [1698742800000,2023-10-31T09:00:00.000Z]
-> Candle.Publish [API]: DOGE-USDT / 1440
Fetching candles for BTC-USDT after [1700038800000,2023-11-15T09:00:00.000Z]
Fetching candles for ADA-USDT after [1698742800000,2023-10-31T09:00:00.000Z]
-> Candle.Publish [API]: BTC-USDT / 1440
-> Candle.Publish [API]: ADA-USDT / 1440
Fetching candles for XRP-USDT after [1698742800000,2023-10-31T09:00:00.000Z]
-> Candle.Publish [API]: XRP-USDT / 1440
Fetching candles for DOGE-USDT after [1697446800000,2023-10-16T09:00:00.000Z]
-> Candle.Publish [API]: DOGE-USDT / 1440
Fetching candles for BTC-USDT after [1698742800000,2023-10-31T09:00:00.000Z]
Fetching candles for ADA-USDT after [1697446800000,2023-10-16T09:00:00.000Z]
-> Candle.Publish [API]: BTC-USDT / 1440
-> Candle.Publish [API]: ADA-USDT / 1440
Fetching candles for XRP-USDT after [1697446800000,2023-10-16T09:00:00.000Z]
-> Candle.Publish [API]: XRP-USDT / 1440
Fetching candles for DOGE-USDT after [1696150800000,2023-10-01T09:00:00.000Z]
-> Candle.Publish [API]: DOGE-USDT / 1440
Fetching candles for BTC-USDT after [1697446800000,2023-10-16T09:00:00.000Z]
Fetching candles for ADA-USDT after [1696150800000,2023-10-01T09:00:00.000Z]
-> Candle.Publish [API]: BTC-USDT / 1440
-> Candle.Publish [API]: ADA-USDT / 1440
Fetching candles for XRP-USDT after [1696150800000,2023-10-01T09:00:00.000Z]
-> Candle.Publish [API]: XRP-USDT / 1440
Fetching candles for DOGE-USDT after [1694854800000,2023-09-16T09:00:00.000Z]
-> Candle.Publish [API]: DOGE-USDT / 1440
Fetching candles for BTC-USDT after [1696150800000,2023-10-01T09:00:00.000Z]
Fetching candles for ADA-USDT after [1694854800000,2023-09-16T09:00:00.000Z]
-> Candle.Publish [API]: BTC-USDT / 1440
-> Candle.Publish [API]: ADA-USDT / 1440
Fetching candles for XRP-USDT after [1694854800000,2023-09-16T09:00:00.000Z]
-> Candle.Publish [API]: XRP-USDT / 1440
Fetching candles for DOGE-USDT after [1693558800000,2023-09-01T09:00:00.000Z]
-> Candle.Publish [API]: DOGE-USDT / 1440
Fetching candles for BTC-USDT after [1694854800000,2023-09-16T09:00:00.000Z]
Fetching candles for ADA-USDT after [1693558800000,2023-09-01T09:00:00.000Z]
-> Candle.Publish [API]: BTC-USDT / 1440
-> Candle.Publish [API]: ADA-USDT / 1440
Fetching candles for XRP-USDT after [1693558800000,2023-09-01T09:00:00.000Z]
-> Candle.Publish [API]: XRP-USDT / 1440
Fetching candles for DOGE-USDT after [1692262800000,2023-08-17T09:00:00.000Z]
-> Candle.Publish [API]: DOGE-USDT / 1440
Fetching candles for BTC-USDT after [1693558800000,2023-09-01T09:00:00.000Z]
Fetching candles for ADA-USDT after [1692262800000,2023-08-17T09:00:00.000Z]
-> Candle.Publish [API]: BTC-USDT / 1440
-> Candle.Publish [API]: ADA-USDT / 1440
Fetching candles for XRP-USDT after [1692262800000,2023-08-17T09:00:00.000Z]
-> Candle.Publish [API]: XRP-USDT / 1440
Fetching candles for DOGE-USDT after [1690966800000,2023-08-02T09:00:00.000Z]
-> Candle.Publish [API]: DOGE-USDT / 1440
Fetching candles for BTC-USDT after [1692262800000,2023-08-17T09:00:00.000Z]
Fetching candles for ADA-USDT after [1690966800000,2023-08-02T09:00:00.000Z]
-> Candle.Publish [API]: ADA-USDT / 1440
-> Candle.Publish [API]: BTC-USDT / 1440
Fetching candles for XRP-USDT after [1690966800000,2023-08-02T09:00:00.000Z]
-> Candle.Publish [API]: XRP-USDT / 1440
Fetching candles for DOGE-USDT after [1689670800000,2023-07-18T09:00:00.000Z]
-> Candle.Publish [API]: DOGE-USDT / 1440
Fetching candles for ADA-USDT after [1689670800000,2023-07-18T09:00:00.000Z]
Fetching candles for BTC-USDT after [1690966800000,2023-08-02T09:00:00.000Z]
-> Candle.Publish [API]: ADA-USDT / 1440
-> Candle.Publish [API]: BTC-USDT / 1440
Fetching candles for XRP-USDT after [1689670800000,2023-07-18T09:00:00.000Z]
-> Candle.Publish [API]: XRP-USDT / 1440
Fetching candles for DOGE-USDT after [1688374800000,2023-07-03T09:00:00.000Z]
-> Candle.Publish [API]: DOGE-USDT / 1440
Fetching candles for ADA-USDT after [1688374800000,2023-07-03T09:00:00.000Z]
Fetching candles for BTC-USDT after [1689670800000,2023-07-18T09:00:00.000Z]
-> Candle.Publish [API]: ADA-USDT / 1440
-> Candle.Publish [API]: BTC-USDT / 1440
Fetching candles for XRP-USDT after [1688374800000,2023-07-03T09:00:00.000Z]
-> Candle.Publish [API]: XRP-USDT / 1440
Fetching candles for DOGE-USDT after [1687078800000,2023-06-18T09:00:00.000Z]
-> Candle.Publish [API]: DOGE-USDT / 1440
Fetching candles for ADA-USDT after [1687078800000,2023-06-18T09:00:00.000Z]
Fetching candles for BTC-USDT after [1688374800000,2023-07-03T09:00:00.000Z]
-> Candle.Publish [API]: ADA-USDT / 1440
-> Candle.Publish [API]: BTC-USDT / 1440
Fetching candles for XRP-USDT after [1687078800000,2023-06-18T09:00:00.000Z]
-> Candle.Publish [API]: XRP-USDT / 1440
Fetching candles for DOGE-USDT after [1685782800000,2023-06-03T09:00:00.000Z]
-> Candle.Publish [API]: DOGE-USDT / 1440
Fetching candles for ADA-USDT after [1685782800000,2023-06-03T09:00:00.000Z]
Fetching candles for BTC-USDT after [1687078800000,2023-06-18T09:00:00.000Z]
-> Candle.Publish [API]: ADA-USDT / 1440
-> Candle.Publish [API]: BTC-USDT / 1440
Fetching candles for XRP-USDT after [1685782800000,2023-06-03T09:00:00.000Z]
-> Candle.Publish [API]: XRP-USDT / 1440
Fetching candles for DOGE-USDT after [1684486800000,2023-05-19T09:00:00.000Z]
-> Candle.Publish [API]: DOGE-USDT / 1440
Fetching candles for ADA-USDT after [1684486800000,2023-05-19T09:00:00.000Z]
Fetching candles for BTC-USDT after [1685782800000,2023-06-03T09:00:00.000Z]
-> Candle.Publish [API]: ADA-USDT / 1440
-> Candle.Publish [API]: BTC-USDT / 1440
Fetching candles for XRP-USDT after [1684486800000,2023-05-19T09:00:00.000Z]
-> Candle.Publish [API]: XRP-USDT / 1440
Fetching candles for DOGE-USDT after [1683190800000,2023-05-04T09:00:00.000Z]
-> Candle.Publish [API]: DOGE-USDT / 1440
Fetching candles for ADA-USDT after [1683190800000,2023-05-04T09:00:00.000Z]
Fetching candles for BTC-USDT after [1684486800000,2023-05-19T09:00:00.000Z]
-> Candle.Publish [API]: ADA-USDT / 1440
-> Candle.Publish [API]: BTC-USDT / 1440
Fetching candles for XRP-USDT after [1683190800000,2023-05-04T09:00:00.000Z]
-> Candle.Publish [API]: XRP-USDT / 1440
Fetching candles for DOGE-USDT after [1681894800000,2023-04-19T09:00:00.000Z]
-> Candle.Publish [API]: DOGE-USDT / 1440
Fetching candles for ADA-USDT after [1681894800000,2023-04-19T09:00:00.000Z]
Fetching candles for BTC-USDT after [1683190800000,2023-05-04T09:00:00.000Z]
-> Candle.Publish [API]: ADA-USDT / 1440
-> Candle.Publish [API]: BTC-USDT / 1440
Fetching candles for XRP-USDT after [1681894800000,2023-04-19T09:00:00.000Z]
-> Candle.Publish [API]: XRP-USDT / 1440
Fetching candles for DOGE-USDT after [1680598800000,2023-04-04T09:00:00.000Z]
-> Candle.Publish [API]: DOGE-USDT / 1440
Fetching candles for ADA-USDT after [1680598800000,2023-04-04T09:00:00.000Z]
Fetching candles for BTC-USDT after [1681894800000,2023-04-19T09:00:00.000Z]
-> Candle.Publish [API]: BTC-USDT / 1440
-> Candle.Publish [API]: ADA-USDT / 1440
Fetching candles for XRP-USDT after [1680598800000,2023-04-04T09:00:00.000Z]
-> Candle.Publish [API]: XRP-USDT / 1440
Fetching candles for DOGE-USDT after [1679302800000,2023-03-20T09:00:00.000Z]
-> Candle.Publish [API]: DOGE-USDT / 1440
Fetching candles for BTC-USDT after [1680598800000,2023-04-04T09:00:00.000Z]
Fetching candles for ADA-USDT after [1679302800000,2023-03-20T09:00:00.000Z]
-> Candle.Publish [API]: BTC-USDT / 1440
-> Candle.Publish [API]: ADA-USDT / 1440
Fetching candles for XRP-USDT after [1679302800000,2023-03-20T09:00:00.000Z]
-> Candle.Publish [API]: XRP-USDT / 1440
Fetching candles for DOGE-USDT after [1678006800000,2023-03-05T09:00:00.000Z]
-> Candle.Publish [API]: DOGE-USDT / 1440
Fetching candles for ADA-USDT after [1678006800000,2023-03-05T09:00:00.000Z]
Fetching candles for BTC-USDT after [1679302800000,2023-03-20T09:00:00.000Z]
-> Candle.Publish [API]: BTC-USDT / 1440
-> Candle.Publish [API]: ADA-USDT / 1440
Fetching candles for XRP-USDT after [1678006800000,2023-03-05T09:00:00.000Z]
-> Candle.Publish [API]: XRP-USDT / 1440
Fetching candles for DOGE-USDT after [1676710800000,2023-02-18T09:00:00.000Z]
-> Candle.Publish [API]: DOGE-USDT / 1440
Fetching candles for BTC-USDT after [1678006800000,2023-03-05T09:00:00.000Z]
Fetching candles for ADA-USDT after [1676710800000,2023-02-18T09:00:00.000Z]
-> Candle.Publish [API]: BTC-USDT / 1440
-> Candle.Publish [API]: ADA-USDT / 1440
Fetching candles for XRP-USDT after [1676710800000,2023-02-18T09:00:00.000Z]
-> Candle.Publish [API]: XRP-USDT / 1440
Fetching candles for DOGE-USDT after [1675414800000,2023-02-03T09:00:00.000Z]
-> Candle.Publish [API]: DOGE-USDT / 1440
Fetching candles for BTC-USDT after [1676710800000,2023-02-18T09:00:00.000Z]
Fetching candles for ADA-USDT after [1675414800000,2023-02-03T09:00:00.000Z]
-> Candle.Publish [API]: BTC-USDT / 1440
-> Candle.Publish [API]: ADA-USDT / 1440
Fetching candles for XRP-USDT after [1675414800000,2023-02-03T09:00:00.000Z]
-> Candle.Publish [API]: XRP-USDT / 1440
Fetching candles for DOGE-USDT after [1674118800000,2023-01-19T09:00:00.000Z]
-> Candle.Publish [API]: DOGE-USDT / 668
Fetching candles for BTC-USDT after [1675414800000,2023-02-03T09:00:00.000Z]
Fetching candles for ADA-USDT after [1674118800000,2023-01-19T09:00:00.000Z]
-> Candle.Publish [API]: BTC-USDT / 1440
-> Candle.Publish [API]: ADA-USDT / 668
Fetching candles for XRP-USDT after [1674118800000,2023-01-19T09:00:00.000Z]
-> Candle.Publish [API]: XRP-USDT / 668
Fetching candles for DOGE-USDT after [1673517600000,2023-01-12T10:00:00.000Z]
Fetching candles for ADA-USDT after [1673517600000,2023-01-12T10:00:00.000Z]
Fetching candles for BTC-USDT after [1674118800000,2023-01-19T09:00:00.000Z]
Fetching candles for XRP-USDT after [1673517600000,2023-01-12T10:00:00.000Z]
-> Candle.Publish [API]: BTC-USDT / 668
Fetching candles for BTC-USDT after [1673517600000,2023-01-12T10:00:00.000Z]
-> Import for ONDO-USDT complete: 12/19/2025, 12:51:08 AM
   # [Info] ONDO-USDT: 5 candles imported
   # [Info] ONDO-USDT: 1 candles updated
-> Import for XRP-USDT complete: 12/19/2025, 12:51:08 AM
   # [Info] XRP-USDT: 5 candles imported
   # [Info] XRP-USDT: 1 candles updated
-> Import for DOGE-USDT complete: 12/19/2025, 12:51:08 AM
   # [Info] DOGE-USDT: 5 candles imported
   # [Info] DOGE-USDT: 1 candles updated
-> Import for AR-USDT complete: 12/19/2025, 12:51:08 AM
   # [Info] AR-USDT: 1 candles imported
   # [Info] AR-USDT: 1 candles updated
-> Import for ADA-USDT complete: 12/19/2025, 12:51:08 AM
   # [Info] ADA-USDT: 5 candles imported
   # [Info] ADA-USDT: 1 candles updated
-> Import for BTC-USDT complete: 12/19/2025, 12:51:08 AM
   # [Info] BTC-USDT: 5 candles imported
   # [Info] BTC-USDT: 1 candles updated
-> Import for AR-USDT complete: 12/19/2025, 12:51:08 AM
   # [Info] AR-USDT: 2 candles imported
   # [Info] AR-USDT: 1 candles updated
-> Import for AVAX-USDT complete: 12/19/2025, 12:51:08 AM
   # [Info] AVAX-USDT: 1 candles imported
   # [Info] AVAX-USDT: 1 candles updated
-> [Info] candle updated {
  filters: {
    instrument: <Buffer d4 45 2e>,
    period: <Buffer 03 e8 0e>,
    timestamp: 1766133900000
  },
  columns: {
    close: 0.12847,
    volume: 634,
    vol_currency: 634710,
    vol_currency_quote: 81520.1984
  }
}
-> [Info] candle updated {
  filters: {
    instrument: <Buffer dd 63 0b>,
    period: <Buffer 03 e8 0e>,
    timestamp: 1766133900000
  },
  columns: {
    close: 0.3858,
    volume: 9913,
    vol_currency: 991.3,
    vol_currency_quote: 381.95575
  }
}
-> [Info] candle updated {
  filters: {
    instrument: <Buffer 34 01 a2>,
    period: <Buffer 28 17 01>,
    timestamp: 1766131200000
  },
  columns: {
    close: 3.396,
    volume: 1241,
    vol_currency: 124.1,
    vol_currency_quote: 422.4032
  }
}
-> [Info] candle updated {
  filters: {
    instrument: <Buffer 6b 57 71>,
    period: <Buffer 03 e8 0e>,
    timestamp: 1766133900000
  },
  columns: {
    high: 88155.8,
    close: 88152,
    volume: 5216,
    vol_currency: 5.2161,
    vol_currency_quote: 459310.6661
  }
}
-> [Info] candle updated {
  filters: {
    instrument: <Buffer 4d 38 93>,
    period: <Buffer 28 17 01>,
    timestamp: 1766131200000
  },
  columns: {
    close: 11.982,
    volume: 24928,
    vol_currency: 24928.6,
    vol_currency_quote: 297974.5837
  }
}
-> [Info] candle updated {
  filters: {
    instrument: <Buffer 94 99 63>,
    period: <Buffer 03 e8 0e>,
    timestamp: 1766133900000
  },
  columns: {
    close: 0.3673,
    volume: 342,
    vol_currency: 34204,
    vol_currency_quote: 12548.6036
  }
}
-> [Info] candle updated {
  filters: {
    instrument: <Buffer 34 01 a2>,
    period: <Buffer 76 3c 11>,
    timestamp: 1766133000000
  },
  columns: {
    close: 3.396,
    volume: 450,
    vol_currency: 45,
    vol_currency_quote: 152.6146
  }
}
-> [Info] candle updated {
  filters: {
    instrument: <Buffer a2 80 0a>,
    period: <Buffer 03 e8 0e>,
    timestamp: 1766133900000
  },
  columns: {
    high: 1.8708,
    close: 1.8706,
    volume: 599,
    vol_currency: 59991,
    vol_currency_quote: 112075.5756
  }
}
In Candles.Publish [API]: 12/19/2025, 12:51:09 AM
-> Authorized Symbols: ONDO-USDT,XRP-USDT,DOGE-USDT,AR-USDT,ADA-USDT,BTC-USDT,AR-USDT,AVAX-USDT
   # [Info] ONDO-USDT: 1 candles updated
   # [Info] XRP-USDT: 1 candles updated
   # [Info] DOGE-USDT: 1 candles updated
   # [Info] AR-USDT: 1 candles updated
   # [Info] ADA-USDT: 1 candles updated
   # [Info] BTC-USDT: 1 candles updated
   # [Info] AR-USDT: 1 candles updated
   # [Info] AVAX-USDT: 1 candles updated
>> [Info] Application.Initialization finished: 12/19/2025, 12:51:10 AM
[Info] App.Main: ONDO-USDT process spawned; PID [864034]
[Info] App.Main: XRP-USDT process spawned; PID [864035]
[Info] App.Main: DOGE-USDT process spawned; PID [864040]
[Info] App.Main: AR-USDT process spawned; PID [864042]
[Info] App.Main: ADA-USDT process spawned; PID [864048]
[Info] App.Main: BTC-USDT process spawned; PID [864054]
[Info] App.Main: AR-USDT process spawned; PID [864065]
[Info] App.Main: AVAX-USDT process spawned; PID [864067]
[Info] Session.Config: Blofin Demo configured successfully
[Info] Session.Config: Blofin Demo configured successfully
[Info] Session.Config: Blofin Demo configured successfully
[Info] Session.Config: Blofin Demo configured successfully
[Info] Session.Config: Blofin Demo configured successfully
[Info] Session.Config: Blofin Demo configured successfully
[Info] Session.Config: Blofin Demo configured successfully
[Info] Session.Config: Blofin Demo configured successfully
Connected to websocket: [862451:wss://demo-trading-openapi.blofin.com/ws/private]
Subscriptions: { channel: 'account' }
Subscriptions: { channel: 'positions' }
Subscriptions: { channel: 'orders' }
-> WSS.Publish [API]
-> [Info] account updated {
  filters: { account: <Buffer 24 59 7a> },
  columns: { total_equity: 55118.343, update_time: 2025-12-19T08:51:11.799Z }
}
-> [Info] candle updated {
  filters: {
    instrument: <Buffer dd 63 0b>,
    period: <Buffer 03 e8 0e>,
    timestamp: 1766133900000
  },
  columns: { close: 0.386 }
}
-> [Info] candle updated {
  filters: {
    instrument: <Buffer 6b 57 71>,
    period: <Buffer 03 e8 0e>,
    timestamp: 1766133900000
  },
  columns: { close: 88142.6 }
}
-> [Info] candle updated {
  filters: {
    instrument: <Buffer a2 80 0a>,
    period: <Buffer 03 e8 0e>,
    timestamp: 1766133900000
  },
  columns: { close: 1.8702 }
}
-> [Info] account_detail updated {
  filters: { account: <Buffer 24 59 7a>, currency: <Buffer b5 2b c7> },
  columns: { equity_usd: 55118.343, coin_usd_price: 0.999388 }
}
-> [Info] candle updated {
  filters: {
    instrument: <Buffer 4d 38 93>,
    period: <Buffer 28 17 01>,
    timestamp: 1766131200000
  },
  columns: { close: 11.985 }
}
-> [Info] candle updated {
  filters: {
    instrument: <Buffer d4 45 2e>,
    period: <Buffer 03 e8 0e>,
    timestamp: 1766133900000
  },
  columns: { close: 0.1284 }
}
In Execute.Trades: 12/19/2025, 12:51:40 AM
In Position.Import [API]
In Orders.Import [API]
-> Fetch:History [API]
-> Fetch:Pending [API]
-> History.Publish [API]
   # History Orders Rejected:  20 [
  {
    order_id: <Buffer 00 e8 da cc c9 66>,
    symbol: 'PONKE-USDT',
    position: 'net',
    memo: '>> [Error] Orders.Publish: Invalid instrument position; order rejected'
  },
  {
    order_id: <Buffer 00 e8 da ca 62 50>,
    symbol: 'POPCAT-USDT',
    position: 'net',
    memo: '>> [Error] Orders.Publish: Invalid instrument position; order rejected'
  },
  {
    order_id: <Buffer 00 e8 da ca 52 e2>,
    symbol: 'PONKE-USDT',
    position: 'net',
    memo: '>> [Error] Orders.Publish: Invalid instrument position; order rejected'
  },
  {
    order_id: <Buffer 00 e8 da ca 46 e9>,
    symbol: 'PONKE-USDT',
    position: 'net',
    memo: '>> [Error] Orders.Publish: Invalid instrument position; order rejected'
  },
  {
    order_id: <Buffer 00 e8 da ca 46 d3>,
    symbol: 'PONKE-USDT',
    position: 'net',
    memo: '>> [Error] Orders.Publish: Invalid instrument position; order rejected'
  },
  {
    order_id: <Buffer 00 e8 da ca 46 77>,
    symbol: 'POPCAT-USDT',
    position: 'net',
    memo: '>> [Error] Orders.Publish: Invalid instrument position; order rejected'
  },
  {
    order_id: <Buffer 00 e8 da ca 46 57>,
    symbol: 'POPCAT-USDT',
    position: 'net',
    memo: '>> [Error] Orders.Publish: Invalid instrument position; order rejected'
  },
  {
    order_id: <Buffer 00 e8 da c9 3e a9>,
    symbol: 'DOGE-USDT',
    position: 'net',
    memo: '>> [Error] Orders.Publish: Invalid instrument position; order rejected'
  },
  {
    order_id: <Buffer 00 e8 da c9 3d d2>,
    symbol: 'DOGE-USDT',
    position: 'net',
    memo: '>> [Error] Orders.Publish: Invalid instrument position; order rejected'
  },
  {
    order_id: <Buffer 00 e8 da c9 3d c0>,
    symbol: 'DOGE-USDT',
    position: 'net',
    memo: '>> [Error] Orders.Publish: Invalid instrument position; order rejected'
  },
  {
    order_id: <Buffer 00 e8 da c8 d1 ef>,
    symbol: 'DOGE-USDT',
    position: 'net',
    memo: '>> [Error] Orders.Publish: Invalid instrument position; order rejected'
  },
  {
    order_id: <Buffer 00 e8 da c8 7d 99>,
    symbol: 'DOGE-USDT',
    position: 'net',
    memo: '>> [Error] Orders.Publish: Invalid instrument position; order rejected'
  },
  {
    order_id: <Buffer 00 e8 da c8 55 a7>,
    symbol: 'DOGE-USDT',
    position: 'net',
    memo: '>> [Error] Orders.Publish: Invalid instrument position; order rejected'
  },
  {
    order_id: <Buffer 00 e8 da c8 55 43>,
    symbol: 'DOGE-USDT',
    position: 'net',
    memo: '>> [Error] Orders.Publish: Invalid instrument position; order rejected'
  },
  {
    order_id: <Buffer 00 e8 da c8 4d f2>,
    symbol: 'BTC-USDT',
    position: 'net',
    memo: '>> [Error] Orders.Publish: Invalid instrument position; order rejected'
  },
  {
    order_id: <Buffer 00 e8 da c8 25 97>,
    symbol: 'DOGE-USDT',
    position: 'net',
    memo: '>> [Error] Orders.Publish: Invalid instrument position; order rejected'
  },
  {
    order_id: <Buffer 00 e8 da c7 f4 09>,
    symbol: 'DOGE-USDT',
    position: 'net',
    memo: '>> [Error] Orders.Publish: Invalid instrument position; order rejected'
  },
  {
    order_id: <Buffer 00 e8 da c7 f3 8e>,
    symbol: 'DOGE-USDT',
    position: 'net',
    memo: '>> [Error] Orders.Publish: Invalid instrument position; order rejected'
  },
  {
    order_id: <Buffer 00 e8 da c5 34 4d>,
    symbol: 'BTC-USDT',
    position: 'net',
    memo: '>> [Error] Orders.Publish: Invalid instrument position; order rejected'
  },
  {
    order_id: <Buffer 00 e8 da c5 34 39>,
    symbol: 'BTC-USDT',
    position: 'net',
    memo: '>> [Error] Orders.Publish: Invalid instrument position; order rejected'
  }
]
In Stop.Orders.Import [API]
-> Fetch:History [API]
-> Fetch:Pending [API]
-> History.Publish.Stops [API]
   # History Stop Orders Processed [40]:  6 published
   # History Stop Orders Rejected:  29
-> [Info] stop_request updated {
  filters: { stop_request: <Buffer df 88 36 75 db> },
  columns: {
    state: <Buffer 19 d3 88>,
    memo: '[Info] Trades.Queued: Stop order on closed position; state changed to Expired',
    update_time: 2025-12-19T08:51:41.206Z
  }
}
-> Trades.Queued: Stop Requests in queue: 1
   # [Warning] Stop Requests expired: 1
In Execute.Trades: 12/19/2025, 12:52:09 AM
In Position.Import [API]
In Orders.Import [API]
-> Fetch:History [API]
-> Fetch:Pending [API]
-> History.Publish [API]
   # History Orders Rejected:  20 [
  {
    order_id: <Buffer 00 e8 da cc d5 1b>,
    symbol: 'ETH-USDT',
    position: 'net',
    memo: '>> [Error] Orders.Publish: Invalid instrument position; order rejected'
  },
  {
    order_id: <Buffer 00 e8 da cc d4 9e>,
    symbol: 'BTC-USDT',
    position: 'net',
    memo: '>> [Error] Orders.Publish: Invalid instrument position; order rejected'
  },
  {
    order_id: <Buffer 00 e8 da cc d4 9a>,
    symbol: 'XRP-USDT',
    position: 'net',
    memo: '>> [Error] Orders.Publish: Invalid instrument position; order rejected'
  },
  {
    order_id: <Buffer 00 e8 da cc d4 8c>,
    symbol: 'ETH-USDT',
    position: 'net',
    memo: '>> [Error] Orders.Publish: Invalid instrument position; order rejected'
  },
  {
    order_id: <Buffer 00 e8 da cc d4 8a>,
    symbol: 'ETH-USDT',
    position: 'net',
    memo: '>> [Error] Orders.Publish: Invalid instrument position; order rejected'
  },
  {
    order_id: <Buffer 00 e8 da cc d4 78>,
    symbol: 'LINK-USDT',
    position: 'net',
    memo: '>> [Error] Orders.Publish: Invalid instrument position; order rejected'
  },
  {
    order_id: <Buffer 00 e8 da cc d3 d3>,
    symbol: 'ETH-USDT',
    position: 'net',
    memo: '>> [Error] Orders.Publish: Invalid instrument position; order rejected'
  },
  {
    order_id: <Buffer 00 e8 da cc d3 a1>,
    symbol: 'ETH-USDT',
    position: 'net',
    memo: '>> [Error] Orders.Publish: Invalid instrument position; order rejected'
  },
  {
    order_id: <Buffer 00 e8 da cc d3 40>,
    symbol: 'POPCAT-USDT',
    position: 'net',
    memo: '>> [Error] Orders.Publish: Invalid instrument position; order rejected'
  },
  {
    order_id: <Buffer 00 e8 da cc d3 36>,
    symbol: 'TURBO-USDT',
    position: 'net',
    memo: '>> [Error] Orders.Publish: Invalid instrument position; order rejected'
  },
  {
    order_id: <Buffer 00 e8 da cc d3 32>,
    symbol: 'PONKE-USDT',
    position: 'net',
    memo: '>> [Error] Orders.Publish: Invalid instrument position; order rejected'
  },
  {
    order_id: <Buffer 00 e8 da cc d3 1a>,
    symbol: 'NOT-USDT',
    position: 'net',
    memo: '>> [Error] Orders.Publish: Invalid instrument position; order rejected'
  },
  {
    order_id: <Buffer 00 e8 da cc d2 a9>,
    symbol: 'XRP-USDT',
    position: 'net',
    memo: '>> [Error] Orders.Publish: Invalid instrument position; order rejected'
  },
  {
    order_id: <Buffer 00 e8 da cc d2 87>,
    symbol: 'TURBO-USDT',
    position: 'net',
    memo: '>> [Error] Orders.Publish: Invalid instrument position; order rejected'
  },
  {
    order_id: <Buffer 00 e8 da cc d2 71>,
    symbol: 'NOT-USDT',
    position: 'net',
    memo: '>> [Error] Orders.Publish: Invalid instrument position; order rejected'
  },
  {
    order_id: <Buffer 00 e8 da cc d2 65>,
    symbol: 'ETH-USDT',
    position: 'net',
    memo: '>> [Error] Orders.Publish: Invalid instrument position; order rejected'
  },
  {
    order_id: <Buffer 00 e8 da cc d2 5c>,
    symbol: 'BTC-USDT',
    position: 'net',
    memo: '>> [Error] Orders.Publish: Invalid instrument position; order rejected'
  },
  {
    order_id: <Buffer 00 e8 da cc ca a6>,
    symbol: 'LINK-USDT',
    position: 'net',
    memo: '>> [Error] Orders.Publish: Invalid instrument position; order rejected'
  },
  {
    order_id: <Buffer 00 e8 da cc c9 c2>,
    symbol: 'PONKE-USDT',
    position: 'net',
    memo: '>> [Error] Orders.Publish: Invalid instrument position; order rejected'
  },
  {
    order_id: <Buffer 00 e8 da cc c9 ae>,
    symbol: 'POPCAT-USDT',
    position: 'net',
    memo: '>> [Error] Orders.Publish: Invalid instrument position; order rejected'
  }
]
In Stop.Orders.Import [API]
-> Fetch:History [API]
-> Fetch:Pending [API]
-> History.Publish.Stops [API]
   # History Stop Orders Processed [40]:  31 published
In Execute.Trades: 12/19/2025, 12:52:38 AM
In Position.Import [API]
In Orders.Import [API]
-> Fetch:History [API]
-> Fetch:Pending [API]
-> History.Publish [API]
   # History Orders Rejected:  20 [
  {
    order_id: <Buffer 00 e8 da cd 0c 47>,
    symbol: 'XRP-USDT',
    position: 'net',
    memo: '>> [Error] Orders.Publish: Invalid instrument position; order rejected'
  },
  {
    order_id: <Buffer 00 e8 da cc d9 76>,
    symbol: 'DOGE-USDT',
    position: 'net',
    memo: '>> [Error] Orders.Publish: Invalid instrument position; order rejected'
  },
  {
    order_id: <Buffer 00 e8 da cc d9 04>,
    symbol: 'DOGE-USDT',
    position: 'net',
    memo: '>> [Error] Orders.Publish: Invalid instrument position; order rejected'
  },
  {
    order_id: <Buffer 00 e8 da cc d8 8f>,
    symbol: 'XRP-USDT',
    position: 'net',
    memo: '>> [Error] Orders.Publish: Invalid instrument position; order rejected'
  },
  {
    order_id: <Buffer 00 e8 da cc d8 83>,
    symbol: 'XRP-USDT',
    position: 'net',
    memo: '>> [Error] Orders.Publish: Invalid instrument position; order rejected'
  },
  {
    order_id: <Buffer 00 e8 da cc d8 4e>,
    symbol: 'XRP-USDT',
    position: 'net',
    memo: '>> [Error] Orders.Publish: Invalid instrument position; order rejected'
  },
  {
    order_id: <Buffer 00 e8 da cc d8 3f>,
    symbol: 'XRP-USDT',
    position: 'net',
    memo: '>> [Error] Orders.Publish: Invalid instrument position; order rejected'
  },
  {
    order_id: <Buffer 00 e8 da cc d8 08>,
    symbol: 'XRP-USDT',
    position: 'net',
    memo: '>> [Error] Orders.Publish: Invalid instrument position; order rejected'
  },
  {
    order_id: <Buffer 00 e8 da cc d7 fc>,
    symbol: 'ETH-USDT',
    position: 'net',
    memo: '>> [Error] Orders.Publish: Invalid instrument position; order rejected'
  },
  {
    order_id: <Buffer 00 e8 da cc d7 5e>,
    symbol: 'ETH-USDT',
    position: 'net',
    memo: '>> [Error] Orders.Publish: Invalid instrument position; order rejected'
  },
  {
    order_id: <Buffer 00 e8 da cc d7 4e>,
    symbol: 'XRP-USDT',
    position: 'net',
    memo: '>> [Error] Orders.Publish: Invalid instrument position; order rejected'
  },
  {
    order_id: <Buffer 00 e8 da cc d6 f2>,
    symbol: 'ETH-USDT',
    position: 'net',
    memo: '>> [Error] Orders.Publish: Invalid instrument position; order rejected'
  },
  {
    order_id: <Buffer 00 e8 da cc d6 d8>,
    symbol: 'XRP-USDT',
    position: 'net',
    memo: '>> [Error] Orders.Publish: Invalid instrument position; order rejected'
  },
  {
    order_id: <Buffer 00 e8 da cc d6 cb>,
    symbol: 'BTC-USDT',
    position: 'net',
    memo: '>> [Error] Orders.Publish: Invalid instrument position; order rejected'
  },
  {
    order_id: <Buffer 00 e8 da cc d5 ed>,
    symbol: 'XRP-USDT',
    position: 'net',
    memo: '>> [Error] Orders.Publish: Invalid instrument position; order rejected'
  },
  {
    order_id: <Buffer 00 e8 da cc d5 eb>,
    symbol: 'XRP-USDT',
    position: 'net',
    memo: '>> [Error] Orders.Publish: Invalid instrument position; order rejected'
  },
  {
    order_id: <Buffer 00 e8 da cc d5 e9>,
    symbol: 'ETH-USDT',
    position: 'net',
    memo: '>> [Error] Orders.Publish: Invalid instrument position; order rejected'
  },
  {
    order_id: <Buffer 00 e8 da cc d5 e7>,
    symbol: 'ETH-USDT',
    position: 'net',
    memo: '>> [Error] Orders.Publish: Invalid instrument position; order rejected'
  },
  {
    order_id: <Buffer 00 e8 da cc d5 39>,
    symbol: 'BTC-USDT',
    position: 'net',
    memo: '>> [Error] Orders.Publish: Invalid instrument position; order rejected'
  },
  {
    order_id: <Buffer 00 e8 da cc d5 23>,
    symbol: 'XRP-USDT',
    position: 'net',
    memo: '>> [Error] Orders.Publish: Invalid instrument position; order rejected'
  }
]
In Stop.Orders.Import [API]
-> Fetch:History [API]
-> Fetch:Pending [API]
-> History.Publish.Stops [API]
   # History Stop Orders Processed [40]:  20 published
-> WSS.Publish [API]
-> [Info] account updated {
  filters: { account: <Buffer 24 59 7a> },
  columns: { update_time: 2025-12-19T08:52:51.863Z }
}
-> [Info] account updated {
  filters: { account: <Buffer 24 59 7a> },
  columns: { update_time: 2025-12-19T08:52:52.266Z }
}
-> WSS.Publish [API]
In Execute.Trades: 12/19/2025, 12:53:07 AM
In Position.Import [API]
In Orders.Import [API]
-> Fetch:History [API]
-> Fetch:Pending [API]
-> History.Publish [API]
   # History Orders Rejected:  20 [
  {
    order_id: <Buffer 00 e8 da ce 19 1c>,
    symbol: 'DOGE-USDT',
    position: 'net',
    memo: '>> [Error] Orders.Publish: Invalid instrument position; order rejected'
  },
  {
    order_id: <Buffer 00 e8 da ce 19 00>,
    symbol: 'AVAX-USDT',
    position: 'net',
    memo: '>> [Error] Orders.Publish: Invalid instrument position; order rejected'
  },
  {
    order_id: <Buffer 00 e8 da ce 18 b8>,
    symbol: 'ONDO-USDT',
    position: 'net',
    memo: '>> [Error] Orders.Publish: Invalid instrument position; order rejected'
  },
  {
    order_id: <Buffer 00 e8 da cd e8 3e>,
    symbol: 'XRP-USDT',
    position: 'net',
    memo: '>> [Error] Orders.Publish: Invalid instrument position; order rejected'
  },
  {
    order_id: <Buffer 00 e8 da cd d2 42>,
    symbol: 'XRP-USDT',
    position: 'net',
    memo: '>> [Error] Orders.Publish: Invalid instrument position; order rejected'
  },
  {
    order_id: <Buffer 00 e8 da cd cd ad>,
    symbol: 'XRP-USDT',
    position: 'net',
    memo: '>> [Error] Orders.Publish: Invalid instrument position; order rejected'
  },
  {
    order_id: <Buffer 00 e8 da cd cb 96>,
    symbol: 'XRP-USDT',
    position: 'net',
    memo: '>> [Error] Orders.Publish: Invalid instrument position; order rejected'
  },
  {
    order_id: <Buffer 00 e8 da cd a6 a9>,
    symbol: 'WIF-USDT',
    position: 'net',
    memo: '>> [Error] Orders.Publish: Invalid instrument position; order rejected'
  },
  {
    order_id: <Buffer 00 e8 da cd a5 39>,
    symbol: 'WIF-USDT',
    position: 'net',
    memo: '>> [Error] Orders.Publish: Invalid instrument position; order rejected'
  },
  {
    order_id: <Buffer 00 e8 da cd a2 7a>,
    symbol: 'BTC-USDT',
    position: 'net',
    memo: '>> [Error] Orders.Publish: Invalid instrument position; order rejected'
  },
  {
    order_id: <Buffer 00 e8 da cd 9f ae>,
    symbol: 'XRP-USDT',
    position: 'net',
    memo: '>> [Error] Orders.Publish: Invalid instrument position; order rejected'
  },
  {
    order_id: <Buffer 00 e8 da cd 94 a9>,
    symbol: 'XRP-USDT',
    position: 'net',
    memo: '>> [Error] Orders.Publish: Invalid instrument position; order rejected'
  },
  {
    order_id: <Buffer 00 e8 da cd 8d 2b>,
    symbol: 'BTC-USDT',
    position: 'net',
    memo: '>> [Error] Orders.Publish: Invalid instrument position; order rejected'
  },
  {
    order_id: <Buffer 00 e8 da cd 8c f0>,
    symbol: 'BTC-USDT',
    position: 'net',
    memo: '>> [Error] Orders.Publish: Invalid instrument position; order rejected'
  },
  {
    order_id: <Buffer 00 e8 da cd 8c db>,
    symbol: 'XRP-USDT',
    position: 'net',
    memo: '>> [Error] Orders.Publish: Invalid instrument position; order rejected'
  },
  {
    order_id: <Buffer 00 e8 da cd 7f b5>,
    symbol: 'BTC-USDT',
    position: 'net',
    memo: '>> [Error] Orders.Publish: Invalid instrument position; order rejected'
  },
  {
    order_id: <Buffer 00 e8 da cd 7c fb>,
    symbol: 'XRP-USDT',
    position: 'net',
    memo: '>> [Error] Orders.Publish: Invalid instrument position; order rejected'
  },
  {
    order_id: <Buffer 00 e8 da cd 3c 0f>,
    symbol: 'XRP-USDT',
    position: 'net',
    memo: '>> [Error] Orders.Publish: Invalid instrument position; order rejected'
  },
  {
    order_id: <Buffer 00 e8 da cd 35 09>,
    symbol: 'XRP-USDT',
    position: 'net',
    memo: '>> [Error] Orders.Publish: Invalid instrument position; order rejected'
  },
  {
    order_id: <Buffer 00 e8 da cd 33 3c>,
    symbol: 'XRP-USDT',
    position: 'net',
    memo: '>> [Error] Orders.Publish: Invalid instrument position; order rejected'
  }
]
In Stop.Orders.Import [API]
-> Fetch:History [API]
-> Fetch:Pending [API]
-> History.Publish.Stops [API]
   # History Stop Orders Processed [38]:  19 published
In Execute.Trades: 12/19/2025, 12:53:36 AM
In Position.Import [API]
In Orders.Import [API]
-> Fetch:History [API]
-> Fetch:Pending [API]
-> History.Publish [API]
   # History Orders Rejected:  20 [
  {
    order_id: <Buffer 00 e8 db 0b 7c 86>,
    symbol: 'DOGE-USDT',
    position: 'net',
    memo: '>> [Error] Orders.Publish: Invalid instrument position; order rejected'
  },
  {
    order_id: <Buffer 00 e8 da ce d2 48>,
    symbol: 'WIF-USDT',
    position: 'net',
    memo: '>> [Error] Orders.Publish: Invalid instrument position; order rejected'
  },
  {
    order_id: <Buffer 00 e8 da ce aa 7d>,
    symbol: 'XRP-USDT',
    position: 'net',
    memo: '>> [Error] Orders.Publish: Invalid instrument position; order rejected'
  },
  {
    order_id: <Buffer 00 e8 da ce 3d 05>,
    symbol: 'AVAX-USDT',
    position: 'net',
    memo: '>> [Error] Orders.Publish: Invalid instrument position; order rejected'
  },
  {
    order_id: <Buffer 00 e8 da ce 3b 7e>,
    symbol: 'WIF-USDT',
    position: 'net',
    memo: '>> [Error] Orders.Publish: Invalid instrument position; order rejected'
  },
  {
    order_id: <Buffer 00 e8 da ce 3b 55>,
    symbol: 'AR-USDT',
    position: 'net',
    memo: '>> [Error] Orders.Publish: Invalid instrument position; order rejected'
  },
  {
    order_id: <Buffer 00 e8 da ce 3a 3e>,
    symbol: 'AVAX-USDT',
    position: 'net',
    memo: '>> [Error] Orders.Publish: Invalid instrument position; order rejected'
  },
  {
    order_id: <Buffer 00 e8 da ce 3a 29>,
    symbol: 'AR-USDT',
    position: 'net',
    memo: '>> [Error] Orders.Publish: Invalid instrument position; order rejected'
  },
  {
    order_id: <Buffer 00 e8 da ce 3a 1d>,
    symbol: 'INJ-USDT',
    position: 'net',
    memo: '>> [Error] Orders.Publish: Invalid instrument position; order rejected'
  },
  {
    order_id: <Buffer 00 e8 da ce 39 fe>,
    symbol: 'XRP-USDT',
    position: 'net',
    memo: '>> [Error] Orders.Publish: Invalid instrument position; order rejected'
  },
  {
    order_id: <Buffer 00 e8 da ce 30 53>,
    symbol: 'AVAX-USDT',
    position: 'net',
    memo: '>> [Error] Orders.Publish: Invalid instrument position; order rejected'
  },
  {
    order_id: <Buffer 00 e8 da ce 2b 92>,
    symbol: 'ONDO-USDT',
    position: 'net',
    memo: '>> [Error] Orders.Publish: Invalid instrument position; order rejected'
  },
  {
    order_id: <Buffer 00 e8 da ce 25 db>,
    symbol: 'AR-USDT',
    position: 'net',
    memo: '>> [Error] Orders.Publish: Invalid instrument position; order rejected'
  },
  {
    order_id: <Buffer 00 e8 da ce 24 21>,
    symbol: 'AVAX-USDT',
    position: 'net',
    memo: '>> [Error] Orders.Publish: Invalid instrument position; order rejected'
  },
  {
    order_id: <Buffer 00 e8 da ce 24 03>,
    symbol: 'XRP-USDT',
    position: 'net',
    memo: '>> [Error] Orders.Publish: Invalid instrument position; order rejected'
  },
  {
    order_id: <Buffer 00 e8 da ce 22 5b>,
    symbol: 'XRP-USDT',
    position: 'net',
    memo: '>> [Error] Orders.Publish: Invalid instrument position; order rejected'
  },
  {
    order_id: <Buffer 00 e8 da ce 1f ad>,
    symbol: 'AR-USDT',
    position: 'net',
    memo: '>> [Error] Orders.Publish: Invalid instrument position; order rejected'
  },
  {
    order_id: <Buffer 00 e8 da ce 1f 6a>,
    symbol: 'INJ-USDT',
    position: 'net',
    memo: '>> [Error] Orders.Publish: Invalid instrument position; order rejected'
  },
  {
    order_id: <Buffer 00 e8 da ce 1d 07>,
    symbol: 'ONDO-USDT',
    position: 'net',
    memo: '>> [Error] Orders.Publish: Invalid instrument position; order rejected'
  },
  {
    order_id: <Buffer 00 e8 da ce 1c 2e>,
    symbol: 'ONDO-USDT',
    position: 'net',
    memo: '>> [Error] Orders.Publish: Invalid instrument position; order rejected'
  }
]
In Stop.Orders.Import [API]
-> Fetch:History [API]
-> Fetch:Pending [API]
In Execute.Trades: 12/19/2025, 12:54:05 AM
In Position.Import [API]
In Orders.Import [API]
-> Fetch:History [API]
-> Fetch:Pending [API]
-> History.Publish [API]
   # History Orders Processed [20]:  10 published
   # History Orders Rejected:  10 [
  {
    order_id: <Buffer 00 e8 db 0b 98 6c>,
    symbol: 'BTC-USDT',
    position: 'net',
    memo: '>> [Error] Orders.Publish: Invalid instrument position; order rejected'
  },
  {
    order_id: <Buffer 00 e8 db 0b 98 50>,
    symbol: 'BTC-USDT',
    position: 'net',
    memo: '>> [Error] Orders.Publish: Invalid instrument position; order rejected'
  },
  {
    order_id: <Buffer 00 e8 db 0b 95 06>,
    symbol: 'BTC-USDT',
    position: 'net',
    memo: '>> [Error] Orders.Publish: Invalid instrument position; order rejected'
  },
  {
    order_id: <Buffer 00 e8 db 0b 8f ca>,
    symbol: 'BTC-USDT',
    position: 'net',
    memo: '>> [Error] Orders.Publish: Invalid instrument position; order rejected'
  },
  {
    order_id: <Buffer 00 e8 db 0b 8c be>,
    symbol: 'BTC-USDT',
    position: 'net',
    memo: '>> [Error] Orders.Publish: Invalid instrument position; order rejected'
  },
  {
    order_id: <Buffer 00 e8 db 0b 8c 40>,
    symbol: 'BTC-USDT',
    position: 'net',
    memo: '>> [Error] Orders.Publish: Invalid instrument position; order rejected'
  },
  {
    order_id: <Buffer 00 e8 db 0b 8b 94>,
    symbol: 'BTC-USDT',
    position: 'net',
    memo: '>> [Error] Orders.Publish: Invalid instrument position; order rejected'
  },
  {
    order_id: <Buffer 00 e8 db 0b 7d 45>,
    symbol: 'BTC-USDT',
    position: 'net',
    memo: '>> [Error] Orders.Publish: Invalid instrument position; order rejected'
  },
  {
    order_id: <Buffer 00 e8 db 0b 7c 93>,
    symbol: 'AR-USDT',
    position: 'net',
    memo: '>> [Error] Orders.Publish: Invalid instrument position; order rejected'
  },
  {
    order_id: <Buffer 00 e8 db 0b 7c 8c>,
    symbol: 'INJ-USDT',
    position: 'net',
    memo: '>> [Error] Orders.Publish: Invalid instrument position; order rejected'
  }
]
In Stop.Orders.Import [API]
-> Fetch:History [API]
-> Fetch:Pending [API]
In Execute.Trades: 12/19/2025, 12:54:34 AM
In Position.Import [API]
In Orders.Import [API]
-> Fetch:History [API]
-> Fetch:Pending [API]
-> History.Publish [API]
   # History Orders Processed [20]:  20 published
In Stop.Orders.Import [API]
-> Fetch:History [API]
-> Fetch:Pending [API]
In Execute.Trades: 12/19/2025, 12:55:03 AM
In Position.Import [API]
In Orders.Import [API]
-> Fetch:History [API]
-> Fetch:Pending [API]
-> History.Publish [API]
   # History Orders Processed [20]:  20 published
In Stop.Orders.Import [API]
-> Fetch:History [API]
-> Fetch:Pending [API]
In Execute.Trades: 12/19/2025, 12:55:32 AM
In Position.Import [API]
In Orders.Import [API]
-> Fetch:History [API]
-> Fetch:Pending [API]
-> History.Publish [API]
   # History Orders Processed [20]:  20 published
In Stop.Orders.Import [API]
-> Fetch:History [API]
-> Fetch:Pending [API]
In Execute.Trades: 12/19/2025, 12:56:01 AM
In Position.Import [API]
In Orders.Import [API]
-> Fetch:History [API]
-> Fetch:Pending [API]
-> History.Publish [API]
   # History Orders Processed [20]:  20 published
In Stop.Orders.Import [API]
-> Fetch:History [API]
-> Fetch:Pending [API]
In Execute.Trades: 12/19/2025, 12:56:30 AM
In Position.Import [API]
In Orders.Import [API]
-> Fetch:History [API]
-> Fetch:Pending [API]
-> History.Publish [API]
   # History Orders Processed [20]:  20 published
In Stop.Orders.Import [API]
-> Fetch:History [API]
-> Fetch:Pending [API]
In Execute.Trades: 12/19/2025, 12:56:59 AM
In Position.Import [API]
In Orders.Import [API]
-> Fetch:History [API]
-> Fetch:Pending [API]
-> History.Publish [API]
   # History Orders Processed [20]:  20 published
In Stop.Orders.Import [API]
-> Fetch:History [API]
-> Fetch:Pending [API]
In Execute.Trades: 12/19/2025, 12:57:28 AM
In Position.Import [API]
In Orders.Import [API]
-> Fetch:History [API]
-> Fetch:Pending [API]
-> History.Publish [API]
   # History Orders Processed [20]:  20 published
In Stop.Orders.Import [API]
-> Fetch:History [API]
-> Fetch:Pending [API]
-> WSS.Publish [API]
-> [Info] account updated {
  filters: { account: <Buffer 24 59 7a> },
  columns: { update_time: 2025-12-19T08:57:51.878Z }
}
-> [Info] account updated {
  filters: { account: <Buffer 24 59 7a> },
  columns: { update_time: 2025-12-19T08:57:52.310Z }
}
-> WSS.Publish [API]
In Execute.Trades: 12/19/2025, 12:57:57 AM
In Position.Import [API]
In Orders.Import [API]
-> Fetch:History [API]
-> Fetch:Pending [API]
-> History.Publish [API]
   # History Orders Processed [20]:  20 published
In Stop.Orders.Import [API]
-> Fetch:History [API]
-> Fetch:Pending [API]
In Execute.Trades: 12/19/2025, 12:58:26 AM
In Position.Import [API]
In Orders.Import [API]
-> Fetch:History [API]
-> Fetch:Pending [API]
-> History.Publish [API]
   # History Orders Processed [20]:  20 published
In Stop.Orders.Import [API]
-> Fetch:History [API]
-> Fetch:Pending [API]
In Execute.Trades: 12/19/2025, 12:58:55 AM
In Position.Import [API]
In Orders.Import [API]
-> Fetch:History [API]
-> Fetch:Pending [API]
-> History.Publish [API]
   # History Orders Processed [20]:  20 published
In Stop.Orders.Import [API]
-> Fetch:History [API]
-> Fetch:Pending [API]
In Execute.Trades: 12/19/2025, 12:59:24 AM
In Position.Import [API]
In Orders.Import [API]
-> Fetch:History [API]
-> Fetch:Pending [API]
-> History.Publish [API]
   # History Orders Processed [20]:  20 published
In Stop.Orders.Import [API]
-> Fetch:History [API]
-> Fetch:Pending [API]
In Execute.Trades: 12/19/2025, 12:59:53 AM
In Position.Import [API]
In Orders.Import [API]
-> Fetch:History [API]
-> Fetch:Pending [API]
-> History.Publish [API]
   # History Orders Processed [20]:  20 published
In Stop.Orders.Import [API]
-> Fetch:History [API]
-> Fetch:Pending [API]
In Execute.Trades: 12/19/2025, 1:00:22 AM
In Position.Import [API]
In Orders.Import [API]
-> Fetch:History [API]
-> Fetch:Pending [API]
-> History.Publish [API]
   # History Orders Processed [20]:  20 published
In Stop.Orders.Import [API]
-> Fetch:History [API]
-> Fetch:Pending [API]
In Execute.Trades: 12/19/2025, 1:00:51 AM
In Position.Import [API]
In Orders.Import [API]
-> Fetch:History [API]
-> Fetch:Pending [API]
-> History.Publish [API]
   # History Orders Processed [20]:  20 published
In Stop.Orders.Import [API]
-> Fetch:History [API]
-> Fetch:Pending [API]
In Execute.Trades: 12/19/2025, 1:01:20 AM
In Position.Import [API]
In Orders.Import [API]
-> Fetch:History [API]
-> Fetch:Pending [API]
-> History.Publish [API]
   # History Orders Processed [20]:  20 published
In Stop.Orders.Import [API]
-> Fetch:History [API]
-> Fetch:Pending [API]
In Execute.Trades: 12/19/2025, 1:01:49 AM
In Position.Import [API]
In Orders.Import [API]
-> Fetch:History [API]
-> Fetch:Pending [API]
-> History.Publish [API]
   # History Orders Processed [4]:  4 published
In Stop.Orders.Import [API]
-> Fetch:History [API]
-> Fetch:Pending [API]
In Execute.Trades: 12/19/2025, 1:02:18 AM
In Position.Import [API]
In Orders.Import [API]
-> Fetch:History [API]
-> Fetch:Pending [API]
In Stop.Orders.Import [API]
-> Fetch:History [API]
-> Fetch:Pending [API]
In Execute.Trades: 12/19/2025, 1:02:47 AM
In Position.Import [API]
In Orders.Import [API]
-> Fetch:History [API]
-> Fetch:Pending [API]
In Stop.Orders.Import [API]
-> Fetch:History [API]
-> Fetch:Pending [API]
-> WSS.Publish [API]
-> [Info] account updated {
  filters: { account: <Buffer 24 59 7a> },
  columns: { total_equity: 55117.653, update_time: 2025-12-19T09:02:51.899Z }
}
-> [Info] account_detail updated {
  filters: { account: <Buffer 24 59 7a>, currency: <Buffer b5 2b c7> },
  columns: { equity_usd: 55117.653, coin_usd_price: 0.999375 }
}
-> WSS.Publish [API]
-> [Info] account updated {
  filters: { account: <Buffer 24 59 7a> },
  columns: { update_time: 2025-12-19T09:02:52.419Z }
}
In Execute.Trades: 12/19/2025, 1:03:16 AM
In Position.Import [API]
In Orders.Import [API]
-> Fetch:History [API]
-> Fetch:Pending [API]
In Stop.Orders.Import [API]
-> Fetch:History [API]
-> Fetch:Pending [API]
In Execute.Trades: 12/19/2025, 1:03:45 AM
In Position.Import [API]
In Orders.Import [API]
-> Fetch:History [API]
-> Fetch:Pending [API]
In Stop.Orders.Import [API]
-> Fetch:History [API]
-> Fetch:Pending [API]
