-> [Info] stop_request inserted {
  fields: [
    'stop_request',
    'stop_type',
    'instrument_position',
    'state',
    'action',
    'size',
    'trigger_price',
    'order_price',
    'reduce_only',
    'memo',
    'create_time',
    'update_time'
  ],
  args: [
    <Buffer df 1e e5 2f 50>,
    'sl',
    <Buffer 62 45 1c 33 17 21>,
    <Buffer 62 57 cb>,
    'buy',
    100,
    2.85,
    2.875,
    false,
    'Test 2a: submit stop loss request no order',
    2025-11-14T18:23:25.597Z,
    2025-11-14T18:23:25.597Z
  ]
}
{
  submitted: <Buffer df 1e e5 2f 50>,
  request: {
    symbol: 'XRP-USDT',
    position: 'short',
    action: 'buy',
    stop_type: 'sl',
    size: 100,
    trigger_price: 2.85,
    order_price: 2.875,
    reduce_only: false,
    broker_id: undefined,
    memo: 'Test 2a: submit stop loss request without order'
  }
}
Test 2a: Request submitted, check db for results. <Buffer df 1e e5 2f 50>
Fetched order from DB: [
  {
    account: <Buffer 24 59 7a>,
    stop_order: null,
    stop_request: <Buffer df 1e e5 2f 50>,
    tpsl_id: null,
    instrument_position: <Buffer 62 45 1c 33 17 21>,
    instrument: <Buffer 54 e7 5e>,
    symbol: 'XRP-USDT',
    base_currency: <Buffer c2 35 f3>,
    base_symbol: 'XRP',
    quote_currency: <Buffer cb 69 43>,
    quote_symbol: 'USDT',
    position: 'short',
    stop_type: 'sl',
    margin_mode: 'cross',
    auto_trade: 0,
    position_state: <Buffer e8 fc f7>,
    position_status: 'Closed',
    state: <Buffer 62 57 cb>,
    status: 'Queued',
    request_state: <Buffer 62 57 cb>,
    request_status: 'Queued',
    order_state: null,
    order_status: null,
    action: 'buy',
    size: 100,
    actual_size: null,
    trigger_price: 2.85,
    order_price: 2.875,
    reduce_only: 0,
    order_category: null,
    category: null,
    memo: 'Test 2a: submit stop loss request no order',
    broker_id: null,
    create_time: 2025-11-14T18:23:25.597Z,
    update_time: 2025-11-14T18:23:25.597Z
  }
]
