[Info] Session.Config: Blofin Demo configured successfully
[Info] App.Config: {
  candle_max_fetch: 1440,
  leverage_max_fetch: 20,
  orders_max_fetch: 100,
  default_sma: 60,
  default_leverage: 10,
  alias: 'Blofin Demo',
  api: '740c****adc1',
  secret: '********',
  phrase: '****',
  rest_api_url: 'https://demo-trading-openapi.blofin.com',
  private_wss_url: 'wss://demo-trading-openapi.blofin.com/ws/private',
  public_wss_url: 'wss://demo-trading-openapi.blofin.com/ws/public',
  account: <Buffer 24 59 7a>,
  margin_mode: 'cross',
  hedging: 1,
  state: 'disconnected',
  audit_order: '0',
  audit_stops: '0'
}
-> Test 3b: Submitting stop loss request without order for account 24597a
-> [Info] stop_request inserted {
  fields: [
    'stop_request',
    'stop_type',
    'instrument_position',
    'state',
    'margin_mode',
    'action',
    'size',
    'trigger_price',
    'order_price',
    'memo'
  ],
  args: [
    <Buffer 79 3f 1c 1d 01>,
    <Buffer e4>,
    <Buffer ed da 99 9d fb 4e>,
    <Buffer 62 57 cb>,
    'cross',
    'buy',
    100,
    1.25,
    1.275,
    'Test 3b: submit stop loss request no order'
  ]
}
{
  submitted: {
    key: { stop_request: <Buffer 79 3f 1c 1d 01>, stop_type: <Buffer e4> },
    response: {
      success: true,
      code: 0,
      response: 'inserted',
      rows: 1,
      context: 'Stop.Request.Publish'
    }
  },
  request: {
    symbol: 'XRP-USDT',
    position: 'short',
    action: 'buy',
    stop_request_type: 'tp',
    size: 100,
    trigger_price: 1.25,
    order_price: 1.275,
    memo: 'Test 3b: submit take profit request'
  }
}
[Info] Test 3b: Request submitted, check db for results. {
  key: { stop_request: <Buffer 79 3f 1c 1d 01>, stop_type: <Buffer e4> },
  response: {
    success: true,
    code: 0,
    response: 'inserted',
    rows: 1,
    context: 'Stop.Request.Publish'
  }
}
[Info] Fetched order from DB: [
  {
    account: <Buffer 24 59 7a>,
    tpsl_id: null,
    stop_request: <Buffer 79 3f 1c 1d 01>,
    client_order_id: null,
    instrument_position: <Buffer ed da 99 9d fb 4e>,
    instrument: <Buffer a2 80 0a>,
    symbol: 'XRP-USDT',
    base_currency: <Buffer 20 e0 67>,
    base_symbol: 'XRP',
    quote_currency: <Buffer b5 2b c7>,
    quote_symbol: 'USDT',
    position: 'short',
    position_state: <Buffer 5d 9e c9>,
    position_status: 'Open',
    stop_type: <Buffer e4>,
    margin_mode: 'cross',
    state: <Buffer 62 57 cb>,
    status: 'Queued',
    request_state: <Buffer 62 57 cb>,
    request_status: 'Queued',
    order_state: null,
    order_status: null,
    action: 'buy',
    size: 100,
    actual_size: null,
    trigger_price: 1.25,
    order_price: 1.275,
    reduce_only: 1,
    order_category: null,
    category: null,
    memo: 'Test 3b: submit stop loss request no order',
    broker_id: null,
    create_time: 2026-02-08T01:59:37.077Z,
    update_time: 2026-02-08T01:59:37.077Z
  }
]
