[Info] Session.Config: Blofin Demo configured successfully
updated -> [Info] request updated {
  filters: { request: <Buffer b0 2f 46 89 d7 d0> },
  columns: { price: 1.425 }
}
updated -> [Info] request updated {
  filters: { request: <Buffer b0 2f 46 89 d7 d0> },
  columns: {
    state: <Buffer 15 3e 21>,
    memo: 'Test 2b: request w/o expiry; w/o tpsl',
    update_time: 2026-02-08T01:42:52.893Z
  }
}
{
  submitted: {
    key: { request: <Buffer b0 2f 46 89 d7 d0> },
    response: {
      success: true,
      code: 0,
      response: 'updated',
      rows: 1,
      context: 'Request.Publish.Hold'
    }
  },
  request: {
    symbol: 'XRP-USDT',
    position: 'short',
    action: 'sell',
    order_type: 'limit',
    price: 1.425,
    size: 100
  }
}
Test 2b: Request submitted, check db for results. {
  key: { request: <Buffer b0 2f 46 89 d7 d0> },
  response: {
    success: true,
    code: 0,
    response: 'updated',
    rows: 1,
    context: 'Request.Publish.Hold'
  }
}
Fetched order from DB: [
  {
    request: <Buffer b0 2f 46 89 d7 d0>,
    order_id: <Buffer 00 e8 db d6 15 d0>,
    account: <Buffer 24 59 7a>,
    instrument: <Buffer a2 80 0a>,
    instrument_position: <Buffer ed da 99 9d fb 4e>,
    symbol: 'XRP-USDT',
    base_currency: <Buffer 20 e0 67>,
    base_symbol: 'XRP',
    quote_currency: <Buffer b5 2b c7>,
    quote_symbol: 'USDT',
    state: <Buffer 15 3e 21>,
    status: 'Hold',
    request_state: <Buffer 4b c9 9c>,
    request_status: 'Pending',
    order_state: <Buffer de 78 79>,
    order_status: 'live',
    position: 'short',
    action: 'sell',
    request_type: <Buffer b8 32 96>,
    order_type: 'limit',
    margin_mode: 'cross',
    price: 1.425,
    size: 100,
    leverage: 40,
    filled_size: 0,
    filled_amount: 0,
    average_price: 0,
    fee: 0,
    pnl: 0,
    digits: 4,
    order_category: <Buffer 4f ae 94>,
    category: 'normal',
    cancel_source: <Buffer 3d 66 8d>,
    canceled_by: 'not_canceled',
    contract_type: <Buffer 9b 1a cc>,
    instrument_type: <Buffer e1 a1 fa>,
    reduce_only: 1,
    broker_id: null,
    trade_period: <Buffer 03 e8 0e>,
    trade_timeframe: '15m',
    timeframe_units: 15,
    memo: 'Test 2b: request w/o expiry; w/o tpsl',
    create_time: 2026-02-07T23:38:56.678Z,
    expiry_time: 2026-02-08T07:38:56.680Z,
    update_time: 2026-02-08T01:42:52.893Z
  }
]
