[Info] Session.Config: Blofin Demo configured successfully
-> [Info] stop_request inserted {
  fields: [
    'stop_request',
    'stop_type',
    'instrument_position',
    'state',
    'margin_mode',
    'action',
    'size',
    'trigger_price',
    'order_price',
    'memo',
    'create_time',
    'update_time'
  ],
  args: [
    <Buffer df 88 36 75 db>,
    'sl',
    <Buffer ed da 99 9d fb 4e>,
    <Buffer 62 57 cb>,
    'cross',
    'buy',
    100,
    2.85,
    2.875,
    'Test 2a: submit stop loss request no order',
    2025-12-19T08:32:57.418Z,
    2025-12-19T08:32:57.418Z
  ]
}
{
  submitted: <Buffer df 88 36 75 db>,
  request: {
    symbol: 'XRP-USDT',
    position: 'short',
    action: 'buy',
    stop_type: 'sl',
    size: 100,
    trigger_price: 2.85,
    order_price: 2.875,
    memo: 'Test 2a: submit stop loss request without order'
  }
}
Test 2a: Request submitted, check db for results. <Buffer df 88 36 75 db>
Fetched order from DB: [
  {
    account: <Buffer 24 59 7a>,
    stop_order: null,
    stop_request: <Buffer df 88 36 75 db>,
    tpsl_id: null,
    instrument_position: <Buffer ed da 99 9d fb 4e>,
    instrument: <Buffer a2 80 0a>,
    symbol: 'XRP-USDT',
    base_currency: <Buffer 20 e0 67>,
    base_symbol: 'XRP',
    quote_currency: <Buffer b5 2b c7>,
    quote_symbol: 'USDT',
    position: 'short',
    stop_type: 'sl',
    margin_mode: 'cross',
    auto_trade: 0,
    position_state: <Buffer e8 fc f7>,
    position_status: 'Closed',
    state: <Buffer 62 57 cb>,
    status: 'Queued',
    request_state: <Buffer 62 57 cb>,
    request_status: 'Queued',
    order_state: null,
    order_status: null,
    action: 'buy',
    size: 100,
    actual_size: null,
    trigger_price: 2.85,
    order_price: 2.875,
    reduce_only: 1,
    order_category: null,
    category: null,
    memo: 'Test 2a: submit stop loss request no order',
    broker_id: null,
    create_time: 2025-12-19T08:32:57.418Z,
    update_time: 2025-12-19T08:32:57.418Z
  }
]
