>> [info] Application.Initialization start: 11/2/2025, 4:04:25 PM
In Subject.Area.Import: 11/2/2025, 4:04:25 PM
   # Subject Area imports:  5 verified
In Activity.Import: 11/2/2025, 4:04:25 PM
   # Activity imports:  8 verified
In Authority.Import: 11/2/2025, 4:04:25 PM
   # Authority imports:  6 verified
In Broker.Import: 11/2/2025, 4:04:26 PM
   # Broker imports:  1 verified
In Contract.Type.Import: 11/2/2025, 4:04:26 PM
   # Contract Type imports:  2 verified
In Environment.Import: 11/2/2025, 4:04:26 PM
   # Environment imports:  4 verified
In Instrument.Type.Import: 11/2/2025, 4:04:26 PM
   # Instrument Type imports:  1 verified
In Period.Import: 11/2/2025, 4:04:26 PM
   # Period imports:  15 verified
In Reference.Import: 11/2/2025, 4:04:27 PM
   # Order State imports:  8 verified
   # Request Type imports:  6 verified
   # Cancel Source imports:  3 verified
   # Price Type imports:  3 verified
   # Margin Mode imports:  2 verified
   # Stop Type imports:  2 verified
   # Position imports:  3 verified
   # Order Category imports:  6 verified
In Role.Import: 11/2/2025, 4:04:27 PM
   # Role imports:  4 verified
In State.Import: 11/2/2025, 4:04:27 PM
   # State imports:  15 verified
In Instruments.Import [API]: 11/2/2025, 4:04:28 PM
-> Instrument:Publish [API]
-> [info] Application.Initialization finished: 11/2/2025, 4:04:31 PM
Connected to websocket: [178878:wss://demo-trading-openapi.blofin.com/ws/private]
Subscriptions: { channel: 'account' }
Subscriptions: { channel: 'positions' }
Subscriptions: { channel: 'orders' }
-> WSS.Publish [API]
-> [Info] account updated {
  filters: { account: <Buffer 24 59 7a> },
  columns: { update_time: 2025-11-03T00:04:32.174Z }
}
In Execute.Trades: 11/2/2025, 4:05:00 PM
In Orders.Import [API]
-> Fetch:History [API]
-> Fetch:Pending [API]
-> History.Publish [API]
   # History Orders Processed [20]:  20 published
-> History.Publish.Stops [API]
   # History Stop Orders Processed [20]:  34 published
>> Trades.Queued: Requests in queue: 1
In Requests.Submit [API]
-> [Info] Response.Request: Responses received: 1 [
  {
    orderId: '1000115147511',
    clientOrderId: '999CFAC8646F',
    msg: 'success',
    code: '0'
  }
]
-> WSS.Publish [API]
-> [Info] request updated {
  filters: { request: <Buffer 99 9c fa c8 64 6f> },
  columns: {
    order_id: <Buffer 00 e8 db 82 12 f7>,
    state: <Buffer 4b c9 9c>,
    memo: '[Info] Response.Request: Order submitted successfully',
    update_time: 2025-11-03T00:05:02.912Z
  }
}
-> Queued requests submitted: 1
   # [Info] Requests accepted: 1
In Requests.Submit [API]
-> [Info] account updated {
  filters: { account: <Buffer 24 59 7a> },
  columns: { update_time: 2025-11-03T00:05:02.858Z }
}
-> [Info] orders inserted {
  fields: [
    'order_id',
    'client_order_id',
    'order_category',
    'order_state',
    'cancel_source',
    'filled_size',
    'filled_amount',
    'average_price',
    'fee',
    'pnl'
  ],
  args: [
    <Buffer 00 e8 db 82 12 f7>,
    <Buffer 99 9c fa c8 64 6f>,
    <Buffer 4f ae 94>,
    <Buffer de 78 79>,
    <Buffer 3d 66 8d>,
    0,
    0,
    0,
    0,
    0
  ]
}
-> [Info] account_detail updated {
  filters: { account: <Buffer 24 59 7a>, currency: <Buffer cb 69 43> },
  columns: {
    available: 52299.167,
    available_equity: 52299.167,
    frozen: 607.7,
    order_frozen: 607.7,
    update_time: 2025-11-03T00:05:02.837Z
  }
}
-> [Error] Response.Request: No response data received from broker API
>> Trades.Queued: Requests in queue: 1
In Execute.Trades: 11/2/2025, 4:05:29 PM
In Orders.Import [API]
-> Fetch:History [API]
-> Fetch:Pending [API]
-> History.Publish [API]
   # History Orders Processed [20]:  20 published
-> Pending.Publish [API]
   # Pending Orders Processed [1]:  1 published
-> History.Publish.Stops [API]
   # History Stop Orders Processed [19]:  30 published
>> Trades.Queued: Requests in queue: 0
In Requests.Submit [API]
-> [Error] Response.Request: No response data received from broker API
>> Trades.Queued: Requests in queue: 1
In Execute.Trades: 11/2/2025, 4:05:58 PM
In Orders.Import [API]
-> Fetch:History [API]
-> Fetch:Pending [API]
-> History.Publish [API]
   # History Orders Processed [20]:  20 published
-> Pending.Publish [API]
   # Pending Orders Processed [1]:  1 published
>> Trades.Queued: Requests in queue: 0
In Requests.Submit [API]
-> [Error] Response.Request: No response data received from broker API
>> Trades.Queued: Requests in queue: 1
In Execute.Trades: 11/2/2025, 4:06:27 PM
In Orders.Import [API]
-> Fetch:History [API]
-> Fetch:Pending [API]
-> History.Publish [API]
   # History Orders Processed [20]:  20 published
-> Pending.Publish [API]
   # Pending Orders Processed [1]:  1 published
>> Trades.Queued: Requests in queue: 0
In Requests.Submit [API]
-> [Error] Response.Request: No response data received from broker API
>> Trades.Queued: Requests in queue: 1
In Execute.Trades: 11/2/2025, 4:06:56 PM
In Orders.Import [API]
-> Fetch:History [API]
-> Fetch:Pending [API]
-> History.Publish [API]
   # History Orders Processed [20]:  20 published
-> Pending.Publish [API]
   # Pending Orders Processed [1]:  1 published
>> Trades.Queued: Requests in queue: 0
In Requests.Submit [API]
-> [Error] Response.Request: No response data received from broker API
>> Trades.Queued: Requests in queue: 1
In Execute.Trades: 11/2/2025, 4:07:25 PM
In Orders.Import [API]
-> Fetch:History [API]
-> Fetch:Pending [API]
-> History.Publish [API]
   # History Orders Processed [20]:  20 published
-> Pending.Publish [API]
   # Pending Orders Processed [1]:  1 published
>> Trades.Queued: Requests in queue: 0
In Requests.Submit [API]
-> [Error] Response.Request: No response data received from broker API
>> Trades.Queued: Requests in queue: 1
In Execute.Trades: 11/2/2025, 4:07:54 PM
In Orders.Import [API]
-> Fetch:History [API]
-> Fetch:Pending [API]
-> History.Publish [API]
   # History Orders Processed [20]:  20 published
-> Pending.Publish [API]
   # Pending Orders Processed [1]:  1 published
>> Trades.Queued: Requests in queue: 0
In Requests.Submit [API]
-> [Error] Response.Request: No response data received from broker API
>> Trades.Queued: Requests in queue: 1
-> WSS.Publish [API]
-> [Info] account updated {
  filters: { account: <Buffer 24 59 7a> },
  columns: { total_equity: 52906.312, update_time: 2025-11-03T00:08:14.474Z }
}
-> [Info] account_detail updated {
  filters: { account: <Buffer 24 59 7a>, currency: <Buffer cb 69 43> },
  columns: { equity_usd: 52906.312, coin_usd_price: 0.999989 }
}
-> [Info] account updated {
  filters: { account: <Buffer 24 59 7a> },
  columns: { update_time: 2025-11-03T00:08:15.255Z }
}
-> WSS.Publish [API]
In Execute.Trades: 11/2/2025, 4:08:23 PM
In Orders.Import [API]
-> Fetch:History [API]
-> Fetch:Pending [API]
-> History.Publish [API]
   # History Orders Processed [20]:  20 published
-> Pending.Publish [API]
   # Pending Orders Processed [1]:  1 published
>> Trades.Queued: Requests in queue: 0
In Requests.Submit [API]
-> [Error] Response.Request: No response data received from broker API
>> Trades.Queued: Requests in queue: 1
In Execute.Trades: 11/2/2025, 4:08:52 PM
In Orders.Import [API]
-> Fetch:History [API]
-> Fetch:Pending [API]
-> History.Publish [API]
   # History Orders Processed [20]:  20 published
-> Pending.Publish [API]
   # Pending Orders Processed [1]:  1 published
>> Trades.Queued: Requests in queue: 0
In Requests.Submit [API]
-> [Error] Response.Request: No response data received from broker API
>> Trades.Queued: Requests in queue: 1
In Execute.Trades: 11/2/2025, 4:09:21 PM
In Orders.Import [API]
-> Fetch:History [API]
-> Fetch:Pending [API]
-> History.Publish [API]
   # History Orders Processed [20]:  20 published
-> Pending.Publish [API]
   # Pending Orders Processed [1]:  1 published
>> Trades.Queued: Requests in queue: 0
In Requests.Submit [API]
-> [Error] Response.Request: No response data received from broker API
>> Trades.Queued: Requests in queue: 1
In Execute.Trades: 11/2/2025, 4:09:50 PM
In Orders.Import [API]
-> Fetch:History [API]
-> Fetch:Pending [API]
-> History.Publish [API]
   # History Orders Processed [20]:  20 published
-> Pending.Publish [API]
   # Pending Orders Processed [1]:  1 published
>> Trades.Queued: Requests in queue: 0
In Requests.Submit [API]
-> [Error] Response.Request: No response data received from broker API
>> Trades.Queued: Requests in queue: 1
In Execute.Trades: 11/2/2025, 4:10:19 PM
In Orders.Import [API]
-> Fetch:History [API]
-> Fetch:Pending [API]
-> History.Publish [API]
   # History Orders Processed [20]:  20 published
-> Pending.Publish [API]
   # Pending Orders Processed [1]:  1 published
>> Trades.Queued: Requests in queue: 0
In Requests.Submit [API]
-> [Error] Response.Request: No response data received from broker API
>> Trades.Queued: Requests in queue: 1
In Execute.Trades: 11/2/2025, 4:10:48 PM
In Orders.Import [API]
-> Fetch:History [API]
-> Fetch:Pending [API]
-> History.Publish [API]
   # History Orders Processed [20]:  20 published
-> Pending.Publish [API]
   # Pending Orders Processed [1]:  1 published
>> Trades.Queued: Requests in queue: 0
In Requests.Submit [API]
-> [Error] Response.Request: No response data received from broker API
>> Trades.Queued: Requests in queue: 1
In Execute.Trades: 11/2/2025, 4:11:17 PM
In Orders.Import [API]
-> Fetch:History [API]
-> Fetch:Pending [API]
-> History.Publish [API]
   # History Orders Processed [20]:  20 published
-> Pending.Publish [API]
   # Pending Orders Processed [1]:  1 published
>> Trades.Queued: Requests in queue: 0
In Requests.Submit [API]
-> [Error] Response.Request: No response data received from broker API
>> Trades.Queued: Requests in queue: 1
In Execute.Trades: 11/2/2025, 4:11:46 PM
In Orders.Import [API]
-> Fetch:History [API]
-> Fetch:Pending [API]
-> History.Publish [API]
   # History Orders Processed [20]:  20 published
-> Pending.Publish [API]
   # Pending Orders Processed [1]:  1 published
>> Trades.Queued: Requests in queue: 0
In Requests.Submit [API]
-> [Error] Response.Request: No response data received from broker API
>> Trades.Queued: Requests in queue: 1
In Execute.Trades: 11/2/2025, 4:12:15 PM
In Orders.Import [API]
-> Fetch:History [API]
-> Fetch:Pending [API]
-> History.Publish [API]
   # History Orders Processed [15]:  15 published
-> Pending.Publish [API]
   # Pending Orders Processed [1]:  1 published
>> Trades.Queued: Requests in queue: 0
In Requests.Submit [API]
-> [Error] Response.Request: No response data received from broker API
>> Trades.Queued: Requests in queue: 1
In Execute.Trades: 11/2/2025, 4:12:45 PM
In Orders.Import [API]
-> Fetch:History [API]
-> Fetch:Pending [API]
-> Pending.Publish [API]
   # Pending Orders Processed [1]:  1 published
>> Trades.Queued: Requests in queue: 0
In Requests.Submit [API]
-> [Error] Response.Request: No response data received from broker API
>> Trades.Queued: Requests in queue: 1
In Execute.Trades: 11/2/2025, 4:13:14 PM
In Orders.Import [API]
-> Fetch:History [API]
-> WSS.Publish [API]
-> Fetch:Pending [API]
-> Pending.Publish [API]
   # Pending Orders Processed [1]:  1 published
-> [Info] account updated {
  filters: { account: <Buffer 24 59 7a> },
  columns: { update_time: 2025-11-03T00:13:14.481Z }
}
>> Trades.Queued: Requests in queue: 0
In Requests.Submit [API]
-> [Error] Response.Request: No response data received from broker API
>> Trades.Queued: Requests in queue: 1
-> [Info] account updated {
  filters: { account: <Buffer 24 59 7a> },
  columns: { update_time: 2025-11-03T00:13:15.338Z }
}
-> WSS.Publish [API]
