>> [Info] Application.Initialization start: 12/3/2025, 12:17:33 AM
-> Seed Account: {
  api: '6e03ab69bdd646c1afbc92bc3725edaa',
  secret: '66b55bde5057499bb8dd078f60d79cce',
  phrase: 'development_api_key',
  rest_api_url: 'https://demo-trading-openapi.blofin.com',
  private_wss_url: 'wss://demo-trading-openapi.blofin.com/ws/private',
  public_wss_url: 'wss://demo-trading-openapi.blofin.com/ws/public',
  account: <Buffer 24 59 7a>,
  margin_mode: 'cross',
  hedging: 1,
  state: 'disconnected',
  audit_order: '0',
  audit_stops: '0'
}
In Subject.Area.Import: 12/3/2025, 12:17:33 AM
   # Subject Area imports:  5 verified
In Activity.Import: 12/3/2025, 12:17:33 AM
   # Activity imports:  8 verified
In Authority.Import: 12/3/2025, 12:17:33 AM
   # Authority imports:  6 verified
In Broker.Import: 12/3/2025, 12:17:34 AM
   # Broker imports:  1 verified
In Contract.Type.Import: 12/3/2025, 12:17:34 AM
   # Contract Type imports:  2 verified
In Environment.Import: 12/3/2025, 12:17:34 AM
   # Environment imports:  4 verified
In Instrument.Type.Import: 12/3/2025, 12:17:34 AM
   # Instrument Type imports:  1 verified
In Period.Import: 12/3/2025, 12:17:34 AM
   # Period imports:  15 verified
In Reference.Import: 12/3/2025, 12:17:34 AM
   # Order State imports:  7 verified
   # Request Type imports:  6 verified
   # Cancel Source imports:  3 verified
   # Price Type imports:  3 verified
   # Margin Mode imports:  2 verified
   # Hedging imports:  2 verified
   # Stop Type imports:  2 verified
   # Position imports:  3 verified
   # Order Category imports:  6 verified
In Role.Import: 12/3/2025, 12:17:34 AM
   # Role imports:  4 verified
In State.Import: 12/3/2025, 12:17:35 AM
   # State imports:  15 verified
In Instruments.Import [API]: 12/3/2025, 12:17:35 AM
-> Instrument:Publish [API]
In Instruments.Fetch [API]: 12/3/2025, 12:17:37 AM
-> Instrument.Position.Import [API]
-> Leverage.Fetch [API]
-> Leverage.Fetch [API]
   # [Warning] Instrument.Position.Publish: Errors/Skips: 64 positions processed
>> [Info] Application.Initialization finished: 12/3/2025, 12:17:39 AM
Connected to websocket: [1759716:wss://demo-trading-openapi.blofin.com/ws/private]
Subscriptions: { channel: 'account' }
Subscriptions: { channel: 'positions' }
Subscriptions: { channel: 'orders' }
-> WSS.Publish [API]
-> [Info] account updated {
  filters: { account: <Buffer 24 59 7a> },
  columns: { total_equity: 55157.887, update_time: 2025-12-03T08:17:40.143Z }
}
-> [Info] account_detail updated {
  filters: { account: <Buffer 24 59 7a>, currency: <Buffer cb 69 43> },
  columns: { equity_usd: 55157.887, coin_usd_price: 1.000105 }
}
-> [Info] candle inserted {
  fields: [
    'instrument',
    'period',
    'bar_time',
    'open',
    'high',
    'low',
    'close',
    'volume',
    'vol_currency',
    'vol_currency_quote',
    'completed'
  ],
  args: [
    <Buffer 5e 05 55>,
    <Buffer 03 e8 0e>,
    2025-12-03T08:15:00.000Z,
    92930.6,
    92867,
    92823.6,
    92867,
    2.4341,
    2.4341,
    226003.6865,
    false
  ]
}
-> [Info] candle inserted {
  fields: [
    'instrument',
    'period',
    'bar_time',
    'open',
    'high',
    'low',
    'close',
    'volume',
    'vol_currency',
    'vol_currency_quote',
    'completed'
  ],
  args: [
    <Buffer 54 e7 5e>,
    <Buffer 03 e8 0e>,
    2025-12-03T08:15:00.000Z,
    2.1918,
    2.1898,
    2.1898,
    2.1898,
    10145,
    10145,
    22230.0802,
    false
  ]
}
-> [Info] candle inserted {
  fields: [
    'instrument',
    'period',
    'bar_time',
    'open',
    'high',
    'low',
    'close',
    'volume',
    'vol_currency',
    'vol_currency_quote',
    'completed'
  ],
  args: [
    <Buffer 5e 05 55>,
    <Buffer 03 e8 0e>,
    2025-12-03T08:00:00.000Z,
    92980.4,
    92960.5,
    92833.5,
    92960.5,
    23.4723,
    23.4723,
    2182183.50298,
    true
  ]
}
-> [Info] candle inserted {
  fields: [
    'instrument',
    'period',
    'bar_time',
    'open',
    'high',
    'low',
    'close',
    'volume',
    'vol_currency',
    'vol_currency_quote',
    'completed'
  ],
  args: [
    <Buffer 54 e7 5e>,
    <Buffer 03 e8 0e>,
    2025-12-03T08:00:00.000Z,
    2.1906,
    2.1925,
    2.1899,
    2.1925,
    201551,
    201551,
    441818.8318,
    true
  ]
}
-> [Info] candle updated {
  filters: {
    instrument: <Buffer 5e 05 55>,
    period: <Buffer 03 e8 0e>,
    bar_time: 2025-12-03T07:45:00.000Z
  },
  columns: {
    high: 93079.5,
    close: 92949.6,
    volume: 15721,
    vol_currency: 15.721,
    vol_currency_quote: 1461460.66425,
    completed: true
  }
}
-> [Info] candle updated {
  filters: {
    instrument: <Buffer 54 e7 5e>,
    period: <Buffer 03 e8 0e>,
    bar_time: 2025-12-03T07:45:00.000Z
  },
  columns: {
    high: 2.1958,
    close: 2.1904,
    volume: 1259,
    vol_currency: 125916,
    vol_currency_quote: 275832.7458,
    completed: true
  }
}
In Execute.Trades: 12/3/2025, 12:18:08 AM
In Position.Import [API]
In Orders.Import [API]
-> Fetch:History [API]
-> Fetch:Pending [API]
-> History.Publish [API]
   # History Orders Processed [20]:  20 published
In Requests.Submit [API]
-> WSS.Publish [API]
-> [Info] request updated {
  filters: { request: <Buffer af c9 eb d0 9b d9> },
  columns: {
    order_id: <Buffer 00 e8 db a1 5e 0b>,
    state: <Buffer 4b c9 9c>,
    memo: '[Info] Response.Request: Order submitted successfully',
    update_time: 2025-12-03T08:18:09.572Z
  }
}
>> Trades.Queued: Requests in queue: 1
-> Queued requests submitted: 1
   # [Info] Requests accepted: 1
-> [Info] orders inserted {
  fields: [
    'order_id',
    'client_order_id',
    'order_category',
    'order_state',
    'cancel_source',
    'filled_size',
    'filled_amount',
    'average_price',
    'fee',
    'pnl'
  ],
  args: [
    <Buffer 00 e8 db a1 5e 0b>,
    <Buffer af c9 eb d0 9b d9>,
    <Buffer 4f ae 94>,
    <Buffer de 78 79>,
    <Buffer 3d 66 8d>,
    0,
    0,
    0,
    0,
    0
  ]
}
-> [Info] account updated {
  filters: { account: <Buffer 24 59 7a> },
  columns: { update_time: 2025-12-03T08:18:09.510Z }
}
-> [Info] account_detail updated {
  filters: { account: <Buffer 24 59 7a>, currency: <Buffer cb 69 43> },
  columns: {
    available: 54396.896,
    available_equity: 54396.896,
    frozen: 755.2,
    order_frozen: 755.2,
    update_time: 2025-12-03T08:18:09.500Z
  }
}
