>> [info] Application.Initialization start: 10/9/2025, 8:25:10 AM
In Subject.Area.Import: 10/9/2025, 8:25:10 AM
   # Subject Area imports:  5 verified
In Activity.Import: 10/9/2025, 8:25:10 AM
   # Activity imports:  8 verified
In Authority.Import: 10/9/2025, 8:25:11 AM
   # Authority imports:  6 verified
In Broker.Import: 10/9/2025, 8:25:11 AM
   # Broker imports:  1 verified
In Contract.Type.Import: 10/9/2025, 8:25:11 AM
   # Contract Type imports:  2 verified
In Environment.Import: 10/9/2025, 8:25:11 AM
   # Environment imports:  4 verified
In Instrument.Type.Import: 10/9/2025, 8:25:11 AM
   # Instrument Type imports:  1 verified
In Period.Import: 10/9/2025, 8:25:11 AM
   # Period imports:  15 verified
In Reference.Import: 10/9/2025, 8:25:12 AM
   # Order State imports:  7 verified
   # Request Type imports:  6 verified
   # Cancel Source imports:  3 verified
   # Price Type imports:  3 verified
   # Margin Mode imports:  2 verified
   # Stop Type imports:  2 verified
   # Position imports:  3 verified
   # Order Category imports:  6 verified
In Role.Import: 10/9/2025, 8:25:12 AM
   # Role imports:  4 verified
In State.Import: 10/9/2025, 8:25:12 AM
   # State imports:  15 verified
In Instruments.Import [API]: 10/9/2025, 8:25:12 AM
-> Instrument:Publish [API]
-> [info] Application.Initialization finished: 10/9/2025, 8:25:16 AM
Connected to websocket: [1203107:wss://demo-trading-openapi.blofin.com/ws/private]
Subscriptions: { channel: 'account' }
Subscriptions: { channel: 'positions' }
Subscriptions: { channel: 'orders' }
-> WSS.Publish [API]
In Execute.Trades: 10/9/2025, 8:25:46 AM
In Orders.Import [API]
-> Fetch:History [API]
-> Fetch:Pending [API]
-> History.Publish [API]
   # History Orders Processed [20]:  20 published
-> History.Publish.Stops [API]
>> [Error] Stops.Submit: TP/SL ID mismatch; unauthorized resubmission; stop request rejected
>> [Error] Stops.Submit: TP/SL ID mismatch; unauthorized resubmission; stop request rejected
>> [Error] Stops.Submit: TP/SL ID mismatch; unauthorized resubmission; stop request rejected
>> [Error] Stops.Submit: TP/SL ID mismatch; unauthorized resubmission; stop request rejected
>> [Error] Stops.Submit: TP/SL ID mismatch; unauthorized resubmission; stop request rejected
>> [Error] Stops.Submit: TP/SL ID mismatch; unauthorized resubmission; stop request rejected
>> [Error] Stops.Submit: TP/SL ID mismatch; unauthorized resubmission; stop request rejected
>> [Error] Stops.Submit: TP/SL ID mismatch; unauthorized resubmission; stop request rejected
>> [Error] Stops.Submit: TP/SL ID mismatch; unauthorized resubmission; stop request rejected
>> [Error] Stops.Submit: TP/SL ID mismatch; unauthorized resubmission; stop request rejected
>> [Error] Stops.Submit: TP/SL ID mismatch; unauthorized resubmission; stop request rejected
>> [Error] Stops.Submit: TP/SL ID mismatch; unauthorized resubmission; stop request rejected
>> [Error] Stops.Submit: TP/SL ID mismatch; unauthorized resubmission; stop request rejected
>> [Error] Stops.Submit: TP/SL ID mismatch; unauthorized resubmission; stop request rejected
>> [Error] Stops.Submit: TP/SL ID mismatch; unauthorized resubmission; stop request rejected
>> [Error] Stops.Submit: TP/SL ID mismatch; unauthorized resubmission; stop request rejected
>> [Error] Stops.Submit: TP/SL ID mismatch; unauthorized resubmission; stop request rejected
>> [Error] Stops.Submit: TP/SL ID mismatch; unauthorized resubmission; stop request rejected
>> [Error] Stops.Submit: TP/SL ID mismatch; unauthorized resubmission; stop request rejected
>> [Error] Stops.Submit: TP/SL ID mismatch; unauthorized resubmission; stop request rejected
>> [Error] Stops.Submit: TP/SL ID mismatch; unauthorized resubmission; stop request rejected
>> [Error] Stops.Submit: TP/SL ID mismatch; unauthorized resubmission; stop request rejected
>> [Error] Stops.Submit: TP/SL ID mismatch; unauthorized resubmission; stop request rejected
>> [Error] Stops.Submit: TP/SL ID mismatch; unauthorized resubmission; stop request rejected
>> [Error] Stops.Submit: TP/SL ID mismatch; unauthorized resubmission; stop request rejected
>> [Error] Stops.Submit: TP/SL ID mismatch; unauthorized resubmission; stop request rejected
>> [Error] Stops.Submit: TP/SL ID mismatch; unauthorized resubmission; stop request rejected
>> [Error] Stops.Submit: TP/SL ID mismatch; unauthorized resubmission; stop request rejected
>> [Error] Stops.Submit: TP/SL ID mismatch; unauthorized resubmission; stop request rejected
>> [Error] Stops.Submit: TP/SL ID mismatch; unauthorized resubmission; stop request rejected
>> [Error] Stops.Submit: TP/SL ID mismatch; unauthorized resubmission; stop request rejected
>> [Error] Stops.Submit: TP/SL ID mismatch; unauthorized resubmission; stop request rejected
   # History Stop Orders Rejected:  34
In Execute.Trades: 10/9/2025, 8:26:15 AM
In Orders.Import [API]
-> Fetch:History [API]
-> Fetch:Pending [API]
-> History.Publish [API]
   # History Orders Processed [20]:  20 published
-> History.Publish.Stops [API]
>> [Error] Stops.Submit: TP/SL ID mismatch; unauthorized resubmission; stop request rejected
>> [Error] Stops.Submit: TP/SL ID mismatch; unauthorized resubmission; stop request rejected
>> [Error] Stops.Submit: TP/SL ID mismatch; unauthorized resubmission; stop request rejected
>> [Error] Stops.Submit: TP/SL ID mismatch; unauthorized resubmission; stop request rejected
>> [Error] Stops.Submit: TP/SL ID mismatch; unauthorized resubmission; stop request rejected
>> [Error] Stops.Submit: TP/SL ID mismatch; unauthorized resubmission; stop request rejected
>> [Error] Stops.Submit: TP/SL ID mismatch; unauthorized resubmission; stop request rejected
>> [Error] Stops.Submit: TP/SL ID mismatch; unauthorized resubmission; stop request rejected
>> [Error] Stops.Submit: TP/SL ID mismatch; unauthorized resubmission; stop request rejected
>> [Error] Stops.Submit: TP/SL ID mismatch; unauthorized resubmission; stop request rejected
>> [Error] Stops.Submit: TP/SL ID mismatch; unauthorized resubmission; stop request rejected
>> [Error] Stops.Submit: TP/SL ID mismatch; unauthorized resubmission; stop request rejected
>> [Error] Stops.Submit: TP/SL ID mismatch; unauthorized resubmission; stop request rejected
>> [Error] Stops.Submit: TP/SL ID mismatch; unauthorized resubmission; stop request rejected
>> [Error] Stops.Submit: TP/SL ID mismatch; unauthorized resubmission; stop request rejected
>> [Error] Stops.Submit: TP/SL ID mismatch; unauthorized resubmission; stop request rejected
>> [Error] Stops.Submit: TP/SL ID mismatch; unauthorized resubmission; stop request rejected
>> [Error] Stops.Submit: TP/SL ID mismatch; unauthorized resubmission; stop request rejected
>> [Error] Stops.Submit: TP/SL ID mismatch; unauthorized resubmission; stop request rejected
>> [Error] Stops.Submit: TP/SL ID mismatch; unauthorized resubmission; stop request rejected
>> [Error] Stops.Submit: TP/SL ID mismatch; unauthorized resubmission; stop request rejected
>> [Error] Stops.Submit: TP/SL ID mismatch; unauthorized resubmission; stop request rejected
>> [Error] Stops.Submit: TP/SL ID mismatch; unauthorized resubmission; stop request rejected
>> [Error] Stops.Submit: TP/SL ID mismatch; unauthorized resubmission; stop request rejected
   # History Stop Orders Rejected:  24
-> WSS.Publish [API]
-> WSS.Publish [API]
In Execute.Trades: 10/9/2025, 8:26:44 AM
In Orders.Import [API]
-> Fetch:History [API]
-> Fetch:Pending [API]
-> History.Publish [API]
   # History Orders Processed [20]:  20 published
In Execute.Trades: 10/9/2025, 8:27:13 AM
In Orders.Import [API]
-> Fetch:History [API]
-> Fetch:Pending [API]
-> History.Publish [API]
   # History Orders Processed [20]:  20 published
In Execute.Trades: 10/9/2025, 8:27:42 AM
In Orders.Import [API]
-> Fetch:History [API]
-> Fetch:Pending [API]
-> History.Publish [API]
   # History Orders Processed [20]:  20 published
In Execute.Trades: 10/9/2025, 8:28:11 AM
In Orders.Import [API]
-> Fetch:History [API]
-> Fetch:Pending [API]
-> History.Publish [API]
   # History Orders Processed [20]:  20 published
In Execute.Trades: 10/9/2025, 8:28:40 AM
In Orders.Import [API]
-> Fetch:History [API]
-> Fetch:Pending [API]
-> History.Publish [API]
   # History Orders Processed [20]:  8 published
In Execute.Trades: 10/9/2025, 8:29:09 AM
In Orders.Import [API]
-> Fetch:History [API]
-> Fetch:Pending [API]
-> History.Publish [API]
   # History Orders Processed [20]:  20 published
In Execute.Trades: 10/9/2025, 8:29:38 AM
In Orders.Import [API]
-> Fetch:History [API]
-> Fetch:Pending [API]
-> History.Publish [API]
   # History Orders Processed [20]:  20 published
In Execute.Trades: 10/9/2025, 8:30:07 AM
In Orders.Import [API]
-> Fetch:History [API]
-> Fetch:Pending [API]
-> History.Publish [API]
   # History Orders Processed [20]:  20 published
In Execute.Trades: 10/9/2025, 8:30:36 AM
In Orders.Import [API]
-> Fetch:History [API]
-> Fetch:Pending [API]
-> History.Publish [API]
   # History Orders Processed [20]:  20 published
In Execute.Trades: 10/9/2025, 8:31:05 AM
In Orders.Import [API]
-> Fetch:History [API]
-> Fetch:Pending [API]
-> History.Publish [API]
   # History Orders Processed [20]:  20 published
-> WSS.Publish [API]
-> WSS.Publish [API]
In Execute.Trades: 10/9/2025, 8:31:34 AM
In Orders.Import [API]
-> Fetch:History [API]
-> Fetch:Pending [API]
-> History.Publish [API]
   # History Orders Processed [20]:  20 published
In Execute.Trades: 10/9/2025, 8:32:03 AM
In Orders.Import [API]
-> Fetch:History [API]
-> Fetch:Pending [API]
-> History.Publish [API]
   # History Orders Processed [1]:  1 published
In Execute.Trades: 10/9/2025, 8:32:32 AM
In Orders.Import [API]
-> Fetch:History [API]
-> Fetch:Pending [API]
In Execute.Trades: 10/9/2025, 8:33:01 AM
In Orders.Import [API]
-> Fetch:History [API]
-> Fetch:Pending [API]
