>> [Info] Application.Initialization start: 12/3/2025, 12:23:57 AM
-> Seed Account: {
  api: '6e03ab69bdd646c1afbc92bc3725edaa',
  secret: '66b55bde5057499bb8dd078f60d79cce',
  phrase: 'development_api_key',
  rest_api_url: 'https://demo-trading-openapi.blofin.com',
  private_wss_url: 'wss://demo-trading-openapi.blofin.com/ws/private',
  public_wss_url: 'wss://demo-trading-openapi.blofin.com/ws/public',
  account: <Buffer 24 59 7a>,
  margin_mode: 'cross',
  hedging: 1,
  state: 'disconnected',
  audit_order: '0',
  audit_stops: '0'
}
In Subject.Area.Import: 12/3/2025, 12:23:57 AM
   # Subject Area imports:  5 verified
In Activity.Import: 12/3/2025, 12:23:58 AM
   # Activity imports:  8 verified
In Authority.Import: 12/3/2025, 12:23:58 AM
   # Authority imports:  6 verified
In Broker.Import: 12/3/2025, 12:23:58 AM
   # Broker imports:  1 verified
In Contract.Type.Import: 12/3/2025, 12:23:58 AM
   # Contract Type imports:  2 verified
In Environment.Import: 12/3/2025, 12:23:58 AM
   # Environment imports:  4 verified
In Instrument.Type.Import: 12/3/2025, 12:23:58 AM
   # Instrument Type imports:  1 verified
In Period.Import: 12/3/2025, 12:23:58 AM
   # Period imports:  15 verified
In Reference.Import: 12/3/2025, 12:23:59 AM
   # Order State imports:  7 verified
   # Request Type imports:  6 verified
   # Cancel Source imports:  3 verified
   # Price Type imports:  3 verified
   # Margin Mode imports:  2 verified
   # Hedging imports:  2 verified
   # Stop Type imports:  2 verified
   # Position imports:  3 verified
   # Order Category imports:  6 verified
In Role.Import: 12/3/2025, 12:23:59 AM
   # Role imports:  4 verified
In State.Import: 12/3/2025, 12:24:00 AM
   # State imports:  15 verified
In Instruments.Import [API]: 12/3/2025, 12:24:00 AM
-> Instrument:Publish [API]
In Instruments.Fetch [API]: 12/3/2025, 12:24:02 AM
-> Instrument.Position.Import [API]
-> Leverage.Fetch [API]
-> Leverage.Fetch [API]
   # [Warning] Instrument.Position.Publish: Errors/Skips: 64 positions processed
>> [Info] Application.Initialization finished: 12/3/2025, 12:24:04 AM
Connected to websocket: [1760624:wss://demo-trading-openapi.blofin.com/ws/private]
Subscriptions: { channel: 'account' }
Subscriptions: { channel: 'positions' }
Subscriptions: { channel: 'orders' }
-> WSS.Publish [API]
-> [Info] account updated {
  filters: { account: <Buffer 24 59 7a> },
  columns: { update_time: 2025-12-03T08:24:05.041Z }
}
-> [Info] candle updated {
  filters: {
    instrument: <Buffer 54 e7 5e>,
    period: <Buffer 03 e8 0e>,
    bar_time: 2025-12-03T08:15:00.000Z
  },
  columns: {
    high: 2.1923,
    low: 2.1856,
    close: 2.186,
    volume: 794,
    vol_currency: 79468,
    vol_currency_quote: 173872.2196
  }
}
-> [Info] candle updated {
  filters: {
    instrument: <Buffer 5e 05 55>,
    period: <Buffer 03 e8 0e>,
    bar_time: 2025-12-03T08:15:00.000Z
  },
  columns: {
    high: 92969.8,
    low: 92753.2,
    close: 92814.1,
    volume: 18993,
    vol_currency: 18.9932,
    vol_currency_quote: 1762791.18078
  }
}
-> [Info] candle updated {
  filters: {
    instrument: <Buffer 54 e7 5e>,
    period: <Buffer 03 e8 0e>,
    bar_time: 2025-12-03T08:00:00.000Z
  },
  columns: { high: 2.1944, volume: 2015 }
}
-> [Info] candle updated {
  filters: {
    instrument: <Buffer 5e 05 55>,
    period: <Buffer 03 e8 0e>,
    bar_time: 2025-12-03T08:00:00.000Z
  },
  columns: { high: 93161.6, volume: 23472 }
}
-> WSS.Publish [API]
-> [Info] account updated {
  filters: { account: <Buffer 24 59 7a> },
  columns: { update_time: 2025-12-03T08:24:26.151Z }
}
-> WSS.Publish [API]
-> [Info] account updated {
  filters: { account: <Buffer 24 59 7a> },
  columns: { update_time: 2025-12-03T08:24:26.750Z }
}
In Execute.Trades: 12/3/2025, 12:24:33 AM
In Position.Import [API]
In Orders.Import [API]
-> Fetch:History [API]
-> Fetch:Pending [API]
-> History.Publish [API]
   # History Orders Processed [20]:  20 published
-> Pending.Publish [API]
   # Pending Orders Processed [1]:  1 published
-> Cancel [API]
-> WSS.Publish [API]
-> [Info] request updated {
  filters: { request: <Buffer af c9 eb d0 9b d9> },
  columns: {
    order_id: <Buffer 00 e8 db a1 5e 0b>,
    state: <Buffer e8 fc f7>,
    memo: '[Info] Response.Request: Order canceled successfully',
    update_time: 2025-12-03T08:24:34.525Z
  }
}
>> Trades.Canceled: Cancel requests submitted: 1
   # [Info] Canceled requests accepted: 1
-> [Info] account updated {
  filters: { account: <Buffer 24 59 7a> },
  columns: { update_time: 2025-12-03T08:24:34.493Z }
}
-> [Info] orders updated {
  filters: { order_id: <Buffer 00 e8 db a1 5e 0b> },
  columns: { order_state: <Buffer 97 e7 4e> }
}
-> [Info] account_detail updated {
  filters: { account: <Buffer 24 59 7a>, currency: <Buffer cb 69 43> },
  columns: {
    available: 55152.096,
    available_equity: 55152.096,
    frozen: 0,
    order_frozen: 0,
    update_time: 2025-12-03T08:24:34.483Z
  }
}
