[Info] Session.Config: Blofin Demo configured successfully
>> [Info] Application.Initialization start: 1/23/2026, 1:08:32 PM
-> Active Session: {
  candle_max_fetch: 1440,
  leverage_max_fetch: 20,
  orders_max_fetch: 100,
  default_sma: 60,
  default_leverage: 10,
  alias: 'Blofin Demo',
  api: '740ca668a6d34933b9534d805e18adc1',
  secret: '732f894dd0f6476083dd7bd11bf04198',
  phrase: 'development_api_key',
  rest_api_url: 'https://demo-trading-openapi.blofin.com',
  private_wss_url: 'wss://demo-trading-openapi.blofin.com/ws/private',
  public_wss_url: 'wss://demo-trading-openapi.blofin.com/ws/public',
  account: <Buffer 24 59 7a>,
  margin_mode: 'cross',
  hedging: 1,
  state: 'disconnected',
  audit_order: '0',
  audit_stops: '0'
}
In Subject.Area.Import: 1/23/2026, 1:08:32 PM
-> Subject.Area.Import complete: No new areas; 5 areas verified;
In Activity.Import: 1/23/2026, 1:08:33 PM
-> Activity.Import complete: No new activities; 8 activities verified;
In Authority.Import: 1/23/2026, 1:08:33 PM
-> Authority.Import complete: No new privileges; 6 privileges verified;
In Broker.Import: 1/23/2026, 1:08:33 PM
-> Broker.Import complete: No new brokers; 1 brokers verified;
In Environment.Import: 1/23/2026, 1:08:33 PM
-> Environment.Import complete: No new environments; 4 environments verified;
In Period.Import: 1/23/2026, 1:08:33 PM
-> Period.Import complete: No new periods; 15 periods verified;
In Reference.Import: 1/23/2026, 1:08:33 PM
   # Order State imports:  7 verified
   # Request Type imports:  6 verified
   # Cancel Source imports:  3 verified
   # Price Type imports:  3 verified
   # Margin Mode imports:  2 verified
   # Hedging imports:  2 verified
   # Stop Type imports:  2 verified
   # Position imports:  3 verified
   # Order Category imports:  6 verified
In Role.Import: 1/23/2026, 1:08:33 PM
-> Role.Import complete: No new roles; 4 roles verified;
In State.Import: 1/23/2026, 1:08:33 PM
-> State.Import complete: No new states; 15 states verified;
In Instruments.Import [API]: 1/23/2026, 1:08:33 PM
-> Instrument.Publish [API]
-> Instrument.Suspense: Found 0 instruments to suspend
-> Instruments.Fetch [API]: 1/23/2026, 1:08:34 PM
-> Instrument.Position.Import [API]
In Position.Import [API] 1/23/2026, 1:08:35 PM
-> Imports Authorized: AR-USDT,AR-USDT,AVAX-USDT,BTC-USDT,ADA-USDT,XRP-USDT,DOGE-USDT,ONDO-USDT
updated -> [Info] candle updated
updated -> [Info] candle updated
updated -> [Info] candle updated
updated -> [Info] candle updated
updated -> [Info] candle updated
updated -> [Info] candle updated
updated -> [Info] candle updated
updated -> [Info] candle updated
In Candles.Publish [API]: 1/23/2026, 1:08:35 PM
-> Authorized Symbols: AR-USDT,AR-USDT,AVAX-USDT,BTC-USDT,ADA-USDT,XRP-USDT,DOGE-USDT,ONDO-USDT
   # [Info] AR-USDT: 1 candles updated
   # [Info] AR-USDT: 1 candles updated
   # [Info] AVAX-USDT: 1 candles updated
   # [Info] BTC-USDT: 1 candles updated
   # [Info] ADA-USDT: 1 candles updated
   # [Info] XRP-USDT: 1 candles updated
   # [Info] DOGE-USDT: 1 candles updated
   # [Info] ONDO-USDT: 1 candles updated
>> [Info] Application.Initialization finished: 1/23/2026, 1:08:37 PM
[Info] App.Main: AR-USDT process spawned; PID [1383002]
[Info] App.Main: AR-USDT process spawned; PID [1383003]
[Info] App.Main: AVAX-USDT process spawned; PID [1383009]
[Info] App.Main: BTC-USDT process spawned; PID [1383010]
[Info] App.Main: ADA-USDT process spawned; PID [1383016]
[Info] App.Main: XRP-USDT process spawned; PID [1383022]
[Info] App.Main: DOGE-USDT process spawned; PID [1383033]
[Info] App.Main: ONDO-USDT process spawned; PID [1383037]
Connected to websocket: [1382945:wss://demo-trading-openapi.blofin.com/ws/private]
[Info] Session.Config: Blofin Demo configured successfully
[Info] Session.Config: Blofin Demo configured successfully
[Info] Session.Config: Blofin Demo configured successfully
[Info] Session.Config: Blofin Demo configured successfully
[Info] Session.Config: Blofin Demo configured successfully
[Info] Session.Config: Blofin Demo configured successfully
[Info] Session.Config: Blofin Demo configured successfully
[Info] Session.Config: Blofin Demo configured successfully
Subscriptions: { channel: 'account' }
Subscriptions: { channel: 'positions' }
Subscriptions: { channel: 'orders' }
updated -> [Info] account updated
updated -> [Info] account_detail updated
updated -> [Info] candle updated
updated -> [Info] candle updated
In Execute.Trades: 1/23/2026, 1:09:06 PM
In Position.Import [API] 1/23/2026, 1:09:06 PM
In Orders.Import [API]
-> Orders.Publish.History [API]
-> [Error] Orders.Publish.History ApiError: [API Error] Code 452: Unauthorized Instrument Position [WIF-USDT:net] request from logged account Blofin Demo
    at <anonymous> (/home/djorgenson/Projects/blofin-data/api/orders.ts:78:17)
    at process.processTicksAndRejections (node:internal/process/task_queues:105:5)
    at async Promise.all (index 1)
    at async Publish (/home/djorgenson/Projects/blofin-data/api/orders.ts:59:19)
    at async Object.Import (/home/djorgenson/Projects/blofin-data/api/orders.ts:219:29)
    at async Promise.all (index 1)
    at async Object.Trades (/home/djorgenson/Projects/blofin-data/module/trades.ts:47:3)
    at async WebSocket.ws.onmessage (/home/djorgenson/Projects/blofin-data/module/session.ts:183:7) {
  code: 452,
  msg: 'Unauthorized Instrument Position [WIF-USDT:net] request from logged account Blofin Demo'
}
-> [Error] Orders.Publish.History ApiError: [API Error] Code 452: Unauthorized Instrument Position [DOGE-USDT:net] request from logged account Blofin Demo
    at <anonymous> (/home/djorgenson/Projects/blofin-data/api/orders.ts:78:17)
    at process.processTicksAndRejections (node:internal/process/task_queues:105:5)
    at async Promise.all (index 0)
    at async Publish (/home/djorgenson/Projects/blofin-data/api/orders.ts:59:19)
    at async Object.Import (/home/djorgenson/Projects/blofin-data/api/orders.ts:219:29)
    at async Promise.all (index 1)
    at async Object.Trades (/home/djorgenson/Projects/blofin-data/module/trades.ts:47:3)
    at async WebSocket.ws.onmessage (/home/djorgenson/Projects/blofin-data/module/session.ts:183:7) {
  code: 452,
  msg: 'Unauthorized Instrument Position [DOGE-USDT:net] request from logged account Blofin Demo'
}
-> [Error] Orders.Publish.History ApiError: [API Error] Code 452: Unauthorized Instrument Position [XRP-USDT:net] request from logged account Blofin Demo
    at <anonymous> (/home/djorgenson/Projects/blofin-data/api/orders.ts:78:17)
    at process.processTicksAndRejections (node:internal/process/task_queues:105:5)
    at async Promise.all (index 2)
    at async Publish (/home/djorgenson/Projects/blofin-data/api/orders.ts:59:19)
    at async Object.Import (/home/djorgenson/Projects/blofin-data/api/orders.ts:219:29)
    at async Promise.all (index 1)
    at async Object.Trades (/home/djorgenson/Projects/blofin-data/module/trades.ts:47:3)
    at async WebSocket.ws.onmessage (/home/djorgenson/Projects/blofin-data/module/session.ts:183:7) {
  code: 452,
  msg: 'Unauthorized Instrument Position [XRP-USDT:net] request from logged account Blofin Demo'
}
-> [Error] Orders.Publish.History ApiError: [API Error] Code 452: Unauthorized Instrument Position [WIF-USDT:net] request from logged account Blofin Demo
    at <anonymous> (/home/djorgenson/Projects/blofin-data/api/orders.ts:78:17)
    at process.processTicksAndRejections (node:internal/process/task_queues:105:5)
    at async Promise.all (index 4)
    at async Publish (/home/djorgenson/Projects/blofin-data/api/orders.ts:59:19)
    at async Object.Import (/home/djorgenson/Projects/blofin-data/api/orders.ts:219:29)
    at async Promise.all (index 1)
    at async Object.Trades (/home/djorgenson/Projects/blofin-data/module/trades.ts:47:3)
    at async WebSocket.ws.onmessage (/home/djorgenson/Projects/blofin-data/module/session.ts:183:7) {
  code: 452,
  msg: 'Unauthorized Instrument Position [WIF-USDT:net] request from logged account Blofin Demo'
}
-> [Error] Orders.Publish.History ApiError: [API Error] Code 452: Unauthorized Instrument Position [AVAX-USDT:net] request from logged account Blofin Demo
    at <anonymous> (/home/djorgenson/Projects/blofin-data/api/orders.ts:78:17)
    at process.processTicksAndRejections (node:internal/process/task_queues:105:5)
    at async Promise.all (index 3)
    at async Publish (/home/djorgenson/Projects/blofin-data/api/orders.ts:59:19)
    at async Object.Import (/home/djorgenson/Projects/blofin-data/api/orders.ts:219:29)
    at async Promise.all (index 1)
    at async Object.Trades (/home/djorgenson/Projects/blofin-data/module/trades.ts:47:3)
    at async WebSocket.ws.onmessage (/home/djorgenson/Projects/blofin-data/module/session.ts:183:7) {
  code: 452,
  msg: 'Unauthorized Instrument Position [AVAX-USDT:net] request from logged account Blofin Demo'
}
-> [Error] Orders.Publish.History ApiError: [API Error] Code 452: Unauthorized Instrument Position [AR-USDT:net] request from logged account Blofin Demo
    at <anonymous> (/home/djorgenson/Projects/blofin-data/api/orders.ts:78:17)
    at process.processTicksAndRejections (node:internal/process/task_queues:105:5)
    at async Promise.all (index 5)
    at async Publish (/home/djorgenson/Projects/blofin-data/api/orders.ts:59:19)
    at async Object.Import (/home/djorgenson/Projects/blofin-data/api/orders.ts:219:29)
    at async Promise.all (index 1)
    at async Object.Trades (/home/djorgenson/Projects/blofin-data/module/trades.ts:47:3)
    at async WebSocket.ws.onmessage (/home/djorgenson/Projects/blofin-data/module/session.ts:183:7) {
  code: 452,
  msg: 'Unauthorized Instrument Position [AR-USDT:net] request from logged account Blofin Demo'
}
-> [Error] Orders.Publish.History ApiError: [API Error] Code 452: Unauthorized Instrument Position [AVAX-USDT:net] request from logged account Blofin Demo
    at <anonymous> (/home/djorgenson/Projects/blofin-data/api/orders.ts:78:17)
    at process.processTicksAndRejections (node:internal/process/task_queues:105:5)
    at async Promise.all (index 6)
    at async Publish (/home/djorgenson/Projects/blofin-data/api/orders.ts:59:19)
    at async Object.Import (/home/djorgenson/Projects/blofin-data/api/orders.ts:219:29)
    at async Promise.all (index 1)
    at async Object.Trades (/home/djorgenson/Projects/blofin-data/module/trades.ts:47:3)
    at async WebSocket.ws.onmessage (/home/djorgenson/Projects/blofin-data/module/session.ts:183:7) {
  code: 452,
  msg: 'Unauthorized Instrument Position [AVAX-USDT:net] request from logged account Blofin Demo'
}
-> [Error] Orders.Publish.History ApiError: [API Error] Code 452: Unauthorized Instrument Position [AR-USDT:net] request from logged account Blofin Demo
    at <anonymous> (/home/djorgenson/Projects/blofin-data/api/orders.ts:78:17)
    at process.processTicksAndRejections (node:internal/process/task_queues:105:5)
    at async Promise.all (index 7)
    at async Publish (/home/djorgenson/Projects/blofin-data/api/orders.ts:59:19)
    at async Object.Import (/home/djorgenson/Projects/blofin-data/api/orders.ts:219:29)
    at async Promise.all (index 1)
    at async Object.Trades (/home/djorgenson/Projects/blofin-data/module/trades.ts:47:3)
    at async WebSocket.ws.onmessage (/home/djorgenson/Projects/blofin-data/module/session.ts:183:7) {
  code: 452,
  msg: 'Unauthorized Instrument Position [AR-USDT:net] request from logged account Blofin Demo'
}
-> [Error] Orders.Publish.History ApiError: [API Error] Code 452: Unauthorized Instrument Position [INJ-USDT:net] request from logged account Blofin Demo
    at <anonymous> (/home/djorgenson/Projects/blofin-data/api/orders.ts:78:17)
    at process.processTicksAndRejections (node:internal/process/task_queues:105:5)
    at async Promise.all (index 8)
    at async Publish (/home/djorgenson/Projects/blofin-data/api/orders.ts:59:19)
    at async Object.Import (/home/djorgenson/Projects/blofin-data/api/orders.ts:219:29)
    at async Promise.all (index 1)
    at async Object.Trades (/home/djorgenson/Projects/blofin-data/module/trades.ts:47:3)
    at async WebSocket.ws.onmessage (/home/djorgenson/Projects/blofin-data/module/session.ts:183:7) {
  code: 452,
  msg: 'Unauthorized Instrument Position [INJ-USDT:net] request from logged account Blofin Demo'
}
-> [Error] Orders.Publish.History ApiError: [API Error] Code 452: Unauthorized Instrument Position [XRP-USDT:net] request from logged account Blofin Demo
    at <anonymous> (/home/djorgenson/Projects/blofin-data/api/orders.ts:78:17)
    at process.processTicksAndRejections (node:internal/process/task_queues:105:5)
    at async Promise.all (index 9)
    at async Publish (/home/djorgenson/Projects/blofin-data/api/orders.ts:59:19)
    at async Object.Import (/home/djorgenson/Projects/blofin-data/api/orders.ts:219:29)
    at async Promise.all (index 1)
    at async Object.Trades (/home/djorgenson/Projects/blofin-data/module/trades.ts:47:3)
    at async WebSocket.ws.onmessage (/home/djorgenson/Projects/blofin-data/module/session.ts:183:7) {
  code: 452,
  msg: 'Unauthorized Instrument Position [XRP-USDT:net] request from logged account Blofin Demo'
}
-> [Error] Orders.Publish.History ApiError: [API Error] Code 452: Unauthorized Instrument Position [AVAX-USDT:net] request from logged account Blofin Demo
    at <anonymous> (/home/djorgenson/Projects/blofin-data/api/orders.ts:78:17)
    at process.processTicksAndRejections (node:internal/process/task_queues:105:5)
    at async Promise.all (index 10)
    at async Publish (/home/djorgenson/Projects/blofin-data/api/orders.ts:59:19)
    at async Object.Import (/home/djorgenson/Projects/blofin-data/api/orders.ts:219:29)
    at async Promise.all (index 1)
    at async Object.Trades (/home/djorgenson/Projects/blofin-data/module/trades.ts:47:3)
    at async WebSocket.ws.onmessage (/home/djorgenson/Projects/blofin-data/module/session.ts:183:7) {
  code: 452,
  msg: 'Unauthorized Instrument Position [AVAX-USDT:net] request from logged account Blofin Demo'
}
-> [Error] Orders.Publish.History ApiError: [API Error] Code 452: Unauthorized Instrument Position [ONDO-USDT:net] request from logged account Blofin Demo
    at <anonymous> (/home/djorgenson/Projects/blofin-data/api/orders.ts:78:17)
    at process.processTicksAndRejections (node:internal/process/task_queues:105:5)
    at async Promise.all (index 11)
    at async Publish (/home/djorgenson/Projects/blofin-data/api/orders.ts:59:19)
    at async Object.Import (/home/djorgenson/Projects/blofin-data/api/orders.ts:219:29)
    at async Promise.all (index 1)
    at async Object.Trades (/home/djorgenson/Projects/blofin-data/module/trades.ts:47:3)
    at async WebSocket.ws.onmessage (/home/djorgenson/Projects/blofin-data/module/session.ts:183:7) {
  code: 452,
  msg: 'Unauthorized Instrument Position [ONDO-USDT:net] request from logged account Blofin Demo'
}
-> [Error] Orders.Publish.History ApiError: [API Error] Code 452: Unauthorized Instrument Position [AVAX-USDT:net] request from logged account Blofin Demo
    at <anonymous> (/home/djorgenson/Projects/blofin-data/api/orders.ts:78:17)
    at process.processTicksAndRejections (node:internal/process/task_queues:105:5)
    at async Promise.all (index 13)
    at async Publish (/home/djorgenson/Projects/blofin-data/api/orders.ts:59:19)
    at async Object.Import (/home/djorgenson/Projects/blofin-data/api/orders.ts:219:29)
    at async Promise.all (index 1)
    at async Object.Trades (/home/djorgenson/Projects/blofin-data/module/trades.ts:47:3)
    at async WebSocket.ws.onmessage (/home/djorgenson/Projects/blofin-data/module/session.ts:183:7) {
  code: 452,
  msg: 'Unauthorized Instrument Position [AVAX-USDT:net] request from logged account Blofin Demo'
}
-> [Error] Orders.Publish.History ApiError: [API Error] Code 452: Unauthorized Instrument Position [XRP-USDT:net] request from logged account Blofin Demo
    at <anonymous> (/home/djorgenson/Projects/blofin-data/api/orders.ts:78:17)
    at process.processTicksAndRejections (node:internal/process/task_queues:105:5)
    at async Promise.all (index 14)
    at async Publish (/home/djorgenson/Projects/blofin-data/api/orders.ts:59:19)
    at async Object.Import (/home/djorgenson/Projects/blofin-data/api/orders.ts:219:29)
    at async Promise.all (index 1)
    at async Object.Trades (/home/djorgenson/Projects/blofin-data/module/trades.ts:47:3)
    at async WebSocket.ws.onmessage (/home/djorgenson/Projects/blofin-data/module/session.ts:183:7) {
  code: 452,
  msg: 'Unauthorized Instrument Position [XRP-USDT:net] request from logged account Blofin Demo'
}
-> [Error] Orders.Publish.History ApiError: [API Error] Code 452: Unauthorized Instrument Position [AR-USDT:net] request from logged account Blofin Demo
    at <anonymous> (/home/djorgenson/Projects/blofin-data/api/orders.ts:78:17)
    at process.processTicksAndRejections (node:internal/process/task_queues:105:5)
    at async Promise.all (index 12)
    at async Publish (/home/djorgenson/Projects/blofin-data/api/orders.ts:59:19)
    at async Object.Import (/home/djorgenson/Projects/blofin-data/api/orders.ts:219:29)
    at async Promise.all (index 1)
    at async Object.Trades (/home/djorgenson/Projects/blofin-data/module/trades.ts:47:3)
    at async WebSocket.ws.onmessage (/home/djorgenson/Projects/blofin-data/module/session.ts:183:7) {
  code: 452,
  msg: 'Unauthorized Instrument Position [AR-USDT:net] request from logged account Blofin Demo'
}
-> [Error] Orders.Publish.History ApiError: [API Error] Code 452: Unauthorized Instrument Position [XRP-USDT:net] request from logged account Blofin Demo
    at <anonymous> (/home/djorgenson/Projects/blofin-data/api/orders.ts:78:17)
    at process.processTicksAndRejections (node:internal/process/task_queues:105:5)
    at async Promise.all (index 15)
    at async Publish (/home/djorgenson/Projects/blofin-data/api/orders.ts:59:19)
    at async Object.Import (/home/djorgenson/Projects/blofin-data/api/orders.ts:219:29)
    at async Promise.all (index 1)
    at async Object.Trades (/home/djorgenson/Projects/blofin-data/module/trades.ts:47:3)
    at async WebSocket.ws.onmessage (/home/djorgenson/Projects/blofin-data/module/session.ts:183:7) {
  code: 452,
  msg: 'Unauthorized Instrument Position [XRP-USDT:net] request from logged account Blofin Demo'
}
-> [Error] Orders.Publish.History ApiError: [API Error] Code 452: Unauthorized Instrument Position [INJ-USDT:net] request from logged account Blofin Demo
    at <anonymous> (/home/djorgenson/Projects/blofin-data/api/orders.ts:78:17)
    at process.processTicksAndRejections (node:internal/process/task_queues:105:5)
    at async Promise.all (index 17)
    at async Publish (/home/djorgenson/Projects/blofin-data/api/orders.ts:59:19)
    at async Object.Import (/home/djorgenson/Projects/blofin-data/api/orders.ts:219:29)
    at async Promise.all (index 1)
    at async Object.Trades (/home/djorgenson/Projects/blofin-data/module/trades.ts:47:3)
    at async WebSocket.ws.onmessage (/home/djorgenson/Projects/blofin-data/module/session.ts:183:7) {
  code: 452,
  msg: 'Unauthorized Instrument Position [INJ-USDT:net] request from logged account Blofin Demo'
}
-> [Error] Orders.Publish.History ApiError: [API Error] Code 452: Unauthorized Instrument Position [AR-USDT:net] request from logged account Blofin Demo
    at <anonymous> (/home/djorgenson/Projects/blofin-data/api/orders.ts:78:17)
    at process.processTicksAndRejections (node:internal/process/task_queues:105:5)
    at async Promise.all (index 16)
    at async Publish (/home/djorgenson/Projects/blofin-data/api/orders.ts:59:19)
    at async Object.Import (/home/djorgenson/Projects/blofin-data/api/orders.ts:219:29)
    at async Promise.all (index 1)
    at async Object.Trades (/home/djorgenson/Projects/blofin-data/module/trades.ts:47:3)
    at async WebSocket.ws.onmessage (/home/djorgenson/Projects/blofin-data/module/session.ts:183:7) {
  code: 452,
  msg: 'Unauthorized Instrument Position [AR-USDT:net] request from logged account Blofin Demo'
}
-> [Error] Orders.Publish.History ApiError: [API Error] Code 452: Unauthorized Instrument Position [ONDO-USDT:net] request from logged account Blofin Demo
    at <anonymous> (/home/djorgenson/Projects/blofin-data/api/orders.ts:78:17)
    at process.processTicksAndRejections (node:internal/process/task_queues:105:5)
    at async Promise.all (index 18)
    at async Publish (/home/djorgenson/Projects/blofin-data/api/orders.ts:59:19)
    at async Object.Import (/home/djorgenson/Projects/blofin-data/api/orders.ts:219:29)
    at async Promise.all (index 1)
    at async Object.Trades (/home/djorgenson/Projects/blofin-data/module/trades.ts:47:3)
    at async WebSocket.ws.onmessage (/home/djorgenson/Projects/blofin-data/module/session.ts:183:7) {
  code: 452,
  msg: 'Unauthorized Instrument Position [ONDO-USDT:net] request from logged account Blofin Demo'
}
-> [Error] Orders.Publish.History ApiError: [API Error] Code 452: Unauthorized Instrument Position [ONDO-USDT:net] request from logged account Blofin Demo
    at <anonymous> (/home/djorgenson/Projects/blofin-data/api/orders.ts:78:17)
    at process.processTicksAndRejections (node:internal/process/task_queues:105:5)
    at async Promise.all (index 19)
    at async Publish (/home/djorgenson/Projects/blofin-data/api/orders.ts:59:19)
    at async Object.Import (/home/djorgenson/Projects/blofin-data/api/orders.ts:219:29)
    at async Promise.all (index 1)
    at async Object.Trades (/home/djorgenson/Projects/blofin-data/module/trades.ts:47:3)
    at async WebSocket.ws.onmessage (/home/djorgenson/Projects/blofin-data/module/session.ts:183:7) {
  code: 452,
  msg: 'Unauthorized Instrument Position [ONDO-USDT:net] request from logged account Blofin Demo'
}
-> [Error] Orders.Publish.History ApiError: [API Error] Code 452: Unauthorized Instrument Position [AVAX-USDT:net] request from logged account Blofin Demo
    at <anonymous> (/home/djorgenson/Projects/blofin-data/api/orders.ts:78:17)
    at process.processTicksAndRejections (node:internal/process/task_queues:105:5)
    at async Promise.all (index 21)
    at async Publish (/home/djorgenson/Projects/blofin-data/api/orders.ts:59:19)
    at async Object.Import (/home/djorgenson/Projects/blofin-data/api/orders.ts:219:29)
    at async Promise.all (index 1)
    at async Object.Trades (/home/djorgenson/Projects/blofin-data/module/trades.ts:47:3)
    at async WebSocket.ws.onmessage (/home/djorgenson/Projects/blofin-data/module/session.ts:183:7) {
  code: 452,
  msg: 'Unauthorized Instrument Position [AVAX-USDT:net] request from logged account Blofin Demo'
}
-> [Error] Orders.Publish.History ApiError: [API Error] Code 452: Unauthorized Instrument Position [DOGE-USDT:net] request from logged account Blofin Demo
    at <anonymous> (/home/djorgenson/Projects/blofin-data/api/orders.ts:78:17)
    at process.processTicksAndRejections (node:internal/process/task_queues:105:5)
    at async Promise.all (index 20)
    at async Publish (/home/djorgenson/Projects/blofin-data/api/orders.ts:59:19)
    at async Object.Import (/home/djorgenson/Projects/blofin-data/api/orders.ts:219:29)
    at async Promise.all (index 1)
    at async Object.Trades (/home/djorgenson/Projects/blofin-data/module/trades.ts:47:3)
    at async WebSocket.ws.onmessage (/home/djorgenson/Projects/blofin-data/module/session.ts:183:7) {
  code: 452,
  msg: 'Unauthorized Instrument Position [DOGE-USDT:net] request from logged account Blofin Demo'
}
-> [Error] Orders.Publish.History ApiError: [API Error] Code 452: Unauthorized Instrument Position [ONDO-USDT:net] request from logged account Blofin Demo
    at <anonymous> (/home/djorgenson/Projects/blofin-data/api/orders.ts:78:17)
    at process.processTicksAndRejections (node:internal/process/task_queues:105:5)
    at async Promise.all (index 22)
    at async Publish (/home/djorgenson/Projects/blofin-data/api/orders.ts:59:19)
    at async Object.Import (/home/djorgenson/Projects/blofin-data/api/orders.ts:219:29)
    at async Promise.all (index 1)
    at async Object.Trades (/home/djorgenson/Projects/blofin-data/module/trades.ts:47:3)
    at async WebSocket.ws.onmessage (/home/djorgenson/Projects/blofin-data/module/session.ts:183:7) {
  code: 452,
  msg: 'Unauthorized Instrument Position [ONDO-USDT:net] request from logged account Blofin Demo'
}
-> [Error] Orders.Publish.History ApiError: [API Error] Code 452: Unauthorized Instrument Position [XRP-USDT:net] request from logged account Blofin Demo
    at <anonymous> (/home/djorgenson/Projects/blofin-data/api/orders.ts:78:17)
    at process.processTicksAndRejections (node:internal/process/task_queues:105:5)
    at async Promise.all (index 24)
    at async Publish (/home/djorgenson/Projects/blofin-data/api/orders.ts:59:19)
    at async Object.Import (/home/djorgenson/Projects/blofin-data/api/orders.ts:219:29)
    at async Promise.all (index 1)
    at async Object.Trades (/home/djorgenson/Projects/blofin-data/module/trades.ts:47:3)
    at async WebSocket.ws.onmessage (/home/djorgenson/Projects/blofin-data/module/session.ts:183:7) {
  code: 452,
  msg: 'Unauthorized Instrument Position [XRP-USDT:net] request from logged account Blofin Demo'
}
-> [Error] Orders.Publish.History ApiError: [API Error] Code 452: Unauthorized Instrument Position [XRP-USDT:net] request from logged account Blofin Demo
    at <anonymous> (/home/djorgenson/Projects/blofin-data/api/orders.ts:78:17)
    at process.processTicksAndRejections (node:internal/process/task_queues:105:5)
    at async Promise.all (index 23)
    at async Publish (/home/djorgenson/Projects/blofin-data/api/orders.ts:59:19)
    at async Object.Import (/home/djorgenson/Projects/blofin-data/api/orders.ts:219:29)
    at async Promise.all (index 1)
    at async Object.Trades (/home/djorgenson/Projects/blofin-data/module/trades.ts:47:3)
    at async WebSocket.ws.onmessage (/home/djorgenson/Projects/blofin-data/module/session.ts:183:7) {
  code: 452,
  msg: 'Unauthorized Instrument Position [XRP-USDT:net] request from logged account Blofin Demo'
}
-> [Error] Orders.Publish.History ApiError: [API Error] Code 452: Unauthorized Instrument Position [XRP-USDT:net] request from logged account Blofin Demo
    at <anonymous> (/home/djorgenson/Projects/blofin-data/api/orders.ts:78:17)
    at process.processTicksAndRejections (node:internal/process/task_queues:105:5)
    at async Promise.all (index 25)
    at async Publish (/home/djorgenson/Projects/blofin-data/api/orders.ts:59:19)
    at async Object.Import (/home/djorgenson/Projects/blofin-data/api/orders.ts:219:29)
    at async Promise.all (index 1)
    at async Object.Trades (/home/djorgenson/Projects/blofin-data/module/trades.ts:47:3)
    at async WebSocket.ws.onmessage (/home/djorgenson/Projects/blofin-data/module/session.ts:183:7) {
  code: 452,
  msg: 'Unauthorized Instrument Position [XRP-USDT:net] request from logged account Blofin Demo'
}
-> [Error] Orders.Publish.History ApiError: [API Error] Code 452: Unauthorized Instrument Position [WIF-USDT:net] request from logged account Blofin Demo
    at <anonymous> (/home/djorgenson/Projects/blofin-data/api/orders.ts:78:17)
    at process.processTicksAndRejections (node:internal/process/task_queues:105:5)
    at async Promise.all (index 27)
    at async Publish (/home/djorgenson/Projects/blofin-data/api/orders.ts:59:19)
    at async Object.Import (/home/djorgenson/Projects/blofin-data/api/orders.ts:219:29)
    at async Promise.all (index 1)
    at async Object.Trades (/home/djorgenson/Projects/blofin-data/module/trades.ts:47:3)
    at async WebSocket.ws.onmessage (/home/djorgenson/Projects/blofin-data/module/session.ts:183:7) {
  code: 452,
  msg: 'Unauthorized Instrument Position [WIF-USDT:net] request from logged account Blofin Demo'
}
-> [Error] Orders.Publish.History ApiError: [API Error] Code 452: Unauthorized Instrument Position [XRP-USDT:net] request from logged account Blofin Demo
    at <anonymous> (/home/djorgenson/Projects/blofin-data/api/orders.ts:78:17)
    at process.processTicksAndRejections (node:internal/process/task_queues:105:5)
    at async Promise.all (index 26)
    at async Publish (/home/djorgenson/Projects/blofin-data/api/orders.ts:59:19)
    at async Object.Import (/home/djorgenson/Projects/blofin-data/api/orders.ts:219:29)
    at async Promise.all (index 1)
    at async Object.Trades (/home/djorgenson/Projects/blofin-data/module/trades.ts:47:3)
    at async WebSocket.ws.onmessage (/home/djorgenson/Projects/blofin-data/module/session.ts:183:7) {
  code: 452,
  msg: 'Unauthorized Instrument Position [XRP-USDT:net] request from logged account Blofin Demo'
}
-> [Error] Orders.Publish.History ApiError: [API Error] Code 452: Unauthorized Instrument Position [BTC-USDT:net] request from logged account Blofin Demo
    at <anonymous> (/home/djorgenson/Projects/blofin-data/api/orders.ts:78:17)
    at process.processTicksAndRejections (node:internal/process/task_queues:105:5)
    at async Promise.all (index 29)
    at async Publish (/home/djorgenson/Projects/blofin-data/api/orders.ts:59:19)
    at async Object.Import (/home/djorgenson/Projects/blofin-data/api/orders.ts:219:29)
    at async Promise.all (index 1)
    at async Object.Trades (/home/djorgenson/Projects/blofin-data/module/trades.ts:47:3)
    at async WebSocket.ws.onmessage (/home/djorgenson/Projects/blofin-data/module/session.ts:183:7) {
  code: 452,
  msg: 'Unauthorized Instrument Position [BTC-USDT:net] request from logged account Blofin Demo'
}
-> [Error] Orders.Publish.History ApiError: [API Error] Code 452: Unauthorized Instrument Position [WIF-USDT:net] request from logged account Blofin Demo
    at <anonymous> (/home/djorgenson/Projects/blofin-data/api/orders.ts:78:17)
    at process.processTicksAndRejections (node:internal/process/task_queues:105:5)
    at async Promise.all (index 28)
    at async Publish (/home/djorgenson/Projects/blofin-data/api/orders.ts:59:19)
    at async Object.Import (/home/djorgenson/Projects/blofin-data/api/orders.ts:219:29)
    at async Promise.all (index 1)
    at async Object.Trades (/home/djorgenson/Projects/blofin-data/module/trades.ts:47:3)
    at async WebSocket.ws.onmessage (/home/djorgenson/Projects/blofin-data/module/session.ts:183:7) {
  code: 452,
  msg: 'Unauthorized Instrument Position [WIF-USDT:net] request from logged account Blofin Demo'
}
-> [Error] Orders.Publish.History ApiError: [API Error] Code 452: Unauthorized Instrument Position [XRP-USDT:net] request from logged account Blofin Demo
    at <anonymous> (/home/djorgenson/Projects/blofin-data/api/orders.ts:78:17)
    at process.processTicksAndRejections (node:internal/process/task_queues:105:5)
    at async Promise.all (index 30)
    at async Publish (/home/djorgenson/Projects/blofin-data/api/orders.ts:59:19)
    at async Object.Import (/home/djorgenson/Projects/blofin-data/api/orders.ts:219:29)
    at async Promise.all (index 1)
    at async Object.Trades (/home/djorgenson/Projects/blofin-data/module/trades.ts:47:3)
    at async WebSocket.ws.onmessage (/home/djorgenson/Projects/blofin-data/module/session.ts:183:7) {
  code: 452,
  msg: 'Unauthorized Instrument Position [XRP-USDT:net] request from logged account Blofin Demo'
}
-> [Error] Orders.Publish.History ApiError: [API Error] Code 452: Unauthorized Instrument Position [XRP-USDT:net] request from logged account Blofin Demo
    at <anonymous> (/home/djorgenson/Projects/blofin-data/api/orders.ts:78:17)
    at process.processTicksAndRejections (node:internal/process/task_queues:105:5)
    at async Promise.all (index 31)
    at async Publish (/home/djorgenson/Projects/blofin-data/api/orders.ts:59:19)
    at async Object.Import (/home/djorgenson/Projects/blofin-data/api/orders.ts:219:29)
    at async Promise.all (index 1)
    at async Object.Trades (/home/djorgenson/Projects/blofin-data/module/trades.ts:47:3)
    at async WebSocket.ws.onmessage (/home/djorgenson/Projects/blofin-data/module/session.ts:183:7) {
  code: 452,
  msg: 'Unauthorized Instrument Position [XRP-USDT:net] request from logged account Blofin Demo'
}
-> [Error] Orders.Publish.History ApiError: [API Error] Code 452: Unauthorized Instrument Position [BTC-USDT:net] request from logged account Blofin Demo
    at <anonymous> (/home/djorgenson/Projects/blofin-data/api/orders.ts:78:17)
    at process.processTicksAndRejections (node:internal/process/task_queues:105:5)
    at async Promise.all (index 32)
    at async Publish (/home/djorgenson/Projects/blofin-data/api/orders.ts:59:19)
    at async Object.Import (/home/djorgenson/Projects/blofin-data/api/orders.ts:219:29)
    at async Promise.all (index 1)
    at async Object.Trades (/home/djorgenson/Projects/blofin-data/module/trades.ts:47:3)
    at async WebSocket.ws.onmessage (/home/djorgenson/Projects/blofin-data/module/session.ts:183:7) {
  code: 452,
  msg: 'Unauthorized Instrument Position [BTC-USDT:net] request from logged account Blofin Demo'
}
-> [Error] Orders.Publish.History ApiError: [API Error] Code 452: Unauthorized Instrument Position [BTC-USDT:net] request from logged account Blofin Demo
    at <anonymous> (/home/djorgenson/Projects/blofin-data/api/orders.ts:78:17)
    at process.processTicksAndRejections (node:internal/process/task_queues:105:5)
    at async Promise.all (index 33)
    at async Publish (/home/djorgenson/Projects/blofin-data/api/orders.ts:59:19)
    at async Object.Import (/home/djorgenson/Projects/blofin-data/api/orders.ts:219:29)
    at async Promise.all (index 1)
    at async Object.Trades (/home/djorgenson/Projects/blofin-data/module/trades.ts:47:3)
    at async WebSocket.ws.onmessage (/home/djorgenson/Projects/blofin-data/module/session.ts:183:7) {
  code: 452,
  msg: 'Unauthorized Instrument Position [BTC-USDT:net] request from logged account Blofin Demo'
}
-> [Error] Orders.Publish.History ApiError: [API Error] Code 452: Unauthorized Instrument Position [BTC-USDT:net] request from logged account Blofin Demo
    at <anonymous> (/home/djorgenson/Projects/blofin-data/api/orders.ts:78:17)
    at process.processTicksAndRejections (node:internal/process/task_queues:105:5)
    at async Promise.all (index 35)
    at async Publish (/home/djorgenson/Projects/blofin-data/api/orders.ts:59:19)
    at async Object.Import (/home/djorgenson/Projects/blofin-data/api/orders.ts:219:29)
    at async Promise.all (index 1)
    at async Object.Trades (/home/djorgenson/Projects/blofin-data/module/trades.ts:47:3)
    at async WebSocket.ws.onmessage (/home/djorgenson/Projects/blofin-data/module/session.ts:183:7) {
  code: 452,
  msg: 'Unauthorized Instrument Position [BTC-USDT:net] request from logged account Blofin Demo'
}
-> [Error] Orders.Publish.History ApiError: [API Error] Code 452: Unauthorized Instrument Position [XRP-USDT:net] request from logged account Blofin Demo
    at <anonymous> (/home/djorgenson/Projects/blofin-data/api/orders.ts:78:17)
    at process.processTicksAndRejections (node:internal/process/task_queues:105:5)
    at async Promise.all (index 36)
    at async Publish (/home/djorgenson/Projects/blofin-data/api/orders.ts:59:19)
    at async Object.Import (/home/djorgenson/Projects/blofin-data/api/orders.ts:219:29)
    at async Promise.all (index 1)
    at async Object.Trades (/home/djorgenson/Projects/blofin-data/module/trades.ts:47:3)
    at async WebSocket.ws.onmessage (/home/djorgenson/Projects/blofin-data/module/session.ts:183:7) {
  code: 452,
  msg: 'Unauthorized Instrument Position [XRP-USDT:net] request from logged account Blofin Demo'
}
-> [Error] Orders.Publish.History ApiError: [API Error] Code 452: Unauthorized Instrument Position [XRP-USDT:net] request from logged account Blofin Demo
    at <anonymous> (/home/djorgenson/Projects/blofin-data/api/orders.ts:78:17)
    at process.processTicksAndRejections (node:internal/process/task_queues:105:5)
    at async Promise.all (index 37)
    at async Publish (/home/djorgenson/Projects/blofin-data/api/orders.ts:59:19)
    at async Object.Import (/home/djorgenson/Projects/blofin-data/api/orders.ts:219:29)
    at async Promise.all (index 1)
    at async Object.Trades (/home/djorgenson/Projects/blofin-data/module/trades.ts:47:3)
    at async WebSocket.ws.onmessage (/home/djorgenson/Projects/blofin-data/module/session.ts:183:7) {
  code: 452,
  msg: 'Unauthorized Instrument Position [XRP-USDT:net] request from logged account Blofin Demo'
}
-> [Error] Orders.Publish.History ApiError: [API Error] Code 452: Unauthorized Instrument Position [XRP-USDT:net] request from logged account Blofin Demo
    at <anonymous> (/home/djorgenson/Projects/blofin-data/api/orders.ts:78:17)
    at process.processTicksAndRejections (node:internal/process/task_queues:105:5)
    at async Promise.all (index 34)
    at async Publish (/home/djorgenson/Projects/blofin-data/api/orders.ts:59:19)
    at async Object.Import (/home/djorgenson/Projects/blofin-data/api/orders.ts:219:29)
    at async Promise.all (index 1)
    at async Object.Trades (/home/djorgenson/Projects/blofin-data/module/trades.ts:47:3)
    at async WebSocket.ws.onmessage (/home/djorgenson/Projects/blofin-data/module/session.ts:183:7) {
  code: 452,
  msg: 'Unauthorized Instrument Position [XRP-USDT:net] request from logged account Blofin Demo'
}
-> [Error] Orders.Publish.History ApiError: [API Error] Code 452: Unauthorized Instrument Position [XRP-USDT:net] request from logged account Blofin Demo
    at <anonymous> (/home/djorgenson/Projects/blofin-data/api/orders.ts:78:17)
    at process.processTicksAndRejections (node:internal/process/task_queues:105:5)
    at async Promise.all (index 38)
    at async Publish (/home/djorgenson/Projects/blofin-data/api/orders.ts:59:19)
    at async Object.Import (/home/djorgenson/Projects/blofin-data/api/orders.ts:219:29)
    at async Promise.all (index 1)
    at async Object.Trades (/home/djorgenson/Projects/blofin-data/module/trades.ts:47:3)
    at async WebSocket.ws.onmessage (/home/djorgenson/Projects/blofin-data/module/session.ts:183:7) {
  code: 452,
  msg: 'Unauthorized Instrument Position [XRP-USDT:net] request from logged account Blofin Demo'
}
-> [Error] Orders.Publish.History ApiError: [API Error] Code 452: Unauthorized Instrument Position [XRP-USDT:net] request from logged account Blofin Demo
    at <anonymous> (/home/djorgenson/Projects/blofin-data/api/orders.ts:78:17)
    at process.processTicksAndRejections (node:internal/process/task_queues:105:5)
    at async Promise.all (index 39)
    at async Publish (/home/djorgenson/Projects/blofin-data/api/orders.ts:59:19)
    at async Object.Import (/home/djorgenson/Projects/blofin-data/api/orders.ts:219:29)
    at async Promise.all (index 1)
    at async Object.Trades (/home/djorgenson/Projects/blofin-data/module/trades.ts:47:3)
    at async WebSocket.ws.onmessage (/home/djorgenson/Projects/blofin-data/module/session.ts:183:7) {
  code: 452,
  msg: 'Unauthorized Instrument Position [XRP-USDT:net] request from logged account Blofin Demo'
}
-> [Error] Orders.Publish.History ApiError: [API Error] Code 452: Unauthorized Instrument Position [XRP-USDT:net] request from logged account Blofin Demo
    at <anonymous> (/home/djorgenson/Projects/blofin-data/api/orders.ts:78:17)
    at process.processTicksAndRejections (node:internal/process/task_queues:105:5)
    at async Promise.all (index 40)
    at async Publish (/home/djorgenson/Projects/blofin-data/api/orders.ts:59:19)
    at async Object.Import (/home/djorgenson/Projects/blofin-data/api/orders.ts:219:29)
    at async Promise.all (index 1)
    at async Object.Trades (/home/djorgenson/Projects/blofin-data/module/trades.ts:47:3)
    at async WebSocket.ws.onmessage (/home/djorgenson/Projects/blofin-data/module/session.ts:183:7) {
  code: 452,
  msg: 'Unauthorized Instrument Position [XRP-USDT:net] request from logged account Blofin Demo'
}
-> [Error] Orders.Publish.History ApiError: [API Error] Code 452: Unauthorized Instrument Position [DOGE-USDT:net] request from logged account Blofin Demo
    at <anonymous> (/home/djorgenson/Projects/blofin-data/api/orders.ts:78:17)
    at process.processTicksAndRejections (node:internal/process/task_queues:105:5)
    at async Promise.all (index 41)
    at async Publish (/home/djorgenson/Projects/blofin-data/api/orders.ts:59:19)
    at async Object.Import (/home/djorgenson/Projects/blofin-data/api/orders.ts:219:29)
    at async Promise.all (index 1)
    at async Object.Trades (/home/djorgenson/Projects/blofin-data/module/trades.ts:47:3)
    at async WebSocket.ws.onmessage (/home/djorgenson/Projects/blofin-data/module/session.ts:183:7) {
  code: 452,
  msg: 'Unauthorized Instrument Position [DOGE-USDT:net] request from logged account Blofin Demo'
}
-> [Error] Orders.Publish.History ApiError: [API Error] Code 452: Unauthorized Instrument Position [DOGE-USDT:net] request from logged account Blofin Demo
    at <anonymous> (/home/djorgenson/Projects/blofin-data/api/orders.ts:78:17)
    at process.processTicksAndRejections (node:internal/process/task_queues:105:5)
    at async Promise.all (index 42)
    at async Publish (/home/djorgenson/Projects/blofin-data/api/orders.ts:59:19)
    at async Object.Import (/home/djorgenson/Projects/blofin-data/api/orders.ts:219:29)
    at async Promise.all (index 1)
    at async Object.Trades (/home/djorgenson/Projects/blofin-data/module/trades.ts:47:3)
    at async WebSocket.ws.onmessage (/home/djorgenson/Projects/blofin-data/module/session.ts:183:7) {
  code: 452,
  msg: 'Unauthorized Instrument Position [DOGE-USDT:net] request from logged account Blofin Demo'
}
-> [Error] Orders.Publish.History ApiError: [API Error] Code 452: Unauthorized Instrument Position [XRP-USDT:net] request from logged account Blofin Demo
    at <anonymous> (/home/djorgenson/Projects/blofin-data/api/orders.ts:78:17)
    at process.processTicksAndRejections (node:internal/process/task_queues:105:5)
    at async Promise.all (index 43)
    at async Publish (/home/djorgenson/Projects/blofin-data/api/orders.ts:59:19)
    at async Object.Import (/home/djorgenson/Projects/blofin-data/api/orders.ts:219:29)
    at async Promise.all (index 1)
    at async Object.Trades (/home/djorgenson/Projects/blofin-data/module/trades.ts:47:3)
    at async WebSocket.ws.onmessage (/home/djorgenson/Projects/blofin-data/module/session.ts:183:7) {
  code: 452,
  msg: 'Unauthorized Instrument Position [XRP-USDT:net] request from logged account Blofin Demo'
}
-> [Error] Orders.Publish.History ApiError: [API Error] Code 452: Unauthorized Instrument Position [XRP-USDT:net] request from logged account Blofin Demo
    at <anonymous> (/home/djorgenson/Projects/blofin-data/api/orders.ts:78:17)
    at process.processTicksAndRejections (node:internal/process/task_queues:105:5)
    at async Promise.all (index 44)
    at async Publish (/home/djorgenson/Projects/blofin-data/api/orders.ts:59:19)
    at async Object.Import (/home/djorgenson/Projects/blofin-data/api/orders.ts:219:29)
    at async Promise.all (index 1)
    at async Object.Trades (/home/djorgenson/Projects/blofin-data/module/trades.ts:47:3)
    at async WebSocket.ws.onmessage (/home/djorgenson/Projects/blofin-data/module/session.ts:183:7) {
  code: 452,
  msg: 'Unauthorized Instrument Position [XRP-USDT:net] request from logged account Blofin Demo'
}
-> [Error] Orders.Publish.History ApiError: [API Error] Code 452: Unauthorized Instrument Position [XRP-USDT:net] request from logged account Blofin Demo
    at <anonymous> (/home/djorgenson/Projects/blofin-data/api/orders.ts:78:17)
    at process.processTicksAndRejections (node:internal/process/task_queues:105:5)
    at async Promise.all (index 45)
    at async Publish (/home/djorgenson/Projects/blofin-data/api/orders.ts:59:19)
    at async Object.Import (/home/djorgenson/Projects/blofin-data/api/orders.ts:219:29)
    at async Promise.all (index 1)
    at async Object.Trades (/home/djorgenson/Projects/blofin-data/module/trades.ts:47:3)
    at async WebSocket.ws.onmessage (/home/djorgenson/Projects/blofin-data/module/session.ts:183:7) {
  code: 452,
  msg: 'Unauthorized Instrument Position [XRP-USDT:net] request from logged account Blofin Demo'
}
-> [Error] Orders.Publish.History ApiError: [API Error] Code 452: Unauthorized Instrument Position [XRP-USDT:net] request from logged account Blofin Demo
    at <anonymous> (/home/djorgenson/Projects/blofin-data/api/orders.ts:78:17)
    at process.processTicksAndRejections (node:internal/process/task_queues:105:5)
    at async Promise.all (index 46)
    at async Publish (/home/djorgenson/Projects/blofin-data/api/orders.ts:59:19)
    at async Object.Import (/home/djorgenson/Projects/blofin-data/api/orders.ts:219:29)
    at async Promise.all (index 1)
    at async Object.Trades (/home/djorgenson/Projects/blofin-data/module/trades.ts:47:3)
    at async WebSocket.ws.onmessage (/home/djorgenson/Projects/blofin-data/module/session.ts:183:7) {
  code: 452,
  msg: 'Unauthorized Instrument Position [XRP-USDT:net] request from logged account Blofin Demo'
}
-> [Error] Orders.Publish.History ApiError: [API Error] Code 452: Unauthorized Instrument Position [ETH-USDT:net] request from logged account Blofin Demo
    at <anonymous> (/home/djorgenson/Projects/blofin-data/api/orders.ts:78:17)
    at process.processTicksAndRejections (node:internal/process/task_queues:105:5)
    at async Promise.all (index 48)
    at async Publish (/home/djorgenson/Projects/blofin-data/api/orders.ts:59:19)
    at async Object.Import (/home/djorgenson/Projects/blofin-data/api/orders.ts:219:29)
    at async Promise.all (index 1)
    at async Object.Trades (/home/djorgenson/Projects/blofin-data/module/trades.ts:47:3)
    at async WebSocket.ws.onmessage (/home/djorgenson/Projects/blofin-data/module/session.ts:183:7) {
  code: 452,
  msg: 'Unauthorized Instrument Position [ETH-USDT:net] request from logged account Blofin Demo'
}
-> [Error] Orders.Publish.History ApiError: [API Error] Code 452: Unauthorized Instrument Position [XRP-USDT:net] request from logged account Blofin Demo
    at <anonymous> (/home/djorgenson/Projects/blofin-data/api/orders.ts:78:17)
    at process.processTicksAndRejections (node:internal/process/task_queues:105:5)
    at async Promise.all (index 47)
    at async Publish (/home/djorgenson/Projects/blofin-data/api/orders.ts:59:19)
    at async Object.Import (/home/djorgenson/Projects/blofin-data/api/orders.ts:219:29)
    at async Promise.all (index 1)
    at async Object.Trades (/home/djorgenson/Projects/blofin-data/module/trades.ts:47:3)
    at async WebSocket.ws.onmessage (/home/djorgenson/Projects/blofin-data/module/session.ts:183:7) {
  code: 452,
  msg: 'Unauthorized Instrument Position [XRP-USDT:net] request from logged account Blofin Demo'
}
-> [Error] Orders.Publish.History ApiError: [API Error] Code 452: Unauthorized Instrument Position [ETH-USDT:net] request from logged account Blofin Demo
    at <anonymous> (/home/djorgenson/Projects/blofin-data/api/orders.ts:78:17)
    at process.processTicksAndRejections (node:internal/process/task_queues:105:5)
    at async Promise.all (index 49)
    at async Publish (/home/djorgenson/Projects/blofin-data/api/orders.ts:59:19)
    at async Object.Import (/home/djorgenson/Projects/blofin-data/api/orders.ts:219:29)
    at async Promise.all (index 1)
    at async Object.Trades (/home/djorgenson/Projects/blofin-data/module/trades.ts:47:3)
    at async WebSocket.ws.onmessage (/home/djorgenson/Projects/blofin-data/module/session.ts:183:7) {
  code: 452,
  msg: 'Unauthorized Instrument Position [ETH-USDT:net] request from logged account Blofin Demo'
}
-> [Error] Orders.Publish.History ApiError: [API Error] Code 452: Unauthorized Instrument Position [XRP-USDT:net] request from logged account Blofin Demo
    at <anonymous> (/home/djorgenson/Projects/blofin-data/api/orders.ts:78:17)
    at process.processTicksAndRejections (node:internal/process/task_queues:105:5)
    at async Promise.all (index 50)
    at async Publish (/home/djorgenson/Projects/blofin-data/api/orders.ts:59:19)
    at async Object.Import (/home/djorgenson/Projects/blofin-data/api/orders.ts:219:29)
    at async Promise.all (index 1)
    at async Object.Trades (/home/djorgenson/Projects/blofin-data/module/trades.ts:47:3)
    at async WebSocket.ws.onmessage (/home/djorgenson/Projects/blofin-data/module/session.ts:183:7) {
  code: 452,
  msg: 'Unauthorized Instrument Position [XRP-USDT:net] request from logged account Blofin Demo'
}
-> [Error] Orders.Publish.History ApiError: [API Error] Code 452: Unauthorized Instrument Position [ETH-USDT:net] request from logged account Blofin Demo
    at <anonymous> (/home/djorgenson/Projects/blofin-data/api/orders.ts:78:17)
    at process.processTicksAndRejections (node:internal/process/task_queues:105:5)
    at async Promise.all (index 51)
    at async Publish (/home/djorgenson/Projects/blofin-data/api/orders.ts:59:19)
    at async Object.Import (/home/djorgenson/Projects/blofin-data/api/orders.ts:219:29)
    at async Promise.all (index 1)
    at async Object.Trades (/home/djorgenson/Projects/blofin-data/module/trades.ts:47:3)
    at async WebSocket.ws.onmessage (/home/djorgenson/Projects/blofin-data/module/session.ts:183:7) {
  code: 452,
  msg: 'Unauthorized Instrument Position [ETH-USDT:net] request from logged account Blofin Demo'
}
-> [Error] Orders.Publish.History ApiError: [API Error] Code 452: Unauthorized Instrument Position [XRP-USDT:net] request from logged account Blofin Demo
    at <anonymous> (/home/djorgenson/Projects/blofin-data/api/orders.ts:78:17)
    at process.processTicksAndRejections (node:internal/process/task_queues:105:5)
    at async Promise.all (index 52)
    at async Publish (/home/djorgenson/Projects/blofin-data/api/orders.ts:59:19)
    at async Object.Import (/home/djorgenson/Projects/blofin-data/api/orders.ts:219:29)
    at async Promise.all (index 1)
    at async Object.Trades (/home/djorgenson/Projects/blofin-data/module/trades.ts:47:3)
    at async WebSocket.ws.onmessage (/home/djorgenson/Projects/blofin-data/module/session.ts:183:7) {
  code: 452,
  msg: 'Unauthorized Instrument Position [XRP-USDT:net] request from logged account Blofin Demo'
}
-> [Error] Orders.Publish.History ApiError: [API Error] Code 452: Unauthorized Instrument Position [XRP-USDT:net] request from logged account Blofin Demo
    at <anonymous> (/home/djorgenson/Projects/blofin-data/api/orders.ts:78:17)
    at process.processTicksAndRejections (node:internal/process/task_queues:105:5)
    at async Promise.all (index 54)
    at async Publish (/home/djorgenson/Projects/blofin-data/api/orders.ts:59:19)
    at async Object.Import (/home/djorgenson/Projects/blofin-data/api/orders.ts:219:29)
    at async Promise.all (index 1)
    at async Object.Trades (/home/djorgenson/Projects/blofin-data/module/trades.ts:47:3)
    at async WebSocket.ws.onmessage (/home/djorgenson/Projects/blofin-data/module/session.ts:183:7) {
  code: 452,
  msg: 'Unauthorized Instrument Position [XRP-USDT:net] request from logged account Blofin Demo'
}
-> [Error] Orders.Publish.History ApiError: [API Error] Code 452: Unauthorized Instrument Position [BTC-USDT:net] request from logged account Blofin Demo
    at <anonymous> (/home/djorgenson/Projects/blofin-data/api/orders.ts:78:17)
    at process.processTicksAndRejections (node:internal/process/task_queues:105:5)
    at async Promise.all (index 53)
    at async Publish (/home/djorgenson/Projects/blofin-data/api/orders.ts:59:19)
    at async Object.Import (/home/djorgenson/Projects/blofin-data/api/orders.ts:219:29)
    at async Promise.all (index 1)
    at async Object.Trades (/home/djorgenson/Projects/blofin-data/module/trades.ts:47:3)
    at async WebSocket.ws.onmessage (/home/djorgenson/Projects/blofin-data/module/session.ts:183:7) {
  code: 452,
  msg: 'Unauthorized Instrument Position [BTC-USDT:net] request from logged account Blofin Demo'
}
-> [Error] Orders.Publish.History ApiError: [API Error] Code 452: Unauthorized Instrument Position [ETH-USDT:net] request from logged account Blofin Demo
    at <anonymous> (/home/djorgenson/Projects/blofin-data/api/orders.ts:78:17)
    at process.processTicksAndRejections (node:internal/process/task_queues:105:5)
    at async Promise.all (index 56)
    at async Publish (/home/djorgenson/Projects/blofin-data/api/orders.ts:59:19)
    at async Object.Import (/home/djorgenson/Projects/blofin-data/api/orders.ts:219:29)
    at async Promise.all (index 1)
    at async Object.Trades (/home/djorgenson/Projects/blofin-data/module/trades.ts:47:3)
    at async WebSocket.ws.onmessage (/home/djorgenson/Projects/blofin-data/module/session.ts:183:7) {
  code: 452,
  msg: 'Unauthorized Instrument Position [ETH-USDT:net] request from logged account Blofin Demo'
}
-> [Error] Orders.Publish.History ApiError: [API Error] Code 452: Unauthorized Instrument Position [XRP-USDT:net] request from logged account Blofin Demo
    at <anonymous> (/home/djorgenson/Projects/blofin-data/api/orders.ts:78:17)
    at process.processTicksAndRejections (node:internal/process/task_queues:105:5)
    at async Promise.all (index 55)
    at async Publish (/home/djorgenson/Projects/blofin-data/api/orders.ts:59:19)
    at async Object.Import (/home/djorgenson/Projects/blofin-data/api/orders.ts:219:29)
    at async Promise.all (index 1)
    at async Object.Trades (/home/djorgenson/Projects/blofin-data/module/trades.ts:47:3)
    at async WebSocket.ws.onmessage (/home/djorgenson/Projects/blofin-data/module/session.ts:183:7) {
  code: 452,
  msg: 'Unauthorized Instrument Position [XRP-USDT:net] request from logged account Blofin Demo'
}
-> [Error] Orders.Publish.History ApiError: [API Error] Code 452: Unauthorized Instrument Position [ETH-USDT:net] request from logged account Blofin Demo
    at <anonymous> (/home/djorgenson/Projects/blofin-data/api/orders.ts:78:17)
    at process.processTicksAndRejections (node:internal/process/task_queues:105:5)
    at async Promise.all (index 57)
    at async Publish (/home/djorgenson/Projects/blofin-data/api/orders.ts:59:19)
    at async Object.Import (/home/djorgenson/Projects/blofin-data/api/orders.ts:219:29)
    at async Promise.all (index 1)
    at async Object.Trades (/home/djorgenson/Projects/blofin-data/module/trades.ts:47:3)
    at async WebSocket.ws.onmessage (/home/djorgenson/Projects/blofin-data/module/session.ts:183:7) {
  code: 452,
  msg: 'Unauthorized Instrument Position [ETH-USDT:net] request from logged account Blofin Demo'
}
-> [Error] Orders.Publish.History ApiError: [API Error] Code 452: Unauthorized Instrument Position [BTC-USDT:net] request from logged account Blofin Demo
    at <anonymous> (/home/djorgenson/Projects/blofin-data/api/orders.ts:78:17)
    at process.processTicksAndRejections (node:internal/process/task_queues:105:5)
    at async Promise.all (index 58)
    at async Publish (/home/djorgenson/Projects/blofin-data/api/orders.ts:59:19)
    at async Object.Import (/home/djorgenson/Projects/blofin-data/api/orders.ts:219:29)
    at async Promise.all (index 1)
    at async Object.Trades (/home/djorgenson/Projects/blofin-data/module/trades.ts:47:3)
    at async WebSocket.ws.onmessage (/home/djorgenson/Projects/blofin-data/module/session.ts:183:7) {
  code: 452,
  msg: 'Unauthorized Instrument Position [BTC-USDT:net] request from logged account Blofin Demo'
}
-> [Error] Orders.Publish.History ApiError: [API Error] Code 452: Unauthorized Instrument Position [XRP-USDT:net] request from logged account Blofin Demo
    at <anonymous> (/home/djorgenson/Projects/blofin-data/api/orders.ts:78:17)
    at process.processTicksAndRejections (node:internal/process/task_queues:105:5)
    at async Promise.all (index 59)
    at async Publish (/home/djorgenson/Projects/blofin-data/api/orders.ts:59:19)
    at async Object.Import (/home/djorgenson/Projects/blofin-data/api/orders.ts:219:29)
    at async Promise.all (index 1)
    at async Object.Trades (/home/djorgenson/Projects/blofin-data/module/trades.ts:47:3)
    at async WebSocket.ws.onmessage (/home/djorgenson/Projects/blofin-data/module/session.ts:183:7) {
  code: 452,
  msg: 'Unauthorized Instrument Position [XRP-USDT:net] request from logged account Blofin Demo'
}
-> [Error] Orders.Publish.History ApiError: [API Error] Code 452: Unauthorized Instrument Position [ETH-USDT:net] request from logged account Blofin Demo
    at <anonymous> (/home/djorgenson/Projects/blofin-data/api/orders.ts:78:17)
    at process.processTicksAndRejections (node:internal/process/task_queues:105:5)
    at async Promise.all (index 60)
    at async Publish (/home/djorgenson/Projects/blofin-data/api/orders.ts:59:19)
    at async Object.Import (/home/djorgenson/Projects/blofin-data/api/orders.ts:219:29)
    at async Promise.all (index 1)
    at async Object.Trades (/home/djorgenson/Projects/blofin-data/module/trades.ts:47:3)
    at async WebSocket.ws.onmessage (/home/djorgenson/Projects/blofin-data/module/session.ts:183:7) {
  code: 452,
  msg: 'Unauthorized Instrument Position [ETH-USDT:net] request from logged account Blofin Demo'
}
-> [Error] Orders.Publish.History ApiError: [API Error] Code 452: Unauthorized Instrument Position [BTC-USDT:net] request from logged account Blofin Demo
    at <anonymous> (/home/djorgenson/Projects/blofin-data/api/orders.ts:78:17)
    at process.processTicksAndRejections (node:internal/process/task_queues:105:5)
    at async Promise.all (index 61)
    at async Publish (/home/djorgenson/Projects/blofin-data/api/orders.ts:59:19)
    at async Object.Import (/home/djorgenson/Projects/blofin-data/api/orders.ts:219:29)
    at async Promise.all (index 1)
    at async Object.Trades (/home/djorgenson/Projects/blofin-data/module/trades.ts:47:3)
    at async WebSocket.ws.onmessage (/home/djorgenson/Projects/blofin-data/module/session.ts:183:7) {
  code: 452,
  msg: 'Unauthorized Instrument Position [BTC-USDT:net] request from logged account Blofin Demo'
}
-> [Error] Orders.Publish.History ApiError: [API Error] Code 452: Unauthorized Instrument Position [XRP-USDT:net] request from logged account Blofin Demo
    at <anonymous> (/home/djorgenson/Projects/blofin-data/api/orders.ts:78:17)
    at process.processTicksAndRejections (node:internal/process/task_queues:105:5)
    at async Promise.all (index 62)
    at async Publish (/home/djorgenson/Projects/blofin-data/api/orders.ts:59:19)
    at async Object.Import (/home/djorgenson/Projects/blofin-data/api/orders.ts:219:29)
    at async Promise.all (index 1)
    at async Object.Trades (/home/djorgenson/Projects/blofin-data/module/trades.ts:47:3)
    at async WebSocket.ws.onmessage (/home/djorgenson/Projects/blofin-data/module/session.ts:183:7) {
  code: 452,
  msg: 'Unauthorized Instrument Position [XRP-USDT:net] request from logged account Blofin Demo'
}
-> [Error] Orders.Publish.History ApiError: [API Error] Code 452: Unauthorized Instrument Position [ETH-USDT:net] request from logged account Blofin Demo
    at <anonymous> (/home/djorgenson/Projects/blofin-data/api/orders.ts:78:17)
    at process.processTicksAndRejections (node:internal/process/task_queues:105:5)
    at async Promise.all (index 63)
    at async Publish (/home/djorgenson/Projects/blofin-data/api/orders.ts:59:19)
    at async Object.Import (/home/djorgenson/Projects/blofin-data/api/orders.ts:219:29)
    at async Promise.all (index 1)
    at async Object.Trades (/home/djorgenson/Projects/blofin-data/module/trades.ts:47:3)
    at async WebSocket.ws.onmessage (/home/djorgenson/Projects/blofin-data/module/session.ts:183:7) {
  code: 452,
  msg: 'Unauthorized Instrument Position [ETH-USDT:net] request from logged account Blofin Demo'
}
-> [Error] Orders.Publish.History ApiError: [API Error] Code 452: Unauthorized Instrument Position [LINK-USDT:net] request from logged account Blofin Demo
    at <anonymous> (/home/djorgenson/Projects/blofin-data/api/orders.ts:78:17)
    at process.processTicksAndRejections (node:internal/process/task_queues:105:5)
    at async Promise.all (index 65)
    at async Publish (/home/djorgenson/Projects/blofin-data/api/orders.ts:59:19)
    at async Object.Import (/home/djorgenson/Projects/blofin-data/api/orders.ts:219:29)
    at async Promise.all (index 1)
    at async Object.Trades (/home/djorgenson/Projects/blofin-data/module/trades.ts:47:3)
    at async WebSocket.ws.onmessage (/home/djorgenson/Projects/blofin-data/module/session.ts:183:7) {
  code: 452,
  msg: 'Unauthorized Instrument Position [LINK-USDT:net] request from logged account Blofin Demo'
}
-> [Error] Orders.Publish.History ApiError: [API Error] Code 452: Unauthorized Instrument Position [ETH-USDT:net] request from logged account Blofin Demo
    at <anonymous> (/home/djorgenson/Projects/blofin-data/api/orders.ts:78:17)
    at process.processTicksAndRejections (node:internal/process/task_queues:105:5)
    at async Promise.all (index 64)
    at async Publish (/home/djorgenson/Projects/blofin-data/api/orders.ts:59:19)
    at async Object.Import (/home/djorgenson/Projects/blofin-data/api/orders.ts:219:29)
    at async Promise.all (index 1)
    at async Object.Trades (/home/djorgenson/Projects/blofin-data/module/trades.ts:47:3)
    at async WebSocket.ws.onmessage (/home/djorgenson/Projects/blofin-data/module/session.ts:183:7) {
  code: 452,
  msg: 'Unauthorized Instrument Position [ETH-USDT:net] request from logged account Blofin Demo'
}
-> [Error] Orders.Publish.History ApiError: [API Error] Code 452: Unauthorized Instrument Position [ETH-USDT:net] request from logged account Blofin Demo
    at <anonymous> (/home/djorgenson/Projects/blofin-data/api/orders.ts:78:17)
    at process.processTicksAndRejections (node:internal/process/task_queues:105:5)
    at async Promise.all (index 66)
    at async Publish (/home/djorgenson/Projects/blofin-data/api/orders.ts:59:19)
    at async Object.Import (/home/djorgenson/Projects/blofin-data/api/orders.ts:219:29)
    at async Promise.all (index 1)
    at async Object.Trades (/home/djorgenson/Projects/blofin-data/module/trades.ts:47:3)
    at async WebSocket.ws.onmessage (/home/djorgenson/Projects/blofin-data/module/session.ts:183:7) {
  code: 452,
  msg: 'Unauthorized Instrument Position [ETH-USDT:net] request from logged account Blofin Demo'
}
-> [Error] Orders.Publish.History ApiError: [API Error] Code 452: Unauthorized Instrument Position [ETH-USDT:net] request from logged account Blofin Demo
    at <anonymous> (/home/djorgenson/Projects/blofin-data/api/orders.ts:78:17)
    at process.processTicksAndRejections (node:internal/process/task_queues:105:5)
    at async Promise.all (index 67)
    at async Publish (/home/djorgenson/Projects/blofin-data/api/orders.ts:59:19)
    at async Object.Import (/home/djorgenson/Projects/blofin-data/api/orders.ts:219:29)
    at async Promise.all (index 1)
    at async Object.Trades (/home/djorgenson/Projects/blofin-data/module/trades.ts:47:3)
    at async WebSocket.ws.onmessage (/home/djorgenson/Projects/blofin-data/module/session.ts:183:7) {
  code: 452,
  msg: 'Unauthorized Instrument Position [ETH-USDT:net] request from logged account Blofin Demo'
}
-> [Error] Orders.Publish.History ApiError: [API Error] Code 452: Unauthorized Instrument Position [POPCAT-USDT:net] request from logged account Blofin Demo
    at <anonymous> (/home/djorgenson/Projects/blofin-data/api/orders.ts:78:17)
    at process.processTicksAndRejections (node:internal/process/task_queues:105:5)
    at async Promise.all (index 68)
    at async Publish (/home/djorgenson/Projects/blofin-data/api/orders.ts:59:19)
    at async Object.Import (/home/djorgenson/Projects/blofin-data/api/orders.ts:219:29)
    at async Promise.all (index 1)
    at async Object.Trades (/home/djorgenson/Projects/blofin-data/module/trades.ts:47:3)
    at async WebSocket.ws.onmessage (/home/djorgenson/Projects/blofin-data/module/session.ts:183:7) {
  code: 452,
  msg: 'Unauthorized Instrument Position [POPCAT-USDT:net] request from logged account Blofin Demo'
}
-> [Error] Orders.Publish.History ApiError: [API Error] Code 452: Unauthorized Instrument Position [TURBO-USDT:net] request from logged account Blofin Demo
    at <anonymous> (/home/djorgenson/Projects/blofin-data/api/orders.ts:78:17)
    at process.processTicksAndRejections (node:internal/process/task_queues:105:5)
    at async Promise.all (index 69)
    at async Publish (/home/djorgenson/Projects/blofin-data/api/orders.ts:59:19)
    at async Object.Import (/home/djorgenson/Projects/blofin-data/api/orders.ts:219:29)
    at async Promise.all (index 1)
    at async Object.Trades (/home/djorgenson/Projects/blofin-data/module/trades.ts:47:3)
    at async WebSocket.ws.onmessage (/home/djorgenson/Projects/blofin-data/module/session.ts:183:7) {
  code: 452,
  msg: 'Unauthorized Instrument Position [TURBO-USDT:net] request from logged account Blofin Demo'
}
-> [Error] Orders.Publish.History ApiError: [API Error] Code 452: Unauthorized Instrument Position [PONKE-USDT:net] request from logged account Blofin Demo
    at <anonymous> (/home/djorgenson/Projects/blofin-data/api/orders.ts:78:17)
    at process.processTicksAndRejections (node:internal/process/task_queues:105:5)
    at async Promise.all (index 70)
    at async Publish (/home/djorgenson/Projects/blofin-data/api/orders.ts:59:19)
    at async Object.Import (/home/djorgenson/Projects/blofin-data/api/orders.ts:219:29)
    at async Promise.all (index 1)
    at async Object.Trades (/home/djorgenson/Projects/blofin-data/module/trades.ts:47:3)
    at async WebSocket.ws.onmessage (/home/djorgenson/Projects/blofin-data/module/session.ts:183:7) {
  code: 452,
  msg: 'Unauthorized Instrument Position [PONKE-USDT:net] request from logged account Blofin Demo'
}
-> [Error] Orders.Publish.History ApiError: [API Error] Code 452: Unauthorized Instrument Position [NOT-USDT:net] request from logged account Blofin Demo
    at <anonymous> (/home/djorgenson/Projects/blofin-data/api/orders.ts:78:17)
    at process.processTicksAndRejections (node:internal/process/task_queues:105:5)
    at async Promise.all (index 71)
    at async Publish (/home/djorgenson/Projects/blofin-data/api/orders.ts:59:19)
    at async Object.Import (/home/djorgenson/Projects/blofin-data/api/orders.ts:219:29)
    at async Promise.all (index 1)
    at async Object.Trades (/home/djorgenson/Projects/blofin-data/module/trades.ts:47:3)
    at async WebSocket.ws.onmessage (/home/djorgenson/Projects/blofin-data/module/session.ts:183:7) {
  code: 452,
  msg: 'Unauthorized Instrument Position [NOT-USDT:net] request from logged account Blofin Demo'
}
-> [Error] Orders.Publish.History ApiError: [API Error] Code 452: Unauthorized Instrument Position [TURBO-USDT:net] request from logged account Blofin Demo
    at <anonymous> (/home/djorgenson/Projects/blofin-data/api/orders.ts:78:17)
    at process.processTicksAndRejections (node:internal/process/task_queues:105:5)
    at async Promise.all (index 73)
    at async Publish (/home/djorgenson/Projects/blofin-data/api/orders.ts:59:19)
    at async Object.Import (/home/djorgenson/Projects/blofin-data/api/orders.ts:219:29)
    at async Promise.all (index 1)
    at async Object.Trades (/home/djorgenson/Projects/blofin-data/module/trades.ts:47:3)
    at async WebSocket.ws.onmessage (/home/djorgenson/Projects/blofin-data/module/session.ts:183:7) {
  code: 452,
  msg: 'Unauthorized Instrument Position [TURBO-USDT:net] request from logged account Blofin Demo'
}
-> [Error] Orders.Publish.History ApiError: [API Error] Code 452: Unauthorized Instrument Position [XRP-USDT:net] request from logged account Blofin Demo
    at <anonymous> (/home/djorgenson/Projects/blofin-data/api/orders.ts:78:17)
    at process.processTicksAndRejections (node:internal/process/task_queues:105:5)
    at async Promise.all (index 72)
    at async Publish (/home/djorgenson/Projects/blofin-data/api/orders.ts:59:19)
    at async Object.Import (/home/djorgenson/Projects/blofin-data/api/orders.ts:219:29)
    at async Promise.all (index 1)
    at async Object.Trades (/home/djorgenson/Projects/blofin-data/module/trades.ts:47:3)
    at async WebSocket.ws.onmessage (/home/djorgenson/Projects/blofin-data/module/session.ts:183:7) {
  code: 452,
  msg: 'Unauthorized Instrument Position [XRP-USDT:net] request from logged account Blofin Demo'
}
-> [Error] Orders.Publish.History ApiError: [API Error] Code 452: Unauthorized Instrument Position [NOT-USDT:net] request from logged account Blofin Demo
    at <anonymous> (/home/djorgenson/Projects/blofin-data/api/orders.ts:78:17)
    at process.processTicksAndRejections (node:internal/process/task_queues:105:5)
    at async Promise.all (index 74)
    at async Publish (/home/djorgenson/Projects/blofin-data/api/orders.ts:59:19)
    at async Object.Import (/home/djorgenson/Projects/blofin-data/api/orders.ts:219:29)
    at async Promise.all (index 1)
    at async Object.Trades (/home/djorgenson/Projects/blofin-data/module/trades.ts:47:3)
    at async WebSocket.ws.onmessage (/home/djorgenson/Projects/blofin-data/module/session.ts:183:7) {
  code: 452,
  msg: 'Unauthorized Instrument Position [NOT-USDT:net] request from logged account Blofin Demo'
}
-> [Error] Orders.Publish.History ApiError: [API Error] Code 452: Unauthorized Instrument Position [BTC-USDT:net] request from logged account Blofin Demo
    at <anonymous> (/home/djorgenson/Projects/blofin-data/api/orders.ts:78:17)
    at process.processTicksAndRejections (node:internal/process/task_queues:105:5)
    at async Promise.all (index 76)
    at async Publish (/home/djorgenson/Projects/blofin-data/api/orders.ts:59:19)
    at async Object.Import (/home/djorgenson/Projects/blofin-data/api/orders.ts:219:29)
    at async Promise.all (index 1)
    at async Object.Trades (/home/djorgenson/Projects/blofin-data/module/trades.ts:47:3)
    at async WebSocket.ws.onmessage (/home/djorgenson/Projects/blofin-data/module/session.ts:183:7) {
  code: 452,
  msg: 'Unauthorized Instrument Position [BTC-USDT:net] request from logged account Blofin Demo'
}
-> [Error] Orders.Publish.History ApiError: [API Error] Code 452: Unauthorized Instrument Position [ETH-USDT:net] request from logged account Blofin Demo
    at <anonymous> (/home/djorgenson/Projects/blofin-data/api/orders.ts:78:17)
    at process.processTicksAndRejections (node:internal/process/task_queues:105:5)
    at async Promise.all (index 75)
    at async Publish (/home/djorgenson/Projects/blofin-data/api/orders.ts:59:19)
    at async Object.Import (/home/djorgenson/Projects/blofin-data/api/orders.ts:219:29)
    at async Promise.all (index 1)
    at async Object.Trades (/home/djorgenson/Projects/blofin-data/module/trades.ts:47:3)
    at async WebSocket.ws.onmessage (/home/djorgenson/Projects/blofin-data/module/session.ts:183:7) {
  code: 452,
  msg: 'Unauthorized Instrument Position [ETH-USDT:net] request from logged account Blofin Demo'
}
-> [Error] Orders.Publish.History ApiError: [API Error] Code 452: Unauthorized Instrument Position [LINK-USDT:net] request from logged account Blofin Demo
    at <anonymous> (/home/djorgenson/Projects/blofin-data/api/orders.ts:78:17)
    at process.processTicksAndRejections (node:internal/process/task_queues:105:5)
    at async Promise.all (index 77)
    at async Publish (/home/djorgenson/Projects/blofin-data/api/orders.ts:59:19)
    at async Object.Import (/home/djorgenson/Projects/blofin-data/api/orders.ts:219:29)
    at async Promise.all (index 1)
    at async Object.Trades (/home/djorgenson/Projects/blofin-data/module/trades.ts:47:3)
    at async WebSocket.ws.onmessage (/home/djorgenson/Projects/blofin-data/module/session.ts:183:7) {
  code: 452,
  msg: 'Unauthorized Instrument Position [LINK-USDT:net] request from logged account Blofin Demo'
}
-> [Error] Orders.Publish.History ApiError: [API Error] Code 452: Unauthorized Instrument Position [PONKE-USDT:net] request from logged account Blofin Demo
    at <anonymous> (/home/djorgenson/Projects/blofin-data/api/orders.ts:78:17)
    at process.processTicksAndRejections (node:internal/process/task_queues:105:5)
    at async Promise.all (index 78)
    at async Publish (/home/djorgenson/Projects/blofin-data/api/orders.ts:59:19)
    at async Object.Import (/home/djorgenson/Projects/blofin-data/api/orders.ts:219:29)
    at async Promise.all (index 1)
    at async Object.Trades (/home/djorgenson/Projects/blofin-data/module/trades.ts:47:3)
    at async WebSocket.ws.onmessage (/home/djorgenson/Projects/blofin-data/module/session.ts:183:7) {
  code: 452,
  msg: 'Unauthorized Instrument Position [PONKE-USDT:net] request from logged account Blofin Demo'
}
-> [Error] Orders.Publish.History ApiError: [API Error] Code 452: Unauthorized Instrument Position [POPCAT-USDT:net] request from logged account Blofin Demo
    at <anonymous> (/home/djorgenson/Projects/blofin-data/api/orders.ts:78:17)
    at process.processTicksAndRejections (node:internal/process/task_queues:105:5)
    at async Promise.all (index 79)
    at async Publish (/home/djorgenson/Projects/blofin-data/api/orders.ts:59:19)
    at async Object.Import (/home/djorgenson/Projects/blofin-data/api/orders.ts:219:29)
    at async Promise.all (index 1)
    at async Object.Trades (/home/djorgenson/Projects/blofin-data/module/trades.ts:47:3)
    at async WebSocket.ws.onmessage (/home/djorgenson/Projects/blofin-data/module/session.ts:183:7) {
  code: 452,
  msg: 'Unauthorized Instrument Position [POPCAT-USDT:net] request from logged account Blofin Demo'
}
-> [Error] Orders.Publish.History ApiError: [API Error] Code 452: Unauthorized Instrument Position [PONKE-USDT:net] request from logged account Blofin Demo
    at <anonymous> (/home/djorgenson/Projects/blofin-data/api/orders.ts:78:17)
    at process.processTicksAndRejections (node:internal/process/task_queues:105:5)
    at async Promise.all (index 80)
    at async Publish (/home/djorgenson/Projects/blofin-data/api/orders.ts:59:19)
    at async Object.Import (/home/djorgenson/Projects/blofin-data/api/orders.ts:219:29)
    at async Promise.all (index 1)
    at async Object.Trades (/home/djorgenson/Projects/blofin-data/module/trades.ts:47:3)
    at async WebSocket.ws.onmessage (/home/djorgenson/Projects/blofin-data/module/session.ts:183:7) {
  code: 452,
  msg: 'Unauthorized Instrument Position [PONKE-USDT:net] request from logged account Blofin Demo'
}
-> [Error] Orders.Publish.History ApiError: [API Error] Code 452: Unauthorized Instrument Position [PONKE-USDT:net] request from logged account Blofin Demo
    at <anonymous> (/home/djorgenson/Projects/blofin-data/api/orders.ts:78:17)
    at process.processTicksAndRejections (node:internal/process/task_queues:105:5)
    at async Promise.all (index 82)
    at async Publish (/home/djorgenson/Projects/blofin-data/api/orders.ts:59:19)
    at async Object.Import (/home/djorgenson/Projects/blofin-data/api/orders.ts:219:29)
    at async Promise.all (index 1)
    at async Object.Trades (/home/djorgenson/Projects/blofin-data/module/trades.ts:47:3)
    at async WebSocket.ws.onmessage (/home/djorgenson/Projects/blofin-data/module/session.ts:183:7) {
  code: 452,
  msg: 'Unauthorized Instrument Position [PONKE-USDT:net] request from logged account Blofin Demo'
}
-> [Error] Orders.Publish.History ApiError: [API Error] Code 452: Unauthorized Instrument Position [POPCAT-USDT:net] request from logged account Blofin Demo
    at <anonymous> (/home/djorgenson/Projects/blofin-data/api/orders.ts:78:17)
    at process.processTicksAndRejections (node:internal/process/task_queues:105:5)
    at async Promise.all (index 81)
    at async Publish (/home/djorgenson/Projects/blofin-data/api/orders.ts:59:19)
    at async Object.Import (/home/djorgenson/Projects/blofin-data/api/orders.ts:219:29)
    at async Promise.all (index 1)
    at async Object.Trades (/home/djorgenson/Projects/blofin-data/module/trades.ts:47:3)
    at async WebSocket.ws.onmessage (/home/djorgenson/Projects/blofin-data/module/session.ts:183:7) {
  code: 452,
  msg: 'Unauthorized Instrument Position [POPCAT-USDT:net] request from logged account Blofin Demo'
}
-> [Error] Orders.Publish.History ApiError: [API Error] Code 452: Unauthorized Instrument Position [PONKE-USDT:net] request from logged account Blofin Demo
    at <anonymous> (/home/djorgenson/Projects/blofin-data/api/orders.ts:78:17)
    at process.processTicksAndRejections (node:internal/process/task_queues:105:5)
    at async Promise.all (index 83)
    at async Publish (/home/djorgenson/Projects/blofin-data/api/orders.ts:59:19)
    at async Object.Import (/home/djorgenson/Projects/blofin-data/api/orders.ts:219:29)
    at async Promise.all (index 1)
    at async Object.Trades (/home/djorgenson/Projects/blofin-data/module/trades.ts:47:3)
    at async WebSocket.ws.onmessage (/home/djorgenson/Projects/blofin-data/module/session.ts:183:7) {
  code: 452,
  msg: 'Unauthorized Instrument Position [PONKE-USDT:net] request from logged account Blofin Demo'
}
-> [Error] Orders.Publish.History ApiError: [API Error] Code 452: Unauthorized Instrument Position [PONKE-USDT:net] request from logged account Blofin Demo
    at <anonymous> (/home/djorgenson/Projects/blofin-data/api/orders.ts:78:17)
    at process.processTicksAndRejections (node:internal/process/task_queues:105:5)
    at async Promise.all (index 84)
    at async Publish (/home/djorgenson/Projects/blofin-data/api/orders.ts:59:19)
    at async Object.Import (/home/djorgenson/Projects/blofin-data/api/orders.ts:219:29)
    at async Promise.all (index 1)
    at async Object.Trades (/home/djorgenson/Projects/blofin-data/module/trades.ts:47:3)
    at async WebSocket.ws.onmessage (/home/djorgenson/Projects/blofin-data/module/session.ts:183:7) {
  code: 452,
  msg: 'Unauthorized Instrument Position [PONKE-USDT:net] request from logged account Blofin Demo'
}
-> [Error] Orders.Publish.History ApiError: [API Error] Code 452: Unauthorized Instrument Position [POPCAT-USDT:net] request from logged account Blofin Demo
    at <anonymous> (/home/djorgenson/Projects/blofin-data/api/orders.ts:78:17)
    at process.processTicksAndRejections (node:internal/process/task_queues:105:5)
    at async Promise.all (index 85)
    at async Publish (/home/djorgenson/Projects/blofin-data/api/orders.ts:59:19)
    at async Object.Import (/home/djorgenson/Projects/blofin-data/api/orders.ts:219:29)
    at async Promise.all (index 1)
    at async Object.Trades (/home/djorgenson/Projects/blofin-data/module/trades.ts:47:3)
    at async WebSocket.ws.onmessage (/home/djorgenson/Projects/blofin-data/module/session.ts:183:7) {
  code: 452,
  msg: 'Unauthorized Instrument Position [POPCAT-USDT:net] request from logged account Blofin Demo'
}
-> [Error] Orders.Publish.History ApiError: [API Error] Code 452: Unauthorized Instrument Position [POPCAT-USDT:net] request from logged account Blofin Demo
    at <anonymous> (/home/djorgenson/Projects/blofin-data/api/orders.ts:78:17)
    at process.processTicksAndRejections (node:internal/process/task_queues:105:5)
    at async Promise.all (index 86)
    at async Publish (/home/djorgenson/Projects/blofin-data/api/orders.ts:59:19)
    at async Object.Import (/home/djorgenson/Projects/blofin-data/api/orders.ts:219:29)
    at async Promise.all (index 1)
    at async Object.Trades (/home/djorgenson/Projects/blofin-data/module/trades.ts:47:3)
    at async WebSocket.ws.onmessage (/home/djorgenson/Projects/blofin-data/module/session.ts:183:7) {
  code: 452,
  msg: 'Unauthorized Instrument Position [POPCAT-USDT:net] request from logged account Blofin Demo'
}
-> [Error] Orders.Publish.History ApiError: [API Error] Code 452: Unauthorized Instrument Position [DOGE-USDT:net] request from logged account Blofin Demo
    at <anonymous> (/home/djorgenson/Projects/blofin-data/api/orders.ts:78:17)
    at process.processTicksAndRejections (node:internal/process/task_queues:105:5)
    at async Promise.all (index 88)
    at async Publish (/home/djorgenson/Projects/blofin-data/api/orders.ts:59:19)
    at async Object.Import (/home/djorgenson/Projects/blofin-data/api/orders.ts:219:29)
    at async Promise.all (index 1)
    at async Object.Trades (/home/djorgenson/Projects/blofin-data/module/trades.ts:47:3)
    at async WebSocket.ws.onmessage (/home/djorgenson/Projects/blofin-data/module/session.ts:183:7) {
  code: 452,
  msg: 'Unauthorized Instrument Position [DOGE-USDT:net] request from logged account Blofin Demo'
}
-> [Error] Orders.Publish.History ApiError: [API Error] Code 452: Unauthorized Instrument Position [DOGE-USDT:net] request from logged account Blofin Demo
    at <anonymous> (/home/djorgenson/Projects/blofin-data/api/orders.ts:78:17)
    at process.processTicksAndRejections (node:internal/process/task_queues:105:5)
    at async Promise.all (index 87)
    at async Publish (/home/djorgenson/Projects/blofin-data/api/orders.ts:59:19)
    at async Object.Import (/home/djorgenson/Projects/blofin-data/api/orders.ts:219:29)
    at async Promise.all (index 1)
    at async Object.Trades (/home/djorgenson/Projects/blofin-data/module/trades.ts:47:3)
    at async WebSocket.ws.onmessage (/home/djorgenson/Projects/blofin-data/module/session.ts:183:7) {
  code: 452,
  msg: 'Unauthorized Instrument Position [DOGE-USDT:net] request from logged account Blofin Demo'
}
-> [Error] Orders.Publish.History ApiError: [API Error] Code 452: Unauthorized Instrument Position [DOGE-USDT:net] request from logged account Blofin Demo
    at <anonymous> (/home/djorgenson/Projects/blofin-data/api/orders.ts:78:17)
    at process.processTicksAndRejections (node:internal/process/task_queues:105:5)
    at async Promise.all (index 89)
    at async Publish (/home/djorgenson/Projects/blofin-data/api/orders.ts:59:19)
    at async Object.Import (/home/djorgenson/Projects/blofin-data/api/orders.ts:219:29)
    at async Promise.all (index 1)
    at async Object.Trades (/home/djorgenson/Projects/blofin-data/module/trades.ts:47:3)
    at async WebSocket.ws.onmessage (/home/djorgenson/Projects/blofin-data/module/session.ts:183:7) {
  code: 452,
  msg: 'Unauthorized Instrument Position [DOGE-USDT:net] request from logged account Blofin Demo'
}
-> [Error] Orders.Publish.History ApiError: [API Error] Code 452: Unauthorized Instrument Position [DOGE-USDT:net] request from logged account Blofin Demo
    at <anonymous> (/home/djorgenson/Projects/blofin-data/api/orders.ts:78:17)
    at process.processTicksAndRejections (node:internal/process/task_queues:105:5)
    at async Promise.all (index 90)
    at async Publish (/home/djorgenson/Projects/blofin-data/api/orders.ts:59:19)
    at async Object.Import (/home/djorgenson/Projects/blofin-data/api/orders.ts:219:29)
    at async Promise.all (index 1)
    at async Object.Trades (/home/djorgenson/Projects/blofin-data/module/trades.ts:47:3)
    at async WebSocket.ws.onmessage (/home/djorgenson/Projects/blofin-data/module/session.ts:183:7) {
  code: 452,
  msg: 'Unauthorized Instrument Position [DOGE-USDT:net] request from logged account Blofin Demo'
}
-> [Error] Orders.Publish.History ApiError: [API Error] Code 452: Unauthorized Instrument Position [DOGE-USDT:net] request from logged account Blofin Demo
    at <anonymous> (/home/djorgenson/Projects/blofin-data/api/orders.ts:78:17)
    at process.processTicksAndRejections (node:internal/process/task_queues:105:5)
    at async Promise.all (index 91)
    at async Publish (/home/djorgenson/Projects/blofin-data/api/orders.ts:59:19)
    at async Object.Import (/home/djorgenson/Projects/blofin-data/api/orders.ts:219:29)
    at async Promise.all (index 1)
    at async Object.Trades (/home/djorgenson/Projects/blofin-data/module/trades.ts:47:3)
    at async WebSocket.ws.onmessage (/home/djorgenson/Projects/blofin-data/module/session.ts:183:7) {
  code: 452,
  msg: 'Unauthorized Instrument Position [DOGE-USDT:net] request from logged account Blofin Demo'
}
-> [Error] Orders.Publish.History ApiError: [API Error] Code 452: Unauthorized Instrument Position [DOGE-USDT:net] request from logged account Blofin Demo
    at <anonymous> (/home/djorgenson/Projects/blofin-data/api/orders.ts:78:17)
    at process.processTicksAndRejections (node:internal/process/task_queues:105:5)
    at async Promise.all (index 93)
    at async Publish (/home/djorgenson/Projects/blofin-data/api/orders.ts:59:19)
    at async Object.Import (/home/djorgenson/Projects/blofin-data/api/orders.ts:219:29)
    at async Promise.all (index 1)
    at async Object.Trades (/home/djorgenson/Projects/blofin-data/module/trades.ts:47:3)
    at async WebSocket.ws.onmessage (/home/djorgenson/Projects/blofin-data/module/session.ts:183:7) {
  code: 452,
  msg: 'Unauthorized Instrument Position [DOGE-USDT:net] request from logged account Blofin Demo'
}
-> [Error] Orders.Publish.History ApiError: [API Error] Code 452: Unauthorized Instrument Position [DOGE-USDT:net] request from logged account Blofin Demo
    at <anonymous> (/home/djorgenson/Projects/blofin-data/api/orders.ts:78:17)
    at process.processTicksAndRejections (node:internal/process/task_queues:105:5)
    at async Promise.all (index 92)
    at async Publish (/home/djorgenson/Projects/blofin-data/api/orders.ts:59:19)
    at async Object.Import (/home/djorgenson/Projects/blofin-data/api/orders.ts:219:29)
    at async Promise.all (index 1)
    at async Object.Trades (/home/djorgenson/Projects/blofin-data/module/trades.ts:47:3)
    at async WebSocket.ws.onmessage (/home/djorgenson/Projects/blofin-data/module/session.ts:183:7) {
  code: 452,
  msg: 'Unauthorized Instrument Position [DOGE-USDT:net] request from logged account Blofin Demo'
}
-> [Error] Orders.Publish.History ApiError: [API Error] Code 452: Unauthorized Instrument Position [BTC-USDT:net] request from logged account Blofin Demo
    at <anonymous> (/home/djorgenson/Projects/blofin-data/api/orders.ts:78:17)
    at process.processTicksAndRejections (node:internal/process/task_queues:105:5)
    at async Promise.all (index 94)
    at async Publish (/home/djorgenson/Projects/blofin-data/api/orders.ts:59:19)
    at async Object.Import (/home/djorgenson/Projects/blofin-data/api/orders.ts:219:29)
    at async Promise.all (index 1)
    at async Object.Trades (/home/djorgenson/Projects/blofin-data/module/trades.ts:47:3)
    at async WebSocket.ws.onmessage (/home/djorgenson/Projects/blofin-data/module/session.ts:183:7) {
  code: 452,
  msg: 'Unauthorized Instrument Position [BTC-USDT:net] request from logged account Blofin Demo'
}
-> [Error] Orders.Publish.History ApiError: [API Error] Code 452: Unauthorized Instrument Position [DOGE-USDT:net] request from logged account Blofin Demo
    at <anonymous> (/home/djorgenson/Projects/blofin-data/api/orders.ts:78:17)
    at process.processTicksAndRejections (node:internal/process/task_queues:105:5)
    at async Promise.all (index 95)
    at async Publish (/home/djorgenson/Projects/blofin-data/api/orders.ts:59:19)
    at async Object.Import (/home/djorgenson/Projects/blofin-data/api/orders.ts:219:29)
    at async Promise.all (index 1)
    at async Object.Trades (/home/djorgenson/Projects/blofin-data/module/trades.ts:47:3)
    at async WebSocket.ws.onmessage (/home/djorgenson/Projects/blofin-data/module/session.ts:183:7) {
  code: 452,
  msg: 'Unauthorized Instrument Position [DOGE-USDT:net] request from logged account Blofin Demo'
}
-> [Error] Orders.Publish.History ApiError: [API Error] Code 452: Unauthorized Instrument Position [DOGE-USDT:net] request from logged account Blofin Demo
    at <anonymous> (/home/djorgenson/Projects/blofin-data/api/orders.ts:78:17)
    at process.processTicksAndRejections (node:internal/process/task_queues:105:5)
    at async Promise.all (index 96)
    at async Publish (/home/djorgenson/Projects/blofin-data/api/orders.ts:59:19)
    at async Object.Import (/home/djorgenson/Projects/blofin-data/api/orders.ts:219:29)
    at async Promise.all (index 1)
    at async Object.Trades (/home/djorgenson/Projects/blofin-data/module/trades.ts:47:3)
    at async WebSocket.ws.onmessage (/home/djorgenson/Projects/blofin-data/module/session.ts:183:7) {
  code: 452,
  msg: 'Unauthorized Instrument Position [DOGE-USDT:net] request from logged account Blofin Demo'
}
-> [Error] Orders.Publish.History ApiError: [API Error] Code 452: Unauthorized Instrument Position [DOGE-USDT:net] request from logged account Blofin Demo
    at <anonymous> (/home/djorgenson/Projects/blofin-data/api/orders.ts:78:17)
    at process.processTicksAndRejections (node:internal/process/task_queues:105:5)
    at async Promise.all (index 97)
    at async Publish (/home/djorgenson/Projects/blofin-data/api/orders.ts:59:19)
    at async Object.Import (/home/djorgenson/Projects/blofin-data/api/orders.ts:219:29)
    at async Promise.all (index 1)
    at async Object.Trades (/home/djorgenson/Projects/blofin-data/module/trades.ts:47:3)
    at async WebSocket.ws.onmessage (/home/djorgenson/Projects/blofin-data/module/session.ts:183:7) {
  code: 452,
  msg: 'Unauthorized Instrument Position [DOGE-USDT:net] request from logged account Blofin Demo'
}
-> [Error] Orders.Publish.History ApiError: [API Error] Code 452: Unauthorized Instrument Position [BTC-USDT:net] request from logged account Blofin Demo
    at <anonymous> (/home/djorgenson/Projects/blofin-data/api/orders.ts:78:17)
    at process.processTicksAndRejections (node:internal/process/task_queues:105:5)
    at async Promise.all (index 99)
    at async Publish (/home/djorgenson/Projects/blofin-data/api/orders.ts:59:19)
    at async Object.Import (/home/djorgenson/Projects/blofin-data/api/orders.ts:219:29)
    at async Promise.all (index 1)
    at async Object.Trades (/home/djorgenson/Projects/blofin-data/module/trades.ts:47:3)
    at async WebSocket.ws.onmessage (/home/djorgenson/Projects/blofin-data/module/session.ts:183:7) {
  code: 452,
  msg: 'Unauthorized Instrument Position [BTC-USDT:net] request from logged account Blofin Demo'
}
-> [Error] Orders.Publish.History ApiError: [API Error] Code 452: Unauthorized Instrument Position [BTC-USDT:net] request from logged account Blofin Demo
    at <anonymous> (/home/djorgenson/Projects/blofin-data/api/orders.ts:78:17)
    at process.processTicksAndRejections (node:internal/process/task_queues:105:5)
    at async Promise.all (index 98)
    at async Publish (/home/djorgenson/Projects/blofin-data/api/orders.ts:59:19)
    at async Object.Import (/home/djorgenson/Projects/blofin-data/api/orders.ts:219:29)
    at async Promise.all (index 1)
    at async Object.Trades (/home/djorgenson/Projects/blofin-data/module/trades.ts:47:3)
    at async WebSocket.ws.onmessage (/home/djorgenson/Projects/blofin-data/module/session.ts:183:7) {
  code: 452,
  msg: 'Unauthorized Instrument Position [BTC-USDT:net] request from logged account Blofin Demo'
}
-> [Error] Orders.Publish.History ApiError: [API Error] Code 452: Unauthorized Instrument Position [BTC-USDT:net] request from logged account Blofin Demo
    at <anonymous> (/home/djorgenson/Projects/blofin-data/api/orders.ts:78:17)
    at process.processTicksAndRejections (node:internal/process/task_queues:105:5)
    at async Promise.all (index 190)
    at async Publish (/home/djorgenson/Projects/blofin-data/api/orders.ts:59:19)
    at async Object.Import (/home/djorgenson/Projects/blofin-data/api/orders.ts:219:29)
    at async Promise.all (index 1)
    at async Object.Trades (/home/djorgenson/Projects/blofin-data/module/trades.ts:47:3)
    at async WebSocket.ws.onmessage (/home/djorgenson/Projects/blofin-data/module/session.ts:183:7) {
  code: 452,
  msg: 'Unauthorized Instrument Position [BTC-USDT:net] request from logged account Blofin Demo'
}
-> [Error] Orders.Publish.History ApiError: [API Error] Code 452: Unauthorized Instrument Position [BTC-USDT:net] request from logged account Blofin Demo
    at <anonymous> (/home/djorgenson/Projects/blofin-data/api/orders.ts:78:17)
    at process.processTicksAndRejections (node:internal/process/task_queues:105:5)
    at async Promise.all (index 191)
    at async Publish (/home/djorgenson/Projects/blofin-data/api/orders.ts:59:19)
    at async Object.Import (/home/djorgenson/Projects/blofin-data/api/orders.ts:219:29)
    at async Promise.all (index 1)
    at async Object.Trades (/home/djorgenson/Projects/blofin-data/module/trades.ts:47:3)
    at async WebSocket.ws.onmessage (/home/djorgenson/Projects/blofin-data/module/session.ts:183:7) {
  code: 452,
  msg: 'Unauthorized Instrument Position [BTC-USDT:net] request from logged account Blofin Demo'
}
-> [Error] Orders.Publish.History ApiError: [API Error] Code 452: Unauthorized Instrument Position [BTC-USDT:net] request from logged account Blofin Demo
    at <anonymous> (/home/djorgenson/Projects/blofin-data/api/orders.ts:78:17)
    at process.processTicksAndRejections (node:internal/process/task_queues:105:5)
    at async Promise.all (index 192)
    at async Publish (/home/djorgenson/Projects/blofin-data/api/orders.ts:59:19)
    at async Object.Import (/home/djorgenson/Projects/blofin-data/api/orders.ts:219:29)
    at async Promise.all (index 1)
    at async Object.Trades (/home/djorgenson/Projects/blofin-data/module/trades.ts:47:3)
    at async WebSocket.ws.onmessage (/home/djorgenson/Projects/blofin-data/module/session.ts:183:7) {
  code: 452,
  msg: 'Unauthorized Instrument Position [BTC-USDT:net] request from logged account Blofin Demo'
}
-> [Error] Orders.Publish.History ApiError: [API Error] Code 452: Unauthorized Instrument Position [BTC-USDT:net] request from logged account Blofin Demo
    at <anonymous> (/home/djorgenson/Projects/blofin-data/api/orders.ts:78:17)
    at process.processTicksAndRejections (node:internal/process/task_queues:105:5)
    at async Promise.all (index 193)
    at async Publish (/home/djorgenson/Projects/blofin-data/api/orders.ts:59:19)
    at async Object.Import (/home/djorgenson/Projects/blofin-data/api/orders.ts:219:29)
    at async Promise.all (index 1)
    at async Object.Trades (/home/djorgenson/Projects/blofin-data/module/trades.ts:47:3)
    at async WebSocket.ws.onmessage (/home/djorgenson/Projects/blofin-data/module/session.ts:183:7) {
  code: 452,
  msg: 'Unauthorized Instrument Position [BTC-USDT:net] request from logged account Blofin Demo'
}
-> [Error] Orders.Publish.History ApiError: [API Error] Code 452: Unauthorized Instrument Position [BTC-USDT:net] request from logged account Blofin Demo
    at <anonymous> (/home/djorgenson/Projects/blofin-data/api/orders.ts:78:17)
    at process.processTicksAndRejections (node:internal/process/task_queues:105:5)
    at async Promise.all (index 194)
    at async Publish (/home/djorgenson/Projects/blofin-data/api/orders.ts:59:19)
    at async Object.Import (/home/djorgenson/Projects/blofin-data/api/orders.ts:219:29)
    at async Promise.all (index 1)
    at async Object.Trades (/home/djorgenson/Projects/blofin-data/module/trades.ts:47:3)
    at async WebSocket.ws.onmessage (/home/djorgenson/Projects/blofin-data/module/session.ts:183:7) {
  code: 452,
  msg: 'Unauthorized Instrument Position [BTC-USDT:net] request from logged account Blofin Demo'
}
-> [Error] Orders.Publish.History ApiError: [API Error] Code 452: Unauthorized Instrument Position [BTC-USDT:net] request from logged account Blofin Demo
    at <anonymous> (/home/djorgenson/Projects/blofin-data/api/orders.ts:78:17)
    at process.processTicksAndRejections (node:internal/process/task_queues:105:5)
    at async Promise.all (index 196)
    at async Publish (/home/djorgenson/Projects/blofin-data/api/orders.ts:59:19)
    at async Object.Import (/home/djorgenson/Projects/blofin-data/api/orders.ts:219:29)
    at async Promise.all (index 1)
    at async Object.Trades (/home/djorgenson/Projects/blofin-data/module/trades.ts:47:3)
    at async WebSocket.ws.onmessage (/home/djorgenson/Projects/blofin-data/module/session.ts:183:7) {
  code: 452,
  msg: 'Unauthorized Instrument Position [BTC-USDT:net] request from logged account Blofin Demo'
}
-> [Error] Orders.Publish.History ApiError: [API Error] Code 452: Unauthorized Instrument Position [BTC-USDT:net] request from logged account Blofin Demo
    at <anonymous> (/home/djorgenson/Projects/blofin-data/api/orders.ts:78:17)
    at process.processTicksAndRejections (node:internal/process/task_queues:105:5)
    at async Promise.all (index 195)
    at async Publish (/home/djorgenson/Projects/blofin-data/api/orders.ts:59:19)
    at async Object.Import (/home/djorgenson/Projects/blofin-data/api/orders.ts:219:29)
    at async Promise.all (index 1)
    at async Object.Trades (/home/djorgenson/Projects/blofin-data/module/trades.ts:47:3)
    at async WebSocket.ws.onmessage (/home/djorgenson/Projects/blofin-data/module/session.ts:183:7) {
  code: 452,
  msg: 'Unauthorized Instrument Position [BTC-USDT:net] request from logged account Blofin Demo'
}
-> [Error] Orders.Publish.History ApiError: [API Error] Code 452: Unauthorized Instrument Position [BTC-USDT:net] request from logged account Blofin Demo
    at <anonymous> (/home/djorgenson/Projects/blofin-data/api/orders.ts:78:17)
    at process.processTicksAndRejections (node:internal/process/task_queues:105:5)
    at async Promise.all (index 197)
    at async Publish (/home/djorgenson/Projects/blofin-data/api/orders.ts:59:19)
    at async Object.Import (/home/djorgenson/Projects/blofin-data/api/orders.ts:219:29)
    at async Promise.all (index 1)
    at async Object.Trades (/home/djorgenson/Projects/blofin-data/module/trades.ts:47:3)
    at async WebSocket.ws.onmessage (/home/djorgenson/Projects/blofin-data/module/session.ts:183:7) {
  code: 452,
  msg: 'Unauthorized Instrument Position [BTC-USDT:net] request from logged account Blofin Demo'
}
-> [Error] Orders.Publish.History ApiError: [API Error] Code 452: Unauthorized Instrument Position [AR-USDT:net] request from logged account Blofin Demo
    at <anonymous> (/home/djorgenson/Projects/blofin-data/api/orders.ts:78:17)
    at process.processTicksAndRejections (node:internal/process/task_queues:105:5)
    at async Promise.all (index 198)
    at async Publish (/home/djorgenson/Projects/blofin-data/api/orders.ts:59:19)
    at async Object.Import (/home/djorgenson/Projects/blofin-data/api/orders.ts:219:29)
    at async Promise.all (index 1)
    at async Object.Trades (/home/djorgenson/Projects/blofin-data/module/trades.ts:47:3)
    at async WebSocket.ws.onmessage (/home/djorgenson/Projects/blofin-data/module/session.ts:183:7) {
  code: 452,
  msg: 'Unauthorized Instrument Position [AR-USDT:net] request from logged account Blofin Demo'
}
-> [Error] Orders.Publish.History ApiError: [API Error] Code 452: Unauthorized Instrument Position [INJ-USDT:net] request from logged account Blofin Demo
    at <anonymous> (/home/djorgenson/Projects/blofin-data/api/orders.ts:78:17)
    at process.processTicksAndRejections (node:internal/process/task_queues:105:5)
    at async Promise.all (index 199)
    at async Publish (/home/djorgenson/Projects/blofin-data/api/orders.ts:59:19)
    at async Object.Import (/home/djorgenson/Projects/blofin-data/api/orders.ts:219:29)
    at async Promise.all (index 1)
    at async Object.Trades (/home/djorgenson/Projects/blofin-data/module/trades.ts:47:3)
    at async WebSocket.ws.onmessage (/home/djorgenson/Projects/blofin-data/module/session.ts:183:7) {
  code: 452,
  msg: 'Unauthorized Instrument Position [INJ-USDT:net] request from logged account Blofin Demo'
}
-> Orders.Import complete; history orders processed: 454; open orders processed: 0;
In Execute.Trades: 1/23/2026, 1:09:35 PM
In Position.Import [API] 1/23/2026, 1:09:35 PM
In Orders.Import [API]
-> Orders.Import complete; history orders processed: 0; open orders processed: 0;
