-> [Info] request inserted {
  columns: {
    request: <Buffer 43 b7 4a 4b 44 0d>,
    instrument_position: <Buffer ed da 99 9d fb 4e>,
    action: 'sell',
    state: <Buffer 62 57 cb>,
    price: 1.65,
    size: 1000,
    leverage: 40,
    request_type: <Buffer b8 32 96>,
    margin_mode: 'cross',
    memo: 'Test 2a: request w/o expiry; w/o tpsl',
    create_time: 2026-02-16T07:48:27.241Z,
    expiry_time: 2026-02-16T15:48:27.242Z,
    update_time: 2026-02-16T07:48:27.241Z
  }
}
{
  submitted: {
    key: { request: <Buffer 43 b7 4a 4b 44 0d> },
    response: {
      success: true,
      code: 0,
      response: 'inserted',
      rows: 1,
      context: 'Request.Publish.Submit'
    }
  },
  request: {
    symbol: 'XRP-USDT',
    position: 'short',
    action: 'sell',
    order_type: 'limit',
    price: 1.65,
    size: 1000
  }
}
Test 2a: Request submitted, check db for results. {
  key: { request: <Buffer 43 b7 4a 4b 44 0d> },
  response: {
    success: true,
    code: 0,
    response: 'inserted',
    rows: 1,
    context: 'Request.Publish.Submit'
  }
}
Fetched order from DB: [
  {
    request: <Buffer 43 b7 4a 4b 44 0d>,
    order_id: null,
    account: <Buffer 24 59 7a>,
    instrument: <Buffer a2 80 0a>,
    instrument_position: <Buffer ed da 99 9d fb 4e>,
    symbol: 'XRP-USDT',
    base_currency: <Buffer 20 e0 67>,
    base_symbol: 'XRP',
    quote_currency: <Buffer b5 2b c7>,
    quote_symbol: 'USDT',
    state: <Buffer 62 57 cb>,
    status: 'Queued',
    request_state: <Buffer 62 57 cb>,
    request_status: 'Queued',
    order_state: null,
    order_status: null,
    position: 'short',
    action: 'sell',
    request_type: <Buffer b8 32 96>,
    order_type: 'limit',
    margin_mode: 'cross',
    price: 1.65,
    size: 1000,
    leverage: 40,
    filled_size: null,
    filled_amount: null,
    average_price: null,
    fee: null,
    pnl: null,
    digits: 4,
    order_category: null,
    category: null,
    cancel_source: null,
    canceled_by: null,
    contract_type: <Buffer 9b 1a cc>,
    instrument_type: <Buffer e1 a1 fa>,
    reduce_only: 1,
    broker_id: null,
    trade_period: <Buffer 03 e8 0e>,
    trade_timeframe: '15m',
    timeframe_units: 15,
    memo: 'Test 2a: request w/o expiry; w/o tpsl',
    create_time: 2026-02-16T07:48:27.241Z,
    expiry_time: 2026-02-16T15:48:27.242Z,
    update_time: 2026-02-16T07:48:27.241Z
  }
]
