>> [Info] Application.Initialization start: 11/25/2025, 6:34:08 PM
-> Seed Account: {
  api: '6e03ab69bdd646c1afbc92bc3725edaa',
  secret: '66b55bde5057499bb8dd078f60d79cce',
  phrase: 'development_api_key',
  rest_api_url: 'https://demo-trading-openapi.blofin.com',
  private_wss_url: 'wss://demo-trading-openapi.blofin.com/ws/private',
  public_wss_url: 'wss://demo-trading-openapi.blofin.com/ws/public',
  account: <Buffer 24 59 7a>,
  state: 'disconnected',
  audit_order: '0',
  audit_stops: '0'
}
In Subject.Area.Import: 11/25/2025, 6:34:08 PM
   # Subject Area imports:  5 verified
In Activity.Import: 11/25/2025, 6:34:08 PM
   # Activity imports:  8 verified
In Authority.Import: 11/25/2025, 6:34:08 PM
   # Authority imports:  6 verified
In Broker.Import: 11/25/2025, 6:34:09 PM
   # Broker imports:  1 verified
In Contract.Type.Import: 11/25/2025, 6:34:09 PM
   # Contract Type imports:  2 verified
In Environment.Import: 11/25/2025, 6:34:09 PM
   # Environment imports:  4 verified
In Instrument.Type.Import: 11/25/2025, 6:34:09 PM
   # Instrument Type imports:  1 verified
In Period.Import: 11/25/2025, 6:34:09 PM
   # Period imports:  15 verified
In Reference.Import: 11/25/2025, 6:34:09 PM
   # Order State imports:  8 verified
   # Request Type imports:  6 verified
   # Cancel Source imports:  3 verified
   # Price Type imports:  3 verified
   # Margin Mode imports:  2 verified
   # Hedging imports:  2 verified
   # Stop Type imports:  2 verified
   # Position imports:  3 verified
   # Order Category imports:  6 verified
In Role.Import: 11/25/2025, 6:34:09 PM
   # Role imports:  4 verified
In State.Import: 11/25/2025, 6:34:10 PM
   # State imports:  15 verified
In Instruments.Import [API]: 11/25/2025, 6:34:11 PM
-> Instrument:Publish [API]
In Instruments.Fetch [API]: 11/25/2025, 6:34:12 PM
-> Instrument.Position.Import [API]
-> Leverage.Fetch [API]
-> Leverage.Fetch [API]
   # [Warning] Instrument.Position.Publish: Errors/Skips: 66 positions processed
>> [Info] Application.Initialization finished: 11/25/2025, 6:34:14 PM
Connected to websocket: [802141:wss://demo-trading-openapi.blofin.com/ws/private]
Subscriptions: { channel: 'account' }
Subscriptions: { channel: 'positions' }
Subscriptions: { channel: 'orders' }
-> WSS.Publish [API]
-> [Info] account updated {
  filters: { account: <Buffer 24 59 7a> },
  columns: { total_equity: 55136.874, update_time: 2025-11-26T02:34:15.451Z }
}
-> [Info] candle inserted {
  fields: [
    'instrument',
    'period',
    'bar_time',
    'open',
    'high',
    'low',
    'close',
    'volume',
    'vol_currency',
    'vol_currency_quote',
    'completed'
  ],
  args: [
    <Buffer 03 8d 38>,
    <Buffer 03 e8 0e>,
    2025-11-26T02:30:00.000Z,
    0.03845,
    0.0385,
    0.03844,
    0.0385,
    290,
    290,
    11.1534,
    false
  ]
}
-> [Info] account_detail updated {
  filters: { account: <Buffer 24 59 7a>, currency: <Buffer cb 69 43> },
  columns: { equity_usd: 55136.874, coin_usd_price: 0.999724 }
}
-> [Info] candle inserted {
  fields: [
    'instrument',
    'period',
    'bar_time',
    'open',
    'high',
    'low',
    'close',
    'volume',
    'vol_currency',
    'vol_currency_quote',
    'completed'
  ],
  args: [
    <Buffer 5e 05 55>,
    <Buffer 03 e8 0e>,
    2025-11-26T02:30:00.000Z,
    87756.6,
    87743.8,
    87606.9,
    87743.8,
    4.5547,
    4.5547,
    399570.23325,
    false
  ]
}
-> [Info] candle updated {
  filters: {
    instrument: <Buffer 03 8d 38>,
    period: <Buffer 03 e8 0e>,
    bar_time: 2025-11-26T02:15:00.000Z
  },
  columns: {
    high: 0.03865,
    volume: 67,
    vol_currency: 670,
    vol_currency_quote: 25.8066,
    completed: true
  }
}
-> [Info] candle updated {
  filters: {
    instrument: <Buffer 5e 05 55>,
    period: <Buffer 03 e8 0e>,
    bar_time: 2025-11-26T02:15:00.000Z
  },
  columns: {
    high: 88055.9,
    volume: 26296,
    vol_currency: 26.296,
    vol_currency_quote: 2309974.15012,
    completed: true
  }
}
-> [Info] candle updated {
  filters: {
    instrument: <Buffer 03 8d 38>,
    period: <Buffer 03 e8 0e>,
    bar_time: 2025-11-26T02:00:00.000Z
  },
  columns: { volume: 142 }
}
-> [Info] candle updated {
  filters: {
    instrument: <Buffer 5e 05 55>,
    period: <Buffer 03 e8 0e>,
    bar_time: 2025-11-26T02:00:00.000Z
  },
  columns: { high: 88000, volume: 21627 }
}
-> [Info] candle inserted {
  fields: [
    'instrument',
    'period',
    'bar_time',
    'open',
    'high',
    'low',
    'close',
    'volume',
    'vol_currency',
    'vol_currency_quote',
    'completed'
  ],
  args: [
    <Buffer 54 e7 5e>,
    <Buffer 03 e8 0e>,
    2025-11-26T02:30:00.000Z,
    2.1931,
    2.1933,
    2.1892,
    2.1933,
    51151,
    51151,
    112114.5399,
    false
  ]
}
-> [Info] candle updated {
  filters: {
    instrument: <Buffer 54 e7 5e>,
    period: <Buffer 03 e8 0e>,
    bar_time: 2025-11-26T02:15:00.000Z
  },
  columns: {
    high: 2.2078,
    close: 2.1933,
    volume: 2801,
    vol_currency: 280165,
    vol_currency_quote: 615674.5052,
    completed: true
  }
}
-> [Info] candle updated {
  filters: {
    instrument: <Buffer 54 e7 5e>,
    period: <Buffer 03 e8 0e>,
    bar_time: 2025-11-26T02:00:00.000Z
  },
  columns: { high: 2.2064, volume: 2220 }
}
In Execute.Trades: 11/25/2025, 6:34:43 PM
In Position.Import [API]
In Orders.Import [API]
-> Fetch:History [API]
-> Fetch:Pending [API]
-> History.Publish [API]
   # History Orders Processed [20]:  20 published
In Stop.Orders.Import [API]
-> Fetch:History [API]
-> Fetch:Pending [API]
-> History.Publish.Stops [API]
   # History Stop Orders Processed [40]:  35 published
-> [Info] request updated {
  filters: { request: <Buffer f4 c2 7e 42 5d 3f> },
  columns: { state: <Buffer 19 d3 88> }
}
-> [Info] request updated {
  filters: { request: <Buffer f4 c2 7e 42 5d 3f> },
  columns: {
    memo: '[Expired]: Queued and Rejected request changed to Expired',
    update_time: 2025-11-26T02:34:45.196Z
  }
}
-> Pending expired requests: 1
   # [Info] Expired requests accepted: 1
In Execute.Trades: 11/25/2025, 6:35:13 PM
In Position.Import [API]
In Orders.Import [API]
-> Fetch:History [API]
-> Fetch:Pending [API]
-> History.Publish [API]
   # History Orders Processed [20]:  20 published
In Stop.Orders.Import [API]
-> Fetch:History [API]
-> Fetch:Pending [API]
-> History.Publish.Stops [API]
   # History Stop Orders Processed [40]:  31 published
