>> [Info] Application.Initialization start: 11/12/2025, 3:38:48 PM
In Subject.Area.Import: 11/12/2025, 3:38:48 PM
   # Subject Area imports:  5 verified
In Activity.Import: 11/12/2025, 3:38:48 PM
   # Activity imports:  8 verified
In Authority.Import: 11/12/2025, 3:38:49 PM
   # Authority imports:  6 verified
In Broker.Import: 11/12/2025, 3:38:49 PM
   # Broker imports:  1 verified
In Contract.Type.Import: 11/12/2025, 3:38:49 PM
   # Contract Type imports:  2 verified
In Environment.Import: 11/12/2025, 3:38:49 PM
   # Environment imports:  4 verified
In Instrument.Type.Import: 11/12/2025, 3:38:49 PM
   # Instrument Type imports:  1 verified
In Period.Import: 11/12/2025, 3:38:49 PM
   # Period imports:  15 verified
In Reference.Import: 11/12/2025, 3:38:50 PM
   # Order State imports:  8 verified
   # Request Type imports:  6 verified
   # Cancel Source imports:  3 verified
   # Price Type imports:  3 verified
   # Margin Mode imports:  2 verified
   # Stop Type imports:  2 verified
   # Position imports:  3 verified
   # Order Category imports:  6 verified
In Role.Import: 11/12/2025, 3:38:50 PM
   # Role imports:  4 verified
In State.Import: 11/12/2025, 3:38:50 PM
   # State imports:  15 verified
In Instruments.Import [API]: 11/12/2025, 3:38:50 PM
-> Instrument:Publish [API]
>> [Info] Application.Initialization finished: 11/12/2025, 3:38:53 PM
Connected to websocket: [96842:wss://demo-trading-openapi.blofin.com/ws/private]
Subscriptions: { channel: 'account' }
Subscriptions: { channel: 'positions' }
Subscriptions: { channel: 'orders' }
-> WSS.Publish [API]
-> [Info] account updated {
  filters: { account: <Buffer 24 59 7a> },
  columns: { update_time: 2025-11-12T23:38:54.666Z }
}
-> [Info] candle updated {
  filters: {
    instrument: <Buffer 29 40 8c>,
    period: <Buffer 03 e8 0e>,
    bar_time: 2025-11-12T23:30:00.000Z
  },
  columns: {
    high: 1.2642,
    low: 1.2521,
    close: 1.2554,
    volume: 14490,
    vol_currency: 14490,
    vol_currency_quote: 18276.6567
  }
}
-> [Info] candle updated {
  filters: {
    instrument: <Buffer 5e 05 55>,
    period: <Buffer 03 e8 0e>,
    bar_time: 2025-11-12T23:30:00.000Z
  },
  columns: {
    high: 101887.1,
    low: 101569.2,
    close: 101651.3,
    volume: 15242,
    vol_currency: 15.2428,
    vol_currency_quote: 1550742.40072
  }
}
-> [Info] candle updated {
  filters: {
    instrument: <Buffer 21 e2 ef>,
    period: <Buffer 03 e8 0e>,
    bar_time: 2025-11-12T23:30:00.000Z
  },
  columns: {
    high: 0.3061,
    close: 0.3052,
    volume: 996,
    vol_currency: 9966,
    vol_currency_quote: 3045.2718
  }
}
-> [Info] candle updated {
  filters: {
    instrument: <Buffer 54 e7 5e>,
    period: <Buffer 03 e8 0e>,
    bar_time: 2025-11-12T23:30:00.000Z
  },
  columns: {
    high: 2.3867,
    low: 2.3769,
    close: 2.382,
    volume: 2341,
    vol_currency: 234176,
    vol_currency_quote: 557763.9759
  }
}
-> [Info] candle updated {
  filters: {
    instrument: <Buffer 24 2a 33>,
    period: <Buffer 03 e8 0e>,
    bar_time: 2025-11-12T23:30:00.000Z
  },
  columns: {
    high: 0.03009,
    low: 0.02993,
    close: 0.02993,
    volume: 101,
    vol_currency: 1010,
    vol_currency_quote: 30.3232
  }
}
-> [Info] candle updated {
  filters: {
    instrument: <Buffer 6c c5 82>,
    period: <Buffer 03 e8 0e>,
    bar_time: 2025-11-12T23:30:00.000Z
  },
  columns: {
    high: 1.374,
    close: 1.367,
    volume: 74,
    vol_currency: 74,
    vol_currency_quote: 101.443
  }
}
-> [Info] candle updated {
  filters: {
    instrument: <Buffer 03 8d 38>,
    period: <Buffer 03 e8 0e>,
    bar_time: 2025-11-12T23:30:00.000Z
  },
  columns: {
    high: 0.04832,
    low: 0.04818,
    close: 0.0482,
    volume: 39,
    vol_currency: 390,
    vol_currency_quote: 18.8161
  }
}
-> [Info] candle updated {
  filters: {
    instrument: <Buffer 29 40 8c>,
    period: <Buffer 03 e8 0e>,
    bar_time: 2025-11-12T23:15:00.000Z
  },
  columns: { high: 1.2693 }
}
-> [Info] candle updated {
  filters: {
    instrument: <Buffer 6c c5 82>,
    period: <Buffer 03 e8 0e>,
    bar_time: 2025-11-12T23:15:00.000Z
  },
  columns: { high: 1.378 }
}
-> [Info] candle updated {
  filters: {
    instrument: <Buffer 21 e2 ef>,
    period: <Buffer 03 e8 0e>,
    bar_time: 2025-11-12T23:15:00.000Z
  },
  columns: { high: 0.3068, volume: 5390 }
}
-> [Info] candle updated {
  filters: {
    instrument: <Buffer 5e 05 55>,
    period: <Buffer 03 e8 0e>,
    bar_time: 2025-11-12T23:15:00.000Z
  },
  columns: { high: 101948.3, volume: 9157 }
}
-> [Info] candle updated {
  filters: {
    instrument: <Buffer 24 2a 33>,
    period: <Buffer 03 e8 0e>,
    bar_time: 2025-11-12T23:15:00.000Z
  },
  columns: { high: 0.03019, volume: 150 }
}
-> [Info] candle updated {
  filters: {
    instrument: <Buffer 54 e7 5e>,
    period: <Buffer 03 e8 0e>,
    bar_time: 2025-11-12T23:15:00.000Z
  },
  columns: { high: 2.39, volume: 5543 }
}
[process]  Symbol: [VIRTUAL-USDT] exit; PID: 96934 exited with code 1
[main] Symbol: [VIRTUAL-USDT] exit; PID: [96842:96934] with code 1
[process]  Symbol: [XRP-USDT] exit; PID: 96940 exited with code 1
[process]  Symbol: [BTC-USDT] exit; PID: 96946 exited with code 1
[process]  Symbol: [ENA-USDT] exit; PID: 96927 exited with code 1
[process]  Symbol: [ORCA-USDT] exit; PID: 96952 exited with code 1
[process]  Symbol: [ARC-USDT] exit; PID: 96928 exited with code 1
-> [Info] candle updated {
  filters: {
    instrument: <Buffer 03 8d 38>,
    period: <Buffer 03 e8 0e>,
    bar_time: 2025-11-12T23:15:00.000Z
  },
  columns: { high: 0.04857, volume: 68 }
}
[main] Symbol: [XRP-USDT] exit; PID: [96842:96940] with code 1
[main] Symbol: [BTC-USDT] exit; PID: [96842:96946] with code 1
[main] Symbol: [ENA-USDT] exit; PID: [96842:96927] with code 1
[main] Symbol: [ORCA-USDT] exit; PID: [96842:96952] with code 1
[main] Symbol: [ARC-USDT] exit; PID: [96842:96928] with code 1
[process]  Symbol: [PONKE-USDT] exit; PID: 96926 exited with code 1
[main] Symbol: [PONKE-USDT] exit; PID: [96842:96926] with code 1
In Execute.Trades: 11/12/2025, 3:39:23 PM
In Position.Import [API]
In Orders.Import [API]
-> Fetch:History [API]
-> Fetch:Pending [API]
-> History.Publish [API]
   # History Orders Processed [20]:  20 published
In Stop.Orders.Import [API]
-> Fetch:History [API]
-> Fetch:Pending [API]
-> History.Publish.Stops [API]
   # History Stop Orders Processed [40]:  35 published
In Execute.Trades: 11/12/2025, 3:39:52 PM
In Position.Import [API]
In Orders.Import [API]
-> Fetch:History [API]
-> Fetch:Pending [API]
-> History.Publish [API]
   # History Orders Processed [20]:  20 published
In Stop.Orders.Import [API]
-> Fetch:History [API]
-> Fetch:Pending [API]
-> History.Publish.Stops [API]
   # History Stop Orders Processed [40]:  31 published
In Execute.Trades: 11/12/2025, 3:40:21 PM
In Position.Import [API]
In Orders.Import [API]
-> Fetch:History [API]
-> Fetch:Pending [API]
-> History.Publish [API]
   # History Orders Processed [20]:  20 published
In Stop.Orders.Import [API]
-> Fetch:History [API]
-> Fetch:Pending [API]
-> History.Publish.Stops [API]
   # History Stop Orders Processed [40]:  20 published
In Execute.Trades: 11/12/2025, 3:40:50 PM
In Position.Import [API]
In Orders.Import [API]
-> Fetch:History [API]
-> Fetch:Pending [API]
-> History.Publish [API]
   # History Orders Processed [20]:  20 published
In Stop.Orders.Import [API]
-> Fetch:History [API]
-> Fetch:Pending [API]
-> History.Publish.Stops [API]
   # History Stop Orders Processed [38]:  19 published
In Requests.Submit [API]
-> WSS.Publish [API]
-> [Info] request updated {
  filters: { request: <Buffer f8 46 40 e7 d0 19> },
  columns: {
    order_id: <Buffer 00 e8 db 8c 42 26>,
    state: <Buffer 4b c9 9c>,
    memo: '[Info] Response.Request: Order submitted successfully',
    update_time: 2025-11-12T23:40:51.785Z
  }
}
>> Trades.Queued: Requests in queue: 1
-> Queued requests submitted: 1
   # [Info] Requests accepted: 1
-> [Info] orders inserted {
  fields: [
    'order_id',
    'client_order_id',
    'order_category',
    'order_state',
    'cancel_source',
    'filled_size',
    'filled_amount',
    'average_price',
    'fee',
    'pnl'
  ],
  args: [
    <Buffer 00 e8 db 8c 42 26>,
    <Buffer f8 46 40 e7 d0 19>,
    <Buffer 4f ae 94>,
    <Buffer de 78 79>,
    <Buffer 3d 66 8d>,
    0,
    0,
    0,
    0,
    0
  ]
}
-> [Info] account updated {
  filters: { account: <Buffer 24 59 7a> },
  columns: { update_time: 2025-11-12T23:40:51.724Z }
}
-> [Info] account_detail updated {
  filters: { account: <Buffer 24 59 7a>, currency: <Buffer cb 69 43> },
  columns: {
    available: 54564.996,
    available_equity: 54564.996,
    frozen: 587.1,
    order_frozen: 587.1,
    update_time: 2025-11-12T23:40:51.717Z
  }
}
In Execute.Trades: 11/12/2025, 3:41:19 PM
In Position.Import [API]
In Orders.Import [API]
-> Fetch:History [API]
-> Fetch:Pending [API]
-> History.Publish [API]
   # History Orders Processed [20]:  20 published
-> Pending.Publish [API]
   # Pending Orders Processed [1]:  1 published
In Stop.Orders.Import [API]
-> Fetch:History [API]
-> Fetch:Pending [API]
In Execute.Trades: 11/12/2025, 3:41:48 PM
In Position.Import [API]
In Orders.Import [API]
-> Fetch:History [API]
-> Fetch:Pending [API]
-> History.Publish [API]
   # History Orders Processed [20]:  20 published
-> Pending.Publish [API]
   # Pending Orders Processed [1]:  1 published
In Stop.Orders.Import [API]
-> Fetch:History [API]
-> Fetch:Pending [API]
In Execute.Trades: 11/12/2025, 3:42:17 PM
In Position.Import [API]
In Orders.Import [API]
-> Fetch:History [API]
-> Fetch:Pending [API]
-> History.Publish [API]
   # History Orders Processed [20]:  20 published
-> Pending.Publish [API]
   # Pending Orders Processed [1]:  1 published
In Stop.Orders.Import [API]
-> Fetch:History [API]
-> Fetch:Pending [API]
-> WSS.Publish [API]
-> WSS.Publish [API]
-> [Info] account updated {
  filters: { account: <Buffer 24 59 7a> },
  columns: { update_time: 2025-11-12T23:42:31.037Z }
}
-> [Info] account updated {
  filters: { account: <Buffer 24 59 7a> },
  columns: { update_time: 2025-11-12T23:42:31.251Z }
}
In Execute.Trades: 11/12/2025, 3:42:46 PM
In Position.Import [API]
In Orders.Import [API]
-> Fetch:History [API]
-> Fetch:Pending [API]
-> History.Publish [API]
   # History Orders Processed [20]:  20 published
-> Pending.Publish [API]
   # Pending Orders Processed [1]:  1 published
In Stop.Orders.Import [API]
-> Fetch:History [API]
-> Fetch:Pending [API]
In Execute.Trades: 11/12/2025, 3:43:15 PM
In Position.Import [API]
In Orders.Import [API]
-> Fetch:History [API]
-> Fetch:Pending [API]
-> History.Publish [API]
   # History Orders Processed [20]:  20 published
-> Pending.Publish [API]
   # Pending Orders Processed [1]:  1 published
In Stop.Orders.Import [API]
-> Fetch:History [API]
-> Fetch:Pending [API]
In Execute.Trades: 11/12/2025, 3:43:44 PM
In Position.Import [API]
In Orders.Import [API]
-> Fetch:History [API]
-> Fetch:Pending [API]
-> History.Publish [API]
   # History Orders Processed [20]:  20 published
-> Pending.Publish [API]
   # Pending Orders Processed [1]:  1 published
In Stop.Orders.Import [API]
-> Fetch:History [API]
-> Fetch:Pending [API]
In Execute.Trades: 11/12/2025, 3:44:13 PM
In Position.Import [API]
In Orders.Import [API]
-> Fetch:History [API]
-> Fetch:Pending [API]
-> History.Publish [API]
   # History Orders Processed [20]:  20 published
-> Pending.Publish [API]
   # Pending Orders Processed [1]:  1 published
In Stop.Orders.Import [API]
-> Fetch:History [API]
-> Fetch:Pending [API]
In Execute.Trades: 11/12/2025, 3:44:42 PM
In Position.Import [API]
In Orders.Import [API]
-> Fetch:History [API]
-> Fetch:Pending [API]
-> History.Publish [API]
   # History Orders Processed [20]:  20 published
-> Pending.Publish [API]
   # Pending Orders Processed [1]:  1 published
In Stop.Orders.Import [API]
-> Fetch:History [API]
-> Fetch:Pending [API]
In Execute.Trades: 11/12/2025, 3:45:11 PM
In Position.Import [API]
In Orders.Import [API]
-> Fetch:History [API]
-> Fetch:Pending [API]
-> History.Publish [API]
   # History Orders Processed [20]:  20 published
-> Pending.Publish [API]
   # Pending Orders Processed [1]:  1 published
In Stop.Orders.Import [API]
-> Fetch:History [API]
-> Fetch:Pending [API]
In Execute.Trades: 11/12/2025, 3:45:40 PM
In Position.Import [API]
In Orders.Import [API]
-> Fetch:History [API]
-> Fetch:Pending [API]
-> History.Publish [API]
   # History Orders Processed [20]:  20 published
-> Pending.Publish [API]
   # Pending Orders Processed [1]:  1 published
In Stop.Orders.Import [API]
-> Fetch:History [API]
-> Fetch:Pending [API]
In Execute.Trades: 11/12/2025, 3:46:09 PM
In Position.Import [API]
In Orders.Import [API]
-> Fetch:History [API]
-> Fetch:Pending [API]
-> History.Publish [API]
   # History Orders Processed [20]:  20 published
-> Pending.Publish [API]
   # Pending Orders Processed [1]:  1 published
In Stop.Orders.Import [API]
-> Fetch:History [API]
-> Fetch:Pending [API]
In Execute.Trades: 11/12/2025, 3:46:38 PM
In Position.Import [API]
In Orders.Import [API]
-> Fetch:History [API]
-> Fetch:Pending [API]
-> History.Publish [API]
   # History Orders Processed [20]:  20 published
-> Pending.Publish [API]
   # Pending Orders Processed [1]:  1 published
In Stop.Orders.Import [API]
-> Fetch:History [API]
-> Fetch:Pending [API]
In Execute.Trades: 11/12/2025, 3:47:07 PM
In Position.Import [API]
In Orders.Import [API]
-> Fetch:History [API]
-> Fetch:Pending [API]
-> History.Publish [API]
   # History Orders Processed [20]:  20 published
-> Pending.Publish [API]
   # Pending Orders Processed [1]:  1 published
In Stop.Orders.Import [API]
-> Fetch:History [API]
-> Fetch:Pending [API]
-> WSS.Publish [API]
-> WSS.Publish [API]
-> [Info] account updated {
  filters: { account: <Buffer 24 59 7a> },
  columns: { total_equity: 55146.002, update_time: 2025-11-12T23:47:30.927Z }
}
-> [Info] account_detail updated {
  filters: { account: <Buffer 24 59 7a>, currency: <Buffer cb 69 43> },
  columns: { equity_usd: 55146.002, coin_usd_price: 0.999889 }
}
-> [Info] account updated {
  filters: { account: <Buffer 24 59 7a> },
  columns: { update_time: 2025-11-12T23:47:31.156Z }
}
In Execute.Trades: 11/12/2025, 3:47:36 PM
In Position.Import [API]
In Orders.Import [API]
-> Fetch:History [API]
-> Fetch:Pending [API]
-> History.Publish [API]
   # History Orders Processed [1]:  1 published
-> Pending.Publish [API]
   # Pending Orders Processed [1]:  1 published
In Stop.Orders.Import [API]
-> Fetch:History [API]
-> Fetch:Pending [API]
In Execute.Trades: 11/12/2025, 3:48:05 PM
In Position.Import [API]
In Orders.Import [API]
-> Fetch:History [API]
-> Fetch:Pending [API]
-> Pending.Publish [API]
   # Pending Orders Processed [1]:  1 published
In Stop.Orders.Import [API]
-> Fetch:History [API]
-> Fetch:Pending [API]
In Execute.Trades: 11/12/2025, 3:48:34 PM
In Position.Import [API]
In Orders.Import [API]
-> Fetch:History [API]
-> Fetch:Pending [API]
-> Pending.Publish [API]
   # Pending Orders Processed [1]:  1 published
In Stop.Orders.Import [API]
-> Fetch:History [API]
-> Fetch:Pending [API]
-> [Info] request updated {
  filters: { request: <Buffer f8 46 40 e7 d0 19> },
  columns: { state: <Buffer 1b 0c b1>, reduce_only: false }
}
-> [Info] request updated {
  filters: { request: <Buffer f8 46 40 e7 d0 19> },
  columns: {
    memo: '[Expired]: Pending order state changed to Canceled',
    update_time: 2025-11-12T23:48:35.498Z
  }
}
>> [Warning] Trades.Pending: Requests canceled: 1 [
  {
    request: <Buffer f8 46 40 e7 d0 19>,
    memo: '[Expired]: Pending order state changed to Canceled'
  }
]
-> Cancel [API]
-> WSS.Publish [API]
-> [Info] orders updated {
  filters: { order_id: <Buffer 00 e8 db 8c 42 26> },
  columns: { order_state: <Buffer 97 e7 4e> }
}
-> [Info] request updated {
  filters: { request: <Buffer f8 46 40 e7 d0 19> },
  columns: {
    order_id: <Buffer 00 e8 db 8c 42 26>,
    state: <Buffer e8 fc f7>,
    memo: '[Info] Response.Request: Order canceled successfully',
    update_time: 2025-11-12T23:48:35.887Z
  }
}
>> Trades.Canceled: Cancel requests submitted: 1
   # [Info] Canceled requests accepted: 1
-> [Info] account updated {
  filters: { account: <Buffer 24 59 7a> },
  columns: { update_time: 2025-11-12T23:48:36.039Z }
}
-> [Info] request updated {
  filters: { request: <Buffer f8 46 40 e7 d0 19> },
  columns: { state: <Buffer e8 fc f7>, reduce_only: false }
}
-> [Info] account_detail updated {
  filters: { account: <Buffer 24 59 7a>, currency: <Buffer cb 69 43> },
  columns: {
    available: 55152.096,
    available_equity: 55152.096,
    frozen: 0,
    order_frozen: 0,
    update_time: 2025-11-12T23:48:35.854Z
  }
}
-> [Info] request updated {
  filters: { request: <Buffer f8 46 40 e7 d0 19> },
  columns: { update_time: 2025-11-12T23:48:35.854Z }
}
In Execute.Trades: 11/12/2025, 3:49:03 PM
In Position.Import [API]
In Orders.Import [API]
-> Fetch:History [API]
-> Fetch:Pending [API]
-> History.Publish [API]
-> [Info] orders updated {
  filters: { order_id: <Buffer 00 e8 db 8c 42 26> },
  columns: { cancel_source: <Buffer ba 05 f1> }
}
   # History Orders Processed [1]:  1 published
In Stop.Orders.Import [API]
-> Fetch:History [API]
-> Fetch:Pending [API]
In Execute.Trades: 11/12/2025, 3:49:32 PM
In Position.Import [API]
In Orders.Import [API]
-> Fetch:History [API]
-> Fetch:Pending [API]
In Stop.Orders.Import [API]
-> Fetch:History [API]
-> Fetch:Pending [API]
In Execute.Trades: 11/12/2025, 3:50:01 PM
In Position.Import [API]
In Orders.Import [API]
-> Fetch:History [API]
-> Fetch:Pending [API]
In Stop.Orders.Import [API]
-> Fetch:History [API]
-> Fetch:Pending [API]
In Execute.Trades: 11/12/2025, 3:50:30 PM
In Position.Import [API]
In Orders.Import [API]
-> Fetch:History [API]
-> Fetch:Pending [API]
In Stop.Orders.Import [API]
-> Fetch:History [API]
-> Fetch:Pending [API]
