Connected to websocket: [2787301:wss://demo-trading-openapi.blofin.com/ws/private]
Subscriptions: { channel: 'account' }
Subscriptions: { channel: 'positions' }
Subscriptions: { channel: 'orders' }
-> WSS.Publish [API]
In Execute.Trades: 8/26/2025, 4:11:22 PM
In Orders.Import [API]
-> Fetch:History [API]
-> Fetch:Pending [API]
-> History.Publish [API]
-> Process.Resubmit [20]
-> Cancel [API]
In Execute.Trades: 8/26/2025, 4:11:51 PM
In Orders.Import [API]
-> Fetch:History [API]
-> Fetch:Pending [API]
-> History.Publish [API]
-> Process.Resubmit [20]
-> Cancel [API]
In Execute.Trades: 8/26/2025, 4:12:20 PM
In Orders.Import [API]
-> Fetch:History [API]
-> Fetch:Pending [API]
-> History.Publish [API]
-> Process.Resubmit [20]
-> Cancel [API]
In Execute.Trades: 8/26/2025, 4:12:49 PM
In Orders.Import [API]
-> Fetch:History [API]
-> Fetch:Pending [API]
-> History.Publish [API]
-> Process.Resubmit [20]
-> Cancel [API]
In Execute.Trades: 8/26/2025, 4:13:18 PM
In Orders.Import [API]
-> Fetch:History [API]
-> Fetch:Pending [API]
-> History.Publish [API]
-> Process.Resubmit [20]
-> Cancel [API]
In Execute.Trades: 8/26/2025, 4:13:47 PM
In Orders.Import [API]
-> Fetch:History [API]
-> Fetch:Pending [API]
-> History.Publish [API]
-> Process.Resubmit [20]
-> Cancel [API]
In Execute.Trades: 8/26/2025, 4:14:16 PM
In Orders.Import [API]
-> Fetch:History [API]
-> Fetch:Pending [API]
-> History.Publish [API]
-> Process.Resubmit [8]
   # Orders Rejected: 12 rejected
-> Cancel [API]
-> WSS.Publish [API]
-> WSS.Publish [API]
In Execute.Trades: 8/26/2025, 4:14:45 PM
In Orders.Import [API]
-> Fetch:History [API]
-> Fetch:Pending [API]
-> History.Publish [API]
-> Process.Resubmit [20]
-> Cancel [API]
In Execute.Trades: 8/26/2025, 4:15:14 PM
In Orders.Import [API]
-> Fetch:History [API]
-> Fetch:Pending [API]
-> History.Publish [API]
-> Process.Resubmit [20]
-> Cancel [API]
In Execute.Trades: 8/26/2025, 4:15:43 PM
In Orders.Import [API]
-> Fetch:History [API]
-> Fetch:Pending [API]
-> History.Publish [API]
-> Process.Resubmit [20]
-> Cancel [API]
In Execute.Trades: 8/26/2025, 4:16:12 PM
In Orders.Import [API]
-> Fetch:History [API]
-> Fetch:Pending [API]
-> History.Publish [API]
-> Process.Resubmit [20]
-> Cancel [API]
In Execute.Trades: 8/26/2025, 4:16:41 PM
In Orders.Import [API]
-> Fetch:History [API]
-> Fetch:Pending [API]
-> History.Publish [API]
-> Process.Resubmit [17]
-> Cancel [API]
In Execute.Trades: 8/26/2025, 4:17:10 PM
In Orders.Import [API]
-> Fetch:History [API]
-> Fetch:Pending [API]
-> Cancel [API]
In Execute.Trades: 8/26/2025, 4:17:39 PM
In Orders.Import [API]
-> Fetch:History [API]
-> Fetch:Pending [API]
-> Cancel [API]
In Execute.Trades: 8/26/2025, 4:18:08 PM
In Orders.Import [API]
-> Fetch:History [API]
-> Fetch:Pending [API]
-> Cancel [API]
In Execute.Trades: 8/26/2025, 4:18:37 PM
In Orders.Import [API]
-> Fetch:History [API]
-> Fetch:Pending [API]
-> Cancel [API]
