[Info] Session.Config: Blofin Demo configured successfully
-> Test 2a: Using Account: {
  candle_max_fetch: 1440,
  leverage_max_fetch: 20,
  orders_max_fetch: 100,
  default_sma: 60,
  default_leverage: 10,
  alias: 'Blofin Demo',
  api: '6e03ab69bdd646c1afbc92bc3725edaa',
  secret: '66b55bde5057499bb8dd078f60d79cce',
  phrase: 'development_api_key',
  rest_api_url: 'https://demo-trading-openapi.blofin.com',
  private_wss_url: 'wss://demo-trading-openapi.blofin.com/ws/private',
  public_wss_url: 'wss://demo-trading-openapi.blofin.com/ws/public',
  account: <Buffer 24 59 7a>,
  margin_mode: 'cross',
  hedging: 1,
  state: 'disconnected',
  audit_order: '0',
  audit_stops: '0'
}
-> [Info] request inserted {
  fields: [
    'request',
    'instrument_position',
    'action',
    'state',
    'price',
    'size',
    'leverage',
    'request_type',
    'margin_mode',
    'memo',
    'create_time',
    'expiry_time',
    'update_time'
  ],
  args: [
    <Buffer 4c 5b 4a 35 37 be>,
    <Buffer ed da 99 9d fb 4e>,
    'sell',
    <Buffer 62 57 cb>,
    2.85,
    100,
    15,
    <Buffer b8 32 96>,
    'cross',
    'Test 2a: request w/ expiry; w/o tpsl',
    2025-12-15T14:50:09.513Z,
    2025-12-15T14:55:09.482Z,
    2025-12-15T14:50:09.513Z
  ]
}
{
  submitted: <Buffer 4c 5b 4a 35 37 be>,
  request: {
    symbol: 'XRP-USDT',
    position: 'short',
    action: 'sell',
    order_type: 'limit',
    price: 2.85,
    size: 100,
    expiry_time: 2025-12-15T14:55:09.482Z,
    memo: 'Test 2a: request w/ expiry; w/o tpsl'
  }
}
Test 2a: Request submitted, check db for results. <Buffer 4c 5b 4a 35 37 be>
Fetched order from DB: [
  {
    request: <Buffer 4c 5b 4a 35 37 be>,
    order_id: null,
    account: <Buffer 24 59 7a>,
    instrument: <Buffer a2 80 0a>,
    instrument_position: <Buffer ed da 99 9d fb 4e>,
    symbol: 'XRP-USDT',
    base_currency: <Buffer 20 e0 67>,
    base_symbol: 'XRP',
    quote_currency: <Buffer b5 2b c7>,
    quote_symbol: 'USDT',
    state: <Buffer 62 57 cb>,
    status: 'Queued',
    request_state: <Buffer 62 57 cb>,
    request_status: 'Queued',
    order_state: null,
    order_status: null,
    position: 'short',
    action: 'sell',
    request_type: <Buffer b8 32 96>,
    order_type: 'limit',
    margin_mode: 'cross',
    price: 2.85,
    size: 100,
    leverage: 15,
    filled_size: null,
    filled_amount: null,
    average_price: null,
    fee: null,
    pnl: null,
    digits: 4,
    order_category: null,
    category: null,
    cancel_source: null,
    canceled_by: null,
    contract_type: <Buffer 9b 1a cc>,
    instrument_type: <Buffer e1 a1 fa>,
    reduce_only: 1,
    broker_id: null,
    trade_period: <Buffer 03 e8 0e>,
    trade_timeframe: '15m',
    timeframe_units: 15,
    memo: 'Test 2a: request w/ expiry; w/o tpsl',
    create_time: 2025-12-15T14:50:09.513Z,
    expiry_time: 2025-12-15T14:55:09.482Z,
    update_time: 2025-12-15T14:50:09.513Z
  }
]
