-> [Info] request inserted {
  fields: [
    'request',
    'instrument_position',
    'action',
    'state',
    'price',
    'size',
    'leverage',
    'request_type',
    'margin_mode',
    'memo',
    'create_time',
    'expiry_time',
    'update_time'
  ],
  args: [
    <Buffer 17 63 d6 ea 3b 75>,
    <Buffer 62 45 1c 33 17 21>,
    'sell',
    <Buffer 62 57 cb>,
    2.85,
    100,
    50,
    <Buffer b8 32 96>,
    'cross',
    'Test 1a: request w/ expiry; w/o tpsl',
    2025-11-12T22:41:06.378Z,
    2025-11-12T22:49:06.348Z,
    2025-11-12T22:41:06.378Z
  ]
}
{
  submitted: <Buffer 17 63 d6 ea 3b 75>,
  request: {
    symbol: 'XRP-USDT',
    margin_mode: 'cross',
    position: 'short',
    action: 'sell',
    order_type: 'limit',
    price: 2.85,
    size: 100,
    leverage: 50,
    expiry_time: 2025-11-12T22:49:06.348Z,
    memo: 'Test 1a: request w/ expiry; w/o tpsl'
  }
}
