-> [Info] request inserted {
  fields: [
    'request',
    'instrument_position',
    'action',
    'state',
    'price',
    'size',
    'leverage',
    'request_type',
    'margin_mode',
    'memo',
    'create_time',
    'expiry_time',
    'update_time'
  ],
  args: [
    <Buffer f8 46 40 e7 d0 19>,
    <Buffer 62 45 1c 33 17 21>,
    'sell',
    <Buffer 62 57 cb>,
    2.85,
    100,
    50,
    <Buffer b8 32 96>,
    'cross',
    'Test 2a: request w/ expiry; w/o tpsl',
    2025-11-12T23:40:29.739Z,
    2025-11-12T23:48:29.699Z,
    2025-11-12T23:40:29.739Z
  ]
}
{
  submitted: <Buffer f8 46 40 e7 d0 19>,
  request: {
    symbol: 'XRP-USDT',
    margin_mode: 'cross',
    position: 'short',
    action: 'sell',
    order_type: 'limit',
    price: 2.85,
    size: 100,
    leverage: 50,
    expiry_time: 2025-11-12T23:48:29.699Z,
    memo: 'Test 2a: request w/ expiry; w/o tpsl'
  }
}
