>> [Info] Application.Initialization start: 11/14/2025, 10:27:39 AM
In Subject.Area.Import: 11/14/2025, 10:27:39 AM
   # Subject Area imports:  5 verified
In Activity.Import: 11/14/2025, 10:27:40 AM
   # Activity imports:  8 verified
In Authority.Import: 11/14/2025, 10:27:40 AM
   # Authority imports:  6 verified
In Broker.Import: 11/14/2025, 10:27:40 AM
   # Broker imports:  1 verified
In Contract.Type.Import: 11/14/2025, 10:27:40 AM
   # Contract Type imports:  2 verified
In Environment.Import: 11/14/2025, 10:27:40 AM
   # Environment imports:  4 verified
In Instrument.Type.Import: 11/14/2025, 10:27:41 AM
   # Instrument Type imports:  1 verified
In Period.Import: 11/14/2025, 10:27:41 AM
   # Period imports:  15 verified
In Reference.Import: 11/14/2025, 10:27:41 AM
   # Order State imports:  8 verified
   # Request Type imports:  6 verified
   # Cancel Source imports:  3 verified
   # Price Type imports:  3 verified
   # Margin Mode imports:  2 verified
   # Stop Type imports:  2 verified
   # Position imports:  3 verified
   # Order Category imports:  6 verified
In Role.Import: 11/14/2025, 10:27:41 AM
   # Role imports:  4 verified
In State.Import: 11/14/2025, 10:27:41 AM
   # State imports:  15 verified
In Instruments.Import [API]: 11/14/2025, 10:27:42 AM
-> Instrument:Publish [API]
>> [Info] Application.Initialization finished: 11/14/2025, 10:27:45 AM
Connected to websocket: [272695:wss://demo-trading-openapi.blofin.com/ws/private]
Subscriptions: { channel: 'account' }
Subscriptions: { channel: 'positions' }
Subscriptions: { channel: 'orders' }
-> WSS.Publish [API]
-> [Info] account updated {
  filters: { account: <Buffer 24 59 7a> },
  columns: { total_equity: 55130.945, update_time: 2025-11-14T18:27:45.839Z }
}
-> [Info] account_detail updated {
  filters: { account: <Buffer 24 59 7a>, currency: <Buffer cb 69 43> },
  columns: { equity_usd: 55130.945, coin_usd_price: 0.999617 }
}
-> [Info] candle updated {
  filters: {
    instrument: <Buffer 03 8d 38>,
    period: <Buffer 03 e8 0e>,
    bar_time: 2025-11-14T18:15:00.000Z
  },
  columns: {
    high: 0.04741,
    low: 0.04697,
    close: 0.04697,
    volume: 81,
    vol_currency: 810,
    vol_currency_quote: 38.1705
  }
}
[process]  Symbol: [PONKE-USDT] exit; PID: 272771 exited with code 1
-> [Info] candle updated {
  filters: {
    instrument: <Buffer 6c c5 82>,
    period: <Buffer 03 e8 0e>,
    bar_time: 2025-11-14T18:15:00.000Z
  },
  columns: {
    high: 1.323,
    low: 1.311,
    close: 1.312,
    volume: 169,
    vol_currency: 169,
    vol_currency_quote: 222.742
  }
}
[main] Symbol: [PONKE-USDT] exit; PID: [272695:272771] with code 1
[process]  Symbol: [ORCA-USDT] exit; PID: 272797 exited with code 1
[main] Symbol: [ORCA-USDT] exit; PID: [272695:272797] with code 1
-> [Info] candle updated {
  filters: {
    instrument: <Buffer 21 e2 ef>,
    period: <Buffer 03 e8 0e>,
    bar_time: 2025-11-14T18:15:00.000Z
  },
  columns: {
    high: 0.2871,
    low: 0.2839,
    close: 0.2843,
    volume: 4688,
    vol_currency: 46884,
    vol_currency_quote: 13419.916
  }
}
-> [Info] candle updated {
  filters: {
    instrument: <Buffer 54 e7 5e>,
    period: <Buffer 03 e8 0e>,
    bar_time: 2025-11-14T18:15:00.000Z
  },
  columns: {
    high: 2.3272,
    low: 2.3102,
    close: 2.3117,
    volume: 2376,
    vol_currency: 237696,
    vol_currency_quote: 551160.0316
  }
}
-> [Info] candle updated {
  filters: {
    instrument: <Buffer 5e 05 55>,
    period: <Buffer 03 e8 0e>,
    bar_time: 2025-11-14T18:15:00.000Z
  },
  columns: {
    high: 96278.8,
    low: 95681.7,
    close: 95822.3,
    volume: 58657,
    vol_currency: 58.6577,
    vol_currency_quote: 5627378.11323
  }
}
-> [Info] candle updated {
  filters: {
    instrument: <Buffer 24 2a 33>,
    period: <Buffer 03 e8 0e>,
    bar_time: 2025-11-14T18:15:00.000Z
  },
  columns: {
    high: 0.03227,
    low: 0.0319,
    close: 0.03205,
    volume: 400,
    vol_currency: 4000,
    vol_currency_quote: 128.0169
  }
}
[process]  Symbol: [XRP-USDT] exit; PID: 272780 exited with code 1
[process]  Symbol: [ENA-USDT] exit; PID: 272772 exited with code 1
[process]  Symbol: [BTC-USDT] exit; PID: 272786 exited with code 1
[main] Symbol: [XRP-USDT] exit; PID: [272695:272780] with code 1
[process]  Symbol: [ARC-USDT] exit; PID: 272773 exited with code 1
[main] Symbol: [ENA-USDT] exit; PID: [272695:272772] with code 1
[main] Symbol: [BTC-USDT] exit; PID: [272695:272786] with code 1
[main] Symbol: [ARC-USDT] exit; PID: [272695:272773] with code 1
-> [Info] candle updated {
  filters: {
    instrument: <Buffer 29 40 8c>,
    period: <Buffer 03 e8 0e>,
    bar_time: 2025-11-14T18:15:00.000Z
  },
  columns: {
    high: 1.2215,
    low: 1.2091,
    close: 1.2114,
    volume: 3904,
    vol_currency: 3904,
    vol_currency_quote: 4742.4518
  }
}
[process]  Symbol: [VIRTUAL-USDT] exit; PID: 272779 exited with code 1
[main] Symbol: [VIRTUAL-USDT] exit; PID: [272695:272779] with code 1
In Execute.Trades: 11/14/2025, 10:28:14 AM
In Position.Import [API]
-> WSS.Publish [API]
In Orders.Import [API]
-> Fetch:History [API]
-> Fetch:Pending [API]
-> [Info] account updated {
  filters: { account: <Buffer 24 59 7a> },
  columns: { update_time: 2025-11-14T18:28:14.961Z }
}
-> History.Publish [API]
-> [Info] account updated {
  filters: { account: <Buffer 24 59 7a> },
  columns: { update_time: 2025-11-14T18:28:14.964Z }
}
   # History Orders Processed [20]:  20 published
In Stop.Orders.Import [API]
-> Fetch:History [API]
-> Fetch:Pending [API]
-> History.Publish.Stops [API]
   # History Stop Orders Processed [40]:  35 published
-> [Info] stop_request updated {
  filters: { stop_request: <Buffer df 1e e5 2f 50> },
  columns: {
    state: <Buffer 19 d3 88>,
    memo: '[Info] Trades.Queued: Stop order on closed position; state changed to Expired',
    update_time: 2025-11-14T18:28:15.721Z
  }
}
-> Trades.Queued: Stop Requests processed as expired [ 1 ]
   # [Warning] Stop Requests expired: 1
In Execute.Trades: 11/14/2025, 10:28:43 AM
In Position.Import [API]
In Orders.Import [API]
-> Fetch:History [API]
-> Fetch:Pending [API]
-> History.Publish [API]
   # History Orders Processed [20]:  20 published
In Stop.Orders.Import [API]
-> Fetch:History [API]
-> Fetch:Pending [API]
-> History.Publish.Stops [API]
   # History Stop Orders Processed [40]:  31 published
