>> [Info] Application.Initialization start: 11/14/2025, 7:18:14 PM
In Subject.Area.Import: 11/14/2025, 7:18:14 PM
   # Subject Area imports:  5 verified
In Activity.Import: 11/14/2025, 7:18:14 PM
   # Activity imports:  8 verified
In Authority.Import: 11/14/2025, 7:18:14 PM
   # Authority imports:  6 verified
In Broker.Import: 11/14/2025, 7:18:14 PM
   # Broker imports:  1 verified
In Contract.Type.Import: 11/14/2025, 7:18:14 PM
   # Contract Type imports:  2 verified
In Environment.Import: 11/14/2025, 7:18:14 PM
   # Environment imports:  4 verified
In Instrument.Type.Import: 11/14/2025, 7:18:15 PM
   # Instrument Type imports:  1 verified
In Period.Import: 11/14/2025, 7:18:15 PM
   # Period imports:  15 verified
In Reference.Import: 11/14/2025, 7:18:15 PM
   # Order State imports:  8 verified
   # Request Type imports:  6 verified
   # Cancel Source imports:  3 verified
   # Price Type imports:  3 verified
   # Margin Mode imports:  2 verified
   # Stop Type imports:  2 verified
   # Position imports:  3 verified
   # Order Category imports:  6 verified
In Role.Import: 11/14/2025, 7:18:15 PM
   # Role imports:  4 verified
In State.Import: 11/14/2025, 7:18:15 PM
   # State imports:  15 verified
In Instruments.Import [API]: 11/14/2025, 7:18:16 PM
-> Instrument:Publish [API]
>> [Info] Application.Initialization finished: 11/14/2025, 7:18:19 PM
Connected to websocket: [321357:wss://demo-trading-openapi.blofin.com/ws/private]
Subscriptions: { channel: 'account' }
Subscriptions: { channel: 'positions' }
Subscriptions: { channel: 'orders' }
-> WSS.Publish [API]
-> [Info] account updated {
  filters: { account: <Buffer 24 59 7a> },
  columns: { update_time: 2025-11-15T03:18:20.349Z }
}
-> Candle:Publish [API]: VIRTUAL-USDT / 7
-> Candle:Publish [API]: PONKE-USDT / 7
-> [Info] candle inserted {
  fields: [
    'instrument',
    'period',
    'bar_time',
    'open',
    'high',
    'low',
    'close',
    'volume',
    'vol_currency',
    'vol_currency_quote',
    'completed'
  ],
  args: [
    <Buffer 29 40 8c>,
    <Buffer 03 e8 0e>,
    2025-11-15T03:15:00.000Z,
    1.1926,
    1.1947,
    1.1915,
    1.1947,
    392,
    392,
    467.7434,
    false
  ]
}
-> [Info] candle inserted {
  fields: [
    'instrument',
    'period',
    'bar_time',
    'open',
    'high',
    'low',
    'close',
    'volume',
    'vol_currency',
    'vol_currency_quote',
    'completed'
  ],
  args: [
    <Buffer 03 8d 38>,
    <Buffer 03 e8 0e>,
    2025-11-15T03:15:00.000Z,
    0.04838,
    0.0484,
    0.04838,
    0.0484,
    250,
    250,
    12.1036,
    false
  ]
}
-> [Info] candle inserted {
  fields: [
    'instrument',
    'period',
    'bar_time',
    'open',
    'high',
    'low',
    'close',
    'volume',
    'vol_currency',
    'vol_currency_quote',
    'completed'
  ],
  args: [
    <Buffer 29 40 8c>,
    <Buffer 03 e8 0e>,
    2025-11-15T03:00:00.000Z,
    1.1984,
    1.1927,
    1.1897,
    1.1927,
    13269,
    13269,
    15808.1363,
    true
  ]
}
-> [Info] candle inserted {
  fields: [
    'instrument',
    'period',
    'bar_time',
    'open',
    'high',
    'low',
    'close',
    'volume',
    'vol_currency',
    'vol_currency_quote',
    'completed'
  ],
  args: [
    <Buffer 03 8d 38>,
    <Buffer 03 e8 0e>,
    2025-11-15T03:00:00.000Z,
    0.04834,
    0.04836,
    0.04825,
    0.04836,
    1810,
    1810,
    87.8402,
    true
  ]
}
-> Candle:Publish [API]: ARC-USDT / 7
-> Candle:Publish [API]: XRP-USDT / 7
-> Candle:Publish [API]: ENA-USDT / 7
-> Candle:Publish [API]: BTC-USDT / 7
-> [Info] candle updated {
  filters: {
    instrument: <Buffer 29 40 8c>,
    period: <Buffer 03 e8 0e>,
    bar_time: 2025-11-15T02:45:00.000Z
  },
  columns: {
    high: 1.1987,
    low: 1.1886,
    close: 1.1978,
    volume: 23380,
    vol_currency: 23380,
    vol_currency_quote: 27975.465,
    completed: true
  }
}
-> [Info] candle updated {
  filters: {
    instrument: <Buffer 03 8d 38>,
    period: <Buffer 03 e8 0e>,
    bar_time: 2025-11-15T02:45:00.000Z
  },
  columns: {
    high: 0.04814,
    close: 0.04814,
    volume: 78,
    vol_currency: 780,
    vol_currency_quote: 37.3298,
    completed: true
  }
}
[process]  Symbol: [VIRTUAL-USDT] exit; PID: 321435 exited with code 1
[main] Symbol: [VIRTUAL-USDT] exit; PID: [321357:321435] with code 1
-> Candle:Publish [API]: ORCA-USDT / 7
[process]  Symbol: [PONKE-USDT] exit; PID: 321427 exited with code 1
[main] Symbol: [PONKE-USDT] exit; PID: [321357:321427] with code 1
-> [Info] candle inserted {
  fields: [
    'instrument',
    'period',
    'bar_time',
    'open',
    'high',
    'low',
    'close',
    'volume',
    'vol_currency',
    'vol_currency_quote',
    'completed'
  ],
  args: [
    <Buffer 24 2a 33>,
    <Buffer 03 e8 0e>,
    2025-11-15T03:15:00.000Z,
    0.03087,
    0.03091,
    0.03087,
    0.03091,
    400,
    400,
    12.3689,
    false
  ]
}
-> [Info] candle inserted {
  fields: [
    'instrument',
    'period',
    'bar_time',
    'open',
    'high',
    'low',
    'close',
    'volume',
    'vol_currency',
    'vol_currency_quote',
    'completed'
  ],
  args: [
    <Buffer 21 e2 ef>,
    <Buffer 03 e8 0e>,
    2025-11-15T03:15:00.000Z,
    0.2832,
    0.2829,
    0.2829,
    0.2829,
    2474,
    2474,
    701.4228,
    false
  ]
}
-> [Info] candle inserted {
  fields: [
    'instrument',
    'period',
    'bar_time',
    'open',
    'high',
    'low',
    'close',
    'volume',
    'vol_currency',
    'vol_currency_quote',
    'completed'
  ],
  args: [
    <Buffer 5e 05 55>,
    <Buffer 03 e8 0e>,
    2025-11-15T03:15:00.000Z,
    96488,
    96391.5,
    96346.8,
    96391.5,
    33.4231,
    33.4231,
    3222523.20188,
    false
  ]
}
-> [Info] candle inserted {
  fields: [
    'instrument',
    'period',
    'bar_time',
    'open',
    'high',
    'low',
    'close',
    'volume',
    'vol_currency',
    'vol_currency_quote',
    'completed'
  ],
  args: [
    <Buffer 54 e7 5e>,
    <Buffer 03 e8 0e>,
    2025-11-15T03:15:00.000Z,
    2.2964,
    2.2932,
    2.2923,
    2.2932,
    156443,
    156443,
    359238.0717,
    false
  ]
}
-> [Info] candle inserted {
  fields: [
    'instrument',
    'period',
    'bar_time',
    'open',
    'high',
    'low',
    'close',
    'volume',
    'vol_currency',
    'vol_currency_quote',
    'completed'
  ],
  args: [
    <Buffer 6c c5 82>,
    <Buffer 03 e8 0e>,
    2025-11-15T03:15:00.000Z,
    1.315,
    1.315,
    1.315,
    1.315,
    17,
    17,
    22.37,
    false
  ]
}
-> [Info] candle inserted {
  fields: [
    'instrument',
    'period',
    'bar_time',
    'open',
    'high',
    'low',
    'close',
    'volume',
    'vol_currency',
    'vol_currency_quote',
    'completed'
  ],
  args: [
    <Buffer 24 2a 33>,
    <Buffer 03 e8 0e>,
    2025-11-15T03:00:00.000Z,
    0.03097,
    0.03082,
    0.03067,
    0.03082,
    1850,
    1850,
    57.0036,
    true
  ]
}
-> [Info] candle inserted {
  fields: [
    'instrument',
    'period',
    'bar_time',
    'open',
    'high',
    'low',
    'close',
    'volume',
    'vol_currency',
    'vol_currency_quote',
    'completed'
  ],
  args: [
    <Buffer 54 e7 5e>,
    <Buffer 03 e8 0e>,
    2025-11-15T03:00:00.000Z,
    2.2999,
    2.2967,
    2.2925,
    2.2967,
    335252,
    335252,
    770008.1713,
    true
  ]
}
-> [Info] candle inserted {
  fields: [
    'instrument',
    'period',
    'bar_time',
    'open',
    'high',
    'low',
    'close',
    'volume',
    'vol_currency',
    'vol_currency_quote',
    'completed'
  ],
  args: [
    <Buffer 5e 05 55>,
    <Buffer 03 e8 0e>,
    2025-11-15T03:00:00.000Z,
    96415,
    96476.1,
    96138.5,
    96476.1,
    33.2071,
    33.2071,
    3199235.19354,
    true
  ]
}
-> [Info] candle inserted {
  fields: [
    'instrument',
    'period',
    'bar_time',
    'open',
    'high',
    'low',
    'close',
    'volume',
    'vol_currency',
    'vol_currency_quote',
    'completed'
  ],
  args: [
    <Buffer 21 e2 ef>,
    <Buffer 03 e8 0e>,
    2025-11-15T03:00:00.000Z,
    0.2831,
    0.2832,
    0.2823,
    0.2832,
    14822,
    14822,
    4201.6789,
    true
  ]
}
-> [Info] candle inserted {
  fields: [
    'instrument',
    'period',
    'bar_time',
    'open',
    'high',
    'low',
    'close',
    'volume',
    'vol_currency',
    'vol_currency_quote',
    'completed'
  ],
  args: [
    <Buffer 6c c5 82>,
    <Buffer 03 e8 0e>,
    2025-11-15T03:00:00.000Z,
    1.314,
    1.315,
    1.312,
    1.315,
    158,
    158,
    207.532,
    true
  ]
}
-> [Info] candle updated {
  filters: {
    instrument: <Buffer 24 2a 33>,
    period: <Buffer 03 e8 0e>,
    bar_time: 2025-11-15T02:45:00.000Z
  },
  columns: {
    high: 0.03105,
    close: 0.03097,
    volume: 211,
    vol_currency: 2110,
    vol_currency_quote: 65.1771,
    completed: true
  }
}
-> [Info] candle updated {
  filters: {
    instrument: <Buffer 54 e7 5e>,
    period: <Buffer 03 e8 0e>,
    bar_time: 2025-11-15T02:45:00.000Z
  },
  columns: {
    high: 2.2999,
    close: 2.2999,
    volume: 2151,
    vol_currency: 215108,
    vol_currency_quote: 493235.2431,
    completed: true
  }
}
-> [Info] candle updated {
  filters: {
    instrument: <Buffer 6c c5 82>,
    period: <Buffer 03 e8 0e>,
    bar_time: 2025-11-15T02:45:00.000Z
  },
  columns: {
    high: 1.314,
    close: 1.314,
    volume: 124,
    vol_currency: 124,
    vol_currency_quote: 162.385,
    completed: true
  }
}
-> [Info] candle updated {
  filters: {
    instrument: <Buffer 5e 05 55>,
    period: <Buffer 03 e8 0e>,
    bar_time: 2025-11-15T02:45:00.000Z
  },
  columns: {
    high: 96463.8,
    close: 96446.5,
    volume: 79382,
    vol_currency: 79.3828,
    vol_currency_quote: 7629832.671,
    completed: true
  }
}
-> [Info] candle updated {
  filters: {
    instrument: <Buffer 21 e2 ef>,
    period: <Buffer 03 e8 0e>,
    bar_time: 2025-11-15T02:45:00.000Z
  },
  columns: {
    high: 0.2831,
    close: 0.2831,
    volume: 978,
    vol_currency: 9783,
    vol_currency_quote: 2758.5828,
    completed: true
  }
}
[process]  Symbol: [XRP-USDT] exit; PID: 321436 exited with code 1
[process]  Symbol: [ORCA-USDT] exit; PID: 321448 exited with code 1
[process]  Symbol: [ARC-USDT] exit; PID: 321429 exited with code 1
[process]  Symbol: [BTC-USDT] exit; PID: 321442 exited with code 1
[process]  Symbol: [ENA-USDT] exit; PID: 321428 exited with code 1
[main] Symbol: [ARC-USDT] exit; PID: [321357:321429] with code 1
[main] Symbol: [XRP-USDT] exit; PID: [321357:321436] with code 1
[main] Symbol: [ORCA-USDT] exit; PID: [321357:321448] with code 1
[main] Symbol: [BTC-USDT] exit; PID: [321357:321442] with code 1
[main] Symbol: [ENA-USDT] exit; PID: [321357:321428] with code 1
In Execute.Trades: 11/14/2025, 7:18:48 PM
In Position.Import [API]
In Orders.Import [API]
-> Fetch:History [API]
-> Fetch:Pending [API]
-> History.Publish [API]
   # History Orders Processed [20]:  20 published
In Stop.Orders.Import [API]
-> Fetch:History [API]
-> Fetch:Pending [API]
-> History.Publish.Stops [API]
   # History Stop Orders Processed [40]:  35 published
In Execute.Trades: 11/14/2025, 7:19:17 PM
In Position.Import [API]
In Orders.Import [API]
-> Fetch:History [API]
-> Fetch:Pending [API]
-> History.Publish [API]
   # History Orders Processed [20]:  20 published
In Stop.Orders.Import [API]
-> Fetch:History [API]
-> Fetch:Pending [API]
-> History.Publish.Stops [API]
   # History Stop Orders Processed [40]:  31 published
In Execute.Trades: 11/14/2025, 7:19:46 PM
In Position.Import [API]
In Orders.Import [API]
-> Fetch:History [API]
-> Fetch:Pending [API]
-> History.Publish [API]
   # History Orders Processed [20]:  20 published
In Stop.Orders.Import [API]
-> Fetch:History [API]
-> Fetch:Pending [API]
-> History.Publish.Stops [API]
   # History Stop Orders Processed [40]:  20 published
In Execute.Trades: 11/14/2025, 7:20:15 PM
In Position.Import [API]
In Orders.Import [API]
-> Fetch:History [API]
-> Fetch:Pending [API]
-> History.Publish [API]
   # History Orders Processed [20]:  20 published
In Stop.Orders.Import [API]
-> Fetch:History [API]
-> Fetch:Pending [API]
-> History.Publish.Stops [API]
   # History Stop Orders Processed [38]:  19 published
In Execute.Trades: 11/14/2025, 7:20:44 PM
In Position.Import [API]
In Orders.Import [API]
-> Fetch:History [API]
-> Fetch:Pending [API]
-> History.Publish [API]
   # History Orders Processed [20]:  20 published
In Stop.Orders.Import [API]
-> Fetch:History [API]
-> Fetch:Pending [API]
In Execute.Trades: 11/14/2025, 7:21:13 PM
In Position.Import [API]
In Orders.Import [API]
-> Fetch:History [API]
-> Fetch:Pending [API]
-> History.Publish [API]
   # History Orders Processed [20]:  20 published
In Stop.Orders.Import [API]
-> Fetch:History [API]
-> Fetch:Pending [API]
In Execute.Trades: 11/14/2025, 7:21:42 PM
In Position.Import [API]
In Orders.Import [API]
-> Fetch:History [API]
-> Fetch:Pending [API]
-> History.Publish [API]
   # History Orders Processed [20]:  20 published
In Stop.Orders.Import [API]
-> Fetch:History [API]
-> Fetch:Pending [API]
In Execute.Trades: 11/14/2025, 7:22:12 PM
In Position.Import [API]
In Orders.Import [API]
-> Fetch:History [API]
-> Fetch:Pending [API]
-> History.Publish [API]
   # History Orders Processed [20]:  20 published
In Stop.Orders.Import [API]
-> Fetch:History [API]
-> Fetch:Pending [API]
-> WSS.Publish [API]
-> [Info] account updated {
  filters: { account: <Buffer 24 59 7a> },
  columns: { update_time: 2025-11-15T03:22:31.011Z }
}
In Execute.Trades: 11/14/2025, 7:22:41 PM
In Position.Import [API]
In Orders.Import [API]
-> Fetch:History [API]
-> Fetch:Pending [API]
-> History.Publish [API]
   # History Orders Processed [20]:  20 published
In Stop.Orders.Import [API]
-> Fetch:History [API]
-> Fetch:Pending [API]
In Execute.Trades: 11/14/2025, 7:23:10 PM
In Position.Import [API]
In Orders.Import [API]
-> Fetch:History [API]
-> Fetch:Pending [API]
-> History.Publish [API]
   # History Orders Processed [20]:  20 published
In Stop.Orders.Import [API]
-> Fetch:History [API]
-> Fetch:Pending [API]
-> [Info] account updated {
  filters: { account: <Buffer 24 59 7a> },
  columns: { update_time: 2025-11-15T03:23:14.678Z }
}
In Execute.Trades: 11/14/2025, 7:23:39 PM
In Position.Import [API]
In Orders.Import [API]
-> Fetch:History [API]
-> Fetch:Pending [API]
-> History.Publish [API]
   # History Orders Processed [20]:  20 published
In Stop.Orders.Import [API]
-> Fetch:History [API]
-> Fetch:Pending [API]
In Execute.Trades: 11/14/2025, 7:24:08 PM
In Position.Import [API]
In Orders.Import [API]
-> Fetch:History [API]
-> Fetch:Pending [API]
-> History.Publish [API]
   # History Orders Processed [20]:  20 published
In Stop.Orders.Import [API]
-> Fetch:History [API]
-> Fetch:Pending [API]
In Execute.Trades: 11/14/2025, 7:24:37 PM
In Position.Import [API]
In Orders.Import [API]
-> Fetch:History [API]
-> Fetch:Pending [API]
-> History.Publish [API]
   # History Orders Processed [20]:  20 published
In Stop.Orders.Import [API]
-> Fetch:History [API]
-> Fetch:Pending [API]
In Execute.Trades: 11/14/2025, 7:25:06 PM
In Position.Import [API]
In Orders.Import [API]
-> Fetch:History [API]
-> Fetch:Pending [API]
-> History.Publish [API]
   # History Orders Processed [20]:  20 published
In Stop.Orders.Import [API]
-> Fetch:History [API]
-> Fetch:Pending [API]
In Execute.Trades: 11/14/2025, 7:25:35 PM
In Position.Import [API]
In Orders.Import [API]
-> Fetch:History [API]
-> Fetch:Pending [API]
-> History.Publish [API]
   # History Orders Processed [20]:  20 published
In Stop.Orders.Import [API]
-> Fetch:History [API]
-> Fetch:Pending [API]
In Execute.Trades: 11/14/2025, 7:26:04 PM
In Position.Import [API]
In Orders.Import [API]
-> Fetch:History [API]
-> Fetch:Pending [API]
-> History.Publish [API]
   # History Orders Processed [20]:  20 published
In Stop.Orders.Import [API]
-> Fetch:History [API]
-> Fetch:Pending [API]
In Execute.Trades: 11/14/2025, 7:26:33 PM
In Position.Import [API]
In Orders.Import [API]
-> Fetch:History [API]
-> Fetch:Pending [API]
-> History.Publish [API]
   # History Orders Processed [20]:  20 published
In Stop.Orders.Import [API]
-> Fetch:History [API]
-> Fetch:Pending [API]
In Execute.Trades: 11/14/2025, 7:27:02 PM
In Position.Import [API]
In Orders.Import [API]
-> Fetch:History [API]
-> Fetch:Pending [API]
-> History.Publish [API]
   # History Orders Processed [10]:  10 published
In Stop.Orders.Import [API]
-> Fetch:History [API]
-> Fetch:Pending [API]
-> WSS.Publish [API]
-> [Info] account updated {
  filters: { account: <Buffer 24 59 7a> },
  columns: { total_equity: 55117.378, update_time: 2025-11-15T03:27:30.995Z }
}
-> [Info] account_detail updated {
  filters: { account: <Buffer 24 59 7a>, currency: <Buffer cb 69 43> },
  columns: { equity_usd: 55117.378, coin_usd_price: 0.999371 }
}
In Execute.Trades: 11/14/2025, 7:27:31 PM
In Position.Import [API]
In Orders.Import [API]
-> Fetch:History [API]
-> Fetch:Pending [API]
In Stop.Orders.Import [API]
-> Fetch:History [API]
-> Fetch:Pending [API]
In Execute.Trades: 11/14/2025, 7:28:00 PM
In Position.Import [API]
In Orders.Import [API]
-> Fetch:History [API]
-> Fetch:Pending [API]
In Stop.Orders.Import [API]
-> Fetch:History [API]
-> Fetch:Pending [API]
-> [Info] account updated {
  filters: { account: <Buffer 24 59 7a> },
  columns: { update_time: 2025-11-15T03:28:14.618Z }
}
In Execute.Trades: 11/14/2025, 7:28:29 PM
In Position.Import [API]
In Orders.Import [API]
-> Fetch:History [API]
-> Fetch:Pending [API]
In Stop.Orders.Import [API]
-> Fetch:History [API]
-> Fetch:Pending [API]
In Execute.Trades: 11/14/2025, 7:28:58 PM
In Position.Import [API]
In Orders.Import [API]
-> Fetch:History [API]
-> Fetch:Pending [API]
In Stop.Orders.Import [API]
-> Fetch:History [API]
-> Fetch:Pending [API]
In Execute.Trades: 11/14/2025, 7:29:27 PM
In Position.Import [API]
In Orders.Import [API]
-> Fetch:History [API]
-> Fetch:Pending [API]
In Stop.Orders.Import [API]
-> Fetch:History [API]
-> Fetch:Pending [API]
In Execute.Trades: 11/14/2025, 7:29:56 PM
In Position.Import [API]
In Orders.Import [API]
-> Fetch:History [API]
-> Fetch:Pending [API]
In Stop.Orders.Import [API]
-> Fetch:History [API]
-> Fetch:Pending [API]
In Execute.Trades: 11/14/2025, 7:30:25 PM
In Position.Import [API]
In Orders.Import [API]
-> Fetch:History [API]
-> Fetch:Pending [API]
In Stop.Orders.Import [API]
-> Fetch:History [API]
-> Fetch:Pending [API]
In Execute.Trades: 11/14/2025, 7:30:54 PM
In Position.Import [API]
In Orders.Import [API]
-> Fetch:History [API]
-> Fetch:Pending [API]
In Stop.Orders.Import [API]
-> Fetch:History [API]
-> Fetch:Pending [API]
In Execute.Trades: 11/14/2025, 7:31:23 PM
In Position.Import [API]
In Orders.Import [API]
-> Fetch:History [API]
-> Fetch:Pending [API]
In Stop.Orders.Import [API]
-> Fetch:History [API]
-> Fetch:Pending [API]
In Execute.Trades: 11/14/2025, 7:31:52 PM
In Position.Import [API]
In Orders.Import [API]
-> Fetch:History [API]
-> Fetch:Pending [API]
In Stop.Orders.Import [API]
-> Fetch:History [API]
-> Fetch:Pending [API]
