>> [Info] Application.Initialization start: 11/14/2025, 6:35:49 PM
In Subject.Area.Import: 11/14/2025, 6:35:49 PM
   # Subject Area imports:  5 verified
In Activity.Import: 11/14/2025, 6:35:50 PM
   # Activity imports:  8 verified
In Authority.Import: 11/14/2025, 6:35:50 PM
   # Authority imports:  6 verified
In Broker.Import: 11/14/2025, 6:35:50 PM
   # Broker imports:  1 verified
In Contract.Type.Import: 11/14/2025, 6:35:50 PM
   # Contract Type imports:  2 verified
In Environment.Import: 11/14/2025, 6:35:50 PM
   # Environment imports:  4 verified
In Instrument.Type.Import: 11/14/2025, 6:35:50 PM
   # Instrument Type imports:  1 verified
In Period.Import: 11/14/2025, 6:35:50 PM
   # Period imports:  15 verified
In Reference.Import: 11/14/2025, 6:35:51 PM
   # Order State imports:  8 verified
   # Request Type imports:  6 verified
   # Cancel Source imports:  3 verified
   # Price Type imports:  3 verified
   # Margin Mode imports:  2 verified
   # Stop Type imports:  2 verified
   # Position imports:  3 verified
   # Order Category imports:  6 verified
In Role.Import: 11/14/2025, 6:35:51 PM
   # Role imports:  4 verified
In State.Import: 11/14/2025, 6:35:51 PM
   # State imports:  15 verified
In Instruments.Import [API]: 11/14/2025, 6:35:52 PM
-> Instrument:Publish [API]
>> [Info] Application.Initialization finished: 11/14/2025, 6:35:55 PM
Connected to websocket: [314261:wss://demo-trading-openapi.blofin.com/ws/private]
Subscriptions: { channel: 'account' }
Subscriptions: { channel: 'positions' }
Subscriptions: { channel: 'orders' }
-> WSS.Publish [API]
-> [Info] candle updated {
  filters: {
    instrument: <Buffer 03 8d 38>,
    period: <Buffer 03 e8 0e>,
    bar_time: 2025-11-15T02:30:00.000Z
  },
  columns: {
    high: 0.04743,
    low: 0.04726,
    close: 0.04726,
    volume: 53,
    vol_currency: 530,
    vol_currency_quote: 25.1115
  }
}
-> [Info] candle updated {
  filters: {
    instrument: <Buffer 54 e7 5e>,
    period: <Buffer 03 e8 0e>,
    bar_time: 2025-11-15T02:30:00.000Z
  },
  columns: {
    high: 2.2846,
    low: 2.279,
    close: 2.2813,
    volume: 4113,
    vol_currency: 411388,
    vol_currency_quote: 937816.0542
  }
}
-> [Info] candle updated {
  filters: {
    instrument: <Buffer 03 8d 38>,
    period: <Buffer 03 e8 0e>,
    bar_time: 2025-11-15T02:15:00.000Z
  },
  columns: { high: 0.04746, volume: 408 }
}
-> [Info] candle updated {
  filters: {
    instrument: <Buffer 54 e7 5e>,
    period: <Buffer 03 e8 0e>,
    bar_time: 2025-11-15T02:15:00.000Z
  },
  columns: { high: 2.2866, volume: 2999 }
}
-> [Info] account updated {
  filters: { account: <Buffer 24 59 7a> },
  columns: { update_time: 2025-11-15T02:35:56.125Z }
}
-> [Info] candle updated {
  filters: {
    instrument: <Buffer 54 e7 5e>,
    period: <Buffer 03 e8 0e>,
    bar_time: 2025-11-15T02:00:00.000Z
  },
  columns: { high: 2.2796, volume: 1973 }
}
-> [Info] candle updated {
  filters: {
    instrument: <Buffer 03 8d 38>,
    period: <Buffer 03 e8 0e>,
    bar_time: 2025-11-15T02:00:00.000Z
  },
  columns: { high: 0.04752, volume: 205 }
}
[process]  Symbol: [XRP-USDT] exit; PID: 314418 exited with code 1
[process]  Symbol: [PONKE-USDT] exit; PID: 314404 exited with code 1
[main] Symbol: [XRP-USDT] exit; PID: [314261:314418] with code 1
-> [Info] candle updated {
  filters: {
    instrument: <Buffer 6c c5 82>,
    period: <Buffer 03 e8 0e>,
    bar_time: 2025-11-15T02:30:00.000Z
  },
  columns: {
    high: 1.309,
    low: 1.303,
    close: 1.303,
    volume: 56,
    vol_currency: 56,
    vol_currency_quote: 73.121
  }
}
[main] Symbol: [PONKE-USDT] exit; PID: [314261:314404] with code 1
-> [Info] candle updated {
  filters: {
    instrument: <Buffer 5e 05 55>,
    period: <Buffer 03 e8 0e>,
    bar_time: 2025-11-15T02:30:00.000Z
  },
  columns: {
    high: 95846.9,
    low: 95581.2,
    close: 95696.6,
    volume: 39032,
    vol_currency: 39.0328,
    vol_currency_quote: 3737494.38972
  }
}
-> [Info] candle updated {
  filters: {
    instrument: <Buffer 21 e2 ef>,
    period: <Buffer 03 e8 0e>,
    bar_time: 2025-11-15T02:30:00.000Z
  },
  columns: {
    high: 0.2808,
    low: 0.2798,
    close: 0.2801,
    volume: 198,
    vol_currency: 1980,
    vol_currency_quote: 554.721
  }
}
-> [Info] candle updated {
  filters: {
    instrument: <Buffer 24 2a 33>,
    period: <Buffer 03 e8 0e>,
    bar_time: 2025-11-15T02:30:00.000Z
  },
  columns: {
    high: 0.03067,
    close: 0.03066,
    volume: 50,
    vol_currency: 500,
    vol_currency_quote: 15.3276
  }
}
-> [Info] candle updated {
  filters: {
    instrument: <Buffer 29 40 8c>,
    period: <Buffer 03 e8 0e>,
    bar_time: 2025-11-15T02:30:00.000Z
  },
  columns: {
    high: 1.196,
    low: 1.1883,
    close: 1.1899,
    volume: 1092,
    vol_currency: 1092,
    vol_currency_quote: 1301.0574
  }
}
-> [Info] candle updated {
  filters: {
    instrument: <Buffer 5e 05 55>,
    period: <Buffer 03 e8 0e>,
    bar_time: 2025-11-15T02:15:00.000Z
  },
  columns: { volume: 31851 }
}
-> [Info] candle updated {
  filters: {
    instrument: <Buffer 6c c5 82>,
    period: <Buffer 03 e8 0e>,
    bar_time: 2025-11-15T02:00:00.000Z
  },
  columns: { high: 1.307 }
}
-> [Info] candle updated {
  filters: {
    instrument: <Buffer 21 e2 ef>,
    period: <Buffer 03 e8 0e>,
    bar_time: 2025-11-15T02:15:00.000Z
  },
  columns: { high: 0.2809, volume: 701 }
}
-> [Info] candle updated {
  filters: {
    instrument: <Buffer 24 2a 33>,
    period: <Buffer 03 e8 0e>,
    bar_time: 2025-11-15T02:15:00.000Z
  },
  columns: { high: 0.03086, volume: 885 }
}
[process]  Symbol: [ORCA-USDT] exit; PID: 314430 exited with code 1
[main] Symbol: [ORCA-USDT] exit; PID: [314261:314430] with code 1
-> [Info] candle updated {
  filters: {
    instrument: <Buffer 29 40 8c>,
    period: <Buffer 03 e8 0e>,
    bar_time: 2025-11-15T02:15:00.000Z
  },
  columns: { high: 1.1974 }
}
-> [Info] candle updated {
  filters: {
    instrument: <Buffer 24 2a 33>,
    period: <Buffer 03 e8 0e>,
    bar_time: 2025-11-15T02:00:00.000Z
  },
  columns: { high: 0.03119, volume: 218 }
}
-> [Info] candle updated {
  filters: {
    instrument: <Buffer 5e 05 55>,
    period: <Buffer 03 e8 0e>,
    bar_time: 2025-11-15T02:00:00.000Z
  },
  columns: { high: 95631, volume: 23523 }
}
-> [Info] candle updated {
  filters: {
    instrument: <Buffer 21 e2 ef>,
    period: <Buffer 03 e8 0e>,
    bar_time: 2025-11-15T02:00:00.000Z
  },
  columns: { high: 0.2816, volume: 1154 }
}
[process]  Symbol: [ENA-USDT] exit; PID: 314405 exited with code 1
[process]  Symbol: [BTC-USDT] exit; PID: 314424 exited with code 1
[process]  Symbol: [ARC-USDT] exit; PID: 314406 exited with code 1
[main] Symbol: [ENA-USDT] exit; PID: [314261:314405] with code 1
[main] Symbol: [BTC-USDT] exit; PID: [314261:314424] with code 1
[main] Symbol: [ARC-USDT] exit; PID: [314261:314406] with code 1
-> [Info] candle updated {
  filters: {
    instrument: <Buffer 29 40 8c>,
    period: <Buffer 03 e8 0e>,
    bar_time: 2025-11-15T02:00:00.000Z
  },
  columns: { high: 1.1991 }
}
[process]  Symbol: [VIRTUAL-USDT] exit; PID: 314412 exited with code 1
[main] Symbol: [VIRTUAL-USDT] exit; PID: [314261:314412] with code 1
In Execute.Trades: 11/14/2025, 6:36:24 PM
In Position.Import [API]
In Orders.Import [API]
-> Fetch:History [API]
-> Fetch:Pending [API]
-> History.Publish [API]
   # History Orders Processed [20]:  20 published
-> Pending.Publish [API]
   # Pending Orders Processed [1]:  1 published
In Stop.Orders.Import [API]
-> Fetch:History [API]
-> Fetch:Pending [API]
-> History.Publish.Stops [API]
   # History Stop Orders Processed [40]:  35 published
In Execute.Trades: 11/14/2025, 6:36:53 PM
In Position.Import [API]
In Orders.Import [API]
-> Fetch:History [API]
-> Fetch:Pending [API]
-> History.Publish [API]
   # History Orders Processed [20]:  20 published
-> Pending.Publish [API]
   # Pending Orders Processed [1]:  1 published
In Stop.Orders.Import [API]
-> Fetch:History [API]
-> Fetch:Pending [API]
-> History.Publish.Stops [API]
   # History Stop Orders Processed [40]:  31 published
In Execute.Trades: 11/14/2025, 6:37:22 PM
In Position.Import [API]
In Orders.Import [API]
-> Fetch:History [API]
-> Fetch:Pending [API]
-> History.Publish [API]
   # History Orders Processed [20]:  20 published
-> Pending.Publish [API]
   # Pending Orders Processed [1]:  1 published
In Stop.Orders.Import [API]
-> Fetch:History [API]
-> Fetch:Pending [API]
-> History.Publish.Stops [API]
   # History Stop Orders Processed [40]:  20 published
In Execute.Trades: 11/14/2025, 6:37:51 PM
In Position.Import [API]
In Orders.Import [API]
-> Fetch:History [API]
-> Fetch:Pending [API]
-> History.Publish [API]
   # History Orders Processed [20]:  20 published
-> Pending.Publish [API]
   # Pending Orders Processed [1]:  1 published
In Stop.Orders.Import [API]
-> Fetch:History [API]
-> Fetch:Pending [API]
-> History.Publish.Stops [API]
   # History Stop Orders Processed [38]:  19 published
-> WSS.Publish [API]
-> [Info] account updated {
  filters: { account: <Buffer 24 59 7a> },
  columns: { update_time: 2025-11-15T02:38:14.142Z }
}
-> WSS.Publish [API]
-> [Info] account updated {
  filters: { account: <Buffer 24 59 7a> },
  columns: { update_time: 2025-11-15T02:38:14.764Z }
}
In Execute.Trades: 11/14/2025, 6:38:20 PM
In Position.Import [API]
In Orders.Import [API]
-> Fetch:History [API]
-> Fetch:Pending [API]
-> History.Publish [API]
   # History Orders Processed [20]:  20 published
-> Pending.Publish [API]
   # Pending Orders Processed [1]:  1 published
In Stop.Orders.Import [API]
-> Fetch:History [API]
-> Fetch:Pending [API]
In Execute.Trades: 11/14/2025, 6:38:49 PM
In Position.Import [API]
In Orders.Import [API]
-> Fetch:History [API]
-> Fetch:Pending [API]
-> History.Publish [API]
   # History Orders Processed [20]:  20 published
-> Pending.Publish [API]
   # Pending Orders Processed [1]:  1 published
In Stop.Orders.Import [API]
-> Fetch:History [API]
-> Fetch:Pending [API]
