Test 3a: set expiry time to '5m' from now; resubmit existing pending order if found.
-> [Info] request updated {
  filters: { request: <Buffer 1b ce 01 48 56 e6> },
  columns: { expiry_time: 2025-11-15T03:11:29.549Z }
}
-> [Info] request updated {
  filters: { request: <Buffer 1b ce 01 48 56 e6> },
  columns: {
    memo: 'Test 3a: set new expiry time for quick elapse; resubmitted',
    update_time: 2025-11-15T03:06:29.582Z
  }
}
[Info] Starting Order: submitting request [req_fcrt_3a] {
  account: <Buffer 24 59 7a>,
  instrument_position: <Buffer 62 45 1c 33 17 21>,
  symbol: 'XRP-USDT',
  position: 'short',
  price: 2.95,
  size: 100,
  expiry_time: 2025-11-15T03:11:29.549Z,
  memo: "Test 3a: submit request with '5m' expiry; without tpsl"
}
Test 3a: Request submitted, check db for results. <Buffer 1b ce 01 48 56 e6>
Fetched order from DB: [
  {
    account: <Buffer 24 59 7a>,
    request: <Buffer 1b ce 01 48 56 e6>,
    order_id: <Buffer 00 e8 db 8e ff a8>,
    instrument_position: <Buffer 62 45 1c 33 17 21>,
    instrument: <Buffer 54 e7 5e>,
    symbol: 'XRP-USDT',
    base_currency: <Buffer c2 35 f3>,
    base_symbol: 'XRP',
    quote_currency: <Buffer cb 69 43>,
    quote_symbol: 'USDT',
    state: <Buffer 4b c9 9c>,
    status: 'Pending',
    request_state: <Buffer 4b c9 9c>,
    request_status: 'Pending',
    order_state: <Buffer de 78 79>,
    order_status: 'live',
    position: 'short',
    action: 'sell',
    request_type: <Buffer b8 32 96>,
    order_type: 'limit',
    margin_mode: 'cross',
    auto_trade: 1,
    price: 2.95,
    size: 100,
    leverage: 50,
    filled_size: 0,
    filled_amount: 0,
    average_price: 0,
    fee: 0,
    pnl: 0,
    digits: 4,
    order_category: <Buffer 4f ae 94>,
    category: 'normal',
    cancel_source: <Buffer 3d 66 8d>,
    canceled_by: 'not_canceled',
    contract_type: 'linear',
    instrument_type: 'SWAP',
    reduce_only: 1,
    broker_id: null,
    trade_period: <Buffer 03 e8 0e>,
    trade_timeframe: '15m',
    timeframe_units: 15,
    trade_state: <Buffer 5b 34 d5>,
    trade_status: 'Enabled',
    memo: 'Test 3a: set new expiry time for quick elapse; resubmitted',
    create_time: 2025-11-15T02:42:55.595Z,
    expiry_time: 2025-11-15T03:11:29.549Z,
    update_time: 2025-11-15T03:06:29.582Z
  }
]
