[Info] Session.Config: Blofin Demo configured successfully
>> [Info] Application.Initialization start: 1/8/2026, 10:54:27 PM
-> Active Session: {
  candle_max_fetch: 1440,
  leverage_max_fetch: 20,
  orders_max_fetch: 100,
  default_sma: 60,
  default_leverage: 10,
  alias: 'Blofin Demo',
  api: '740ca668a6d34933b9534d805e18adc1',
  secret: '732f894dd0f6476083dd7bd11bf04198',
  phrase: 'development_api_key',
  rest_api_url: 'https://demo-trading-openapi.blofin.com',
  private_wss_url: 'wss://demo-trading-openapi.blofin.com/ws/private',
  public_wss_url: 'wss://demo-trading-openapi.blofin.com/ws/public',
  account: <Buffer 24 59 7a>,
  margin_mode: 'cross',
  hedging: 1,
  state: 'disconnected',
  audit_order: '0',
  audit_stops: '0'
}
In Subject.Area.Import: 1/8/2026, 10:54:27 PM
-> Subject.Area.Import complete: No new areas; 5 areas verified;
In Activity.Import: 1/8/2026, 10:54:27 PM
-> Activity.Import complete: No new activities; 8 activities verified;
In Authority.Import: 1/8/2026, 10:54:28 PM
-> Authority.Import complete: No new privileges; 6 privileges verified;
In Broker.Import: 1/8/2026, 10:54:28 PM
-> Broker.Import complete: No new brokers; 1 brokers verified;
In Environment.Import: 1/8/2026, 10:54:28 PM
-> Environment.Import complete: No new environments; 4 environments verified;
In Period.Import: 1/8/2026, 10:54:28 PM
-> Period.Import complete: No new periods; 15 periods verified;
In Reference.Import: 1/8/2026, 10:54:28 PM
   # Order State imports:  7 verified
   # Request Type imports:  6 verified
   # Cancel Source imports:  3 verified
   # Price Type imports:  3 verified
   # Margin Mode imports:  2 verified
   # Hedging imports:  2 verified
   # Stop Type imports:  2 verified
   # Position imports:  3 verified
   # Order Category imports:  6 verified
In Role.Import: 1/8/2026, 10:54:28 PM
-> Role.Import complete: No new roles; 4 roles verified;
In State.Import: 1/8/2026, 10:54:28 PM
-> State.Import complete: No new states; 15 states verified;
In Instruments.Import [API]: 1/8/2026, 10:54:28 PM
-> Instrument.Publish [API]
-> Instrument.Suspense: Found 0 instruments to suspend
-> Instruments.Fetch [API]: 1/8/2026, 10:54:29 PM
-> Instrument.Position.Import [API]
In Position.Import [API] 1/8/2026, 10:54:30 PM
-> Imports Authorized: ONDO-USDT,XRP-USDT,DOGE-USDT,AR-USDT,ADA-USDT,BTC-USDT,AR-USDT,AVAX-USDT
In App.Loader for  { symbol: 'ONDO-USDT', timeframe: '15m', startTime: 0 } start:  1/8/2026, 10:54:30 PM
In App.Loader for  { symbol: 'XRP-USDT', timeframe: '15m', startTime: 0 } start:  1/8/2026, 10:54:30 PM
In App.Loader for  { symbol: 'DOGE-USDT', timeframe: '15m', startTime: 0 } start:  1/8/2026, 10:54:30 PM
In App.Loader for  { symbol: 'AR-USDT', timeframe: '1H', startTime: 0 } start:  1/8/2026, 10:54:30 PM
In App.Loader for  { symbol: 'ADA-USDT', timeframe: '15m', startTime: 0 } start:  1/8/2026, 10:54:30 PM
In App.Loader for  { symbol: 'BTC-USDT', timeframe: '15m', startTime: 0 } start:  1/8/2026, 10:54:30 PM
In App.Loader for  { symbol: 'AR-USDT', timeframe: '30m', startTime: 0 } start:  1/8/2026, 10:54:30 PM
In App.Loader for  { symbol: 'AVAX-USDT', timeframe: '1H', startTime: 0 } start:  1/8/2026, 10:54:30 PM
Loader start for ONDO-USDT after 0 on 2026-01-09T06:54:30.483Z
Fetching candles for ONDO-USDT after [0,1970-01-01T00:00:00.000Z]
Loader start for ADA-USDT after 0 on 2026-01-09T06:54:30.488Z
Fetching candles for ADA-USDT after [0,1970-01-01T00:00:00.000Z]
Loader start for DOGE-USDT after 0 on 2026-01-09T06:54:30.492Z
Fetching candles for DOGE-USDT after [0,1970-01-01T00:00:00.000Z]
Loader start for AR-USDT after 0 on 2026-01-09T06:54:30.495Z
Fetching candles for AR-USDT after [0,1970-01-01T00:00:00.000Z]
Loader start for XRP-USDT after 0 on 2026-01-09T06:54:30.498Z
Fetching candles for XRP-USDT after [0,1970-01-01T00:00:00.000Z]
Loader start for BTC-USDT after 0 on 2026-01-09T06:54:30.500Z
Fetching candles for BTC-USDT after [0,1970-01-01T00:00:00.000Z]
Loader start for AVAX-USDT after 0 on 2026-01-09T06:54:30.502Z
Fetching candles for AVAX-USDT after [0,1970-01-01T00:00:00.000Z]
Loader start for AR-USDT after 0 on 2026-01-09T06:54:30.504Z
Fetching candles for AR-USDT after [0,1970-01-01T00:00:00.000Z]
-> Candle.Publish [API]: ONDO-USDT / 1440
-> Candle.Publish [API]: AR-USDT / 1440
-> Candle.Publish [API]: XRP-USDT / 1440
-> Candle.Publish [API]: BTC-USDT / 1440
updated -> [Info] candle updated {
  filters: {
    instrument: <Buffer dd 63 0b>,
    period: <Buffer 03 e8 0e>,
    timestamp: 1767939300000
  },
  columns: {
    volume: 286,
    vol_currency: 28.6,
    vol_currency_quote: 11.58601,
    completed: true
  }
}
-> Candle.Publish [API]: AR-USDT / 1440
-> Candle.Publish [API]: ADA-USDT / 1440
-> Candle.Publish [API]: AVAX-USDT / 1440
updated -> [Info] candle updated {
  filters: {
    instrument: <Buffer 34 01 a2>,
    period: <Buffer 76 3c 11>,
    timestamp: 1767938400000
  },
  columns: {
    close: 3.831,
    volume: 342,
    vol_currency: 34.2,
    vol_currency_quote: 131.1624,
    completed: true
  }
}
updated -> [Info] candle updated {
  filters: {
    instrument: <Buffer 6b 57 71>,
    period: <Buffer 03 e8 0e>,
    timestamp: 1767939300000
  },
  columns: {
    low: 90940,
    close: 90942.7,
    volume: 4449,
    vol_currency: 4.4491,
    vol_currency_quote: 404954.73763,
    completed: true
  }
}
updated -> [Info] candle updated {
  filters: {
    instrument: <Buffer a2 80 0a>,
    period: <Buffer 03 e8 0e>,
    timestamp: 1767939300000
  },
  columns: {
    close: 2.1317,
    volume: 2175,
    vol_currency: 217555,
    vol_currency_quote: 464158.6715,
    completed: true
  }
}
updated -> [Info] candle updated {
  filters: {
    instrument: <Buffer 34 01 a2>,
    period: <Buffer 28 17 01>,
    timestamp: 1767938400000
  },
  columns: {
    high: 3.855,
    close: 3.853,
    volume: 1446,
    vol_currency: 144.6,
    vol_currency_quote: 556.2992
  }
}
updated -> [Info] candle updated {
  filters: {
    instrument: <Buffer 94 99 63>,
    period: <Buffer 03 e8 0e>,
    timestamp: 1767939300000
  },
  columns: {
    volume: 308,
    vol_currency: 30827,
    vol_currency_quote: 12233.9355,
    completed: true
  }
}
updated -> [Info] candle updated {
  filters: {
    instrument: <Buffer 4d 38 93>,
    period: <Buffer 28 17 01>,
    timestamp: 1767938400000
  },
  columns: {
    high: 14.026,
    low: 13.955,
    close: 13.998,
    volume: 3827,
    vol_currency: 3827.6,
    vol_currency_quote: 53546.587
  }
}
-> Candle.Publish [API]: DOGE-USDT / 1440
updated -> [Info] candle updated {
  filters: {
    instrument: <Buffer d4 45 2e>,
    period: <Buffer 03 e8 0e>,
    timestamp: 1767939300000
  },
  columns: {
    close: 0.14254,
    volume: 489,
    vol_currency: 489500,
    vol_currency_quote: 69857.1828,
    completed: true
  }
}
Fetching candles for ONDO-USDT after [1766646000000,2025-12-25T07:00:00.000Z]
Fetching candles for AR-USDT after [1762758000000,2025-11-10T07:00:00.000Z]
Fetching candles for XRP-USDT after [1766646000000,2025-12-25T07:00:00.000Z]
Fetching candles for BTC-USDT after [1766646000000,2025-12-25T07:00:00.000Z]
Fetching candles for AVAX-USDT after [1762758000000,2025-11-10T07:00:00.000Z]
Fetching candles for AR-USDT after [1765350000000,2025-12-10T07:00:00.000Z]
-> Candle.Publish [API]: ONDO-USDT / 1440
-> Candle.Publish [API]: AR-USDT / 1440
Fetching candles for ADA-USDT after [1766646000000,2025-12-25T07:00:00.000Z]
-> Candle.Publish [API]: AR-USDT / 1440
-> Candle.Publish [API]: AVAX-USDT / 1440
-> Candle.Publish [API]: XRP-USDT / 1440
-> Candle.Publish [API]: BTC-USDT / 1440
-> Candle.Publish [API]: ADA-USDT / 1440
Fetching candles for DOGE-USDT after [1766646000000,2025-12-25T07:00:00.000Z]
-> Candle.Publish [API]: DOGE-USDT / 1440
Fetching candles for ONDO-USDT after [1765350000000,2025-12-10T07:00:00.000Z]
Fetching candles for AR-USDT after [1757574000000,2025-09-11T07:00:00.000Z]
Fetching candles for AR-USDT after [1762758000000,2025-11-10T07:00:00.000Z]
-> Candle.Publish [API]: ONDO-USDT / 1440
Fetching candles for AVAX-USDT after [1757574000000,2025-09-11T07:00:00.000Z]
Fetching candles for XRP-USDT after [1765350000000,2025-12-10T07:00:00.000Z]
Fetching candles for BTC-USDT after [1765350000000,2025-12-10T07:00:00.000Z]
Fetching candles for ADA-USDT after [1765350000000,2025-12-10T07:00:00.000Z]
-> Candle.Publish [API]: AR-USDT / 1440
-> Candle.Publish [API]: AR-USDT / 1440
-> Candle.Publish [API]: BTC-USDT / 1440
-> Candle.Publish [API]: ADA-USDT / 1440
-> Candle.Publish [API]: XRP-USDT / 1440
Fetching candles for DOGE-USDT after [1765350000000,2025-12-10T07:00:00.000Z]
-> Candle.Publish [API]: AVAX-USDT / 1440
-> Candle.Publish [API]: DOGE-USDT / 1440
Fetching candles for ONDO-USDT after [1764054000000,2025-11-25T07:00:00.000Z]
Fetching candles for AR-USDT after [1752390000000,2025-07-13T07:00:00.000Z]
-> Candle.Publish [API]: ONDO-USDT / 1440
Fetching candles for AR-USDT after [1760166000000,2025-10-11T07:00:00.000Z]
Fetching candles for BTC-USDT after [1764054000000,2025-11-25T07:00:00.000Z]
Fetching candles for ADA-USDT after [1764054000000,2025-11-25T07:00:00.000Z]
Fetching candles for XRP-USDT after [1764054000000,2025-11-25T07:00:00.000Z]
Fetching candles for AVAX-USDT after [1752390000000,2025-07-13T07:00:00.000Z]
-> Candle.Publish [API]: AR-USDT / 1440
-> Candle.Publish [API]: AR-USDT / 1440
-> Candle.Publish [API]: BTC-USDT / 1440
-> Candle.Publish [API]: XRP-USDT / 1440
Fetching candles for DOGE-USDT after [1764054000000,2025-11-25T07:00:00.000Z]
-> Candle.Publish [API]: ADA-USDT / 1440
-> Candle.Publish [API]: AVAX-USDT / 1440
-> Candle.Publish [API]: DOGE-USDT / 1440
Fetching candles for ONDO-USDT after [1762758000000,2025-11-10T07:00:00.000Z]
Fetching candles for AR-USDT after [1747206000000,2025-05-14T07:00:00.000Z]
-> Candle.Publish [API]: ONDO-USDT / 1440
Fetching candles for AR-USDT after [1757574000000,2025-09-11T07:00:00.000Z]
Fetching candles for BTC-USDT after [1762758000000,2025-11-10T07:00:00.000Z]
Fetching candles for XRP-USDT after [1762758000000,2025-11-10T07:00:00.000Z]
Fetching candles for ADA-USDT after [1762758000000,2025-11-10T07:00:00.000Z]
-> Candle.Publish [API]: AR-USDT / 1440
Fetching candles for AVAX-USDT after [1747206000000,2025-05-14T07:00:00.000Z]
-> Candle.Publish [API]: AR-USDT / 1440
-> Candle.Publish [API]: BTC-USDT / 1440
-> Candle.Publish [API]: XRP-USDT / 1440
-> Candle.Publish [API]: ADA-USDT / 1440
-> Candle.Publish [API]: AVAX-USDT / 1440
Fetching candles for DOGE-USDT after [1762758000000,2025-11-10T07:00:00.000Z]
-> Candle.Publish [API]: DOGE-USDT / 1440
Fetching candles for ONDO-USDT after [1761462000000,2025-10-26T07:00:00.000Z]
Fetching candles for AR-USDT after [1742022000000,2025-03-15T07:00:00.000Z]
-> Candle.Publish [API]: ONDO-USDT / 1440
Fetching candles for AR-USDT after [1754982000000,2025-08-12T07:00:00.000Z]
Fetching candles for BTC-USDT after [1761462000000,2025-10-26T07:00:00.000Z]
Fetching candles for XRP-USDT after [1761462000000,2025-10-26T07:00:00.000Z]
Fetching candles for ADA-USDT after [1761462000000,2025-10-26T07:00:00.000Z]
Fetching candles for AVAX-USDT after [1742022000000,2025-03-15T07:00:00.000Z]
-> Candle.Publish [API]: AR-USDT / 1440
-> Candle.Publish [API]: AR-USDT / 1440
-> Candle.Publish [API]: BTC-USDT / 1440
-> Candle.Publish [API]: ADA-USDT / 1440
-> Candle.Publish [API]: XRP-USDT / 1440
Fetching candles for DOGE-USDT after [1761462000000,2025-10-26T07:00:00.000Z]
-> Candle.Publish [API]: AVAX-USDT / 1440
-> Candle.Publish [API]: DOGE-USDT / 1440
Fetching candles for ONDO-USDT after [1760166000000,2025-10-11T07:00:00.000Z]
-> Candle.Publish [API]: ONDO-USDT / 1440
Fetching candles for AR-USDT after [1736838000000,2025-01-14T07:00:00.000Z]
Fetching candles for AR-USDT after [1752390000000,2025-07-13T07:00:00.000Z]
Fetching candles for BTC-USDT after [1760166000000,2025-10-11T07:00:00.000Z]
Fetching candles for ADA-USDT after [1760166000000,2025-10-11T07:00:00.000Z]
Fetching candles for XRP-USDT after [1760166000000,2025-10-11T07:00:00.000Z]
Fetching candles for AVAX-USDT after [1736838000000,2025-01-14T07:00:00.000Z]
-> Candle.Publish [API]: AR-USDT / 1440
-> Candle.Publish [API]: AR-USDT / 1440
-> Candle.Publish [API]: BTC-USDT / 1440
-> Candle.Publish [API]: XRP-USDT / 1440
Fetching candles for DOGE-USDT after [1760166000000,2025-10-11T07:00:00.000Z]
-> Candle.Publish [API]: ADA-USDT / 1440
-> Candle.Publish [API]: AVAX-USDT / 1440
-> Candle.Publish [API]: DOGE-USDT / 1440
Fetching candles for ONDO-USDT after [1758870000000,2025-09-26T07:00:00.000Z]
Fetching candles for AR-USDT after [1731654000000,2024-11-15T07:00:00.000Z]
-> Candle.Publish [API]: ONDO-USDT / 1440
Fetching candles for AR-USDT after [1749798000000,2025-06-13T07:00:00.000Z]
Fetching candles for BTC-USDT after [1758870000000,2025-09-26T07:00:00.000Z]
Fetching candles for XRP-USDT after [1758870000000,2025-09-26T07:00:00.000Z]
Fetching candles for ADA-USDT after [1758870000000,2025-09-26T07:00:00.000Z]
Fetching candles for AVAX-USDT after [1731654000000,2024-11-15T07:00:00.000Z]
-> Candle.Publish [API]: AR-USDT / 1440
-> Candle.Publish [API]: AR-USDT / 1440
-> Candle.Publish [API]: BTC-USDT / 1440
-> Candle.Publish [API]: ADA-USDT / 1440
Fetching candles for DOGE-USDT after [1758870000000,2025-09-26T07:00:00.000Z]
-> Candle.Publish [API]: XRP-USDT / 1440
-> Candle.Publish [API]: AVAX-USDT / 1440
-> Candle.Publish [API]: DOGE-USDT / 1440
Fetching candles for ONDO-USDT after [1757574000000,2025-09-11T07:00:00.000Z]
Fetching candles for AR-USDT after [1726470000000,2024-09-16T07:00:00.000Z]
Fetching candles for AR-USDT after [1747206000000,2025-05-14T07:00:00.000Z]
-> Candle.Publish [API]: ONDO-USDT / 1440
Fetching candles for BTC-USDT after [1757574000000,2025-09-11T07:00:00.000Z]
Fetching candles for ADA-USDT after [1757574000000,2025-09-11T07:00:00.000Z]
-> Candle.Publish [API]: AR-USDT / 1440
Fetching candles for XRP-USDT after [1757574000000,2025-09-11T07:00:00.000Z]
-> Candle.Publish [API]: BTC-USDT / 1440
-> Candle.Publish [API]: AR-USDT / 1440
Fetching candles for AVAX-USDT after [1726470000000,2024-09-16T07:00:00.000Z]
-> Candle.Publish [API]: ADA-USDT / 1440
Fetching candles for DOGE-USDT after [1757574000000,2025-09-11T07:00:00.000Z]
-> Candle.Publish [API]: XRP-USDT / 1440
-> Candle.Publish [API]: AVAX-USDT / 1440
-> Candle.Publish [API]: DOGE-USDT / 1440
Fetching candles for ONDO-USDT after [1756278000000,2025-08-27T07:00:00.000Z]
Fetching candles for AR-USDT after [1721286000000,2024-07-18T07:00:00.000Z]
Fetching candles for BTC-USDT after [1756278000000,2025-08-27T07:00:00.000Z]
-> Candle.Publish [API]: ONDO-USDT / 1440
Fetching candles for AR-USDT after [1744614000000,2025-04-14T07:00:00.000Z]
Fetching candles for ADA-USDT after [1756278000000,2025-08-27T07:00:00.000Z]
Fetching candles for XRP-USDT after [1756278000000,2025-08-27T07:00:00.000Z]
-> Candle.Publish [API]: AR-USDT / 1440
-> Candle.Publish [API]: AR-USDT / 1440
-> Candle.Publish [API]: BTC-USDT / 1440
Fetching candles for AVAX-USDT after [1721286000000,2024-07-18T07:00:00.000Z]
-> Candle.Publish [API]: ADA-USDT / 1440
Fetching candles for DOGE-USDT after [1756278000000,2025-08-27T07:00:00.000Z]
-> Candle.Publish [API]: XRP-USDT / 1440
-> Candle.Publish [API]: AVAX-USDT / 1440
-> Candle.Publish [API]: DOGE-USDT / 1440
Fetching candles for ONDO-USDT after [1754982000000,2025-08-12T07:00:00.000Z]
-> Candle.Publish [API]: ONDO-USDT / 1440
Fetching candles for AR-USDT after [1716102000000,2024-05-19T07:00:00.000Z]
Fetching candles for AR-USDT after [1742022000000,2025-03-15T07:00:00.000Z]
Fetching candles for BTC-USDT after [1754982000000,2025-08-12T07:00:00.000Z]
Fetching candles for ADA-USDT after [1754982000000,2025-08-12T07:00:00.000Z]
Fetching candles for XRP-USDT after [1754982000000,2025-08-12T07:00:00.000Z]
-> Candle.Publish [API]: AR-USDT / 1440
-> Candle.Publish [API]: BTC-USDT / 1440
-> Candle.Publish [API]: ADA-USDT / 1440
-> Candle.Publish [API]: AR-USDT / 1440
Fetching candles for AVAX-USDT after [1716102000000,2024-05-19T07:00:00.000Z]
-> Candle.Publish [API]: XRP-USDT / 1440
Fetching candles for DOGE-USDT after [1754982000000,2025-08-12T07:00:00.000Z]
-> Candle.Publish [API]: AVAX-USDT / 1440
-> Candle.Publish [API]: DOGE-USDT / 1440
Fetching candles for ONDO-USDT after [1753686000000,2025-07-28T07:00:00.000Z]
-> Candle.Publish [API]: ONDO-USDT / 1440
Fetching candles for AR-USDT after [1710918000000,2024-03-20T07:00:00.000Z]
Fetching candles for BTC-USDT after [1753686000000,2025-07-28T07:00:00.000Z]
Fetching candles for ADA-USDT after [1753686000000,2025-07-28T07:00:00.000Z]
Fetching candles for AR-USDT after [1739430000000,2025-02-13T07:00:00.000Z]
Fetching candles for XRP-USDT after [1753686000000,2025-07-28T07:00:00.000Z]
-> Candle.Publish [API]: AR-USDT / 1440
-> Candle.Publish [API]: BTC-USDT / 1440
-> Candle.Publish [API]: ADA-USDT / 1440
Fetching candles for AVAX-USDT after [1710918000000,2024-03-20T07:00:00.000Z]
Fetching candles for DOGE-USDT after [1753686000000,2025-07-28T07:00:00.000Z]
-> Candle.Publish [API]: AR-USDT / 1440
-> Candle.Publish [API]: XRP-USDT / 1440
-> Candle.Publish [API]: AVAX-USDT / 1440
-> Candle.Publish [API]: DOGE-USDT / 1440
Fetching candles for ONDO-USDT after [1752390000000,2025-07-13T07:00:00.000Z]
-> Candle.Publish [API]: ONDO-USDT / 1440
Fetching candles for AR-USDT after [1705734000000,2024-01-20T07:00:00.000Z]
Fetching candles for BTC-USDT after [1752390000000,2025-07-13T07:00:00.000Z]
Fetching candles for ADA-USDT after [1752390000000,2025-07-13T07:00:00.000Z]
Fetching candles for AR-USDT after [1736838000000,2025-01-14T07:00:00.000Z]
Fetching candles for XRP-USDT after [1752390000000,2025-07-13T07:00:00.000Z]
-> Candle.Publish [API]: AR-USDT / 1440
-> Candle.Publish [API]: ADA-USDT / 1440
-> Candle.Publish [API]: BTC-USDT / 1440
Fetching candles for AVAX-USDT after [1705734000000,2024-01-20T07:00:00.000Z]
Fetching candles for DOGE-USDT after [1752390000000,2025-07-13T07:00:00.000Z]
-> Candle.Publish [API]: XRP-USDT / 1440
-> Candle.Publish [API]: AR-USDT / 1440
-> Candle.Publish [API]: AVAX-USDT / 1440
-> Candle.Publish [API]: DOGE-USDT / 1440
Fetching candles for ONDO-USDT after [1751094000000,2025-06-28T07:00:00.000Z]
-> Candle.Publish [API]: ONDO-USDT / 1440
Fetching candles for AR-USDT after [1700550000000,2023-11-21T07:00:00.000Z]
Fetching candles for ADA-USDT after [1751094000000,2025-06-28T07:00:00.000Z]
Fetching candles for BTC-USDT after [1751094000000,2025-06-28T07:00:00.000Z]
Fetching candles for XRP-USDT after [1751094000000,2025-06-28T07:00:00.000Z]
-> Candle.Publish [API]: AR-USDT / 814
Fetching candles for AR-USDT after [1734246000000,2024-12-15T07:00:00.000Z]
-> Candle.Publish [API]: ADA-USDT / 1440
-> Candle.Publish [API]: BTC-USDT / 1440
Fetching candles for AVAX-USDT after [1700550000000,2023-11-21T07:00:00.000Z]
Fetching candles for DOGE-USDT after [1751094000000,2025-06-28T07:00:00.000Z]
-> Candle.Publish [API]: AR-USDT / 1440
-> Candle.Publish [API]: XRP-USDT / 1440
-> Candle.Publish [API]: AVAX-USDT / 1440
-> Candle.Publish [API]: DOGE-USDT / 1440
Fetching candles for ONDO-USDT after [1749798000000,2025-06-13T07:00:00.000Z]
-> Candle.Publish [API]: ONDO-USDT / 1440
Fetching candles for AR-USDT after [1697619600000,2023-10-18T09:00:00.000Z]
Fetching candles for ADA-USDT after [1749798000000,2025-06-13T07:00:00.000Z]
Fetching candles for BTC-USDT after [1749798000000,2025-06-13T07:00:00.000Z]
-> Candle.Publish [API]: ADA-USDT / 1440
Fetching candles for AR-USDT after [1731654000000,2024-11-15T07:00:00.000Z]
Fetching candles for XRP-USDT after [1749798000000,2025-06-13T07:00:00.000Z]
-> Candle.Publish [API]: BTC-USDT / 1440
Fetching candles for AVAX-USDT after [1695366000000,2023-09-22T07:00:00.000Z]
Fetching candles for DOGE-USDT after [1749798000000,2025-06-13T07:00:00.000Z]
-> Candle.Publish [API]: XRP-USDT / 1440
-> Candle.Publish [API]: AR-USDT / 1440
-> Candle.Publish [API]: AVAX-USDT / 1440
-> Candle.Publish [API]: DOGE-USDT / 1440
Fetching candles for ONDO-USDT after [1748502000000,2025-05-29T07:00:00.000Z]
-> Candle.Publish [API]: ONDO-USDT / 1440
Fetching candles for ADA-USDT after [1748502000000,2025-05-29T07:00:00.000Z]
Fetching candles for BTC-USDT after [1748502000000,2025-05-29T07:00:00.000Z]
-> Candle.Publish [API]: ADA-USDT / 1440
Fetching candles for XRP-USDT after [1748502000000,2025-05-29T07:00:00.000Z]
Fetching candles for AR-USDT after [1729062000000,2024-10-16T07:00:00.000Z]
Fetching candles for AVAX-USDT after [1690182000000,2023-07-24T07:00:00.000Z]
-> Candle.Publish [API]: BTC-USDT / 1440
Fetching candles for DOGE-USDT after [1748502000000,2025-05-29T07:00:00.000Z]
-> Candle.Publish [API]: XRP-USDT / 1440
-> Candle.Publish [API]: AVAX-USDT / 1440
-> Candle.Publish [API]: AR-USDT / 1440
-> Candle.Publish [API]: DOGE-USDT / 1440
Fetching candles for ONDO-USDT after [1747206000000,2025-05-14T07:00:00.000Z]
-> Candle.Publish [API]: ONDO-USDT / 1440
Fetching candles for ADA-USDT after [1747206000000,2025-05-14T07:00:00.000Z]
Fetching candles for BTC-USDT after [1747206000000,2025-05-14T07:00:00.000Z]
-> Candle.Publish [API]: ADA-USDT / 1440
Fetching candles for XRP-USDT after [1747206000000,2025-05-14T07:00:00.000Z]
Fetching candles for AVAX-USDT after [1684998000000,2023-05-25T07:00:00.000Z]
-> Candle.Publish [API]: BTC-USDT / 1440
Fetching candles for AR-USDT after [1726470000000,2024-09-16T07:00:00.000Z]
Fetching candles for DOGE-USDT after [1747206000000,2025-05-14T07:00:00.000Z]
-> Candle.Publish [API]: XRP-USDT / 1440
-> Candle.Publish [API]: AVAX-USDT / 1440
-> Candle.Publish [API]: DOGE-USDT / 1440
-> Candle.Publish [API]: AR-USDT / 1440
Fetching candles for ONDO-USDT after [1745910000000,2025-04-29T07:00:00.000Z]
Fetching candles for ADA-USDT after [1745910000000,2025-04-29T07:00:00.000Z]
-> Candle.Publish [API]: ONDO-USDT / 1440
Fetching candles for BTC-USDT after [1745910000000,2025-04-29T07:00:00.000Z]
Fetching candles for XRP-USDT after [1745910000000,2025-04-29T07:00:00.000Z]
-> Candle.Publish [API]: ADA-USDT / 1440
Fetching candles for AVAX-USDT after [1679814000000,2023-03-26T07:00:00.000Z]
Fetching candles for DOGE-USDT after [1745910000000,2025-04-29T07:00:00.000Z]
-> Candle.Publish [API]: BTC-USDT / 1440
Fetching candles for AR-USDT after [1723878000000,2024-08-17T07:00:00.000Z]
-> Candle.Publish [API]: XRP-USDT / 1440
-> Candle.Publish [API]: AVAX-USDT / 1440
-> Candle.Publish [API]: DOGE-USDT / 1440
-> Candle.Publish [API]: AR-USDT / 1440
Fetching candles for ONDO-USDT after [1744614000000,2025-04-14T07:00:00.000Z]
-> Candle.Publish [API]: ONDO-USDT / 1440
Fetching candles for ADA-USDT after [1744614000000,2025-04-14T07:00:00.000Z]
Fetching candles for BTC-USDT after [1744614000000,2025-04-14T07:00:00.000Z]
-> Candle.Publish [API]: ADA-USDT / 1440
Fetching candles for XRP-USDT after [1744614000000,2025-04-14T07:00:00.000Z]
Fetching candles for AVAX-USDT after [1674630000000,2023-01-25T07:00:00.000Z]
Fetching candles for DOGE-USDT after [1744614000000,2025-04-14T07:00:00.000Z]
-> Candle.Publish [API]: BTC-USDT / 1440
-> Candle.Publish [API]: AVAX-USDT / 309
Fetching candles for AR-USDT after [1721286000000,2024-07-18T07:00:00.000Z]
-> Candle.Publish [API]: XRP-USDT / 1440
-> Candle.Publish [API]: DOGE-USDT / 1440
-> Candle.Publish [API]: AR-USDT / 1440
Fetching candles for ONDO-USDT after [1743318000000,2025-03-30T07:00:00.000Z]
-> Candle.Publish [API]: ONDO-USDT / 1440
Fetching candles for ADA-USDT after [1743318000000,2025-03-30T07:00:00.000Z]
-> Candle.Publish [API]: ADA-USDT / 1440
Fetching candles for BTC-USDT after [1743318000000,2025-03-30T07:00:00.000Z]
Fetching candles for AVAX-USDT after [1673517600000,2023-01-12T10:00:00.000Z]
Fetching candles for XRP-USDT after [1743318000000,2025-03-30T07:00:00.000Z]
-> Candle.Publish [API]: BTC-USDT / 1440
Fetching candles for DOGE-USDT after [1743318000000,2025-03-30T07:00:00.000Z]
-> Candle.Publish [API]: XRP-USDT / 1440
Fetching candles for AR-USDT after [1718694000000,2024-06-18T07:00:00.000Z]
-> Candle.Publish [API]: AR-USDT / 1440
-> Candle.Publish [API]: DOGE-USDT / 1440
Fetching candles for ONDO-USDT after [1742022000000,2025-03-15T07:00:00.000Z]
-> Candle.Publish [API]: ONDO-USDT / 1440
Fetching candles for ADA-USDT after [1742022000000,2025-03-15T07:00:00.000Z]
-> Candle.Publish [API]: ADA-USDT / 1440
Fetching candles for BTC-USDT after [1742022000000,2025-03-15T07:00:00.000Z]
Fetching candles for XRP-USDT after [1742022000000,2025-03-15T07:00:00.000Z]
-> Candle.Publish [API]: BTC-USDT / 1440
-> Candle.Publish [API]: XRP-USDT / 1440
Fetching candles for AR-USDT after [1716102000000,2024-05-19T07:00:00.000Z]
Fetching candles for DOGE-USDT after [1742022000000,2025-03-15T07:00:00.000Z]
-> Candle.Publish [API]: AR-USDT / 1440
-> Candle.Publish [API]: DOGE-USDT / 1440
Fetching candles for ONDO-USDT after [1740726000000,2025-02-28T07:00:00.000Z]
-> Candle.Publish [API]: ONDO-USDT / 1440
Fetching candles for ADA-USDT after [1740726000000,2025-02-28T07:00:00.000Z]
-> Candle.Publish [API]: ADA-USDT / 1440
Fetching candles for BTC-USDT after [1740726000000,2025-02-28T07:00:00.000Z]
Fetching candles for XRP-USDT after [1740726000000,2025-02-28T07:00:00.000Z]
-> Candle.Publish [API]: BTC-USDT / 1440
-> Candle.Publish [API]: XRP-USDT / 1440
Fetching candles for AR-USDT after [1713510000000,2024-04-19T07:00:00.000Z]
Fetching candles for DOGE-USDT after [1740726000000,2025-02-28T07:00:00.000Z]
-> Candle.Publish [API]: AR-USDT / 1440
-> Candle.Publish [API]: DOGE-USDT / 1440
Fetching candles for ONDO-USDT after [1739430000000,2025-02-13T07:00:00.000Z]
-> Candle.Publish [API]: ONDO-USDT / 1440
Fetching candles for ADA-USDT after [1739430000000,2025-02-13T07:00:00.000Z]
-> Candle.Publish [API]: ADA-USDT / 1440
Fetching candles for BTC-USDT after [1739430000000,2025-02-13T07:00:00.000Z]
Fetching candles for XRP-USDT after [1739430000000,2025-02-13T07:00:00.000Z]
-> Candle.Publish [API]: BTC-USDT / 1440
-> Candle.Publish [API]: XRP-USDT / 1440
Fetching candles for AR-USDT after [1710918000000,2024-03-20T07:00:00.000Z]
Fetching candles for DOGE-USDT after [1739430000000,2025-02-13T07:00:00.000Z]
-> Candle.Publish [API]: AR-USDT / 1440
-> Candle.Publish [API]: DOGE-USDT / 1440
Fetching candles for ONDO-USDT after [1738134000000,2025-01-29T07:00:00.000Z]
-> Candle.Publish [API]: ONDO-USDT / 1440
Fetching candles for ADA-USDT after [1738134000000,2025-01-29T07:00:00.000Z]
-> Candle.Publish [API]: ADA-USDT / 1440
Fetching candles for BTC-USDT after [1738134000000,2025-01-29T07:00:00.000Z]
Fetching candles for XRP-USDT after [1738134000000,2025-01-29T07:00:00.000Z]
-> Candle.Publish [API]: BTC-USDT / 1440
-> Candle.Publish [API]: XRP-USDT / 1440
Fetching candles for AR-USDT after [1708326000000,2024-02-19T07:00:00.000Z]
Fetching candles for DOGE-USDT after [1738134000000,2025-01-29T07:00:00.000Z]
-> Candle.Publish [API]: AR-USDT / 1440
-> Candle.Publish [API]: DOGE-USDT / 1440
Fetching candles for ONDO-USDT after [1736838000000,2025-01-14T07:00:00.000Z]
Fetching candles for ADA-USDT after [1736838000000,2025-01-14T07:00:00.000Z]
-> Candle.Publish [API]: ONDO-USDT / 1440
-> Candle.Publish [API]: ADA-USDT / 1440
Fetching candles for BTC-USDT after [1736838000000,2025-01-14T07:00:00.000Z]
Fetching candles for XRP-USDT after [1736838000000,2025-01-14T07:00:00.000Z]
-> Candle.Publish [API]: BTC-USDT / 1440
-> Candle.Publish [API]: XRP-USDT / 1440
Fetching candles for AR-USDT after [1705734000000,2024-01-20T07:00:00.000Z]
Fetching candles for DOGE-USDT after [1736838000000,2025-01-14T07:00:00.000Z]
-> Candle.Publish [API]: AR-USDT / 1440
-> Candle.Publish [API]: DOGE-USDT / 1440
Fetching candles for ONDO-USDT after [1735542000000,2024-12-30T07:00:00.000Z]
Fetching candles for ADA-USDT after [1735542000000,2024-12-30T07:00:00.000Z]
-> Candle.Publish [API]: ONDO-USDT / 1440
-> Candle.Publish [API]: ADA-USDT / 1440
Fetching candles for BTC-USDT after [1735542000000,2024-12-30T07:00:00.000Z]
Fetching candles for XRP-USDT after [1735542000000,2024-12-30T07:00:00.000Z]
-> Candle.Publish [API]: XRP-USDT / 1440
-> Candle.Publish [API]: BTC-USDT / 1440
Fetching candles for AR-USDT after [1703142000000,2023-12-21T07:00:00.000Z]
Fetching candles for DOGE-USDT after [1735542000000,2024-12-30T07:00:00.000Z]
-> Candle.Publish [API]: AR-USDT / 1440
-> Candle.Publish [API]: DOGE-USDT / 1440
Fetching candles for ONDO-USDT after [1734246000000,2024-12-15T07:00:00.000Z]
Fetching candles for ADA-USDT after [1734246000000,2024-12-15T07:00:00.000Z]
-> Candle.Publish [API]: ONDO-USDT / 1440
-> Candle.Publish [API]: ADA-USDT / 1440
Fetching candles for XRP-USDT after [1734246000000,2024-12-15T07:00:00.000Z]
Fetching candles for BTC-USDT after [1734246000000,2024-12-15T07:00:00.000Z]
-> Candle.Publish [API]: XRP-USDT / 1440
-> Candle.Publish [API]: BTC-USDT / 1440
Fetching candles for AR-USDT after [1700550000000,2023-11-21T07:00:00.000Z]
Fetching candles for DOGE-USDT after [1734246000000,2024-12-15T07:00:00.000Z]
-> Candle.Publish [API]: AR-USDT / 1440
-> Candle.Publish [API]: DOGE-USDT / 1440
Fetching candles for ONDO-USDT after [1732950000000,2024-11-30T07:00:00.000Z]
Fetching candles for ADA-USDT after [1732950000000,2024-11-30T07:00:00.000Z]
-> Candle.Publish [API]: ONDO-USDT / 1440
-> Candle.Publish [API]: ADA-USDT / 1440
Fetching candles for XRP-USDT after [1732950000000,2024-11-30T07:00:00.000Z]
Fetching candles for BTC-USDT after [1732950000000,2024-11-30T07:00:00.000Z]
-> Candle.Publish [API]: XRP-USDT / 1440
-> Candle.Publish [API]: BTC-USDT / 1440
Fetching candles for AR-USDT after [1697958000000,2023-10-22T07:00:00.000Z]
Fetching candles for DOGE-USDT after [1732950000000,2024-11-30T07:00:00.000Z]
-> Candle.Publish [API]: AR-USDT / 188
-> Candle.Publish [API]: DOGE-USDT / 1440
Fetching candles for ONDO-USDT after [1731654000000,2024-11-15T07:00:00.000Z]
Fetching candles for ADA-USDT after [1731654000000,2024-11-15T07:00:00.000Z]
-> Candle.Publish [API]: ONDO-USDT / 1440
-> Candle.Publish [API]: ADA-USDT / 1440
Fetching candles for XRP-USDT after [1731654000000,2024-11-15T07:00:00.000Z]
Fetching candles for BTC-USDT after [1731654000000,2024-11-15T07:00:00.000Z]
-> Candle.Publish [API]: XRP-USDT / 1440
Fetching candles for AR-USDT after [1697619600000,2023-10-18T09:00:00.000Z]
-> Candle.Publish [API]: BTC-USDT / 1440
Fetching candles for DOGE-USDT after [1731654000000,2024-11-15T07:00:00.000Z]
-> Candle.Publish [API]: DOGE-USDT / 1440
Fetching candles for ONDO-USDT after [1730358000000,2024-10-31T07:00:00.000Z]
Fetching candles for ADA-USDT after [1730358000000,2024-10-31T07:00:00.000Z]
-> Candle.Publish [API]: ADA-USDT / 1440
Fetching candles for XRP-USDT after [1730358000000,2024-10-31T07:00:00.000Z]
-> Candle.Publish [API]: ONDO-USDT / 1440
Fetching candles for BTC-USDT after [1730358000000,2024-10-31T07:00:00.000Z]
-> Candle.Publish [API]: XRP-USDT / 1440
-> Candle.Publish [API]: BTC-USDT / 1440
Fetching candles for DOGE-USDT after [1730358000000,2024-10-31T07:00:00.000Z]
-> Candle.Publish [API]: DOGE-USDT / 1440
Fetching candles for ADA-USDT after [1729062000000,2024-10-16T07:00:00.000Z]
Fetching candles for ONDO-USDT after [1729062000000,2024-10-16T07:00:00.000Z]
-> Candle.Publish [API]: ADA-USDT / 1440
Fetching candles for XRP-USDT after [1729062000000,2024-10-16T07:00:00.000Z]
-> Candle.Publish [API]: ONDO-USDT / 1440
Fetching candles for BTC-USDT after [1729062000000,2024-10-16T07:00:00.000Z]
-> Candle.Publish [API]: XRP-USDT / 1440
-> Candle.Publish [API]: BTC-USDT / 1440
Fetching candles for DOGE-USDT after [1729062000000,2024-10-16T07:00:00.000Z]
-> Candle.Publish [API]: DOGE-USDT / 1440
Fetching candles for ADA-USDT after [1727766000000,2024-10-01T07:00:00.000Z]
Fetching candles for ONDO-USDT after [1727766000000,2024-10-01T07:00:00.000Z]
-> Candle.Publish [API]: ONDO-USDT / 1440
Fetching candles for XRP-USDT after [1727766000000,2024-10-01T07:00:00.000Z]
-> Candle.Publish [API]: ADA-USDT / 1440
Fetching candles for BTC-USDT after [1727766000000,2024-10-01T07:00:00.000Z]
-> Candle.Publish [API]: XRP-USDT / 1440
-> Candle.Publish [API]: BTC-USDT / 1440
Fetching candles for DOGE-USDT after [1727766000000,2024-10-01T07:00:00.000Z]
-> Candle.Publish [API]: DOGE-USDT / 1440
Fetching candles for ONDO-USDT after [1726470000000,2024-09-16T07:00:00.000Z]
Fetching candles for ADA-USDT after [1726470000000,2024-09-16T07:00:00.000Z]
Fetching candles for XRP-USDT after [1726470000000,2024-09-16T07:00:00.000Z]
-> Candle.Publish [API]: ONDO-USDT / 1440
-> Candle.Publish [API]: ADA-USDT / 1440
Fetching candles for BTC-USDT after [1726470000000,2024-09-16T07:00:00.000Z]
-> Candle.Publish [API]: XRP-USDT / 1440
-> Candle.Publish [API]: BTC-USDT / 1440
Fetching candles for DOGE-USDT after [1726470000000,2024-09-16T07:00:00.000Z]
-> Candle.Publish [API]: DOGE-USDT / 1440
Fetching candles for ONDO-USDT after [1725174000000,2024-09-01T07:00:00.000Z]
Fetching candles for ADA-USDT after [1725174000000,2024-09-01T07:00:00.000Z]
-> Candle.Publish [API]: ONDO-USDT / 1440
Fetching candles for XRP-USDT after [1725174000000,2024-09-01T07:00:00.000Z]
-> Candle.Publish [API]: ADA-USDT / 1440
Fetching candles for BTC-USDT after [1725174000000,2024-09-01T07:00:00.000Z]
-> Candle.Publish [API]: XRP-USDT / 1440
-> Candle.Publish [API]: BTC-USDT / 1440
Fetching candles for DOGE-USDT after [1725174000000,2024-09-01T07:00:00.000Z]
-> Candle.Publish [API]: DOGE-USDT / 1440
Fetching candles for ONDO-USDT after [1723878000000,2024-08-17T07:00:00.000Z]
Fetching candles for ADA-USDT after [1723878000000,2024-08-17T07:00:00.000Z]
-> Candle.Publish [API]: ONDO-USDT / 1440
Fetching candles for XRP-USDT after [1723878000000,2024-08-17T07:00:00.000Z]
-> Candle.Publish [API]: ADA-USDT / 1440
Fetching candles for BTC-USDT after [1723878000000,2024-08-17T07:00:00.000Z]
-> Candle.Publish [API]: XRP-USDT / 1440
-> Candle.Publish [API]: BTC-USDT / 1440
Fetching candles for DOGE-USDT after [1723878000000,2024-08-17T07:00:00.000Z]
-> Candle.Publish [API]: DOGE-USDT / 1440
Fetching candles for ONDO-USDT after [1722582000000,2024-08-02T07:00:00.000Z]
Fetching candles for ADA-USDT after [1722582000000,2024-08-02T07:00:00.000Z]
-> Candle.Publish [API]: ONDO-USDT / 1440
Fetching candles for XRP-USDT after [1722582000000,2024-08-02T07:00:00.000Z]
Fetching candles for BTC-USDT after [1722582000000,2024-08-02T07:00:00.000Z]
-> Candle.Publish [API]: ADA-USDT / 1440
-> Candle.Publish [API]: XRP-USDT / 1440
-> Candle.Publish [API]: BTC-USDT / 1440
Fetching candles for DOGE-USDT after [1722582000000,2024-08-02T07:00:00.000Z]
-> Candle.Publish [API]: DOGE-USDT / 1440
Fetching candles for ONDO-USDT after [1721286000000,2024-07-18T07:00:00.000Z]
Fetching candles for ADA-USDT after [1721286000000,2024-07-18T07:00:00.000Z]
-> Candle.Publish [API]: ONDO-USDT / 1440
Fetching candles for XRP-USDT after [1721286000000,2024-07-18T07:00:00.000Z]
Fetching candles for BTC-USDT after [1721286000000,2024-07-18T07:00:00.000Z]
-> Candle.Publish [API]: ADA-USDT / 1440
-> Candle.Publish [API]: XRP-USDT / 1440
-> Candle.Publish [API]: BTC-USDT / 1440
Fetching candles for DOGE-USDT after [1721286000000,2024-07-18T07:00:00.000Z]
-> Candle.Publish [API]: DOGE-USDT / 1440
Fetching candles for ONDO-USDT after [1719990000000,2024-07-03T07:00:00.000Z]
Fetching candles for ADA-USDT after [1719990000000,2024-07-03T07:00:00.000Z]
-> Candle.Publish [API]: ONDO-USDT / 1440
Fetching candles for XRP-USDT after [1719990000000,2024-07-03T07:00:00.000Z]
-> Candle.Publish [API]: ADA-USDT / 1440
Fetching candles for BTC-USDT after [1719990000000,2024-07-03T07:00:00.000Z]
-> Candle.Publish [API]: XRP-USDT / 1440
-> Candle.Publish [API]: BTC-USDT / 1440
Fetching candles for DOGE-USDT after [1719990000000,2024-07-03T07:00:00.000Z]
-> Candle.Publish [API]: DOGE-USDT / 1440
Fetching candles for ONDO-USDT after [1718694000000,2024-06-18T07:00:00.000Z]
Fetching candles for ADA-USDT after [1718694000000,2024-06-18T07:00:00.000Z]
-> Candle.Publish [API]: ONDO-USDT / 1440
Fetching candles for XRP-USDT after [1718694000000,2024-06-18T07:00:00.000Z]
Fetching candles for BTC-USDT after [1718694000000,2024-06-18T07:00:00.000Z]
-> Candle.Publish [API]: ADA-USDT / 1440
-> Candle.Publish [API]: XRP-USDT / 1440
-> Candle.Publish [API]: BTC-USDT / 1440
Fetching candles for DOGE-USDT after [1718694000000,2024-06-18T07:00:00.000Z]
-> Candle.Publish [API]: DOGE-USDT / 1440
Fetching candles for ONDO-USDT after [1717398000000,2024-06-03T07:00:00.000Z]
Fetching candles for ADA-USDT after [1717398000000,2024-06-03T07:00:00.000Z]
-> Candle.Publish [API]: ONDO-USDT / 1440
Fetching candles for XRP-USDT after [1717398000000,2024-06-03T07:00:00.000Z]
Fetching candles for BTC-USDT after [1717398000000,2024-06-03T07:00:00.000Z]
-> Candle.Publish [API]: ADA-USDT / 1440
-> Candle.Publish [API]: BTC-USDT / 1440
Fetching candles for DOGE-USDT after [1717398000000,2024-06-03T07:00:00.000Z]
-> Candle.Publish [API]: XRP-USDT / 1440
-> Candle.Publish [API]: DOGE-USDT / 1440
Fetching candles for ONDO-USDT after [1716102000000,2024-05-19T07:00:00.000Z]
Fetching candles for ADA-USDT after [1716102000000,2024-05-19T07:00:00.000Z]
-> Candle.Publish [API]: ONDO-USDT / 1440
Fetching candles for BTC-USDT after [1716102000000,2024-05-19T07:00:00.000Z]
-> Candle.Publish [API]: ADA-USDT / 1440
Fetching candles for XRP-USDT after [1716102000000,2024-05-19T07:00:00.000Z]
-> Candle.Publish [API]: BTC-USDT / 1440
Fetching candles for DOGE-USDT after [1716102000000,2024-05-19T07:00:00.000Z]
-> Candle.Publish [API]: XRP-USDT / 1440
-> Candle.Publish [API]: DOGE-USDT / 1440
Fetching candles for ONDO-USDT after [1714806000000,2024-05-04T07:00:00.000Z]
Fetching candles for ADA-USDT after [1714806000000,2024-05-04T07:00:00.000Z]
-> Candle.Publish [API]: ONDO-USDT / 1440
-> Candle.Publish [API]: ADA-USDT / 1440
Fetching candles for BTC-USDT after [1714806000000,2024-05-04T07:00:00.000Z]
Fetching candles for XRP-USDT after [1714806000000,2024-05-04T07:00:00.000Z]
-> Candle.Publish [API]: BTC-USDT / 1440
Fetching candles for DOGE-USDT after [1714806000000,2024-05-04T07:00:00.000Z]
-> Candle.Publish [API]: XRP-USDT / 1440
-> Candle.Publish [API]: DOGE-USDT / 1440
Fetching candles for ONDO-USDT after [1713510000000,2024-04-19T07:00:00.000Z]
Fetching candles for ADA-USDT after [1713510000000,2024-04-19T07:00:00.000Z]
-> Candle.Publish [API]: ADA-USDT / 1440
-> Candle.Publish [API]: ONDO-USDT / 1440
Fetching candles for BTC-USDT after [1713510000000,2024-04-19T07:00:00.000Z]
Fetching candles for XRP-USDT after [1713510000000,2024-04-19T07:00:00.000Z]
-> Candle.Publish [API]: BTC-USDT / 1440
Fetching candles for DOGE-USDT after [1713510000000,2024-04-19T07:00:00.000Z]
-> Candle.Publish [API]: XRP-USDT / 1440
-> Candle.Publish [API]: DOGE-USDT / 1440
Fetching candles for ADA-USDT after [1712214000000,2024-04-04T07:00:00.000Z]
Fetching candles for ONDO-USDT after [1712214000000,2024-04-04T07:00:00.000Z]
-> Candle.Publish [API]: ADA-USDT / 1440
-> Candle.Publish [API]: ONDO-USDT / 1440
Fetching candles for BTC-USDT after [1712214000000,2024-04-04T07:00:00.000Z]
Fetching candles for XRP-USDT after [1712214000000,2024-04-04T07:00:00.000Z]
Fetching candles for DOGE-USDT after [1712214000000,2024-04-04T07:00:00.000Z]
-> Candle.Publish [API]: BTC-USDT / 1440
-> Candle.Publish [API]: XRP-USDT / 1440
-> Candle.Publish [API]: DOGE-USDT / 1440
Fetching candles for ADA-USDT after [1710918000000,2024-03-20T07:00:00.000Z]
Fetching candles for ONDO-USDT after [1710918000000,2024-03-20T07:00:00.000Z]
-> Candle.Publish [API]: ADA-USDT / 1440
-> Candle.Publish [API]: ONDO-USDT / 1440
Fetching candles for BTC-USDT after [1710918000000,2024-03-20T07:00:00.000Z]
Fetching candles for XRP-USDT after [1710918000000,2024-03-20T07:00:00.000Z]
-> Candle.Publish [API]: BTC-USDT / 1440
Fetching candles for DOGE-USDT after [1710918000000,2024-03-20T07:00:00.000Z]
-> Candle.Publish [API]: XRP-USDT / 1440
-> Candle.Publish [API]: DOGE-USDT / 1440
Fetching candles for ADA-USDT after [1709622000000,2024-03-05T07:00:00.000Z]
Fetching candles for ONDO-USDT after [1709622000000,2024-03-05T07:00:00.000Z]
-> Candle.Publish [API]: ADA-USDT / 1440
-> Candle.Publish [API]: ONDO-USDT / 1440
Fetching candles for BTC-USDT after [1709622000000,2024-03-05T07:00:00.000Z]
Fetching candles for XRP-USDT after [1709622000000,2024-03-05T07:00:00.000Z]
-> Candle.Publish [API]: BTC-USDT / 1440
-> Candle.Publish [API]: XRP-USDT / 1440
Fetching candles for DOGE-USDT after [1709622000000,2024-03-05T07:00:00.000Z]
-> Candle.Publish [API]: DOGE-USDT / 1440
Fetching candles for ADA-USDT after [1708326000000,2024-02-19T07:00:00.000Z]
Fetching candles for ONDO-USDT after [1708326000000,2024-02-19T07:00:00.000Z]
-> Candle.Publish [API]: ADA-USDT / 1440
-> Candle.Publish [API]: ONDO-USDT / 1440
Fetching candles for BTC-USDT after [1708326000000,2024-02-19T07:00:00.000Z]
Fetching candles for XRP-USDT after [1708326000000,2024-02-19T07:00:00.000Z]
-> Candle.Publish [API]: BTC-USDT / 1440
-> Candle.Publish [API]: XRP-USDT / 1440
Fetching candles for DOGE-USDT after [1708326000000,2024-02-19T07:00:00.000Z]
-> Candle.Publish [API]: DOGE-USDT / 1440
Fetching candles for ADA-USDT after [1707030000000,2024-02-04T07:00:00.000Z]
Fetching candles for ONDO-USDT after [1707030000000,2024-02-04T07:00:00.000Z]
-> Candle.Publish [API]: ADA-USDT / 1440
-> Candle.Publish [API]: ONDO-USDT / 1234
Fetching candles for BTC-USDT after [1707030000000,2024-02-04T07:00:00.000Z]
Fetching candles for XRP-USDT after [1707030000000,2024-02-04T07:00:00.000Z]
-> Candle.Publish [API]: BTC-USDT / 1440
-> Candle.Publish [API]: XRP-USDT / 1440
Fetching candles for DOGE-USDT after [1707030000000,2024-02-04T07:00:00.000Z]
-> Candle.Publish [API]: DOGE-USDT / 1440
Fetching candles for ADA-USDT after [1705734000000,2024-01-20T07:00:00.000Z]
Fetching candles for ONDO-USDT after [1705919400000,2024-01-22T10:30:00.000Z]
-> Candle.Publish [API]: ADA-USDT / 1440
Fetching candles for BTC-USDT after [1705734000000,2024-01-20T07:00:00.000Z]
Fetching candles for XRP-USDT after [1705734000000,2024-01-20T07:00:00.000Z]
-> Candle.Publish [API]: BTC-USDT / 1440
-> Candle.Publish [API]: XRP-USDT / 1440
Fetching candles for DOGE-USDT after [1705734000000,2024-01-20T07:00:00.000Z]
-> Candle.Publish [API]: DOGE-USDT / 1440
Fetching candles for ADA-USDT after [1704438000000,2024-01-05T07:00:00.000Z]
-> Candle.Publish [API]: ADA-USDT / 1440
Fetching candles for BTC-USDT after [1704438000000,2024-01-05T07:00:00.000Z]
Fetching candles for XRP-USDT after [1704438000000,2024-01-05T07:00:00.000Z]
-> Candle.Publish [API]: BTC-USDT / 1440
-> Candle.Publish [API]: XRP-USDT / 1440
Fetching candles for DOGE-USDT after [1704438000000,2024-01-05T07:00:00.000Z]
-> Candle.Publish [API]: DOGE-USDT / 1440
Fetching candles for ADA-USDT after [1703142000000,2023-12-21T07:00:00.000Z]
-> Candle.Publish [API]: ADA-USDT / 1440
Fetching candles for BTC-USDT after [1703142000000,2023-12-21T07:00:00.000Z]
Fetching candles for XRP-USDT after [1703142000000,2023-12-21T07:00:00.000Z]
-> Candle.Publish [API]: XRP-USDT / 1440
-> Candle.Publish [API]: BTC-USDT / 1440
Fetching candles for DOGE-USDT after [1703142000000,2023-12-21T07:00:00.000Z]
-> Candle.Publish [API]: DOGE-USDT / 1440
Fetching candles for ADA-USDT after [1701846000000,2023-12-06T07:00:00.000Z]
-> Candle.Publish [API]: ADA-USDT / 1440
Fetching candles for XRP-USDT after [1701846000000,2023-12-06T07:00:00.000Z]
Fetching candles for BTC-USDT after [1701846000000,2023-12-06T07:00:00.000Z]
-> Candle.Publish [API]: XRP-USDT / 1440
-> Candle.Publish [API]: BTC-USDT / 1440
Fetching candles for DOGE-USDT after [1701846000000,2023-12-06T07:00:00.000Z]
-> Candle.Publish [API]: DOGE-USDT / 1440
Fetching candles for ADA-USDT after [1700550000000,2023-11-21T07:00:00.000Z]
-> Candle.Publish [API]: ADA-USDT / 1440
Fetching candles for XRP-USDT after [1700550000000,2023-11-21T07:00:00.000Z]
Fetching candles for BTC-USDT after [1700550000000,2023-11-21T07:00:00.000Z]
-> Candle.Publish [API]: XRP-USDT / 1440
-> Candle.Publish [API]: BTC-USDT / 1440
Fetching candles for DOGE-USDT after [1700550000000,2023-11-21T07:00:00.000Z]
-> Candle.Publish [API]: DOGE-USDT / 1440
Fetching candles for ADA-USDT after [1699254000000,2023-11-06T07:00:00.000Z]
-> Candle.Publish [API]: ADA-USDT / 1440
Fetching candles for XRP-USDT after [1699254000000,2023-11-06T07:00:00.000Z]
Fetching candles for BTC-USDT after [1699254000000,2023-11-06T07:00:00.000Z]
-> Candle.Publish [API]: BTC-USDT / 1440
-> Candle.Publish [API]: XRP-USDT / 1440
Fetching candles for DOGE-USDT after [1699254000000,2023-11-06T07:00:00.000Z]
-> Candle.Publish [API]: DOGE-USDT / 1440
Fetching candles for ADA-USDT after [1697958000000,2023-10-22T07:00:00.000Z]
-> Candle.Publish [API]: ADA-USDT / 1440
Fetching candles for BTC-USDT after [1697958000000,2023-10-22T07:00:00.000Z]
Fetching candles for XRP-USDT after [1697958000000,2023-10-22T07:00:00.000Z]
-> Candle.Publish [API]: BTC-USDT / 1440
-> Candle.Publish [API]: XRP-USDT / 1440
Fetching candles for DOGE-USDT after [1697958000000,2023-10-22T07:00:00.000Z]
-> Candle.Publish [API]: DOGE-USDT / 1440
Fetching candles for ADA-USDT after [1696662000000,2023-10-07T07:00:00.000Z]
-> Candle.Publish [API]: ADA-USDT / 1440
Fetching candles for BTC-USDT after [1696662000000,2023-10-07T07:00:00.000Z]
Fetching candles for XRP-USDT after [1696662000000,2023-10-07T07:00:00.000Z]
-> Candle.Publish [API]: BTC-USDT / 1440
-> Candle.Publish [API]: XRP-USDT / 1440
Fetching candles for DOGE-USDT after [1696662000000,2023-10-07T07:00:00.000Z]
-> Candle.Publish [API]: DOGE-USDT / 1440
Fetching candles for ADA-USDT after [1695366000000,2023-09-22T07:00:00.000Z]
-> Candle.Publish [API]: ADA-USDT / 1440
Fetching candles for BTC-USDT after [1695366000000,2023-09-22T07:00:00.000Z]
Fetching candles for XRP-USDT after [1695366000000,2023-09-22T07:00:00.000Z]
-> Candle.Publish [API]: BTC-USDT / 1440
-> Candle.Publish [API]: XRP-USDT / 1440
Fetching candles for DOGE-USDT after [1695366000000,2023-09-22T07:00:00.000Z]
-> Candle.Publish [API]: DOGE-USDT / 1440
Fetching candles for ADA-USDT after [1694070000000,2023-09-07T07:00:00.000Z]
-> Candle.Publish [API]: ADA-USDT / 1440
Fetching candles for BTC-USDT after [1694070000000,2023-09-07T07:00:00.000Z]
Fetching candles for XRP-USDT after [1694070000000,2023-09-07T07:00:00.000Z]
-> Candle.Publish [API]: BTC-USDT / 1440
-> Candle.Publish [API]: XRP-USDT / 1440
Fetching candles for DOGE-USDT after [1694070000000,2023-09-07T07:00:00.000Z]
-> Candle.Publish [API]: DOGE-USDT / 1440
Fetching candles for ADA-USDT after [1692774000000,2023-08-23T07:00:00.000Z]
-> Candle.Publish [API]: ADA-USDT / 1440
Fetching candles for BTC-USDT after [1692774000000,2023-08-23T07:00:00.000Z]
Fetching candles for XRP-USDT after [1692774000000,2023-08-23T07:00:00.000Z]
-> Candle.Publish [API]: BTC-USDT / 1440
-> Candle.Publish [API]: XRP-USDT / 1440
Fetching candles for DOGE-USDT after [1692774000000,2023-08-23T07:00:00.000Z]
-> Candle.Publish [API]: DOGE-USDT / 1440
Fetching candles for ADA-USDT after [1691478000000,2023-08-08T07:00:00.000Z]
-> Candle.Publish [API]: ADA-USDT / 1440
Fetching candles for BTC-USDT after [1691478000000,2023-08-08T07:00:00.000Z]
Fetching candles for XRP-USDT after [1691478000000,2023-08-08T07:00:00.000Z]
-> Candle.Publish [API]: BTC-USDT / 1440
Fetching candles for DOGE-USDT after [1691478000000,2023-08-08T07:00:00.000Z]
-> Candle.Publish [API]: XRP-USDT / 1440
-> Candle.Publish [API]: DOGE-USDT / 1440
Fetching candles for ADA-USDT after [1690182000000,2023-07-24T07:00:00.000Z]
-> Candle.Publish [API]: ADA-USDT / 1440
Fetching candles for BTC-USDT after [1690182000000,2023-07-24T07:00:00.000Z]
Fetching candles for XRP-USDT after [1690182000000,2023-07-24T07:00:00.000Z]
-> Candle.Publish [API]: BTC-USDT / 1440
Fetching candles for DOGE-USDT after [1690182000000,2023-07-24T07:00:00.000Z]
-> Candle.Publish [API]: XRP-USDT / 1440
-> Candle.Publish [API]: DOGE-USDT / 1440
Fetching candles for ADA-USDT after [1688886000000,2023-07-09T07:00:00.000Z]
-> Candle.Publish [API]: ADA-USDT / 1440
Fetching candles for BTC-USDT after [1688886000000,2023-07-09T07:00:00.000Z]
Fetching candles for XRP-USDT after [1688886000000,2023-07-09T07:00:00.000Z]
-> Candle.Publish [API]: BTC-USDT / 1440
-> Candle.Publish [API]: XRP-USDT / 1440
Fetching candles for DOGE-USDT after [1688886000000,2023-07-09T07:00:00.000Z]
-> Candle.Publish [API]: DOGE-USDT / 1440
Fetching candles for ADA-USDT after [1687590000000,2023-06-24T07:00:00.000Z]
-> Candle.Publish [API]: ADA-USDT / 1440
Fetching candles for BTC-USDT after [1687590000000,2023-06-24T07:00:00.000Z]
Fetching candles for XRP-USDT after [1687590000000,2023-06-24T07:00:00.000Z]
-> Candle.Publish [API]: BTC-USDT / 1440
Fetching candles for DOGE-USDT after [1687590000000,2023-06-24T07:00:00.000Z]
-> Candle.Publish [API]: XRP-USDT / 1440
-> Candle.Publish [API]: DOGE-USDT / 1440
Fetching candles for ADA-USDT after [1686294000000,2023-06-09T07:00:00.000Z]
-> Candle.Publish [API]: ADA-USDT / 1440
Fetching candles for BTC-USDT after [1686294000000,2023-06-09T07:00:00.000Z]
Fetching candles for XRP-USDT after [1686294000000,2023-06-09T07:00:00.000Z]
-> Candle.Publish [API]: BTC-USDT / 1440
Fetching candles for DOGE-USDT after [1686294000000,2023-06-09T07:00:00.000Z]
-> Candle.Publish [API]: XRP-USDT / 1440
-> Candle.Publish [API]: DOGE-USDT / 1440
Fetching candles for ADA-USDT after [1684998000000,2023-05-25T07:00:00.000Z]
-> Candle.Publish [API]: ADA-USDT / 1440
Fetching candles for BTC-USDT after [1684998000000,2023-05-25T07:00:00.000Z]
Fetching candles for XRP-USDT after [1684998000000,2023-05-25T07:00:00.000Z]
-> Candle.Publish [API]: BTC-USDT / 1440
-> Candle.Publish [API]: XRP-USDT / 1440
Fetching candles for DOGE-USDT after [1684998000000,2023-05-25T07:00:00.000Z]
-> Candle.Publish [API]: DOGE-USDT / 1440
Fetching candles for ADA-USDT after [1683702000000,2023-05-10T07:00:00.000Z]
-> Candle.Publish [API]: ADA-USDT / 1440
Fetching candles for BTC-USDT after [1683702000000,2023-05-10T07:00:00.000Z]
Fetching candles for XRP-USDT after [1683702000000,2023-05-10T07:00:00.000Z]
-> Candle.Publish [API]: BTC-USDT / 1440
Fetching candles for DOGE-USDT after [1683702000000,2023-05-10T07:00:00.000Z]
-> Candle.Publish [API]: XRP-USDT / 1440
-> Candle.Publish [API]: DOGE-USDT / 1440
Fetching candles for ADA-USDT after [1682406000000,2023-04-25T07:00:00.000Z]
-> Candle.Publish [API]: ADA-USDT / 1440
Fetching candles for BTC-USDT after [1682406000000,2023-04-25T07:00:00.000Z]
Fetching candles for XRP-USDT after [1682406000000,2023-04-25T07:00:00.000Z]
-> Candle.Publish [API]: BTC-USDT / 1440
-> Candle.Publish [API]: XRP-USDT / 1440
Fetching candles for DOGE-USDT after [1682406000000,2023-04-25T07:00:00.000Z]
-> Candle.Publish [API]: DOGE-USDT / 1440
Fetching candles for ADA-USDT after [1681110000000,2023-04-10T07:00:00.000Z]
-> Candle.Publish [API]: ADA-USDT / 1440
Fetching candles for BTC-USDT after [1681110000000,2023-04-10T07:00:00.000Z]
Fetching candles for XRP-USDT after [1681110000000,2023-04-10T07:00:00.000Z]
-> Candle.Publish [API]: BTC-USDT / 1440
Fetching candles for DOGE-USDT after [1681110000000,2023-04-10T07:00:00.000Z]
-> Candle.Publish [API]: XRP-USDT / 1440
-> Candle.Publish [API]: DOGE-USDT / 1440
Fetching candles for ADA-USDT after [1679814000000,2023-03-26T07:00:00.000Z]
-> Candle.Publish [API]: ADA-USDT / 1440
Fetching candles for BTC-USDT after [1679814000000,2023-03-26T07:00:00.000Z]
Fetching candles for XRP-USDT after [1679814000000,2023-03-26T07:00:00.000Z]
-> Candle.Publish [API]: XRP-USDT / 1440
-> Candle.Publish [API]: BTC-USDT / 1440
Fetching candles for DOGE-USDT after [1679814000000,2023-03-26T07:00:00.000Z]
-> Candle.Publish [API]: DOGE-USDT / 1440
Fetching candles for ADA-USDT after [1678518000000,2023-03-11T07:00:00.000Z]
-> Candle.Publish [API]: ADA-USDT / 1440
Fetching candles for XRP-USDT after [1678518000000,2023-03-11T07:00:00.000Z]
Fetching candles for BTC-USDT after [1678518000000,2023-03-11T07:00:00.000Z]
-> Candle.Publish [API]: XRP-USDT / 1440
-> Candle.Publish [API]: BTC-USDT / 1440
Fetching candles for DOGE-USDT after [1678518000000,2023-03-11T07:00:00.000Z]
-> Candle.Publish [API]: DOGE-USDT / 1440
Fetching candles for ADA-USDT after [1677222000000,2023-02-24T07:00:00.000Z]
-> Candle.Publish [API]: ADA-USDT / 1440
Fetching candles for XRP-USDT after [1677222000000,2023-02-24T07:00:00.000Z]
Fetching candles for BTC-USDT after [1677222000000,2023-02-24T07:00:00.000Z]
-> Candle.Publish [API]: XRP-USDT / 1440
-> Candle.Publish [API]: BTC-USDT / 1440
Fetching candles for DOGE-USDT after [1677222000000,2023-02-24T07:00:00.000Z]
-> Candle.Publish [API]: DOGE-USDT / 1440
Fetching candles for ADA-USDT after [1675926000000,2023-02-09T07:00:00.000Z]
-> Candle.Publish [API]: ADA-USDT / 1440
Fetching candles for XRP-USDT after [1675926000000,2023-02-09T07:00:00.000Z]
Fetching candles for BTC-USDT after [1675926000000,2023-02-09T07:00:00.000Z]
-> Candle.Publish [API]: XRP-USDT / 1440
-> Candle.Publish [API]: BTC-USDT / 1440
Fetching candles for DOGE-USDT after [1675926000000,2023-02-09T07:00:00.000Z]
-> Candle.Publish [API]: DOGE-USDT / 1440
Fetching candles for ADA-USDT after [1674630000000,2023-01-25T07:00:00.000Z]
-> Candle.Publish [API]: ADA-USDT / 1236
Fetching candles for XRP-USDT after [1674630000000,2023-01-25T07:00:00.000Z]
Fetching candles for BTC-USDT after [1674630000000,2023-01-25T07:00:00.000Z]
-> Candle.Publish [API]: XRP-USDT / 1236
-> Candle.Publish [API]: BTC-USDT / 1236
Fetching candles for DOGE-USDT after [1674630000000,2023-01-25T07:00:00.000Z]
-> Candle.Publish [API]: DOGE-USDT / 1236
Fetching candles for ADA-USDT after [1673517600000,2023-01-12T10:00:00.000Z]
Fetching candles for XRP-USDT after [1673517600000,2023-01-12T10:00:00.000Z]
Fetching candles for BTC-USDT after [1673517600000,2023-01-12T10:00:00.000Z]
Fetching candles for DOGE-USDT after [1673517600000,2023-01-12T10:00:00.000Z]
-> Import for ONDO-USDT complete: 1/8/2026, 10:56:41 PM
   # [Info] ONDO-USDT: 2 candles imported
   # [Info] ONDO-USDT: 1 candles updated
-> Import for XRP-USDT complete: 1/8/2026, 10:56:41 PM
   # [Info] XRP-USDT: 2 candles imported
   # [Info] XRP-USDT: 1 candles updated
-> Import for DOGE-USDT complete: 1/8/2026, 10:56:41 PM
   # [Info] DOGE-USDT: 2 candles imported
   # [Info] DOGE-USDT: 1 candles updated
-> Import for AR-USDT complete: 1/8/2026, 10:56:41 PM
   # [Info] AR-USDT: 1 candles updated
-> Import for ADA-USDT complete: 1/8/2026, 10:56:41 PM
   # [Info] ADA-USDT: 2 candles imported
   # [Info] ADA-USDT: 1 candles updated
-> Import for BTC-USDT complete: 1/8/2026, 10:56:41 PM
   # [Info] BTC-USDT: 2 candles imported
   # [Info] BTC-USDT: 1 candles updated
-> Import for AR-USDT complete: 1/8/2026, 10:56:41 PM
   # [Info] AR-USDT: 1 candles imported
   # [Info] AR-USDT: 1 candles updated
-> Import for AVAX-USDT complete: 1/8/2026, 10:56:41 PM
   # [Info] AVAX-USDT: 1 candles updated
updated -> [Info] candle updated {
  filters: {
    instrument: <Buffer d4 45 2e>,
    period: <Buffer 03 e8 0e>,
    timestamp: 1767941100000
  },
  columns: {
    close: 0.14308,
    volume: 483,
    vol_currency: 483870,
    vol_currency_quote: 69193.2885
  }
}
updated -> [Info] candle updated {
  filters: {
    instrument: <Buffer dd 63 0b>,
    period: <Buffer 03 e8 0e>,
    timestamp: 1767941100000
  },
  columns: {
    close: 0.4064,
    volume: 44148,
    vol_currency: 4414.8,
    vol_currency_quote: 1792.62273
  }
}
updated -> [Info] candle updated {
  filters: {
    instrument: <Buffer 4d 38 93>,
    period: <Buffer 28 17 01>,
    timestamp: 1767938400000
  },
  columns: {
    close: 14.006,
    volume: 3887,
    vol_currency: 3887.7,
    vol_currency_quote: 54388.1428
  }
}
updated -> [Info] candle updated {
  filters: {
    instrument: <Buffer 34 01 a2>,
    period: <Buffer 76 3c 11>,
    timestamp: 1767940200000
  },
  columns: {
    high: 3.856,
    close: 3.856,
    volume: 1147,
    vol_currency: 114.7,
    vol_currency_quote: 441.7047
  }
}
updated -> [Info] candle updated {
  filters: {
    instrument: <Buffer 94 99 63>,
    period: <Buffer 03 e8 0e>,
    timestamp: 1767941100000
  },
  columns: { volume: 392, vol_currency: 39226, vol_currency_quote: 15656.0316 }
}
updated -> [Info] candle updated {
  filters: {
    instrument: <Buffer 6b 57 71>,
    period: <Buffer 03 e8 0e>,
    timestamp: 1767941100000
  },
  columns: {
    close: 91109.3,
    volume: 2273,
    vol_currency: 2.2736,
    vol_currency_quote: 207068.22879
  }
}
updated -> [Info] candle updated {
  filters: {
    instrument: <Buffer a2 80 0a>,
    period: <Buffer 03 e8 0e>,
    timestamp: 1767941100000
  },
  columns: {
    close: 2.1416,
    volume: 1261,
    vol_currency: 126196,
    vol_currency_quote: 270298.804
  }
}
updated -> [Info] candle updated {
  filters: {
    instrument: <Buffer 34 01 a2>,
    period: <Buffer 28 17 01>,
    timestamp: 1767938400000
  },
  columns: {
    high: 3.856,
    close: 3.856,
    volume: 1489,
    vol_currency: 148.9,
    vol_currency_quote: 572.8671
  }
}
In Candles.Publish [API]: 1/8/2026, 10:56:41 PM
-> Authorized Symbols: ONDO-USDT,XRP-USDT,DOGE-USDT,AR-USDT,ADA-USDT,BTC-USDT,AR-USDT,AVAX-USDT
   # [Info] ONDO-USDT: 1 candles updated
   # [Info] XRP-USDT: 1 candles updated
   # [Info] DOGE-USDT: 1 candles updated
   # [Info] AR-USDT: 1 candles updated
   # [Info] ADA-USDT: 1 candles updated
   # [Info] BTC-USDT: 1 candles updated
   # [Info] AR-USDT: 1 candles updated
   # [Info] AVAX-USDT: 1 candles updated
>> [Info] Application.Initialization finished: 1/8/2026, 10:56:42 PM
[Info] App.Main: ONDO-USDT process spawned; PID [462860]
[Info] App.Main: XRP-USDT process spawned; PID [462861]
[Info] App.Main: DOGE-USDT process spawned; PID [462867]
[Info] App.Main: AR-USDT process spawned; PID [462868]
[Info] App.Main: ADA-USDT process spawned; PID [462874]
[Info] App.Main: BTC-USDT process spawned; PID [462885]
[Info] App.Main: AR-USDT process spawned; PID [462887]
[Info] App.Main: AVAX-USDT process spawned; PID [462899]
[Info] Session.Config: Blofin Demo configured successfully
[Info] Session.Config: Blofin Demo configured successfully
[Info] Session.Config: Blofin Demo configured successfully
[Info] Session.Config: Blofin Demo configured successfully
[Info] Session.Config: Blofin Demo configured successfully
[Info] Session.Config: Blofin Demo configured successfully
[Info] Session.Config: Blofin Demo configured successfully
[Info] Session.Config: Blofin Demo configured successfully
Connected to websocket: [462402:wss://demo-trading-openapi.blofin.com/ws/private]
Subscriptions: { channel: 'account' }
Subscriptions: { channel: 'positions' }
Subscriptions: { channel: 'orders' }
-> WSS.Publish [API]
updated -> [Info] account updated {
  filters: { account: <Buffer 24 59 7a> },
  columns: { total_equity: 67890.396, update_time: 2026-01-09T06:56:43.576Z }
}
updated -> [Info] account_detail updated {
  filters: { account: <Buffer 24 59 7a>, currency: <Buffer b5 2b c7> },
  columns: { equity_usd: 67890.396, coin_usd_price: 0.998811 }
}
updated -> [Info] account updated {
  filters: { account: <Buffer 24 59 7a> },
  columns: { update_time: 2026-01-09T06:56:49.179Z }
}
In Execute.Trades: 1/8/2026, 10:57:12 PM
In Orders.Import [API]
-> Fetch:History [API]
In Position.Import [API] 1/8/2026, 10:57:12 PM
-> Fetch:Pending [API]
-> History.Publish [API]
   # History Orders Rejected:  20 [
  {
    order_id: <Buffer 00 e8 da cc c9 66>,
    symbol: 'PONKE-USDT',
    position: 'net',
    memo: '>> [Error] Orders.Publish: Invalid instrument position; order rejected'
  },
  {
    order_id: <Buffer 00 e8 da ca 62 50>,
    symbol: 'POPCAT-USDT',
    position: 'net',
    memo: '>> [Error] Orders.Publish: Invalid instrument position; order rejected'
  },
  {
    order_id: <Buffer 00 e8 da ca 52 e2>,
    symbol: 'PONKE-USDT',
    position: 'net',
    memo: '>> [Error] Orders.Publish: Invalid instrument position; order rejected'
  },
  {
    order_id: <Buffer 00 e8 da ca 46 e9>,
    symbol: 'PONKE-USDT',
    position: 'net',
    memo: '>> [Error] Orders.Publish: Invalid instrument position; order rejected'
  },
  {
    order_id: <Buffer 00 e8 da ca 46 d3>,
    symbol: 'PONKE-USDT',
    position: 'net',
    memo: '>> [Error] Orders.Publish: Invalid instrument position; order rejected'
  },
  {
    order_id: <Buffer 00 e8 da ca 46 77>,
    symbol: 'POPCAT-USDT',
    position: 'net',
    memo: '>> [Error] Orders.Publish: Invalid instrument position; order rejected'
  },
  {
    order_id: <Buffer 00 e8 da ca 46 57>,
    symbol: 'POPCAT-USDT',
    position: 'net',
    memo: '>> [Error] Orders.Publish: Invalid instrument position; order rejected'
  },
  {
    order_id: <Buffer 00 e8 da c9 3e a9>,
    symbol: 'DOGE-USDT',
    position: 'net',
    memo: '>> [Error] Orders.Publish: Invalid instrument position; order rejected'
  },
  {
    order_id: <Buffer 00 e8 da c9 3d d2>,
    symbol: 'DOGE-USDT',
    position: 'net',
    memo: '>> [Error] Orders.Publish: Invalid instrument position; order rejected'
  },
  {
    order_id: <Buffer 00 e8 da c9 3d c0>,
    symbol: 'DOGE-USDT',
    position: 'net',
    memo: '>> [Error] Orders.Publish: Invalid instrument position; order rejected'
  },
  {
    order_id: <Buffer 00 e8 da c8 d1 ef>,
    symbol: 'DOGE-USDT',
    position: 'net',
    memo: '>> [Error] Orders.Publish: Invalid instrument position; order rejected'
  },
  {
    order_id: <Buffer 00 e8 da c8 7d 99>,
    symbol: 'DOGE-USDT',
    position: 'net',
    memo: '>> [Error] Orders.Publish: Invalid instrument position; order rejected'
  },
  {
    order_id: <Buffer 00 e8 da c8 55 a7>,
    symbol: 'DOGE-USDT',
    position: 'net',
    memo: '>> [Error] Orders.Publish: Invalid instrument position; order rejected'
  },
  {
    order_id: <Buffer 00 e8 da c8 55 43>,
    symbol: 'DOGE-USDT',
    position: 'net',
    memo: '>> [Error] Orders.Publish: Invalid instrument position; order rejected'
  },
  {
    order_id: <Buffer 00 e8 da c8 4d f2>,
    symbol: 'BTC-USDT',
    position: 'net',
    memo: '>> [Error] Orders.Publish: Invalid instrument position; order rejected'
  },
  {
    order_id: <Buffer 00 e8 da c8 25 97>,
    symbol: 'DOGE-USDT',
    position: 'net',
    memo: '>> [Error] Orders.Publish: Invalid instrument position; order rejected'
  },
  {
    order_id: <Buffer 00 e8 da c7 f4 09>,
    symbol: 'DOGE-USDT',
    position: 'net',
    memo: '>> [Error] Orders.Publish: Invalid instrument position; order rejected'
  },
  {
    order_id: <Buffer 00 e8 da c7 f3 8e>,
    symbol: 'DOGE-USDT',
    position: 'net',
    memo: '>> [Error] Orders.Publish: Invalid instrument position; order rejected'
  },
  {
    order_id: <Buffer 00 e8 da c5 34 4d>,
    symbol: 'BTC-USDT',
    position: 'net',
    memo: '>> [Error] Orders.Publish: Invalid instrument position; order rejected'
  },
  {
    order_id: <Buffer 00 e8 da c5 34 39>,
    symbol: 'BTC-USDT',
    position: 'net',
    memo: '>> [Error] Orders.Publish: Invalid instrument position; order rejected'
  }
]
-> Pending.Publish [API]
   # Pending Orders Processed [1]:  1 published
updated -> [Info] request updated {
  filters: { request: <Buffer f7 34 79 a1 f2 ba> },
  columns: { state: <Buffer 1b 0c b1> }
}
updated -> [Info] request updated {
  filters: { request: <Buffer f7 34 79 a1 f2 ba> },
  columns: {
    memo: '[Expired]: Pending order changed to Canceled',
    update_time: 2026-01-09T06:57:12.599Z
  }
}
-> WSS.Publish [API]
updated -> [Info] request updated {
  filters: { request: <Buffer f7 34 79 a1 f2 ba> },
  columns: {
    order_id: <Buffer 00 e8 db b7 79 19>,
    state: <Buffer e8 fc f7>,
    memo: '[Info] Order canceled successfully',
    update_time: 2026-01-09T06:57:13.006Z
  }
}
updated -> [Info] account updated {
  filters: { account: <Buffer 24 59 7a> },
  columns: { update_time: 2026-01-09T06:57:12.971Z }
}
updated -> [Info] orders updated {
  filters: { order_id: <Buffer 00 e8 db b7 79 19> },
  columns: { order_state: <Buffer 97 e7 4e> }
}
updated -> [Info] account_detail updated {
  filters: { account: <Buffer 24 59 7a>, currency: <Buffer b5 2b c7> },
  columns: {
    available: 67971.213,
    available_equity: 67971.213,
    frozen: 0,
    order_frozen: 0,
    update_time: 2026-01-09T06:57:12.965Z
  }
}
-> WSS.Publish [API]
updated -> [Info] account updated {
  filters: { account: <Buffer 24 59 7a> },
  columns: { total_equity: 67889.036, update_time: 2026-01-09T06:57:24.895Z }
}
updated -> [Info] account_detail updated {
  filters: { account: <Buffer 24 59 7a>, currency: <Buffer b5 2b c7> },
  columns: { equity_usd: 67889.036, coin_usd_price: 0.998791 }
}
In Execute.Trades: 1/8/2026, 10:57:41 PM
In Orders.Import [API]
-> Fetch:History [API]
In Position.Import [API] 1/8/2026, 10:57:41 PM
-> Fetch:Pending [API]
-> History.Publish [API]
   # History Orders Rejected:  20 [
  {
    order_id: <Buffer 00 e8 da cc d5 1b>,
    symbol: 'ETH-USDT',
    position: 'net',
    memo: '>> [Error] Orders.Publish: Invalid instrument position; order rejected'
  },
  {
    order_id: <Buffer 00 e8 da cc d4 9e>,
    symbol: 'BTC-USDT',
    position: 'net',
    memo: '>> [Error] Orders.Publish: Invalid instrument position; order rejected'
  },
  {
    order_id: <Buffer 00 e8 da cc d4 9a>,
    symbol: 'XRP-USDT',
    position: 'net',
    memo: '>> [Error] Orders.Publish: Invalid instrument position; order rejected'
  },
  {
    order_id: <Buffer 00 e8 da cc d4 8c>,
    symbol: 'ETH-USDT',
    position: 'net',
    memo: '>> [Error] Orders.Publish: Invalid instrument position; order rejected'
  },
  {
    order_id: <Buffer 00 e8 da cc d4 8a>,
    symbol: 'ETH-USDT',
    position: 'net',
    memo: '>> [Error] Orders.Publish: Invalid instrument position; order rejected'
  },
  {
    order_id: <Buffer 00 e8 da cc d4 78>,
    symbol: 'LINK-USDT',
    position: 'net',
    memo: '>> [Error] Orders.Publish: Invalid instrument position; order rejected'
  },
  {
    order_id: <Buffer 00 e8 da cc d3 d3>,
    symbol: 'ETH-USDT',
    position: 'net',
    memo: '>> [Error] Orders.Publish: Invalid instrument position; order rejected'
  },
  {
    order_id: <Buffer 00 e8 da cc d3 a1>,
    symbol: 'ETH-USDT',
    position: 'net',
    memo: '>> [Error] Orders.Publish: Invalid instrument position; order rejected'
  },
  {
    order_id: <Buffer 00 e8 da cc d3 40>,
    symbol: 'POPCAT-USDT',
    position: 'net',
    memo: '>> [Error] Orders.Publish: Invalid instrument position; order rejected'
  },
  {
    order_id: <Buffer 00 e8 da cc d3 36>,
    symbol: 'TURBO-USDT',
    position: 'net',
    memo: '>> [Error] Orders.Publish: Invalid instrument position; order rejected'
  },
  {
    order_id: <Buffer 00 e8 da cc d3 32>,
    symbol: 'PONKE-USDT',
    position: 'net',
    memo: '>> [Error] Orders.Publish: Invalid instrument position; order rejected'
  },
  {
    order_id: <Buffer 00 e8 da cc d3 1a>,
    symbol: 'NOT-USDT',
    position: 'net',
    memo: '>> [Error] Orders.Publish: Invalid instrument position; order rejected'
  },
  {
    order_id: <Buffer 00 e8 da cc d2 a9>,
    symbol: 'XRP-USDT',
    position: 'net',
    memo: '>> [Error] Orders.Publish: Invalid instrument position; order rejected'
  },
  {
    order_id: <Buffer 00 e8 da cc d2 87>,
    symbol: 'TURBO-USDT',
    position: 'net',
    memo: '>> [Error] Orders.Publish: Invalid instrument position; order rejected'
  },
  {
    order_id: <Buffer 00 e8 da cc d2 71>,
    symbol: 'NOT-USDT',
    position: 'net',
    memo: '>> [Error] Orders.Publish: Invalid instrument position; order rejected'
  },
  {
    order_id: <Buffer 00 e8 da cc d2 65>,
    symbol: 'ETH-USDT',
    position: 'net',
    memo: '>> [Error] Orders.Publish: Invalid instrument position; order rejected'
  },
  {
    order_id: <Buffer 00 e8 da cc d2 5c>,
    symbol: 'BTC-USDT',
    position: 'net',
    memo: '>> [Error] Orders.Publish: Invalid instrument position; order rejected'
  },
  {
    order_id: <Buffer 00 e8 da cc ca a6>,
    symbol: 'LINK-USDT',
    position: 'net',
    memo: '>> [Error] Orders.Publish: Invalid instrument position; order rejected'
  },
  {
    order_id: <Buffer 00 e8 da cc c9 c2>,
    symbol: 'PONKE-USDT',
    position: 'net',
    memo: '>> [Error] Orders.Publish: Invalid instrument position; order rejected'
  },
  {
    order_id: <Buffer 00 e8 da cc c9 ae>,
    symbol: 'POPCAT-USDT',
    position: 'net',
    memo: '>> [Error] Orders.Publish: Invalid instrument position; order rejected'
  }
]
