Test 1b: request reject on size, resub, then edit and resub
{ instrument_position: <Buffer ed da 99 9d fb 4e> }
updated -> [Info] request updated {
  filters: { request: <Buffer 54 83 36 fb fd b2> },
  columns: { size: 1000 }
}
updated -> [Info] request updated {
  filters: { request: <Buffer 54 83 36 fb fd b2> },
  columns: {
    memo: 'Test 1b: Correcting Order: Clears Rejected status; resubmitted',
    expiry_time: 2026-01-29T21:51:47.725Z,
    update_time: 2026-01-29T13:51:47.757Z
  }
}
[Info] Starting Order: submitting request [Request.req_fcrt_1b] {
  account: <Buffer 24 59 7a>,
  instrument_position: <Buffer ed da 99 9d fb 4e>,
  symbol: 'XRP-USDT',
  position: 'short',
  action: 'sell',
  order_type: 'limit',
  price: 2.85,
  size: 1000,
  leverage: 50,
  expiry_time: 2026-01-29T21:51:47.725Z,
  memo: 'Test 1b: request reject on size, resub, then edit and resub'
}
Test 1b: Request submitted, check db for results. {
  key: { request: <Buffer 54 83 36 fb fd b2> },
  response: {
    success: true,
    code: 0,
    response: 'updated',
    rows: 1,
    context: 'Request.Publish.Submit'
  }
}
Fetched order from DB: {
  key: { request: <Buffer 54 83 36 fb fd b2> },
  response: {
    success: true,
    code: 0,
    response: 'updated',
    rows: 1,
    context: 'Request.Publish.Submit'
  }
} [
  {
    request: <Buffer 54 83 36 fb fd b2>,
    order_id: null,
    account: <Buffer 24 59 7a>,
    instrument: <Buffer a2 80 0a>,
    instrument_position: <Buffer ed da 99 9d fb 4e>,
    symbol: 'XRP-USDT',
    base_currency: <Buffer 20 e0 67>,
    base_symbol: 'XRP',
    quote_currency: <Buffer b5 2b c7>,
    quote_symbol: 'USDT',
    state: <Buffer b7 24 46>,
    status: 'Rejected',
    request_state: <Buffer b7 24 46>,
    request_status: 'Rejected',
    order_state: null,
    order_status: null,
    position: 'short',
    action: 'sell',
    request_type: <Buffer b8 32 96>,
    order_type: 'limit',
    margin_mode: 'cross',
    price: 2.85,
    size: 1000,
    leverage: 50,
    filled_size: null,
    filled_amount: null,
    average_price: null,
    fee: null,
    pnl: null,
    digits: 4,
    order_category: null,
    category: null,
    cancel_source: null,
    canceled_by: null,
    contract_type: <Buffer 9b 1a cc>,
    instrument_type: <Buffer e1 a1 fa>,
    reduce_only: 1,
    broker_id: null,
    trade_period: <Buffer 03 e8 0e>,
    trade_timeframe: '15m',
    timeframe_units: 15,
    memo: 'Test 1b: Correcting Order: Clears Rejected status; resubmitted',
    create_time: 2026-01-29T13:48:51.930Z,
    expiry_time: 2026-01-29T21:51:47.725Z,
    update_time: 2026-01-29T13:51:47.757Z
  }
]
