Test 1d: request reject on size, resub, then edit and resub
{
  instrument_position: <Buffer ed da 99 9d fb 4e>,
  audit: [
    {
      account: <Buffer 24 59 7a>,
      instrument_position: <Buffer ed da 99 9d fb 4e>,
      instrument: <Buffer a2 80 0a>,
      position: 'short',
      symbol: 'XRP-USDT',
      base_currency: <Buffer 20 e0 67>,
      base_symbol: 'XRP',
      quote_currency: <Buffer b5 2b c7>,
      quote_symbol: 'USDT',
      state: <Buffer e8 fc f7>,
      status: 'Closed',
      occurs: 145
    },
    {
      account: <Buffer 24 59 7a>,
      instrument_position: <Buffer ed da 99 9d fb 4e>,
      instrument: <Buffer a2 80 0a>,
      position: 'short',
      symbol: 'XRP-USDT',
      base_currency: <Buffer 20 e0 67>,
      base_symbol: 'XRP',
      quote_currency: <Buffer b5 2b c7>,
      quote_symbol: 'USDT',
      state: <Buffer e1 cb 25>,
      status: 'Fulfilled',
      occurs: 17
    },
    {
      account: <Buffer 24 59 7a>,
      instrument_position: <Buffer ed da 99 9d fb 4e>,
      instrument: <Buffer a2 80 0a>,
      position: 'short',
      symbol: 'XRP-USDT',
      base_currency: <Buffer 20 e0 67>,
      base_symbol: 'XRP',
      quote_currency: <Buffer b5 2b c7>,
      quote_symbol: 'USDT',
      state: <Buffer 4b c9 9c>,
      status: 'Pending',
      occurs: 1
    }
  ],
  valid: [
    {
      account: <Buffer 24 59 7a>,
      instrument_position: <Buffer ed da 99 9d fb 4e>,
      instrument: <Buffer a2 80 0a>,
      position: 'short',
      symbol: 'XRP-USDT',
      base_currency: <Buffer 20 e0 67>,
      base_symbol: 'XRP',
      quote_currency: <Buffer b5 2b c7>,
      quote_symbol: 'USDT',
      state: <Buffer 4b c9 9c>,
      status: 'Pending',
      occurs: 1
    }
  ]
}
updated -> [Info] request updated {
  filters: { request: <Buffer f7 34 79 a1 f2 ba> },
  columns: {
    memo: 'Test 1d: Updating Order: setting expiry to 1m;',
    expiry_time: 2026-01-09T06:37:02.423Z,
    update_time: 2026-01-09T06:36:02.457Z
  }
}
[Info] Starting Order: submitting request [Request.req_fcrt_1d] {
  account: <Buffer 24 59 7a>,
  instrument_position: <Buffer ed da 99 9d fb 4e>,
  symbol: 'XRP-USDT',
  position: 'short',
  expiry_time: 2026-01-09T06:37:02.423Z,
  memo: 'Test 1d: request reject on size, resub, then edit and resub'
}
Test 1d: Request submitted, check db for results. {
  key: { request: <Buffer f7 34 79 a1 f2 ba> },
  response: { success: true, code: 0, state: 'updated', rows: 1 }
}
Fetched order from DB: undefined
