Test 1a: request reject on size, resub, then edit and resub
{
  instrument_position: <Buffer 11 9b b0 95 07 bd>,
  audit: [
    {
      account: <Buffer 24 59 7a>,
      instrument_position: <Buffer 11 9b b0 95 07 bd>,
      instrument: <Buffer 54 e7 5e>,
      position: 'short',
      symbol: 'XRP-USDT',
      base_currency: <Buffer c2 35 f3>,
      base_symbol: 'XRP',
      quote_currency: <Buffer cb 69 43>,
      quote_symbol: 'USDT',
      state: <Buffer e8 fc f7>,
      status: 'Closed',
      occurs: 130
    },
    {
      account: <Buffer 24 59 7a>,
      instrument_position: <Buffer 11 9b b0 95 07 bd>,
      instrument: <Buffer 54 e7 5e>,
      position: 'short',
      symbol: 'XRP-USDT',
      base_currency: <Buffer c2 35 f3>,
      base_symbol: 'XRP',
      quote_currency: <Buffer cb 69 43>,
      quote_symbol: 'USDT',
      state: <Buffer e1 cb 25>,
      status: 'Fulfilled',
      occurs: 16
    }
  ],
  valid: []
}
-> [Info] request inserted {
  fields: [
    'request',
    'instrument_position',
    'action',
    'state',
    'price',
    'size',
    'leverage',
    'request_type',
    'margin_mode',
    'memo',
    'create_time',
    'expiry_time',
    'update_time'
  ],
  args: [
    <Buffer 0f bc 26 d6 b6 47>,
    <Buffer 11 9b b0 95 07 bd>,
    'sell',
    <Buffer 62 57 cb>,
    2.85,
    100000,
    50,
    <Buffer b8 32 96>,
    'cross',
    'Test 1a: Starting Order: Results in Rejected status',
    2025-12-03T15:29:15.140Z,
    2025-12-03T23:29:15.106Z,
    2025-12-03T15:29:15.140Z
  ]
}
[Info] Starting Order: submitting request [Request.req_fcrt_1a] {
  account: <Buffer 24 59 7a>,
  instrument_position: <Buffer 11 9b b0 95 07 bd>,
  symbol: 'XRP-USDT',
  position: 'short',
  action: 'sell',
  order_type: 'limit',
  price: 2.85,
  size: 100000,
  leverage: 50,
  expiry_time: 2025-12-03T23:29:15.106Z,
  memo: 'Test 1a: request reject on size, resub, then edit and resub'
}
Test 1a: Request submitted, check db for results. <Buffer 0f bc 26 d6 b6 47>
Fetched order from DB: [
  {
    request: <Buffer 0f bc 26 d6 b6 47>,
    order_id: null,
    account: <Buffer 24 59 7a>,
    instrument: <Buffer 54 e7 5e>,
    instrument_position: <Buffer 11 9b b0 95 07 bd>,
    symbol: 'XRP-USDT',
    base_currency: <Buffer c2 35 f3>,
    base_symbol: 'XRP',
    quote_currency: <Buffer cb 69 43>,
    quote_symbol: 'USDT',
    state: <Buffer 62 57 cb>,
    status: 'Queued',
    request_state: <Buffer 62 57 cb>,
    request_status: 'Queued',
    order_state: null,
    order_status: null,
    position: 'short',
    action: 'sell',
    request_type: <Buffer b8 32 96>,
    order_type: 'limit',
    margin_mode: 'cross',
    price: 2.85,
    size: 100000,
    leverage: 50,
    filled_size: null,
    filled_amount: null,
    average_price: null,
    fee: null,
    pnl: null,
    digits: 4,
    order_category: null,
    category: null,
    cancel_source: null,
    canceled_by: null,
    contract_type: <Buffer 9b 1a cc>,
    instrument_type: <Buffer e1 a1 fa>,
    reduce_only: 1,
    broker_id: null,
    trade_period: <Buffer 03 e8 0e>,
    trade_timeframe: '15m',
    timeframe_units: 15,
    memo: 'Test 1a: Starting Order: Results in Rejected status',
    create_time: 2025-12-03T15:29:15.140Z,
    expiry_time: 2025-12-03T23:29:15.106Z,
    update_time: 2025-12-03T15:29:15.140Z
  }
]
