Test 1c: request reject on size, resub, then edit and resub
{
  instrument_position: <Buffer ed da 99 9d fb 4e>,
  audit: [
    {
      account: <Buffer 24 59 7a>,
      instrument_position: <Buffer ed da 99 9d fb 4e>,
      instrument: <Buffer a2 80 0a>,
      position: 'short',
      symbol: 'XRP-USDT',
      base_currency: <Buffer 20 e0 67>,
      base_symbol: 'XRP',
      quote_currency: <Buffer b5 2b c7>,
      quote_symbol: 'USDT',
      state: <Buffer e8 fc f7>,
      status: 'Closed',
      occurs: 136
    },
    {
      account: <Buffer 24 59 7a>,
      instrument_position: <Buffer ed da 99 9d fb 4e>,
      instrument: <Buffer a2 80 0a>,
      position: 'short',
      symbol: 'XRP-USDT',
      base_currency: <Buffer 20 e0 67>,
      base_symbol: 'XRP',
      quote_currency: <Buffer b5 2b c7>,
      quote_symbol: 'USDT',
      state: <Buffer e1 cb 25>,
      status: 'Fulfilled',
      occurs: 16
    },
    {
      account: <Buffer 24 59 7a>,
      instrument_position: <Buffer ed da 99 9d fb 4e>,
      instrument: <Buffer a2 80 0a>,
      position: 'short',
      symbol: 'XRP-USDT',
      base_currency: <Buffer 20 e0 67>,
      base_symbol: 'XRP',
      quote_currency: <Buffer b5 2b c7>,
      quote_symbol: 'USDT',
      state: <Buffer 4b c9 9c>,
      status: 'Pending',
      occurs: 1
    }
  ],
  valid: [
    {
      account: <Buffer 24 59 7a>,
      instrument_position: <Buffer ed da 99 9d fb 4e>,
      instrument: <Buffer a2 80 0a>,
      position: 'short',
      symbol: 'XRP-USDT',
      base_currency: <Buffer 20 e0 67>,
      base_symbol: 'XRP',
      quote_currency: <Buffer b5 2b c7>,
      quote_symbol: 'USDT',
      state: <Buffer 4b c9 9c>,
      status: 'Pending',
      occurs: 1
    }
  ]
}
-> [Info] request updated {
  filters: { request: <Buffer 3a b3 df b2 1b 8a> },
  columns: {
    expiry_time: 2025-12-16T16:52:05.122Z,
    update_time: 2025-12-16T15:52:05.153Z
  }
}
[Info] Starting Order: submitting request [Request.req_fcrt_1c] {
  account: <Buffer 24 59 7a>,
  instrument_position: <Buffer ed da 99 9d fb 4e>,
  symbol: 'XRP-USDT',
  position: 'short',
  action: 'sell',
  order_type: 'limit',
  price: 2.55,
  size: 100,
  leverage: 50,
  status: 'Hold',
  expiry_time: 2025-12-16T16:52:05.122Z,
  memo: 'Test 1c: request reject on size, resub, then edit and resub'
}
Test 1c: Request submitted, check db for results. <Buffer 3a b3 df b2 1b 8a>
Fetched order from DB: [
  {
    request: <Buffer 3a b3 df b2 1b 8a>,
    order_id: <Buffer 00 e8 db ab 0f a8>,
    account: <Buffer 24 59 7a>,
    instrument: <Buffer a2 80 0a>,
    instrument_position: <Buffer ed da 99 9d fb 4e>,
    symbol: 'XRP-USDT',
    base_currency: <Buffer 20 e0 67>,
    base_symbol: 'XRP',
    quote_currency: <Buffer b5 2b c7>,
    quote_symbol: 'USDT',
    state: <Buffer 4b c9 9c>,
    status: 'Pending',
    request_state: <Buffer 4b c9 9c>,
    request_status: 'Pending',
    order_state: <Buffer de 78 79>,
    order_status: 'live',
    position: 'short',
    action: 'sell',
    request_type: <Buffer b8 32 96>,
    order_type: 'limit',
    margin_mode: 'cross',
    price: 2.55,
    size: 100,
    leverage: 50,
    filled_size: 0,
    filled_amount: 0,
    average_price: 0,
    fee: 0,
    pnl: 0,
    digits: 4,
    order_category: <Buffer 4f ae 94>,
    category: 'normal',
    cancel_source: <Buffer 3d 66 8d>,
    canceled_by: 'not_canceled',
    contract_type: <Buffer 9b 1a cc>,
    instrument_type: <Buffer e1 a1 fa>,
    reduce_only: 1,
    broker_id: null,
    trade_period: <Buffer 03 e8 0e>,
    trade_timeframe: '15m',
    timeframe_units: 15,
    memo: 'Test 1c: Updating Order: Updates to hold;',
    create_time: 2025-12-16T15:38:00.688Z,
    expiry_time: 2025-12-16T16:52:05.122Z,
    update_time: 2025-12-16T15:52:05.153Z
  }
]
