[Info] Session.Config: Blofin Demo configured successfully
>> [Info] Application.Initialization start: 1/13/2026, 10:20:14 AM
-> Active Session: {
  candle_max_fetch: 1440,
  leverage_max_fetch: 20,
  orders_max_fetch: 100,
  default_sma: 60,
  default_leverage: 10,
  alias: 'Blofin Demo',
  api: '740ca668a6d34933b9534d805e18adc1',
  secret: '732f894dd0f6476083dd7bd11bf04198',
  phrase: 'development_api_key',
  rest_api_url: 'https://demo-trading-openapi.blofin.com',
  private_wss_url: 'wss://demo-trading-openapi.blofin.com/ws/private',
  public_wss_url: 'wss://demo-trading-openapi.blofin.com/ws/public',
  account: <Buffer 24 59 7a>,
  margin_mode: 'cross',
  hedging: 1,
  state: 'disconnected',
  audit_order: '0',
  audit_stops: '0'
}
In Subject.Area.Import: 1/13/2026, 10:20:14 AM
-> Subject.Area.Import complete: No new areas; 5 areas verified;
In Activity.Import: 1/13/2026, 10:20:14 AM
-> Activity.Import complete: No new activities; 8 activities verified;
In Authority.Import: 1/13/2026, 10:20:14 AM
-> Authority.Import complete: No new privileges; 6 privileges verified;
In Broker.Import: 1/13/2026, 10:20:14 AM
-> Broker.Import complete: No new brokers; 1 brokers verified;
In Environment.Import: 1/13/2026, 10:20:15 AM
-> Environment.Import complete: No new environments; 4 environments verified;
In Period.Import: 1/13/2026, 10:20:15 AM
-> Period.Import complete: No new periods; 15 periods verified;
In Reference.Import: 1/13/2026, 10:20:15 AM
   # Order State imports:  7 verified
   # Request Type imports:  6 verified
   # Cancel Source imports:  3 verified
   # Price Type imports:  3 verified
   # Margin Mode imports:  2 verified
   # Hedging imports:  2 verified
   # Stop Type imports:  2 verified
   # Position imports:  3 verified
   # Order Category imports:  6 verified
In Role.Import: 1/13/2026, 10:20:15 AM
-> Role.Import complete: No new roles; 4 roles verified;
In State.Import: 1/13/2026, 10:20:15 AM
-> State.Import complete: No new states; 15 states verified;
In Instruments.Import [API]: 1/13/2026, 10:20:15 AM
-> Instrument.Publish [API]
-> Instrument.Suspense: Found 0 instruments to suspend
-> Instruments.Fetch [API]: 1/13/2026, 10:20:16 AM
-> Instrument.Position.Import [API]
In Position.Import [API] 1/13/2026, 10:20:17 AM
-> Imports Authorized: AR-USDT,AR-USDT,AVAX-USDT,BTC-USDT,ADA-USDT,XRP-USDT,DOGE-USDT,ONDO-USDT
In App.Loader for  { symbol: 'AR-USDT', timeframe: '1H', startTime: 0 } start:  1/13/2026, 10:20:17 AM
In App.Loader for  { symbol: 'AR-USDT', timeframe: '30m', startTime: 0 } start:  1/13/2026, 10:20:17 AM
In App.Loader for  { symbol: 'AVAX-USDT', timeframe: '1H', startTime: 0 } start:  1/13/2026, 10:20:17 AM
In App.Loader for  { symbol: 'BTC-USDT', timeframe: '15m', startTime: 0 } start:  1/13/2026, 10:20:17 AM
In App.Loader for  { symbol: 'ADA-USDT', timeframe: '15m', startTime: 0 } start:  1/13/2026, 10:20:17 AM
In App.Loader for  { symbol: 'XRP-USDT', timeframe: '15m', startTime: 0 } start:  1/13/2026, 10:20:17 AM
In App.Loader for  { symbol: 'DOGE-USDT', timeframe: '15m', startTime: 0 } start:  1/13/2026, 10:20:17 AM
In App.Loader for  { symbol: 'ONDO-USDT', timeframe: '15m', startTime: 0 } start:  1/13/2026, 10:20:17 AM
Loader start for AR-USDT after 0 on 2026-01-13T18:20:17.371Z
Fetching candles for AR-USDT after [0,1970-01-01T00:00:00.000Z]
Loader start for BTC-USDT after 0 on 2026-01-13T18:20:17.372Z
Fetching candles for BTC-USDT after [0,1970-01-01T00:00:00.000Z]
Loader start for AR-USDT after 0 on 2026-01-13T18:20:17.375Z
Fetching candles for AR-USDT after [0,1970-01-01T00:00:00.000Z]
Loader start for AVAX-USDT after 0 on 2026-01-13T18:20:17.376Z
Fetching candles for AVAX-USDT after [0,1970-01-01T00:00:00.000Z]
Loader start for ADA-USDT after 0 on 2026-01-13T18:20:17.379Z
Fetching candles for ADA-USDT after [0,1970-01-01T00:00:00.000Z]
Loader start for DOGE-USDT after 0 on 2026-01-13T18:20:17.381Z
Fetching candles for DOGE-USDT after [0,1970-01-01T00:00:00.000Z]
Loader start for XRP-USDT after 0 on 2026-01-13T18:20:17.382Z
Fetching candles for XRP-USDT after [0,1970-01-01T00:00:00.000Z]
Loader start for ONDO-USDT after 0 on 2026-01-13T18:20:17.383Z
Fetching candles for ONDO-USDT after [0,1970-01-01T00:00:00.000Z]
-> Candle.Publish [API]: AR-USDT / 1440
-> Candle.Publish [API]: ADA-USDT / 1440
updated -> [Info] candle updated {
  filters: {
    instrument: <Buffer 34 01 a2>,
    period: <Buffer 28 17 01>,
    timestamp: 1768327200000
  },
  columns: {
    close: 4.037,
    volume: 621,
    vol_currency: 62.1,
    vol_currency_quote: 250.8206
  }
}
-> Candle.Publish [API]: AR-USDT / 1440
-> Candle.Publish [API]: ONDO-USDT / 1440
-> Candle.Publish [API]: AVAX-USDT / 1440
-> Candle.Publish [API]: XRP-USDT / 1440
-> Candle.Publish [API]: DOGE-USDT / 1440
updated -> [Info] candle updated {
  filters: {
    instrument: <Buffer 94 99 63>,
    period: <Buffer 03 e8 0e>,
    timestamp: 1768328100000
  },
  columns: {
    low: 0.4073,
    close: 0.4073,
    volume: 378,
    vol_currency: 37818,
    vol_currency_quote: 15435.0704
  }
}
updated -> [Info] candle updated {
  filters: {
    instrument: <Buffer 34 01 a2>,
    period: <Buffer 76 3c 11>,
    timestamp: 1768327200000
  },
  columns: {
    close: 4.037,
    volume: 621,
    vol_currency: 62.1,
    vol_currency_quote: 250.8206
  }
}
-> Candle.Publish [API]: BTC-USDT / 1440
updated -> [Info] candle updated {
  filters: {
    instrument: <Buffer 4d 38 93>,
    period: <Buffer 28 17 01>,
    timestamp: 1768327200000
  },
  columns: {
    low: 14.496,
    close: 14.502,
    volume: 8814,
    vol_currency: 8814,
    vol_currency_quote: 128205.7413
  }
}
updated -> [Info] candle updated {
  filters: {
    instrument: <Buffer dd 63 0b>,
    period: <Buffer 03 e8 0e>,
    timestamp: 1768328100000
  },
  columns: {
    low: 0.4063,
    close: 0.4064,
    volume: 271525,
    vol_currency: 27152.5,
    vol_currency_quote: 11049.27162
  }
}
updated -> [Info] candle updated {
  filters: {
    instrument: <Buffer a2 80 0a>,
    period: <Buffer 03 e8 0e>,
    timestamp: 1768328100000
  },
  columns: {
    close: 2.104,
    volume: 1810,
    vol_currency: 181008,
    vol_currency_quote: 380749.1541
  }
}
updated -> [Info] candle updated {
  filters: {
    instrument: <Buffer d4 45 2e>,
    period: <Buffer 03 e8 0e>,
    timestamp: 1768328100000
  },
  columns: {
    close: 0.14339,
    volume: 644,
    vol_currency: 644750,
    vol_currency_quote: 92476.7593
  }
}
updated -> [Info] candle updated {
  filters: {
    instrument: <Buffer 6b 57 71>,
    period: <Buffer 03 e8 0e>,
    timestamp: 1768328100000
  },
  columns: {
    high: 93668.9,
    close: 93597.6,
    volume: 13000,
    vol_currency: 13.0007,
    vol_currency_quote: 1217046.57976
  }
}
Fetching candles for AR-USDT after [1763146800000,2025-11-14T19:00:00.000Z]
Fetching candles for ADA-USDT after [1767033000000,2025-12-29T18:30:00.000Z]
Fetching candles for AR-USDT after [1765737000000,2025-12-14T18:30:00.000Z]
Fetching candles for AVAX-USDT after [1763146800000,2025-11-14T19:00:00.000Z]
Fetching candles for ONDO-USDT after [1767033000000,2025-12-29T18:30:00.000Z]
Fetching candles for XRP-USDT after [1767033000000,2025-12-29T18:30:00.000Z]
Fetching candles for DOGE-USDT after [1767033000000,2025-12-29T18:30:00.000Z]
-> Candle.Publish [API]: AR-USDT / 1440
-> Candle.Publish [API]: ADA-USDT / 1440
Fetching candles for BTC-USDT after [1767033000000,2025-12-29T18:30:00.000Z]
-> Candle.Publish [API]: AR-USDT / 1440
-> Candle.Publish [API]: AVAX-USDT / 1440
-> Candle.Publish [API]: ONDO-USDT / 1440
-> Candle.Publish [API]: XRP-USDT / 1440
-> Candle.Publish [API]: DOGE-USDT / 1440
-> Candle.Publish [API]: BTC-USDT / 1440
Fetching candles for AR-USDT after [1757962800000,2025-09-15T19:00:00.000Z]
Fetching candles for ADA-USDT after [1765737000000,2025-12-14T18:30:00.000Z]
Fetching candles for AR-USDT after [1763145000000,2025-11-14T18:30:00.000Z]
Fetching candles for AVAX-USDT after [1757962800000,2025-09-15T19:00:00.000Z]
Fetching candles for ONDO-USDT after [1765737000000,2025-12-14T18:30:00.000Z]
Fetching candles for XRP-USDT after [1765737000000,2025-12-14T18:30:00.000Z]
Fetching candles for DOGE-USDT after [1765737000000,2025-12-14T18:30:00.000Z]
-> Candle.Publish [API]: AR-USDT / 1440
Fetching candles for BTC-USDT after [1765737000000,2025-12-14T18:30:00.000Z]
-> Candle.Publish [API]: AR-USDT / 1440
-> Candle.Publish [API]: AVAX-USDT / 1440
-> Candle.Publish [API]: ONDO-USDT / 1440
-> Candle.Publish [API]: ADA-USDT / 1440
-> Candle.Publish [API]: XRP-USDT / 1440
-> Candle.Publish [API]: DOGE-USDT / 1440
-> Candle.Publish [API]: BTC-USDT / 1440
Fetching candles for AR-USDT after [1752778800000,2025-07-17T19:00:00.000Z]
Fetching candles for AR-USDT after [1760553000000,2025-10-15T18:30:00.000Z]
Fetching candles for AVAX-USDT after [1752778800000,2025-07-17T19:00:00.000Z]
Fetching candles for ONDO-USDT after [1764441000000,2025-11-29T18:30:00.000Z]
Fetching candles for ADA-USDT after [1764441000000,2025-11-29T18:30:00.000Z]
Fetching candles for XRP-USDT after [1764441000000,2025-11-29T18:30:00.000Z]
-> Candle.Publish [API]: AR-USDT / 1440
Fetching candles for DOGE-USDT after [1764441000000,2025-11-29T18:30:00.000Z]
Fetching candles for BTC-USDT after [1764441000000,2025-11-29T18:30:00.000Z]
-> Candle.Publish [API]: AR-USDT / 1440
-> Candle.Publish [API]: AVAX-USDT / 1440
-> Candle.Publish [API]: ONDO-USDT / 1440
-> Candle.Publish [API]: ADA-USDT / 1440
-> Candle.Publish [API]: XRP-USDT / 1440
-> Candle.Publish [API]: DOGE-USDT / 1440
-> Candle.Publish [API]: BTC-USDT / 1440
Fetching candles for AR-USDT after [1747594800000,2025-05-18T19:00:00.000Z]
Fetching candles for AR-USDT after [1757961000000,2025-09-15T18:30:00.000Z]
Fetching candles for AVAX-USDT after [1747594800000,2025-05-18T19:00:00.000Z]
Fetching candles for ONDO-USDT after [1763145000000,2025-11-14T18:30:00.000Z]
Fetching candles for ADA-USDT after [1763145000000,2025-11-14T18:30:00.000Z]
Fetching candles for XRP-USDT after [1763145000000,2025-11-14T18:30:00.000Z]
Fetching candles for DOGE-USDT after [1763145000000,2025-11-14T18:30:00.000Z]
-> Candle.Publish [API]: AR-USDT / 1440
-> Candle.Publish [API]: AR-USDT / 1440
-> Candle.Publish [API]: AVAX-USDT / 1440
-> Candle.Publish [API]: ONDO-USDT / 1440
-> Candle.Publish [API]: ADA-USDT / 1440
Fetching candles for BTC-USDT after [1763145000000,2025-11-14T18:30:00.000Z]
-> Candle.Publish [API]: XRP-USDT / 1440
-> Candle.Publish [API]: DOGE-USDT / 1440
-> Candle.Publish [API]: BTC-USDT / 1440
Fetching candles for AR-USDT after [1742410800000,2025-03-19T19:00:00.000Z]
Fetching candles for AR-USDT after [1755369000000,2025-08-16T18:30:00.000Z]
Fetching candles for AVAX-USDT after [1742410800000,2025-03-19T19:00:00.000Z]
Fetching candles for ONDO-USDT after [1761849000000,2025-10-30T18:30:00.000Z]
Fetching candles for ADA-USDT after [1761849000000,2025-10-30T18:30:00.000Z]
Fetching candles for XRP-USDT after [1761849000000,2025-10-30T18:30:00.000Z]
Fetching candles for DOGE-USDT after [1761849000000,2025-10-30T18:30:00.000Z]
-> Candle.Publish [API]: AR-USDT / 1440
-> Candle.Publish [API]: AR-USDT / 1440
-> Candle.Publish [API]: AVAX-USDT / 1440
-> Candle.Publish [API]: ONDO-USDT / 1440
-> Candle.Publish [API]: ADA-USDT / 1440
-> Candle.Publish [API]: XRP-USDT / 1440
-> Candle.Publish [API]: DOGE-USDT / 1440
Fetching candles for BTC-USDT after [1761849000000,2025-10-30T18:30:00.000Z]
-> Candle.Publish [API]: BTC-USDT / 1440
Fetching candles for AR-USDT after [1737226800000,2025-01-18T19:00:00.000Z]
Fetching candles for AR-USDT after [1752777000000,2025-07-17T18:30:00.000Z]
Fetching candles for AVAX-USDT after [1737226800000,2025-01-18T19:00:00.000Z]
Fetching candles for ONDO-USDT after [1760553000000,2025-10-15T18:30:00.000Z]
Fetching candles for ADA-USDT after [1760553000000,2025-10-15T18:30:00.000Z]
Fetching candles for XRP-USDT after [1760553000000,2025-10-15T18:30:00.000Z]
Fetching candles for DOGE-USDT after [1760553000000,2025-10-15T18:30:00.000Z]
-> Candle.Publish [API]: AR-USDT / 1440
-> Candle.Publish [API]: AR-USDT / 1440
-> Candle.Publish [API]: AVAX-USDT / 1440
-> Candle.Publish [API]: ADA-USDT / 1440
-> Candle.Publish [API]: ONDO-USDT / 1440
-> Candle.Publish [API]: XRP-USDT / 1440
-> Candle.Publish [API]: DOGE-USDT / 1440
Fetching candles for BTC-USDT after [1760553000000,2025-10-15T18:30:00.000Z]
-> Candle.Publish [API]: BTC-USDT / 1440
Fetching candles for AR-USDT after [1732042800000,2024-11-19T19:00:00.000Z]
Fetching candles for AR-USDT after [1750185000000,2025-06-17T18:30:00.000Z]
Fetching candles for AVAX-USDT after [1732042800000,2024-11-19T19:00:00.000Z]
Fetching candles for ADA-USDT after [1759257000000,2025-09-30T18:30:00.000Z]
Fetching candles for ONDO-USDT after [1759257000000,2025-09-30T18:30:00.000Z]
Fetching candles for XRP-USDT after [1759257000000,2025-09-30T18:30:00.000Z]
Fetching candles for DOGE-USDT after [1759257000000,2025-09-30T18:30:00.000Z]
-> Candle.Publish [API]: AR-USDT / 1440
-> Candle.Publish [API]: AVAX-USDT / 1440
-> Candle.Publish [API]: ADA-USDT / 1440
-> Candle.Publish [API]: AR-USDT / 1440
-> Candle.Publish [API]: ONDO-USDT / 1440
-> Candle.Publish [API]: DOGE-USDT / 1440
-> Candle.Publish [API]: XRP-USDT / 1440
Fetching candles for BTC-USDT after [1759257000000,2025-09-30T18:30:00.000Z]
-> Candle.Publish [API]: BTC-USDT / 1440
Fetching candles for AR-USDT after [1726858800000,2024-09-20T19:00:00.000Z]
Fetching candles for AVAX-USDT after [1726858800000,2024-09-20T19:00:00.000Z]
Fetching candles for ADA-USDT after [1757961000000,2025-09-15T18:30:00.000Z]
Fetching candles for AR-USDT after [1747593000000,2025-05-18T18:30:00.000Z]
Fetching candles for ONDO-USDT after [1757961000000,2025-09-15T18:30:00.000Z]
Fetching candles for DOGE-USDT after [1757961000000,2025-09-15T18:30:00.000Z]
Fetching candles for XRP-USDT after [1757961000000,2025-09-15T18:30:00.000Z]
-> Candle.Publish [API]: AR-USDT / 1440
-> Candle.Publish [API]: ADA-USDT / 1440
-> Candle.Publish [API]: AVAX-USDT / 1440
-> Candle.Publish [API]: AR-USDT / 1440
-> Candle.Publish [API]: ONDO-USDT / 1440
-> Candle.Publish [API]: DOGE-USDT / 1440
-> Candle.Publish [API]: XRP-USDT / 1440
Fetching candles for BTC-USDT after [1757961000000,2025-09-15T18:30:00.000Z]
-> Candle.Publish [API]: BTC-USDT / 1440
Fetching candles for AR-USDT after [1721674800000,2024-07-22T19:00:00.000Z]
Fetching candles for ADA-USDT after [1756665000000,2025-08-31T18:30:00.000Z]
Fetching candles for AVAX-USDT after [1721674800000,2024-07-22T19:00:00.000Z]
Fetching candles for AR-USDT after [1745001000000,2025-04-18T18:30:00.000Z]
Fetching candles for ONDO-USDT after [1756665000000,2025-08-31T18:30:00.000Z]
Fetching candles for DOGE-USDT after [1756665000000,2025-08-31T18:30:00.000Z]
Fetching candles for XRP-USDT after [1756665000000,2025-08-31T18:30:00.000Z]
-> Candle.Publish [API]: AR-USDT / 1440
-> Candle.Publish [API]: AVAX-USDT / 1440
-> Candle.Publish [API]: ADA-USDT / 1440
-> Candle.Publish [API]: AR-USDT / 1440
-> Candle.Publish [API]: ONDO-USDT / 1440
-> Candle.Publish [API]: DOGE-USDT / 1440
-> Candle.Publish [API]: XRP-USDT / 1440
Fetching candles for BTC-USDT after [1756665000000,2025-08-31T18:30:00.000Z]
-> Candle.Publish [API]: BTC-USDT / 1440
Fetching candles for AR-USDT after [1716490800000,2024-05-23T19:00:00.000Z]
Fetching candles for AVAX-USDT after [1716490800000,2024-05-23T19:00:00.000Z]
Fetching candles for ADA-USDT after [1755369000000,2025-08-16T18:30:00.000Z]
Fetching candles for ONDO-USDT after [1755369000000,2025-08-16T18:30:00.000Z]
Fetching candles for AR-USDT after [1742409000000,2025-03-19T18:30:00.000Z]
Fetching candles for DOGE-USDT after [1755369000000,2025-08-16T18:30:00.000Z]
Fetching candles for XRP-USDT after [1755369000000,2025-08-16T18:30:00.000Z]
-> Candle.Publish [API]: AR-USDT / 1440
-> Candle.Publish [API]: AVAX-USDT / 1440
-> Candle.Publish [API]: ADA-USDT / 1440
-> Candle.Publish [API]: ONDO-USDT / 1440
-> Candle.Publish [API]: AR-USDT / 1440
-> Candle.Publish [API]: DOGE-USDT / 1440
-> Candle.Publish [API]: XRP-USDT / 1440
Fetching candles for BTC-USDT after [1755369000000,2025-08-16T18:30:00.000Z]
-> Candle.Publish [API]: BTC-USDT / 1440
Fetching candles for AR-USDT after [1711306800000,2024-03-24T19:00:00.000Z]
Fetching candles for AVAX-USDT after [1711306800000,2024-03-24T19:00:00.000Z]
Fetching candles for ADA-USDT after [1754073000000,2025-08-01T18:30:00.000Z]
Fetching candles for ONDO-USDT after [1754073000000,2025-08-01T18:30:00.000Z]
Fetching candles for AR-USDT after [1739817000000,2025-02-17T18:30:00.000Z]
Fetching candles for DOGE-USDT after [1754073000000,2025-08-01T18:30:00.000Z]
Fetching candles for XRP-USDT after [1754073000000,2025-08-01T18:30:00.000Z]
-> Candle.Publish [API]: AR-USDT / 1440
-> Candle.Publish [API]: ADA-USDT / 1440
-> Candle.Publish [API]: AVAX-USDT / 1440
-> Candle.Publish [API]: ONDO-USDT / 1440
-> Candle.Publish [API]: AR-USDT / 1440
-> Candle.Publish [API]: DOGE-USDT / 1440
-> Candle.Publish [API]: XRP-USDT / 1440
Fetching candles for BTC-USDT after [1754073000000,2025-08-01T18:30:00.000Z]
-> Candle.Publish [API]: BTC-USDT / 1440
Fetching candles for AR-USDT after [1706122800000,2024-01-24T19:00:00.000Z]
Fetching candles for ADA-USDT after [1752777000000,2025-07-17T18:30:00.000Z]
Fetching candles for AVAX-USDT after [1706122800000,2024-01-24T19:00:00.000Z]
Fetching candles for ONDO-USDT after [1752777000000,2025-07-17T18:30:00.000Z]
Fetching candles for AR-USDT after [1737225000000,2025-01-18T18:30:00.000Z]
Fetching candles for DOGE-USDT after [1752777000000,2025-07-17T18:30:00.000Z]
Fetching candles for XRP-USDT after [1752777000000,2025-07-17T18:30:00.000Z]
-> Candle.Publish [API]: AR-USDT / 1440
-> Candle.Publish [API]: ADA-USDT / 1440
-> Candle.Publish [API]: ONDO-USDT / 1440
-> Candle.Publish [API]: AVAX-USDT / 1440
-> Candle.Publish [API]: AR-USDT / 1440
-> Candle.Publish [API]: DOGE-USDT / 1440
-> Candle.Publish [API]: XRP-USDT / 1440
Fetching candles for BTC-USDT after [1752777000000,2025-07-17T18:30:00.000Z]
-> Candle.Publish [API]: BTC-USDT / 1440
Fetching candles for AR-USDT after [1700938800000,2023-11-25T19:00:00.000Z]
Fetching candles for ADA-USDT after [1751481000000,2025-07-02T18:30:00.000Z]
Fetching candles for ONDO-USDT after [1751481000000,2025-07-02T18:30:00.000Z]
Fetching candles for AVAX-USDT after [1700938800000,2023-11-25T19:00:00.000Z]
Fetching candles for AR-USDT after [1734633000000,2024-12-19T18:30:00.000Z]
Fetching candles for DOGE-USDT after [1751481000000,2025-07-02T18:30:00.000Z]
-> Candle.Publish [API]: AR-USDT / 922
Fetching candles for XRP-USDT after [1751481000000,2025-07-02T18:30:00.000Z]
-> Candle.Publish [API]: ADA-USDT / 1440
-> Candle.Publish [API]: ONDO-USDT / 1440
-> Candle.Publish [API]: AVAX-USDT / 1440
-> Candle.Publish [API]: AR-USDT / 1440
-> Candle.Publish [API]: DOGE-USDT / 1440
-> Candle.Publish [API]: XRP-USDT / 1440
Fetching candles for BTC-USDT after [1751481000000,2025-07-02T18:30:00.000Z]
-> Candle.Publish [API]: BTC-USDT / 1440
Fetching candles for AR-USDT after [1697619600000,2023-10-18T09:00:00.000Z]
Fetching candles for ADA-USDT after [1750185000000,2025-06-17T18:30:00.000Z]
Fetching candles for ONDO-USDT after [1750185000000,2025-06-17T18:30:00.000Z]
Fetching candles for AVAX-USDT after [1695754800000,2023-09-26T19:00:00.000Z]
Fetching candles for AR-USDT after [1732041000000,2024-11-19T18:30:00.000Z]
Fetching candles for DOGE-USDT after [1750185000000,2025-06-17T18:30:00.000Z]
Fetching candles for XRP-USDT after [1750185000000,2025-06-17T18:30:00.000Z]
-> Candle.Publish [API]: ADA-USDT / 1440
-> Candle.Publish [API]: ONDO-USDT / 1440
-> Candle.Publish [API]: AVAX-USDT / 1440
-> Candle.Publish [API]: AR-USDT / 1440
-> Candle.Publish [API]: DOGE-USDT / 1440
-> Candle.Publish [API]: XRP-USDT / 1440
Fetching candles for BTC-USDT after [1750185000000,2025-06-17T18:30:00.000Z]
-> Candle.Publish [API]: BTC-USDT / 1440
Fetching candles for ADA-USDT after [1748889000000,2025-06-02T18:30:00.000Z]
Fetching candles for ONDO-USDT after [1748889000000,2025-06-02T18:30:00.000Z]
Fetching candles for AVAX-USDT after [1690570800000,2023-07-28T19:00:00.000Z]
Fetching candles for AR-USDT after [1729449000000,2024-10-20T18:30:00.000Z]
Fetching candles for DOGE-USDT after [1748889000000,2025-06-02T18:30:00.000Z]
-> Candle.Publish [API]: ADA-USDT / 1440
Fetching candles for XRP-USDT after [1748889000000,2025-06-02T18:30:00.000Z]
-> Candle.Publish [API]: ONDO-USDT / 1440
-> Candle.Publish [API]: AVAX-USDT / 1440
-> Candle.Publish [API]: AR-USDT / 1440
-> Candle.Publish [API]: DOGE-USDT / 1440
-> Candle.Publish [API]: XRP-USDT / 1440
Fetching candles for BTC-USDT after [1748889000000,2025-06-02T18:30:00.000Z]
-> Candle.Publish [API]: BTC-USDT / 1440
Fetching candles for ADA-USDT after [1747593000000,2025-05-18T18:30:00.000Z]
Fetching candles for ONDO-USDT after [1747593000000,2025-05-18T18:30:00.000Z]
Fetching candles for AVAX-USDT after [1685386800000,2023-05-29T19:00:00.000Z]
Fetching candles for AR-USDT after [1726857000000,2024-09-20T18:30:00.000Z]
-> Candle.Publish [API]: ADA-USDT / 1440
Fetching candles for DOGE-USDT after [1747593000000,2025-05-18T18:30:00.000Z]
Fetching candles for XRP-USDT after [1747593000000,2025-05-18T18:30:00.000Z]
-> Candle.Publish [API]: ONDO-USDT / 1440
-> Candle.Publish [API]: AVAX-USDT / 1440
-> Candle.Publish [API]: AR-USDT / 1440
-> Candle.Publish [API]: DOGE-USDT / 1440
-> Candle.Publish [API]: XRP-USDT / 1440
Fetching candles for BTC-USDT after [1747593000000,2025-05-18T18:30:00.000Z]
-> Candle.Publish [API]: BTC-USDT / 1440
Fetching candles for ADA-USDT after [1746297000000,2025-05-03T18:30:00.000Z]
Fetching candles for ONDO-USDT after [1746297000000,2025-05-03T18:30:00.000Z]
Fetching candles for AVAX-USDT after [1680202800000,2023-03-30T19:00:00.000Z]
-> Candle.Publish [API]: ADA-USDT / 1440
Fetching candles for AR-USDT after [1724265000000,2024-08-21T18:30:00.000Z]
Fetching candles for DOGE-USDT after [1746297000000,2025-05-03T18:30:00.000Z]
-> Candle.Publish [API]: ONDO-USDT / 1440
Fetching candles for XRP-USDT after [1746297000000,2025-05-03T18:30:00.000Z]
-> Candle.Publish [API]: AVAX-USDT / 1440
-> Candle.Publish [API]: AR-USDT / 1440
-> Candle.Publish [API]: DOGE-USDT / 1440
-> Candle.Publish [API]: XRP-USDT / 1440
Fetching candles for BTC-USDT after [1746297000000,2025-05-03T18:30:00.000Z]
-> Candle.Publish [API]: BTC-USDT / 1440
Fetching candles for ADA-USDT after [1745001000000,2025-04-18T18:30:00.000Z]
Fetching candles for ONDO-USDT after [1745001000000,2025-04-18T18:30:00.000Z]
Fetching candles for AVAX-USDT after [1675018800000,2023-01-29T19:00:00.000Z]
-> Candle.Publish [API]: ADA-USDT / 1440
-> Candle.Publish [API]: AVAX-USDT / 417
Fetching candles for AR-USDT after [1721673000000,2024-07-22T18:30:00.000Z]
-> Candle.Publish [API]: ONDO-USDT / 1440
Fetching candles for DOGE-USDT after [1745001000000,2025-04-18T18:30:00.000Z]
Fetching candles for XRP-USDT after [1745001000000,2025-04-18T18:30:00.000Z]
-> Candle.Publish [API]: AR-USDT / 1440
-> Candle.Publish [API]: XRP-USDT / 1440
Fetching candles for BTC-USDT after [1745001000000,2025-04-18T18:30:00.000Z]
-> Candle.Publish [API]: DOGE-USDT / 1440
-> Candle.Publish [API]: BTC-USDT / 1440
Fetching candles for ADA-USDT after [1743705000000,2025-04-03T18:30:00.000Z]
Fetching candles for AVAX-USDT after [1673517600000,2023-01-12T10:00:00.000Z]
Fetching candles for ONDO-USDT after [1743705000000,2025-04-03T18:30:00.000Z]
-> Candle.Publish [API]: ADA-USDT / 1440
-> Candle.Publish [API]: ONDO-USDT / 1440
Fetching candles for AR-USDT after [1719081000000,2024-06-22T18:30:00.000Z]
Fetching candles for XRP-USDT after [1743705000000,2025-04-03T18:30:00.000Z]
Fetching candles for DOGE-USDT after [1743705000000,2025-04-03T18:30:00.000Z]
-> Candle.Publish [API]: AR-USDT / 1440
-> Candle.Publish [API]: XRP-USDT / 1440
Fetching candles for BTC-USDT after [1743705000000,2025-04-03T18:30:00.000Z]
-> Candle.Publish [API]: DOGE-USDT / 1440
-> Candle.Publish [API]: BTC-USDT / 1440
Fetching candles for ADA-USDT after [1742409000000,2025-03-19T18:30:00.000Z]
Fetching candles for ONDO-USDT after [1742409000000,2025-03-19T18:30:00.000Z]
-> Candle.Publish [API]: ADA-USDT / 1440
Fetching candles for AR-USDT after [1716489000000,2024-05-23T18:30:00.000Z]
-> Candle.Publish [API]: ONDO-USDT / 1440
Fetching candles for XRP-USDT after [1742409000000,2025-03-19T18:30:00.000Z]
Fetching candles for DOGE-USDT after [1742409000000,2025-03-19T18:30:00.000Z]
-> Candle.Publish [API]: AR-USDT / 1440
-> Candle.Publish [API]: XRP-USDT / 1440
Fetching candles for BTC-USDT after [1742409000000,2025-03-19T18:30:00.000Z]
-> Candle.Publish [API]: DOGE-USDT / 1440
-> Candle.Publish [API]: BTC-USDT / 1440
Fetching candles for ADA-USDT after [1741113000000,2025-03-04T18:30:00.000Z]
Fetching candles for ONDO-USDT after [1741113000000,2025-03-04T18:30:00.000Z]
-> Candle.Publish [API]: ADA-USDT / 1440
-> Candle.Publish [API]: ONDO-USDT / 1440
Fetching candles for AR-USDT after [1713897000000,2024-04-23T18:30:00.000Z]
Fetching candles for XRP-USDT after [1741113000000,2025-03-04T18:30:00.000Z]
Fetching candles for DOGE-USDT after [1741113000000,2025-03-04T18:30:00.000Z]
-> Candle.Publish [API]: AR-USDT / 1440
-> Candle.Publish [API]: XRP-USDT / 1440
Fetching candles for BTC-USDT after [1741113000000,2025-03-04T18:30:00.000Z]
-> Candle.Publish [API]: DOGE-USDT / 1440
-> Candle.Publish [API]: BTC-USDT / 1440
Fetching candles for ADA-USDT after [1739817000000,2025-02-17T18:30:00.000Z]
Fetching candles for ONDO-USDT after [1739817000000,2025-02-17T18:30:00.000Z]
-> Candle.Publish [API]: ADA-USDT / 1440
Fetching candles for AR-USDT after [1711305000000,2024-03-24T18:30:00.000Z]
-> Candle.Publish [API]: ONDO-USDT / 1440
Fetching candles for XRP-USDT after [1739817000000,2025-02-17T18:30:00.000Z]
Fetching candles for DOGE-USDT after [1739817000000,2025-02-17T18:30:00.000Z]
-> Candle.Publish [API]: AR-USDT / 1440
-> Candle.Publish [API]: DOGE-USDT / 1440
Fetching candles for BTC-USDT after [1739817000000,2025-02-17T18:30:00.000Z]
-> Candle.Publish [API]: XRP-USDT / 1440
-> Candle.Publish [API]: BTC-USDT / 1440
Fetching candles for ADA-USDT after [1738521000000,2025-02-02T18:30:00.000Z]
Fetching candles for ONDO-USDT after [1738521000000,2025-02-02T18:30:00.000Z]
-> Candle.Publish [API]: ADA-USDT / 1440
Fetching candles for AR-USDT after [1708713000000,2024-02-23T18:30:00.000Z]
-> Candle.Publish [API]: ONDO-USDT / 1440
Fetching candles for DOGE-USDT after [1738521000000,2025-02-02T18:30:00.000Z]
Fetching candles for XRP-USDT after [1738521000000,2025-02-02T18:30:00.000Z]
-> Candle.Publish [API]: AR-USDT / 1440
-> Candle.Publish [API]: DOGE-USDT / 1440
-> Candle.Publish [API]: XRP-USDT / 1440
Fetching candles for BTC-USDT after [1738521000000,2025-02-02T18:30:00.000Z]
-> Candle.Publish [API]: BTC-USDT / 1440
Fetching candles for ADA-USDT after [1737225000000,2025-01-18T18:30:00.000Z]
Fetching candles for ONDO-USDT after [1737225000000,2025-01-18T18:30:00.000Z]
-> Candle.Publish [API]: ADA-USDT / 1440
Fetching candles for AR-USDT after [1706121000000,2024-01-24T18:30:00.000Z]
-> Candle.Publish [API]: ONDO-USDT / 1440
Fetching candles for DOGE-USDT after [1737225000000,2025-01-18T18:30:00.000Z]
Fetching candles for XRP-USDT after [1737225000000,2025-01-18T18:30:00.000Z]
-> Candle.Publish [API]: AR-USDT / 1440
-> Candle.Publish [API]: DOGE-USDT / 1440
-> Candle.Publish [API]: XRP-USDT / 1440
Fetching candles for BTC-USDT after [1737225000000,2025-01-18T18:30:00.000Z]
-> Candle.Publish [API]: BTC-USDT / 1440
Fetching candles for ADA-USDT after [1735929000000,2025-01-03T18:30:00.000Z]
Fetching candles for ONDO-USDT after [1735929000000,2025-01-03T18:30:00.000Z]
-> Candle.Publish [API]: ADA-USDT / 1440
-> Candle.Publish [API]: ONDO-USDT / 1440
Fetching candles for AR-USDT after [1703529000000,2023-12-25T18:30:00.000Z]
Fetching candles for DOGE-USDT after [1735929000000,2025-01-03T18:30:00.000Z]
Fetching candles for XRP-USDT after [1735929000000,2025-01-03T18:30:00.000Z]
-> Candle.Publish [API]: AR-USDT / 1440
-> Candle.Publish [API]: DOGE-USDT / 1440
-> Candle.Publish [API]: XRP-USDT / 1440
Fetching candles for BTC-USDT after [1735929000000,2025-01-03T18:30:00.000Z]
-> Candle.Publish [API]: BTC-USDT / 1440
Fetching candles for ADA-USDT after [1734633000000,2024-12-19T18:30:00.000Z]
Fetching candles for ONDO-USDT after [1734633000000,2024-12-19T18:30:00.000Z]
-> Candle.Publish [API]: ADA-USDT / 1440
Fetching candles for AR-USDT after [1700937000000,2023-11-25T18:30:00.000Z]
-> Candle.Publish [API]: ONDO-USDT / 1440
Fetching candles for DOGE-USDT after [1734633000000,2024-12-19T18:30:00.000Z]
Fetching candles for XRP-USDT after [1734633000000,2024-12-19T18:30:00.000Z]
-> Candle.Publish [API]: AR-USDT / 1440
-> Candle.Publish [API]: DOGE-USDT / 1440
-> Candle.Publish [API]: XRP-USDT / 1440
Fetching candles for BTC-USDT after [1734633000000,2024-12-19T18:30:00.000Z]
-> Candle.Publish [API]: BTC-USDT / 1440
Fetching candles for ADA-USDT after [1733337000000,2024-12-04T18:30:00.000Z]
-> Candle.Publish [API]: ADA-USDT / 1440
Fetching candles for ONDO-USDT after [1733337000000,2024-12-04T18:30:00.000Z]
-> Candle.Publish [API]: ONDO-USDT / 1440
Fetching candles for AR-USDT after [1698345000000,2023-10-26T18:30:00.000Z]
Fetching candles for DOGE-USDT after [1733337000000,2024-12-04T18:30:00.000Z]
Fetching candles for XRP-USDT after [1733337000000,2024-12-04T18:30:00.000Z]
-> Candle.Publish [API]: AR-USDT / 403
-> Candle.Publish [API]: DOGE-USDT / 1440
-> Candle.Publish [API]: XRP-USDT / 1440
Fetching candles for BTC-USDT after [1733337000000,2024-12-04T18:30:00.000Z]
-> Candle.Publish [API]: BTC-USDT / 1440
Fetching candles for ADA-USDT after [1732041000000,2024-11-19T18:30:00.000Z]
-> Candle.Publish [API]: ADA-USDT / 1440
Fetching candles for ONDO-USDT after [1732041000000,2024-11-19T18:30:00.000Z]
Fetching candles for AR-USDT after [1697619600000,2023-10-18T09:00:00.000Z]
-> Candle.Publish [API]: ONDO-USDT / 1440
Fetching candles for DOGE-USDT after [1732041000000,2024-11-19T18:30:00.000Z]
Fetching candles for XRP-USDT after [1732041000000,2024-11-19T18:30:00.000Z]
-> Candle.Publish [API]: DOGE-USDT / 1440
-> Candle.Publish [API]: XRP-USDT / 1440
Fetching candles for BTC-USDT after [1732041000000,2024-11-19T18:30:00.000Z]
-> Candle.Publish [API]: BTC-USDT / 1440
Fetching candles for ADA-USDT after [1730745000000,2024-11-04T18:30:00.000Z]
-> Candle.Publish [API]: ADA-USDT / 1440
Fetching candles for ONDO-USDT after [1730745000000,2024-11-04T18:30:00.000Z]
-> Candle.Publish [API]: ONDO-USDT / 1440
Fetching candles for DOGE-USDT after [1730745000000,2024-11-04T18:30:00.000Z]
Fetching candles for XRP-USDT after [1730745000000,2024-11-04T18:30:00.000Z]
-> Candle.Publish [API]: DOGE-USDT / 1440
-> Candle.Publish [API]: XRP-USDT / 1440
Fetching candles for BTC-USDT after [1730745000000,2024-11-04T18:30:00.000Z]
-> Candle.Publish [API]: BTC-USDT / 1440
Fetching candles for ADA-USDT after [1729449000000,2024-10-20T18:30:00.000Z]
-> Candle.Publish [API]: ADA-USDT / 1440
Fetching candles for ONDO-USDT after [1729449000000,2024-10-20T18:30:00.000Z]
-> Candle.Publish [API]: ONDO-USDT / 1440
Fetching candles for DOGE-USDT after [1729449000000,2024-10-20T18:30:00.000Z]
Fetching candles for XRP-USDT after [1729449000000,2024-10-20T18:30:00.000Z]
-> Candle.Publish [API]: DOGE-USDT / 1440
-> Candle.Publish [API]: XRP-USDT / 1440
Fetching candles for BTC-USDT after [1729449000000,2024-10-20T18:30:00.000Z]
-> Candle.Publish [API]: BTC-USDT / 1440
Fetching candles for ADA-USDT after [1728153000000,2024-10-05T18:30:00.000Z]
-> Candle.Publish [API]: ADA-USDT / 1440
Fetching candles for ONDO-USDT after [1728153000000,2024-10-05T18:30:00.000Z]
-> Candle.Publish [API]: ONDO-USDT / 1440
Fetching candles for DOGE-USDT after [1728153000000,2024-10-05T18:30:00.000Z]
Fetching candles for XRP-USDT after [1728153000000,2024-10-05T18:30:00.000Z]
-> Candle.Publish [API]: DOGE-USDT / 1440
-> Candle.Publish [API]: XRP-USDT / 1440
Fetching candles for BTC-USDT after [1728153000000,2024-10-05T18:30:00.000Z]
-> Candle.Publish [API]: BTC-USDT / 1440
Fetching candles for ADA-USDT after [1726857000000,2024-09-20T18:30:00.000Z]
-> Candle.Publish [API]: ADA-USDT / 1440
Fetching candles for ONDO-USDT after [1726857000000,2024-09-20T18:30:00.000Z]
-> Candle.Publish [API]: ONDO-USDT / 1440
Fetching candles for DOGE-USDT after [1726857000000,2024-09-20T18:30:00.000Z]
Fetching candles for XRP-USDT after [1726857000000,2024-09-20T18:30:00.000Z]
-> Candle.Publish [API]: DOGE-USDT / 1440
-> Candle.Publish [API]: XRP-USDT / 1440
Fetching candles for BTC-USDT after [1726857000000,2024-09-20T18:30:00.000Z]
-> Candle.Publish [API]: BTC-USDT / 1440
Fetching candles for ADA-USDT after [1725561000000,2024-09-05T18:30:00.000Z]
-> Candle.Publish [API]: ADA-USDT / 1440
Fetching candles for ONDO-USDT after [1725561000000,2024-09-05T18:30:00.000Z]
-> Candle.Publish [API]: ONDO-USDT / 1440
Fetching candles for DOGE-USDT after [1725561000000,2024-09-05T18:30:00.000Z]
Fetching candles for XRP-USDT after [1725561000000,2024-09-05T18:30:00.000Z]
-> Candle.Publish [API]: DOGE-USDT / 1440
-> Candle.Publish [API]: XRP-USDT / 1440
Fetching candles for BTC-USDT after [1725561000000,2024-09-05T18:30:00.000Z]
-> Candle.Publish [API]: BTC-USDT / 1440
Fetching candles for ADA-USDT after [1724265000000,2024-08-21T18:30:00.000Z]
-> Candle.Publish [API]: ADA-USDT / 1440
Fetching candles for ONDO-USDT after [1724265000000,2024-08-21T18:30:00.000Z]
-> Candle.Publish [API]: ONDO-USDT / 1440
Fetching candles for DOGE-USDT after [1724265000000,2024-08-21T18:30:00.000Z]
Fetching candles for XRP-USDT after [1724265000000,2024-08-21T18:30:00.000Z]
-> Candle.Publish [API]: DOGE-USDT / 1440
-> Candle.Publish [API]: XRP-USDT / 1440
Fetching candles for BTC-USDT after [1724265000000,2024-08-21T18:30:00.000Z]
-> Candle.Publish [API]: BTC-USDT / 1440
Fetching candles for ADA-USDT after [1722969000000,2024-08-06T18:30:00.000Z]
-> Candle.Publish [API]: ADA-USDT / 1440
Fetching candles for ONDO-USDT after [1722969000000,2024-08-06T18:30:00.000Z]
-> Candle.Publish [API]: ONDO-USDT / 1440
Fetching candles for DOGE-USDT after [1722969000000,2024-08-06T18:30:00.000Z]
Fetching candles for XRP-USDT after [1722969000000,2024-08-06T18:30:00.000Z]
-> Candle.Publish [API]: DOGE-USDT / 1440
-> Candle.Publish [API]: XRP-USDT / 1440
Fetching candles for BTC-USDT after [1722969000000,2024-08-06T18:30:00.000Z]
-> Candle.Publish [API]: BTC-USDT / 1440
Fetching candles for ADA-USDT after [1721673000000,2024-07-22T18:30:00.000Z]
-> Candle.Publish [API]: ADA-USDT / 1440
Fetching candles for ONDO-USDT after [1721673000000,2024-07-22T18:30:00.000Z]
-> Candle.Publish [API]: ONDO-USDT / 1440
Fetching candles for DOGE-USDT after [1721673000000,2024-07-22T18:30:00.000Z]
Fetching candles for XRP-USDT after [1721673000000,2024-07-22T18:30:00.000Z]
-> Candle.Publish [API]: DOGE-USDT / 1440
-> Candle.Publish [API]: XRP-USDT / 1440
Fetching candles for BTC-USDT after [1721673000000,2024-07-22T18:30:00.000Z]
-> Candle.Publish [API]: BTC-USDT / 1440
Fetching candles for ADA-USDT after [1720377000000,2024-07-07T18:30:00.000Z]
-> Candle.Publish [API]: ADA-USDT / 1440
Fetching candles for ONDO-USDT after [1720377000000,2024-07-07T18:30:00.000Z]
-> Candle.Publish [API]: ONDO-USDT / 1440
Fetching candles for DOGE-USDT after [1720377000000,2024-07-07T18:30:00.000Z]
Fetching candles for XRP-USDT after [1720377000000,2024-07-07T18:30:00.000Z]
-> Candle.Publish [API]: DOGE-USDT / 1440
-> Candle.Publish [API]: XRP-USDT / 1440
Fetching candles for BTC-USDT after [1720377000000,2024-07-07T18:30:00.000Z]
-> Candle.Publish [API]: BTC-USDT / 1440
Fetching candles for ADA-USDT after [1719081000000,2024-06-22T18:30:00.000Z]
-> Candle.Publish [API]: ADA-USDT / 1440
Fetching candles for ONDO-USDT after [1719081000000,2024-06-22T18:30:00.000Z]
-> Candle.Publish [API]: ONDO-USDT / 1440
Fetching candles for DOGE-USDT after [1719081000000,2024-06-22T18:30:00.000Z]
Fetching candles for XRP-USDT after [1719081000000,2024-06-22T18:30:00.000Z]
-> Candle.Publish [API]: DOGE-USDT / 1440
-> Candle.Publish [API]: XRP-USDT / 1440
Fetching candles for BTC-USDT after [1719081000000,2024-06-22T18:30:00.000Z]
-> Candle.Publish [API]: BTC-USDT / 1440
Fetching candles for ADA-USDT after [1717785000000,2024-06-07T18:30:00.000Z]
-> Candle.Publish [API]: ADA-USDT / 1440
Fetching candles for ONDO-USDT after [1717785000000,2024-06-07T18:30:00.000Z]
-> Candle.Publish [API]: ONDO-USDT / 1440
Fetching candles for DOGE-USDT after [1717785000000,2024-06-07T18:30:00.000Z]
Fetching candles for XRP-USDT after [1717785000000,2024-06-07T18:30:00.000Z]
-> Candle.Publish [API]: DOGE-USDT / 1440
-> Candle.Publish [API]: XRP-USDT / 1440
Fetching candles for BTC-USDT after [1717785000000,2024-06-07T18:30:00.000Z]
-> Candle.Publish [API]: BTC-USDT / 1440
Fetching candles for ADA-USDT after [1716489000000,2024-05-23T18:30:00.000Z]
-> Candle.Publish [API]: ADA-USDT / 1440
Fetching candles for ONDO-USDT after [1716489000000,2024-05-23T18:30:00.000Z]
-> Candle.Publish [API]: ONDO-USDT / 1440
Fetching candles for DOGE-USDT after [1716489000000,2024-05-23T18:30:00.000Z]
Fetching candles for XRP-USDT after [1716489000000,2024-05-23T18:30:00.000Z]
-> Candle.Publish [API]: DOGE-USDT / 1440
-> Candle.Publish [API]: XRP-USDT / 1440
Fetching candles for BTC-USDT after [1716489000000,2024-05-23T18:30:00.000Z]
-> Candle.Publish [API]: BTC-USDT / 1440
Fetching candles for ADA-USDT after [1715193000000,2024-05-08T18:30:00.000Z]
-> Candle.Publish [API]: ADA-USDT / 1440
Fetching candles for ONDO-USDT after [1715193000000,2024-05-08T18:30:00.000Z]
-> Candle.Publish [API]: ONDO-USDT / 1440
Fetching candles for DOGE-USDT after [1715193000000,2024-05-08T18:30:00.000Z]
Fetching candles for XRP-USDT after [1715193000000,2024-05-08T18:30:00.000Z]
-> Candle.Publish [API]: DOGE-USDT / 1440
-> Candle.Publish [API]: XRP-USDT / 1440
Fetching candles for BTC-USDT after [1715193000000,2024-05-08T18:30:00.000Z]
-> Candle.Publish [API]: BTC-USDT / 1440
Fetching candles for ADA-USDT after [1713897000000,2024-04-23T18:30:00.000Z]
-> Candle.Publish [API]: ADA-USDT / 1440
Fetching candles for ONDO-USDT after [1713897000000,2024-04-23T18:30:00.000Z]
-> Candle.Publish [API]: ONDO-USDT / 1440
Fetching candles for DOGE-USDT after [1713897000000,2024-04-23T18:30:00.000Z]
Fetching candles for XRP-USDT after [1713897000000,2024-04-23T18:30:00.000Z]
-> Candle.Publish [API]: DOGE-USDT / 1440
-> Candle.Publish [API]: XRP-USDT / 1440
Fetching candles for BTC-USDT after [1713897000000,2024-04-23T18:30:00.000Z]
-> Candle.Publish [API]: BTC-USDT / 1440
Fetching candles for ADA-USDT after [1712601000000,2024-04-08T18:30:00.000Z]
-> Candle.Publish [API]: ADA-USDT / 1440
Fetching candles for ONDO-USDT after [1712601000000,2024-04-08T18:30:00.000Z]
-> Candle.Publish [API]: ONDO-USDT / 1440
Fetching candles for DOGE-USDT after [1712601000000,2024-04-08T18:30:00.000Z]
Fetching candles for XRP-USDT after [1712601000000,2024-04-08T18:30:00.000Z]
-> Candle.Publish [API]: DOGE-USDT / 1440
-> Candle.Publish [API]: XRP-USDT / 1440
Fetching candles for BTC-USDT after [1712601000000,2024-04-08T18:30:00.000Z]
-> Candle.Publish [API]: BTC-USDT / 1440
Fetching candles for ADA-USDT after [1711305000000,2024-03-24T18:30:00.000Z]
-> Candle.Publish [API]: ADA-USDT / 1440
Fetching candles for ONDO-USDT after [1711305000000,2024-03-24T18:30:00.000Z]
-> Candle.Publish [API]: ONDO-USDT / 1440
Fetching candles for DOGE-USDT after [1711305000000,2024-03-24T18:30:00.000Z]
Fetching candles for XRP-USDT after [1711305000000,2024-03-24T18:30:00.000Z]
-> Candle.Publish [API]: DOGE-USDT / 1440
-> Candle.Publish [API]: XRP-USDT / 1440
Fetching candles for BTC-USDT after [1711305000000,2024-03-24T18:30:00.000Z]
-> Candle.Publish [API]: BTC-USDT / 1440
Fetching candles for ADA-USDT after [1710009000000,2024-03-09T18:30:00.000Z]
-> Candle.Publish [API]: ADA-USDT / 1440
Fetching candles for ONDO-USDT after [1710009000000,2024-03-09T18:30:00.000Z]
-> Candle.Publish [API]: ONDO-USDT / 1440
Fetching candles for DOGE-USDT after [1710009000000,2024-03-09T18:30:00.000Z]
Fetching candles for XRP-USDT after [1710009000000,2024-03-09T18:30:00.000Z]
-> Candle.Publish [API]: DOGE-USDT / 1440
-> Candle.Publish [API]: XRP-USDT / 1440
Fetching candles for BTC-USDT after [1710009000000,2024-03-09T18:30:00.000Z]
-> Candle.Publish [API]: BTC-USDT / 1440
Fetching candles for ADA-USDT after [1708713000000,2024-02-23T18:30:00.000Z]
-> Candle.Publish [API]: ADA-USDT / 1440
Fetching candles for ONDO-USDT after [1708713000000,2024-02-23T18:30:00.000Z]
Fetching candles for DOGE-USDT after [1708713000000,2024-02-23T18:30:00.000Z]
-> Candle.Publish [API]: ONDO-USDT / 1440
Fetching candles for XRP-USDT after [1708713000000,2024-02-23T18:30:00.000Z]
-> Candle.Publish [API]: DOGE-USDT / 1440
-> Candle.Publish [API]: XRP-USDT / 1440
Fetching candles for BTC-USDT after [1708713000000,2024-02-23T18:30:00.000Z]
-> Candle.Publish [API]: BTC-USDT / 1440
Fetching candles for ADA-USDT after [1707417000000,2024-02-08T18:30:00.000Z]
-> Candle.Publish [API]: ADA-USDT / 1440
Fetching candles for ONDO-USDT after [1707417000000,2024-02-08T18:30:00.000Z]
-> Candle.Publish [API]: ONDO-USDT / 1440
Fetching candles for DOGE-USDT after [1707417000000,2024-02-08T18:30:00.000Z]
Fetching candles for XRP-USDT after [1707417000000,2024-02-08T18:30:00.000Z]
-> Candle.Publish [API]: XRP-USDT / 1440
-> Candle.Publish [API]: DOGE-USDT / 1440
Fetching candles for BTC-USDT after [1707417000000,2024-02-08T18:30:00.000Z]
-> Candle.Publish [API]: BTC-USDT / 1440
Fetching candles for ADA-USDT after [1706121000000,2024-01-24T18:30:00.000Z]
-> Candle.Publish [API]: ADA-USDT / 1440
Fetching candles for ONDO-USDT after [1706121000000,2024-01-24T18:30:00.000Z]
-> Candle.Publish [API]: ONDO-USDT / 224
Fetching candles for XRP-USDT after [1706121000000,2024-01-24T18:30:00.000Z]
Fetching candles for DOGE-USDT after [1706121000000,2024-01-24T18:30:00.000Z]
-> Candle.Publish [API]: XRP-USDT / 1440
-> Candle.Publish [API]: DOGE-USDT / 1440
Fetching candles for BTC-USDT after [1706121000000,2024-01-24T18:30:00.000Z]
-> Candle.Publish [API]: BTC-USDT / 1440
Fetching candles for ADA-USDT after [1704825000000,2024-01-09T18:30:00.000Z]
-> Candle.Publish [API]: ADA-USDT / 1440
Fetching candles for ONDO-USDT after [1705919400000,2024-01-22T10:30:00.000Z]
Fetching candles for XRP-USDT after [1704825000000,2024-01-09T18:30:00.000Z]
Fetching candles for DOGE-USDT after [1704825000000,2024-01-09T18:30:00.000Z]
-> Candle.Publish [API]: XRP-USDT / 1440
-> Candle.Publish [API]: DOGE-USDT / 1440
Fetching candles for BTC-USDT after [1704825000000,2024-01-09T18:30:00.000Z]
-> Candle.Publish [API]: BTC-USDT / 1440
Fetching candles for ADA-USDT after [1703529000000,2023-12-25T18:30:00.000Z]
-> Candle.Publish [API]: ADA-USDT / 1440
Fetching candles for XRP-USDT after [1703529000000,2023-12-25T18:30:00.000Z]
Fetching candles for DOGE-USDT after [1703529000000,2023-12-25T18:30:00.000Z]
-> Candle.Publish [API]: XRP-USDT / 1440
-> Candle.Publish [API]: DOGE-USDT / 1440
Fetching candles for BTC-USDT after [1703529000000,2023-12-25T18:30:00.000Z]
-> Candle.Publish [API]: BTC-USDT / 1440
Fetching candles for ADA-USDT after [1702233000000,2023-12-10T18:30:00.000Z]
-> Candle.Publish [API]: ADA-USDT / 1440
Fetching candles for XRP-USDT after [1702233000000,2023-12-10T18:30:00.000Z]
Fetching candles for DOGE-USDT after [1702233000000,2023-12-10T18:30:00.000Z]
-> Candle.Publish [API]: XRP-USDT / 1440
-> Candle.Publish [API]: DOGE-USDT / 1440
Fetching candles for BTC-USDT after [1702233000000,2023-12-10T18:30:00.000Z]
-> Candle.Publish [API]: BTC-USDT / 1440
Fetching candles for ADA-USDT after [1700937000000,2023-11-25T18:30:00.000Z]
-> Candle.Publish [API]: ADA-USDT / 1440
Fetching candles for XRP-USDT after [1700937000000,2023-11-25T18:30:00.000Z]
Fetching candles for DOGE-USDT after [1700937000000,2023-11-25T18:30:00.000Z]
-> Candle.Publish [API]: XRP-USDT / 1440
-> Candle.Publish [API]: DOGE-USDT / 1440
Fetching candles for BTC-USDT after [1700937000000,2023-11-25T18:30:00.000Z]
-> Candle.Publish [API]: BTC-USDT / 1440
Fetching candles for ADA-USDT after [1699641000000,2023-11-10T18:30:00.000Z]
-> Candle.Publish [API]: ADA-USDT / 1440
Fetching candles for XRP-USDT after [1699641000000,2023-11-10T18:30:00.000Z]
Fetching candles for DOGE-USDT after [1699641000000,2023-11-10T18:30:00.000Z]
-> Candle.Publish [API]: XRP-USDT / 1440
-> Candle.Publish [API]: DOGE-USDT / 1440
Fetching candles for BTC-USDT after [1699641000000,2023-11-10T18:30:00.000Z]
-> Candle.Publish [API]: BTC-USDT / 1440
Fetching candles for ADA-USDT after [1698345000000,2023-10-26T18:30:00.000Z]
-> Candle.Publish [API]: ADA-USDT / 1440
Fetching candles for XRP-USDT after [1698345000000,2023-10-26T18:30:00.000Z]
Fetching candles for DOGE-USDT after [1698345000000,2023-10-26T18:30:00.000Z]
-> Candle.Publish [API]: XRP-USDT / 1440
-> Candle.Publish [API]: DOGE-USDT / 1440
Fetching candles for BTC-USDT after [1698345000000,2023-10-26T18:30:00.000Z]
-> Candle.Publish [API]: BTC-USDT / 1440
Fetching candles for ADA-USDT after [1697049000000,2023-10-11T18:30:00.000Z]
-> Candle.Publish [API]: ADA-USDT / 1440
Fetching candles for XRP-USDT after [1697049000000,2023-10-11T18:30:00.000Z]
Fetching candles for DOGE-USDT after [1697049000000,2023-10-11T18:30:00.000Z]
-> Candle.Publish [API]: XRP-USDT / 1440
-> Candle.Publish [API]: DOGE-USDT / 1440
Fetching candles for BTC-USDT after [1697049000000,2023-10-11T18:30:00.000Z]
-> Candle.Publish [API]: BTC-USDT / 1440
Fetching candles for ADA-USDT after [1695753000000,2023-09-26T18:30:00.000Z]
-> Candle.Publish [API]: ADA-USDT / 1440
Fetching candles for XRP-USDT after [1695753000000,2023-09-26T18:30:00.000Z]
Fetching candles for DOGE-USDT after [1695753000000,2023-09-26T18:30:00.000Z]
-> Candle.Publish [API]: XRP-USDT / 1440
-> Candle.Publish [API]: DOGE-USDT / 1440
Fetching candles for BTC-USDT after [1695753000000,2023-09-26T18:30:00.000Z]
-> Candle.Publish [API]: BTC-USDT / 1440
Fetching candles for ADA-USDT after [1694457000000,2023-09-11T18:30:00.000Z]
-> Candle.Publish [API]: ADA-USDT / 1440
Fetching candles for XRP-USDT after [1694457000000,2023-09-11T18:30:00.000Z]
Fetching candles for DOGE-USDT after [1694457000000,2023-09-11T18:30:00.000Z]
-> Candle.Publish [API]: XRP-USDT / 1440
-> Candle.Publish [API]: DOGE-USDT / 1440
Fetching candles for BTC-USDT after [1694457000000,2023-09-11T18:30:00.000Z]
-> Candle.Publish [API]: BTC-USDT / 1440
Fetching candles for ADA-USDT after [1693161000000,2023-08-27T18:30:00.000Z]
-> Candle.Publish [API]: ADA-USDT / 1440
Fetching candles for XRP-USDT after [1693161000000,2023-08-27T18:30:00.000Z]
Fetching candles for DOGE-USDT after [1693161000000,2023-08-27T18:30:00.000Z]
-> Candle.Publish [API]: XRP-USDT / 1440
-> Candle.Publish [API]: DOGE-USDT / 1440
Fetching candles for BTC-USDT after [1693161000000,2023-08-27T18:30:00.000Z]
-> Candle.Publish [API]: BTC-USDT / 1440
Fetching candles for ADA-USDT after [1691865000000,2023-08-12T18:30:00.000Z]
-> Candle.Publish [API]: ADA-USDT / 1440
Fetching candles for XRP-USDT after [1691865000000,2023-08-12T18:30:00.000Z]
Fetching candles for DOGE-USDT after [1691865000000,2023-08-12T18:30:00.000Z]
-> Candle.Publish [API]: XRP-USDT / 1440
-> Candle.Publish [API]: DOGE-USDT / 1440
Fetching candles for BTC-USDT after [1691865000000,2023-08-12T18:30:00.000Z]
-> Candle.Publish [API]: BTC-USDT / 1440
Fetching candles for ADA-USDT after [1690569000000,2023-07-28T18:30:00.000Z]
-> Candle.Publish [API]: ADA-USDT / 1440
Fetching candles for XRP-USDT after [1690569000000,2023-07-28T18:30:00.000Z]
-> Candle.Publish [API]: XRP-USDT / 1440
Fetching candles for DOGE-USDT after [1690569000000,2023-07-28T18:30:00.000Z]
-> Candle.Publish [API]: DOGE-USDT / 1440
Fetching candles for BTC-USDT after [1690569000000,2023-07-28T18:30:00.000Z]
-> Candle.Publish [API]: BTC-USDT / 1440
Fetching candles for ADA-USDT after [1689273000000,2023-07-13T18:30:00.000Z]
-> Candle.Publish [API]: ADA-USDT / 1440
Fetching candles for XRP-USDT after [1689273000000,2023-07-13T18:30:00.000Z]
Fetching candles for DOGE-USDT after [1689273000000,2023-07-13T18:30:00.000Z]
-> Candle.Publish [API]: XRP-USDT / 1440
-> Candle.Publish [API]: DOGE-USDT / 1440
Fetching candles for BTC-USDT after [1689273000000,2023-07-13T18:30:00.000Z]
-> Candle.Publish [API]: BTC-USDT / 1440
Fetching candles for ADA-USDT after [1687977000000,2023-06-28T18:30:00.000Z]
-> Candle.Publish [API]: ADA-USDT / 1440
Fetching candles for XRP-USDT after [1687977000000,2023-06-28T18:30:00.000Z]
-> Candle.Publish [API]: XRP-USDT / 1440
Fetching candles for DOGE-USDT after [1687977000000,2023-06-28T18:30:00.000Z]
-> Candle.Publish [API]: DOGE-USDT / 1440
Fetching candles for BTC-USDT after [1687977000000,2023-06-28T18:30:00.000Z]
Fetching candles for ADA-USDT after [1686681000000,2023-06-13T18:30:00.000Z]
-> Candle.Publish [API]: BTC-USDT / 1440
-> Candle.Publish [API]: ADA-USDT / 1440
Fetching candles for XRP-USDT after [1686681000000,2023-06-13T18:30:00.000Z]
-> Candle.Publish [API]: XRP-USDT / 1440
Fetching candles for DOGE-USDT after [1686681000000,2023-06-13T18:30:00.000Z]
-> Candle.Publish [API]: DOGE-USDT / 1440
Fetching candles for BTC-USDT after [1686681000000,2023-06-13T18:30:00.000Z]
Fetching candles for ADA-USDT after [1685385000000,2023-05-29T18:30:00.000Z]
-> Candle.Publish [API]: BTC-USDT / 1440
-> Candle.Publish [API]: ADA-USDT / 1440
Fetching candles for XRP-USDT after [1685385000000,2023-05-29T18:30:00.000Z]
-> Candle.Publish [API]: XRP-USDT / 1440
Fetching candles for DOGE-USDT after [1685385000000,2023-05-29T18:30:00.000Z]
-> Candle.Publish [API]: DOGE-USDT / 1440
Fetching candles for BTC-USDT after [1685385000000,2023-05-29T18:30:00.000Z]
Fetching candles for ADA-USDT after [1684089000000,2023-05-14T18:30:00.000Z]
-> Candle.Publish [API]: BTC-USDT / 1440
-> Candle.Publish [API]: ADA-USDT / 1440
Fetching candles for XRP-USDT after [1684089000000,2023-05-14T18:30:00.000Z]
-> Candle.Publish [API]: XRP-USDT / 1440
Fetching candles for DOGE-USDT after [1684089000000,2023-05-14T18:30:00.000Z]
-> Candle.Publish [API]: DOGE-USDT / 1440
Fetching candles for BTC-USDT after [1684089000000,2023-05-14T18:30:00.000Z]
Fetching candles for ADA-USDT after [1682793000000,2023-04-29T18:30:00.000Z]
-> Candle.Publish [API]: BTC-USDT / 1440
-> Candle.Publish [API]: ADA-USDT / 1440
Fetching candles for XRP-USDT after [1682793000000,2023-04-29T18:30:00.000Z]
-> Candle.Publish [API]: XRP-USDT / 1440
Fetching candles for DOGE-USDT after [1682793000000,2023-04-29T18:30:00.000Z]
-> Candle.Publish [API]: DOGE-USDT / 1440
Fetching candles for BTC-USDT after [1682793000000,2023-04-29T18:30:00.000Z]
Fetching candles for ADA-USDT after [1681497000000,2023-04-14T18:30:00.000Z]
-> Candle.Publish [API]: BTC-USDT / 1440
-> Candle.Publish [API]: ADA-USDT / 1440
Fetching candles for XRP-USDT after [1681497000000,2023-04-14T18:30:00.000Z]
-> Candle.Publish [API]: XRP-USDT / 1440
Fetching candles for DOGE-USDT after [1681497000000,2023-04-14T18:30:00.000Z]
-> Candle.Publish [API]: DOGE-USDT / 1440
Fetching candles for BTC-USDT after [1681497000000,2023-04-14T18:30:00.000Z]
Fetching candles for ADA-USDT after [1680201000000,2023-03-30T18:30:00.000Z]
-> Candle.Publish [API]: BTC-USDT / 1440
-> Candle.Publish [API]: ADA-USDT / 1440
Fetching candles for XRP-USDT after [1680201000000,2023-03-30T18:30:00.000Z]
-> Candle.Publish [API]: XRP-USDT / 1440
Fetching candles for DOGE-USDT after [1680201000000,2023-03-30T18:30:00.000Z]
-> Candle.Publish [API]: DOGE-USDT / 1440
Fetching candles for BTC-USDT after [1680201000000,2023-03-30T18:30:00.000Z]
Fetching candles for ADA-USDT after [1678905000000,2023-03-15T18:30:00.000Z]
-> Candle.Publish [API]: BTC-USDT / 1440
-> Candle.Publish [API]: ADA-USDT / 1440
Fetching candles for XRP-USDT after [1678905000000,2023-03-15T18:30:00.000Z]
-> Candle.Publish [API]: XRP-USDT / 1440
Fetching candles for DOGE-USDT after [1678905000000,2023-03-15T18:30:00.000Z]
-> Candle.Publish [API]: DOGE-USDT / 1440
Fetching candles for BTC-USDT after [1678905000000,2023-03-15T18:30:00.000Z]
Fetching candles for ADA-USDT after [1677609000000,2023-02-28T18:30:00.000Z]
-> Candle.Publish [API]: BTC-USDT / 1440
-> Candle.Publish [API]: ADA-USDT / 1440
Fetching candles for XRP-USDT after [1677609000000,2023-02-28T18:30:00.000Z]
-> Candle.Publish [API]: XRP-USDT / 1440
Fetching candles for DOGE-USDT after [1677609000000,2023-02-28T18:30:00.000Z]
-> Candle.Publish [API]: DOGE-USDT / 1440
Fetching candles for BTC-USDT after [1677609000000,2023-02-28T18:30:00.000Z]
Fetching candles for ADA-USDT after [1676313000000,2023-02-13T18:30:00.000Z]
-> Candle.Publish [API]: BTC-USDT / 1440
-> Candle.Publish [API]: ADA-USDT / 1440
Fetching candles for XRP-USDT after [1676313000000,2023-02-13T18:30:00.000Z]
-> Candle.Publish [API]: XRP-USDT / 1440
Fetching candles for DOGE-USDT after [1676313000000,2023-02-13T18:30:00.000Z]
-> Candle.Publish [API]: DOGE-USDT / 1440
Fetching candles for BTC-USDT after [1676313000000,2023-02-13T18:30:00.000Z]
Fetching candles for ADA-USDT after [1675017000000,2023-01-29T18:30:00.000Z]
-> Candle.Publish [API]: BTC-USDT / 1440
-> Candle.Publish [API]: ADA-USDT / 1440
Fetching candles for XRP-USDT after [1675017000000,2023-01-29T18:30:00.000Z]
-> Candle.Publish [API]: XRP-USDT / 1440
Fetching candles for DOGE-USDT after [1675017000000,2023-01-29T18:30:00.000Z]
-> Candle.Publish [API]: DOGE-USDT / 1440
Fetching candles for BTC-USDT after [1675017000000,2023-01-29T18:30:00.000Z]
Fetching candles for ADA-USDT after [1673721000000,2023-01-14T18:30:00.000Z]
-> Candle.Publish [API]: BTC-USDT / 1440
-> Candle.Publish [API]: ADA-USDT / 226
Fetching candles for XRP-USDT after [1673721000000,2023-01-14T18:30:00.000Z]
-> Candle.Publish [API]: XRP-USDT / 226
Fetching candles for DOGE-USDT after [1673721000000,2023-01-14T18:30:00.000Z]
-> Candle.Publish [API]: DOGE-USDT / 226
Fetching candles for BTC-USDT after [1673721000000,2023-01-14T18:30:00.000Z]
Fetching candles for ADA-USDT after [1673517600000,2023-01-12T10:00:00.000Z]
-> Candle.Publish [API]: BTC-USDT / 226
Fetching candles for XRP-USDT after [1673517600000,2023-01-12T10:00:00.000Z]
Fetching candles for DOGE-USDT after [1673517600000,2023-01-12T10:00:00.000Z]
Fetching candles for BTC-USDT after [1673517600000,2023-01-12T10:00:00.000Z]
-> Import for AR-USDT complete: 1/13/2026, 10:22:28 AM
   # [Info] AR-USDT: 1 candles updated
-> Import for AR-USDT complete: 1/13/2026, 10:22:28 AM
   # [Info] AR-USDT: 1 candles updated
-> Import for AVAX-USDT complete: 1/13/2026, 10:22:28 AM
   # [Info] AVAX-USDT: 1 candles updated
-> Import for BTC-USDT complete: 1/13/2026, 10:22:28 AM
   # [Info] BTC-USDT: 1 candles updated
-> Import for ADA-USDT complete: 1/13/2026, 10:22:28 AM
   # [Info] ADA-USDT: 1 candles updated
-> Import for XRP-USDT complete: 1/13/2026, 10:22:28 AM
   # [Info] XRP-USDT: 1 candles updated
-> Import for DOGE-USDT complete: 1/13/2026, 10:22:28 AM
   # [Info] DOGE-USDT: 1 candles updated
-> Import for ONDO-USDT complete: 1/13/2026, 10:22:28 AM
   # [Info] ONDO-USDT: 1 candles updated
updated -> [Info] candle updated {
  filters: {
    instrument: <Buffer 34 01 a2>,
    period: <Buffer 28 17 01>,
    timestamp: 1768327200000
  },
  columns: {
    close: 4.039,
    volume: 727,
    vol_currency: 72.7,
    vol_currency_quote: 293.6193
  }
}
updated -> [Info] candle updated {
  filters: {
    instrument: <Buffer 6b 57 71>,
    period: <Buffer 03 e8 0e>,
    timestamp: 1768328100000
  },
  columns: {
    high: 93677,
    close: 93651.3,
    volume: 17503,
    vol_currency: 17.5034,
    vol_currency_quote: 1638531.9257
  }
}
updated -> [Info] candle updated {
  filters: {
    instrument: <Buffer d4 45 2e>,
    period: <Buffer 03 e8 0e>,
    timestamp: 1768328100000
  },
  columns: {
    high: 0.14374,
    close: 0.14358,
    volume: 922,
    vol_currency: 922270,
    vol_currency_quote: 132294.6418
  }
}
updated -> [Info] candle updated {
  filters: {
    instrument: <Buffer 34 01 a2>,
    period: <Buffer 76 3c 11>,
    timestamp: 1768327200000
  },
  columns: {
    close: 4.041,
    volume: 727,
    vol_currency: 72.7,
    vol_currency_quote: 293.6193
  }
}
updated -> [Info] candle updated {
  filters: {
    instrument: <Buffer 94 99 63>,
    period: <Buffer 03 e8 0e>,
    timestamp: 1768328100000
  },
  columns: {
    low: 0.4069,
    close: 0.4082,
    volume: 519,
    vol_currency: 51934,
    vol_currency_quote: 21191.4768
  }
}
updated -> [Info] candle updated {
  filters: {
    instrument: <Buffer 4d 38 93>,
    period: <Buffer 28 17 01>,
    timestamp: 1768327200000
  },
  columns: {
    low: 14.494,
    close: 14.513,
    volume: 8983,
    vol_currency: 8983.2,
    vol_currency_quote: 130660.7589
  }
}
updated -> [Info] candle updated {
  filters: {
    instrument: <Buffer dd 63 0b>,
    period: <Buffer 03 e8 0e>,
    timestamp: 1768328100000
  },
  columns: {
    high: 0.4077,
    low: 0.4056,
    close: 0.4074,
    volume: 271684,
    vol_currency: 27168.4,
    vol_currency_quote: 11055.73988
  }
}
updated -> [Info] candle updated {
  filters: {
    instrument: <Buffer a2 80 0a>,
    period: <Buffer 03 e8 0e>,
    timestamp: 1768328100000
  },
  columns: {
    high: 2.1099,
    close: 2.1093,
    volume: 2946,
    vol_currency: 294673,
    vol_currency_quote: 620214.894
  }
}
In Candles.Publish [API]: 1/13/2026, 10:22:29 AM
-> Authorized Symbols: AR-USDT,AR-USDT,AVAX-USDT,BTC-USDT,ADA-USDT,XRP-USDT,DOGE-USDT,ONDO-USDT
   # [Info] AR-USDT: 1 candles updated
   # [Info] AR-USDT: 1 candles updated
   # [Info] AVAX-USDT: 1 candles updated
   # [Info] BTC-USDT: 1 candles updated
   # [Info] ADA-USDT: 1 candles updated
   # [Info] XRP-USDT: 1 candles updated
   # [Info] DOGE-USDT: 1 candles updated
   # [Info] ONDO-USDT: 1 candles updated
>> [Info] Application.Initialization finished: 1/13/2026, 10:22:30 AM
[Info] App.Main: AR-USDT process spawned; PID [161743]
[Info] App.Main: AR-USDT process spawned; PID [161744]
[Info] App.Main: AVAX-USDT process spawned; PID [161750]
[Info] App.Main: BTC-USDT process spawned; PID [161751]
[Info] App.Main: ADA-USDT process spawned; PID [161757]
[Info] App.Main: XRP-USDT process spawned; PID [161763]
[Info] App.Main: DOGE-USDT process spawned; PID [161770]
[Info] App.Main: ONDO-USDT process spawned; PID [161776]
[Info] Session.Config: Blofin Demo configured successfully
[Info] Session.Config: Blofin Demo configured successfully
[Info] Session.Config: Blofin Demo configured successfully
[Info] Session.Config: Blofin Demo configured successfully
[Info] Session.Config: Blofin Demo configured successfully
[Info] Session.Config: Blofin Demo configured successfully
[Info] Session.Config: Blofin Demo configured successfully
[Info] Session.Config: Blofin Demo configured successfully
Connected to websocket: [160959:wss://demo-trading-openapi.blofin.com/ws/private]
Subscriptions: { channel: 'account' }
Subscriptions: { channel: 'positions' }
Subscriptions: { channel: 'orders' }
-> WSS.Publish [API]
updated -> [Info] account updated {
  filters: { account: <Buffer 24 59 7a> },
  columns: { total_equity: 67930.465, update_time: 2026-01-13T18:22:31.335Z }
}
updated -> [Info] account_detail updated {
  filters: { account: <Buffer 24 59 7a>, currency: <Buffer b5 2b c7> },
  columns: { equity_usd: 67930.465, coin_usd_price: 0.999401 }
}
updated -> [Info] candle updated {
  filters: {
    instrument: <Buffer 6b 57 71>,
    period: <Buffer 03 e8 0e>,
    timestamp: 1768328100000
  },
  columns: { close: 93664.5 }
}
updated -> [Info] candle updated {
  filters: {
    instrument: <Buffer d4 45 2e>,
    period: <Buffer 03 e8 0e>,
    timestamp: 1768328100000
  },
  columns: { close: 0.1436 }
}
updated -> [Info] candle updated {
  filters: {
    instrument: <Buffer dd 63 0b>,
    period: <Buffer 03 e8 0e>,
    timestamp: 1768328100000
  },
  columns: { close: 0.4077 }
}
updated -> [Info] candle updated {
  filters: {
    instrument: <Buffer 4d 38 93>,
    period: <Buffer 28 17 01>,
    timestamp: 1768327200000
  },
  columns: { close: 14.516 }
}
updated -> [Info] candle updated {
  filters: {
    instrument: <Buffer 34 01 a2>,
    period: <Buffer 76 3c 11>,
    timestamp: 1768327200000
  },
  columns: { close: 4.039 }
}
In Execute.Trades: 1/13/2026, 10:22:59 AM
In Orders.Import [API]
-> Fetch:History [API]
In Position.Import [API] 1/13/2026, 10:22:59 AM
-> Fetch:Pending [API]
-> History.Publish [API]
   # History Orders Rejected:  20 [
  {
    order_id: <Buffer 00 e8 da cc c9 66>,
    symbol: 'PONKE-USDT',
    position: 'net',
    memo: '>> [Error] Orders.Publish: Invalid instrument position; order rejected'
  },
  {
    order_id: <Buffer 00 e8 da ca 62 50>,
    symbol: 'POPCAT-USDT',
    position: 'net',
    memo: '>> [Error] Orders.Publish: Invalid instrument position; order rejected'
  },
  {
    order_id: <Buffer 00 e8 da ca 52 e2>,
    symbol: 'PONKE-USDT',
    position: 'net',
    memo: '>> [Error] Orders.Publish: Invalid instrument position; order rejected'
  },
  {
    order_id: <Buffer 00 e8 da ca 46 e9>,
    symbol: 'PONKE-USDT',
    position: 'net',
    memo: '>> [Error] Orders.Publish: Invalid instrument position; order rejected'
  },
  {
    order_id: <Buffer 00 e8 da ca 46 d3>,
    symbol: 'PONKE-USDT',
    position: 'net',
    memo: '>> [Error] Orders.Publish: Invalid instrument position; order rejected'
  },
  {
    order_id: <Buffer 00 e8 da ca 46 77>,
    symbol: 'POPCAT-USDT',
    position: 'net',
    memo: '>> [Error] Orders.Publish: Invalid instrument position; order rejected'
  },
  {
    order_id: <Buffer 00 e8 da ca 46 57>,
    symbol: 'POPCAT-USDT',
    position: 'net',
    memo: '>> [Error] Orders.Publish: Invalid instrument position; order rejected'
  },
  {
    order_id: <Buffer 00 e8 da c9 3e a9>,
    symbol: 'DOGE-USDT',
    position: 'net',
    memo: '>> [Error] Orders.Publish: Invalid instrument position; order rejected'
  },
  {
    order_id: <Buffer 00 e8 da c9 3d d2>,
    symbol: 'DOGE-USDT',
    position: 'net',
    memo: '>> [Error] Orders.Publish: Invalid instrument position; order rejected'
  },
  {
    order_id: <Buffer 00 e8 da c9 3d c0>,
    symbol: 'DOGE-USDT',
    position: 'net',
    memo: '>> [Error] Orders.Publish: Invalid instrument position; order rejected'
  },
  {
    order_id: <Buffer 00 e8 da c8 d1 ef>,
    symbol: 'DOGE-USDT',
    position: 'net',
    memo: '>> [Error] Orders.Publish: Invalid instrument position; order rejected'
  },
  {
    order_id: <Buffer 00 e8 da c8 7d 99>,
    symbol: 'DOGE-USDT',
    position: 'net',
    memo: '>> [Error] Orders.Publish: Invalid instrument position; order rejected'
  },
  {
    order_id: <Buffer 00 e8 da c8 55 a7>,
    symbol: 'DOGE-USDT',
    position: 'net',
    memo: '>> [Error] Orders.Publish: Invalid instrument position; order rejected'
  },
  {
    order_id: <Buffer 00 e8 da c8 55 43>,
    symbol: 'DOGE-USDT',
    position: 'net',
    memo: '>> [Error] Orders.Publish: Invalid instrument position; order rejected'
  },
  {
    order_id: <Buffer 00 e8 da c8 4d f2>,
    symbol: 'BTC-USDT',
    position: 'net',
    memo: '>> [Error] Orders.Publish: Invalid instrument position; order rejected'
  },
  {
    order_id: <Buffer 00 e8 da c8 25 97>,
    symbol: 'DOGE-USDT',
    position: 'net',
    memo: '>> [Error] Orders.Publish: Invalid instrument position; order rejected'
  },
  {
    order_id: <Buffer 00 e8 da c7 f4 09>,
    symbol: 'DOGE-USDT',
    position: 'net',
    memo: '>> [Error] Orders.Publish: Invalid instrument position; order rejected'
  },
  {
    order_id: <Buffer 00 e8 da c7 f3 8e>,
    symbol: 'DOGE-USDT',
    position: 'net',
    memo: '>> [Error] Orders.Publish: Invalid instrument position; order rejected'
  },
  {
    order_id: <Buffer 00 e8 da c5 34 4d>,
    symbol: 'BTC-USDT',
    position: 'net',
    memo: '>> [Error] Orders.Publish: Invalid instrument position; order rejected'
  },
  {
    order_id: <Buffer 00 e8 da c5 34 39>,
    symbol: 'BTC-USDT',
    position: 'net',
    memo: '>> [Error] Orders.Publish: Invalid instrument position; order rejected'
  }
]
updated -> [Info] request updated {
  filters: { request: <Buffer 6d 3a 24 c5 c9 a2> },
  columns: { state: <Buffer 1b 0c b1> }
}
updated -> [Info] request updated {
  filters: { request: <Buffer 6d 3a 24 c5 c9 a2> },
  columns: {
    memo: '[Expired]: Pending order changed to Canceled',
    update_time: 2026-01-13T18:23:00.271Z
  }
}
-> [Error] {
  code: '1',
  msg: 'All operations failed',
  data: [
    {
      orderId: '1000118688154',
      clientOrderId: '',
      msg: 'Cancel failed as the order has been filled, triggered, canceled or does not exist.',
      code: '1000'
    }
  ]
}
[process]  Symbol: [ADA-USDT] exit; PID: 161757 exited with code 0
[process]  Symbol: [XRP-USDT] exit; PID: 161763 exited with code 0
[process]  Symbol: [AR-USDT] exit; PID: 161743 exited with code 0
[process]  Symbol: [BTC-USDT] exit; PID: 161751 exited with code 0
[process]  Symbol: [DOGE-USDT] exit; PID: 161770 exited with code 0
[process]  Symbol: [ONDO-USDT] exit; PID: 161776 exited with code 0
[process]  Symbol: [AVAX-USDT] exit; PID: 161750 exited with code 0
[process]  Symbol: [AR-USDT] exit; PID: 161744 exited with code 0
