[Info] Session.Config: Blofin Demo configured successfully
-> [Info] request inserted {
  fields: [
    'request',
    'instrument_position',
    'action',
    'state',
    'price',
    'size',
    'leverage',
    'request_type',
    'margin_mode',
    'memo',
    'create_time',
    'expiry_time',
    'update_time'
  ],
  args: [
    <Buffer 13 9b 69 01 4c 3a>,
    <Buffer ed da 99 9d fb 4e>,
    'sell',
    <Buffer 62 57 cb>,
    2.5,
    500,
    15,
    <Buffer b8 32 96>,
    'cross',
    "Test 2a: submit request with '1d' expiry; with new leverage",
    2026-01-29T15:32:52.027Z,
    2026-01-30T15:32:51.977Z,
    2026-01-29T15:32:51.978Z
  ]
}
Test 2a: Request submitted, check db for results. {
  key: { request: <Buffer 13 9b 69 01 4c 3a> },
  response: {
    success: true,
    code: 0,
    response: 'inserted',
    rows: 1,
    context: 'Request.Publish.Submit'
  }
}
Fetched order from DB: [
  {
    request: <Buffer 13 9b 69 01 4c 3a>,
    order_id: null,
    account: <Buffer 24 59 7a>,
    instrument: <Buffer a2 80 0a>,
    instrument_position: <Buffer ed da 99 9d fb 4e>,
    symbol: 'XRP-USDT',
    base_currency: <Buffer 20 e0 67>,
    base_symbol: 'XRP',
    quote_currency: <Buffer b5 2b c7>,
    quote_symbol: 'USDT',
    state: <Buffer 62 57 cb>,
    status: 'Queued',
    request_state: <Buffer 62 57 cb>,
    request_status: 'Queued',
    order_state: null,
    order_status: null,
    position: 'short',
    action: 'sell',
    request_type: <Buffer b8 32 96>,
    order_type: 'limit',
    margin_mode: 'cross',
    price: 2.5,
    size: 500,
    leverage: 15,
    filled_size: null,
    filled_amount: null,
    average_price: null,
    fee: null,
    pnl: null,
    digits: 4,
    order_category: null,
    category: null,
    cancel_source: null,
    canceled_by: null,
    contract_type: <Buffer 9b 1a cc>,
    instrument_type: <Buffer e1 a1 fa>,
    reduce_only: 1,
    broker_id: null,
    trade_period: <Buffer 03 e8 0e>,
    trade_timeframe: '15m',
    timeframe_units: 15,
    memo: "Test 2a: submit request with '1d' expiry; with new leverage",
    create_time: 2026-01-29T15:32:52.027Z,
    expiry_time: 2026-01-30T15:32:51.977Z,
    update_time: 2026-01-29T15:32:51.978Z
  }
]
